  Using 'git status' to determine working set for adaptive non-unity build (F:\UnrealTutorialLooman).
  Parsing headers for CoOpGameEditor
    Running UnrealHeaderTool "F:\UnrealTutorialLooman\CoOpGame\CoOpGame.uproject" "F:\UnrealTutorialLooman\CoOpGame\Intermediate\Build\Win64\CoOpGameEditor\Development\CoOpGameEditor.uhtmanifest" -LogCmds="loginit warning, logexit warning, logdatabase error" -Unattended -WarningsAsErrors -abslog="C:\Users\geewi\AppData\Local\UnrealBuildTool\Log_UHT.txt" -installed
  Reflection code generated for CoOpGameEditor in 7.4580214 seconds
  Building CoOpGameEditor...
  Using Visual Studio 2019 14.26.28805 toolchain (F:\Visual Studio\VC\Tools\MSVC\14.26.28801) and Windows 10.0.18362.0 SDK (C:\Program Files (x86)\Windows Kits\10).
  Building 7 actions with 6 processes...
    [1/7] SWeapon.gen.cpp
    [2/7] SCharacter.cpp
F:\UnrealTutorialLooman\CoOpGame\Source\CoOpGame\Private\SCharacter.cpp(23): warning C4996: 'UObject::CreateAbstractDefaultSubobject': CreateAbstract did not work as intended and has been deprecated in favor of CreateDefaultObject Please update your code to the new API before upgrading to the next release, otherwise your project will no longer compile.
F:\UnrealTutorialLooman\CoOpGame\Source\CoOpGame\Private\SCharacter.cpp(33): warning C4996: 'UObject::CreateAbstractDefaultSubobject': CreateAbstract did not work as intended and has been deprecated in favor of CreateDefaultObject Please update your code to the new API before upgrading to the next release, otherwise your project will no longer compile.
    [3/7] SCharacter.gen.cpp
    [4/7] SWeapon.cpp
    [5/7] UE4Editor-CoOpGame.lib
       Creating library F:\UnrealTutorialLooman\CoOpGame\Intermediate\Build\Win64\UE4Editor\Development\CoOpGame\UE4Editor-CoOpGame.lib and object F:\UnrealTutorialLooman\CoOpGame\Intermediate\Build\Win64\UE4Editor\Development\CoOpGame\UE4Editor-CoOpGame.exp
    [6/7] UE4Editor-CoOpGame.dll
       Creating library F:\UnrealTutorialLooman\CoOpGame\Intermediate\Build\Win64\UE4Editor\Development\CoOpGame\UE4Editor-CoOpGame.suppressed.lib and object F:\UnrealTutorialLooman\CoOpGame\Intermediate\Build\Win64\UE4Editor\Development\CoOpGame\UE4Editor-CoOpGame.suppressed.exp
    [7/7] CoOpGameEditor.target
  Total time in Parallel executor: 3.73 seconds
  Total execution time: 11.87 seconds
