Log file open, 06/30/20 15:35:53
LogInit: Display: Running engine for game: CoOpGame
LogPlatformFile: Not using cached read wrapper
LogTaskGraph: Started task graph with 5 named threads and 20 total threads with 3 sets of task threads.
LogStats: Stats thread started at 1.978715
LogD3D11RHI: Loaded GFSDK_Aftermath_Lib.x64.dll
LogICUInternationalization: ICU TimeZone Detection - Raw Offset: +10:00, Platform Override: ''
LogPluginManager: Mounting plugin Paper2D
LogPluginManager: Mounting plugin AISupport
LogPluginManager: Mounting plugin LightPropagationVolume
LogPluginManager: Mounting plugin CameraShakePreviewer
LogPluginManager: Mounting plugin ActorLayerUtilities
LogPluginManager: Mounting plugin AnimationSharing
LogPluginManager: Mounting plugin CLionSourceCodeAccess
LogPluginManager: Mounting plugin CodeLiteSourceCodeAccess
LogPluginManager: Mounting plugin GitSourceControl
LogPluginManager: Mounting plugin KDevelopSourceCodeAccess
LogPluginManager: Mounting plugin NullSourceCodeAccess
LogPluginManager: Mounting plugin PerforceSourceControl
LogPluginManager: Mounting plugin PlasticSourceControl
LogPluginManager: Mounting plugin RiderSourceCodeAccess
LogPluginManager: Mounting plugin SubversionSourceControl
LogPluginManager: Mounting plugin UObjectPlugin
LogPluginManager: Mounting plugin VisualStudioCodeSourceCodeAccess
LogPluginManager: Mounting plugin VisualStudioSourceCodeAccess
LogPluginManager: Mounting plugin XCodeSourceCodeAccess
LogPluginManager: Mounting plugin AssetManagerEditor
LogPluginManager: Mounting plugin CryptoKeys
LogPluginManager: Mounting plugin CurveEditorTools
LogPluginManager: Mounting plugin DataValidation
LogPluginManager: Mounting plugin EditorScriptingUtilities
LogPluginManager: Mounting plugin FacialAnimation
LogPluginManager: Mounting plugin GameplayTagsEditor
LogPluginManager: Mounting plugin GeometryMode
LogPluginManager: Mounting plugin MacGraphicsSwitching
LogPluginManager: Mounting plugin MaterialAnalyzer
LogPluginManager: Mounting plugin MobileLauncherProfileWizard
LogPluginManager: Mounting plugin PluginBrowser
LogPluginManager: Mounting plugin SpeedTreeImporter
LogPluginManager: Mounting plugin DatasmithContent
LogPluginManager: Mounting plugin VariantManagerContent
LogPluginManager: Mounting plugin AlembicImporter
LogPluginManager: Mounting plugin AutomationUtils
LogPluginManager: Mounting plugin BackChannel
LogPluginManager: Mounting plugin ChaosCloth
LogPluginManager: Mounting plugin ChaosClothEditor
LogPluginManager: Mounting plugin ChaosEditor
LogPluginManager: Mounting plugin ChaosNiagara
LogPluginManager: Mounting plugin ChaosSolverPlugin
LogPluginManager: Mounting plugin CharacterAI
LogPluginManager: Mounting plugin GeometryCache
LogPluginManager: Mounting plugin GeometryCollectionPlugin
LogPluginManager: Mounting plugin GeometryProcessing
LogPluginManager: Mounting plugin PlanarCut
LogPluginManager: Mounting plugin PlatformCrypto
LogPluginManager: Mounting plugin ProxyLODPlugin
LogPluginManager: Mounting plugin SkeletalReduction
LogPluginManager: Mounting plugin Niagara
LogPluginManager: Mounting plugin MagicLeap
LogPluginManager: Mounting plugin MagicLeapLightEstimation
LogPluginManager: Mounting plugin MagicLeapMedia
LogPluginManager: Mounting plugin MagicLeapPassableWorld
LogPluginManager: Mounting plugin MLSDK
LogPluginManager: Mounting plugin AndroidMedia
LogPluginManager: Mounting plugin AvfMedia
LogPluginManager: Mounting plugin ImgMedia
LogPluginManager: Mounting plugin MediaCompositing
LogPluginManager: Mounting plugin MediaPlayerEditor
LogPluginManager: Mounting plugin WebMMedia
LogPluginManager: Mounting plugin WmfMedia
LogPluginManager: Mounting plugin MeshPainting
LogPluginManager: Mounting plugin TcpMessaging
LogPluginManager: Mounting plugin UdpMessaging
LogPluginManager: Mounting plugin ActorSequence
LogPluginManager: Mounting plugin LevelSequenceEditor
LogPluginManager: Mounting plugin MatineeToLevelSequence
LogPluginManager: Mounting plugin MovieRenderPipeline
LogPluginManager: Mounting plugin TemplateSequence
LogPluginManager: Mounting plugin NetcodeUnitTest
LogPluginManager: Mounting plugin NUTUnrealEngine4
LogPluginManager: Mounting plugin OnlineSubsystemGooglePlay
LogPluginManager: Mounting plugin OnlineSubsystemIOS
LogPluginManager: Mounting plugin OnlineSubsystem
LogPluginManager: Mounting plugin OnlineSubsystemNull
LogPluginManager: Mounting plugin OnlineSubsystemUtils
LogPluginManager: Mounting plugin LauncherChunkInstaller
LogPluginManager: Mounting plugin AndroidDeviceProfileSelector
LogPluginManager: Mounting plugin AndroidMoviePlayer
LogPluginManager: Mounting plugin AndroidPermission
LogPluginManager: Mounting plugin AppleImageUtils
LogPluginManager: Mounting plugin AppleMoviePlayer
LogPluginManager: Mounting plugin ArchVisCharacter
LogPluginManager: Mounting plugin AssetTags
LogPluginManager: Mounting plugin AudioCapture
LogPluginManager: Mounting plugin CableComponent
LogPluginManager: Mounting plugin CustomMeshComponent
LogPluginManager: Mounting plugin EditableMesh
LogPluginManager: Mounting plugin ExampleDeviceProfileSelector
LogPluginManager: Mounting plugin GoogleCloudMessaging
LogPluginManager: Mounting plugin GooglePAD
LogPluginManager: Mounting plugin IOSDeviceProfileSelector
LogPluginManager: Mounting plugin LinuxDeviceProfileSelector
LogPluginManager: Mounting plugin LocationServicesBPLibrary
LogPluginManager: Mounting plugin MobilePatchingUtils
LogPluginManager: Mounting plugin OculusVR
LogPluginManager: Mounting plugin PhysXVehicles
LogPluginManager: Mounting plugin PostSplashScreen
LogPluginManager: Mounting plugin ProceduralMeshComponent
LogPluginManager: Mounting plugin RuntimePhysXCooking
LogPluginManager: Mounting plugin SignificanceManager
LogPluginManager: Mounting plugin SoundFields
LogPluginManager: Mounting plugin SteamVR
LogPluginManager: Mounting plugin Synthesis
LogPluginManager: Mounting plugin WebMMoviePlayer
LogPluginManager: Mounting plugin WindowsMoviePlayer
LogPluginManager: Mounting plugin ScreenshotTools
LogInit: Using libcurl 7.55.1-DEV
LogInit:  - built for x86_64-pc-win32
LogInit:  - supports SSL with OpenSSL/1.1.1
LogInit:  - supports HTTP deflate (compression) using libz 1.2.8
LogInit:  - other features:
LogInit:      CURL_VERSION_SSL
LogInit:      CURL_VERSION_LIBZ
LogInit:      CURL_VERSION_IPV6
LogInit:      CURL_VERSION_ASYNCHDNS
LogInit:      CURL_VERSION_LARGEFILE
LogInit:      CURL_VERSION_IDN
LogInit:  CurlRequestOptions (configurable via config and command line):
LogInit:  - bVerifyPeer = true  - Libcurl will verify peer certificate
LogInit:  - bUseHttpProxy = false  - Libcurl will NOT use HTTP proxy
LogInit:  - bDontReuseConnections = false  - Libcurl will reuse connections
LogInit:  - MaxHostConnections = 16  - Libcurl will limit the number of connections to a host
LogInit:  - LocalHostAddr = Default
LogInit:  - BufferSize = 65536
LogOnline: OSS: Creating online subsystem instance for: NULL
LogInit: WinSock: version 1.1 (2.2), MaxSocks=32767, MaxUdp=65467
LogOnline: OSS: TryLoadSubsystemAndSetDefault: Loaded subsystem for module [NULL]
LogOculusPluginWrapper: OculusPlugin initialized successfully
LogInit: Build: ++UE4+Release-4.25-CL-13594126
LogInit: Engine Version: 4.25.1-13594126+++UE4+Release-4.25
LogInit: Compatible Engine Version: 4.25.0-13144385+++UE4+Release-4.25
LogInit: Net CL: 13144385
LogInit: OS: Windows 10 (Release 1903) (), CPU: Intel(R) Core(TM) i5-8400 CPU @ 2.80GHz, GPU: NVIDIA GeForce GTX 1070
LogInit: Compiled (64-bit): Jun  2 2020 02:10:36
LogInit: Compiled with Visual C++: 19.24.28315.00
LogInit: Build Configuration: Development
LogInit: Branch Name: ++UE4+Release-4.25
LogInit: Command Line:  -skipcompile
LogInit: Base Directory: F:/UnrealEngine/UE_4.25/Engine/Binaries/Win64/
LogInit: Allocator: TBB
LogInit: Installed Engine Build: 1
LogDevObjectVersion: Number of dev versions registered: 26
LogDevObjectVersion:   Dev-Blueprints (B0D832E4-1F89-4F0D-ACCF-7EB736FD4AA2): 10
LogDevObjectVersion:   Dev-Build (E1C64328-A22C-4D53-A36C-8E866417BD8C): 0
LogDevObjectVersion:   Dev-Core (375EC13C-06E4-48FB-B500-84F0262A717E): 4
LogDevObjectVersion:   Dev-Editor (E4B068ED-F494-42E9-A231-DA0B2E46BB41): 38
LogDevObjectVersion:   Dev-Framework (CFFC743F-43B0-4480-9391-14DF171D2073): 37
LogDevObjectVersion:   Dev-Mobile (B02B49B5-BB20-44E9-A304-32B752E40360): 2
LogDevObjectVersion:   Dev-Networking (A4E4105C-59A1-49B5-A7C5-40C4547EDFEE): 0
LogDevObjectVersion:   Dev-Online (39C831C9-5AE6-47DC-9A44-9C173E1C8E7C): 0
LogDevObjectVersion:   Dev-Physics (78F01B33-EBEA-4F98-B9B4-84EACCB95AA2): 4
LogDevObjectVersion:   Dev-Platform (6631380F-2D4D-43E0-8009-CF276956A95A): 0
LogDevObjectVersion:   Dev-Rendering (12F88B9F-8875-4AFC-A67C-D90C383ABD29): 43
LogDevObjectVersion:   Dev-Sequencer (7B5AE74C-D270-4C10-A958-57980B212A5A): 12
LogDevObjectVersion:   Dev-VR (D7296918-1DD6-4BDD-9DE2-64A83CC13884): 3
LogDevObjectVersion:   Dev-LoadTimes (C2A15278-BFE7-4AFE-6C17-90FF531DF755): 1
LogDevObjectVersion:   Private-Geometry (6EACA3D4-40EC-4CC1-B786-8BED09428FC5): 3
LogDevObjectVersion:   Dev-AnimPhys (29E575DD-E0A3-4627-9D10-D276232CDCEA): 17
LogDevObjectVersion:   Dev-Anim (AF43A65D-7FD3-4947-9873-3E8ED9C1BB05): 7
LogDevObjectVersion:   Dev-ReflectionCapture (6B266CEC-1EC7-4B8F-A30B-E4D90942FC07): 1
LogDevObjectVersion:   Dev-Automation (0DF73D61-A23F-47EA-B727-89E90C41499A): 1
LogDevObjectVersion:   FortniteMain (601D1886-AC64-4F84-AA16-D3DE0DEAC7D6): 31
LogDevObjectVersion:   Dev-Enterprise (9DFFBCD6-494F-0158-E221-12823C92A888): 10
LogDevObjectVersion:   Dev-Niagara (F2AED0AC-9AFE-416F-8664-AA7FFA26D6FC): 1
LogDevObjectVersion:   Dev-Destruction (174F1F0B-B4C6-45A5-B13F-2EE8D0FB917D): 10
LogDevObjectVersion:   Dev-Physics-Ext (35F94A83-E258-406C-A318-09F59610247C): 37
LogDevObjectVersion:   Dev-PhysicsMaterial-Chaos (B68FC16E-8B1B-42E2-B453-215C058844FE): 1
LogDevObjectVersion:   Dev-CineCamera (B2E18506-4273-CFC2-A54E-F4BB758BBA07): 1
LogInit: Presizing for max 25165824 objects, including 0 objects not considered by GC, pre-allocating 0 bytes for permanent pool.
LogConfig: Applying CVar settings from Section [/Script/Engine.StreamingSettings] File [F:/UnrealTutorialLooman/CoOpGame/Saved/Config/Windows/Engine.ini]
LogConfig: Setting CVar [[s.MinBulkDataSizeForAsyncLoading:131072]]
LogConfig: Setting CVar [[s.AsyncLoadingThreadEnabled:0]]
LogConfig: Setting CVar [[s.EventDrivenLoaderEnabled:1]]
LogConfig: Setting CVar [[s.WarnIfTimeLimitExceeded:0]]
LogConfig: Setting CVar [[s.TimeLimitExceededMultiplier:1.5]]
LogConfig: Setting CVar [[s.TimeLimitExceededMinTime:0.005]]
LogConfig: Setting CVar [[s.UseBackgroundLevelStreaming:1]]
LogConfig: Setting CVar [[s.PriorityAsyncLoadingExtraTime:15.0]]
LogConfig: Setting CVar [[s.LevelStreamingActorsUpdateTimeLimit:5.0]]
LogConfig: Setting CVar [[s.PriorityLevelStreamingActorsUpdateExtraTime:5.0]]
LogConfig: Setting CVar [[s.LevelStreamingComponentsRegistrationGranularity:10]]
LogConfig: Setting CVar [[s.UnregisterComponentsTimeLimit:1.0]]
LogConfig: Setting CVar [[s.LevelStreamingComponentsUnregistrationGranularity:5]]
LogConfig: Setting CVar [[s.FlushStreamingOnExit:1]]
LogInit: Object subsystem initialized
LogConfig: Setting CVar [[con.DebugEarlyDefault:1]]
LogConfig: Setting CVar [[r.setres:1280x720]]
[2020.06.30-05.35.53:968][  0]LogConfig: Setting CVar [[r.VSync:0]]
[2020.06.30-05.35.53:968][  0]LogConfig: Setting CVar [[r.RHICmdBypass:0]]
[2020.06.30-05.35.53:968][  0]LogConfig: Applying CVar settings from Section [/Script/Engine.RendererSettings] File [F:/UnrealTutorialLooman/CoOpGame/Saved/Config/Windows/Engine.ini]
[2020.06.30-05.35.53:968][  0]LogConfig: Setting CVar [[r.GPUCrashDebugging:0]]
[2020.06.30-05.35.53:968][  0]LogConfig: Applying CVar settings from Section [/Script/Engine.RendererOverrideSettings] File [F:/UnrealTutorialLooman/CoOpGame/Saved/Config/Windows/Engine.ini]
[2020.06.30-05.35.53:968][  0]LogConfig: Applying CVar settings from Section [/Script/Engine.StreamingSettings] File [F:/UnrealTutorialLooman/CoOpGame/Saved/Config/Windows/Engine.ini]
[2020.06.30-05.35.53:968][  0]LogConfig: Setting CVar [[s.MinBulkDataSizeForAsyncLoading:131072]]
[2020.06.30-05.35.53:968][  0]LogConfig: Setting CVar [[s.AsyncLoadingThreadEnabled:0]]
[2020.06.30-05.35.53:969][  0]LogConfig: Setting CVar [[s.EventDrivenLoaderEnabled:1]]
[2020.06.30-05.35.53:969][  0]LogConfig: Setting CVar [[s.WarnIfTimeLimitExceeded:0]]
[2020.06.30-05.35.53:969][  0]LogConfig: Setting CVar [[s.TimeLimitExceededMultiplier:1.5]]
[2020.06.30-05.35.53:969][  0]LogConfig: Setting CVar [[s.TimeLimitExceededMinTime:0.005]]
[2020.06.30-05.35.53:969][  0]LogConfig: Setting CVar [[s.UseBackgroundLevelStreaming:1]]
[2020.06.30-05.35.53:969][  0]LogConfig: Setting CVar [[s.PriorityAsyncLoadingExtraTime:15.0]]
[2020.06.30-05.35.53:969][  0]LogConfig: Setting CVar [[s.LevelStreamingActorsUpdateTimeLimit:5.0]]
[2020.06.30-05.35.53:969][  0]LogConfig: Setting CVar [[s.PriorityLevelStreamingActorsUpdateExtraTime:5.0]]
[2020.06.30-05.35.53:969][  0]LogConfig: Setting CVar [[s.LevelStreamingComponentsRegistrationGranularity:10]]
[2020.06.30-05.35.53:969][  0]LogConfig: Setting CVar [[s.UnregisterComponentsTimeLimit:1.0]]
[2020.06.30-05.35.53:969][  0]LogConfig: Setting CVar [[s.LevelStreamingComponentsUnregistrationGranularity:5]]
[2020.06.30-05.35.53:969][  0]LogConfig: Setting CVar [[s.FlushStreamingOnExit:1]]
[2020.06.30-05.35.53:969][  0]LogConfig: Applying CVar settings from Section [/Script/Engine.GarbageCollectionSettings] File [F:/UnrealTutorialLooman/CoOpGame/Saved/Config/Windows/Engine.ini]
[2020.06.30-05.35.53:969][  0]LogConfig: Setting CVar [[gc.MaxObjectsNotConsideredByGC:1]]
[2020.06.30-05.35.53:969][  0]LogConfig: Setting CVar [[gc.SizeOfPermanentObjectPool:0]]
[2020.06.30-05.35.53:969][  0]LogConfig: Setting CVar [[gc.FlushStreamingOnGC:0]]
[2020.06.30-05.35.53:969][  0]LogConfig: Setting CVar [[gc.NumRetriesBeforeForcingGC:10]]
[2020.06.30-05.35.53:969][  0]LogConfig: Setting CVar [[gc.AllowParallelGC:1]]
[2020.06.30-05.35.53:969][  0]LogConfig: Setting CVar [[gc.TimeBetweenPurgingPendingKillObjects:61.1]]
[2020.06.30-05.35.53:969][  0]LogConfig: Setting CVar [[gc.MaxObjectsInEditor:25165824]]
[2020.06.30-05.35.53:969][  0]LogConfig: Setting CVar [[gc.IncrementalBeginDestroyEnabled:1]]
[2020.06.30-05.35.53:969][  0]LogConfig: Setting CVar [[gc.CreateGCClusters:1]]
[2020.06.30-05.35.53:969][  0]LogConfig: Setting CVar [[gc.MinGCClusterSize:5]]
[2020.06.30-05.35.53:969][  0]LogConfig: Setting CVar [[gc.ActorClusteringEnabled:0]]
[2020.06.30-05.35.53:970][  0]LogConfig: Setting CVar [[gc.BlueprintClusteringEnabled:0]]
[2020.06.30-05.35.53:970][  0]LogConfig: Setting CVar [[gc.UseDisregardForGCOnDedicatedServers:0]]
[2020.06.30-05.35.53:970][  0]LogConfig: Applying CVar settings from Section [/Script/Engine.NetworkSettings] File [F:/UnrealTutorialLooman/CoOpGame/Saved/Config/Windows/Engine.ini]
[2020.06.30-05.35.53:970][  0]LogConfig: Applying CVar settings from Section [/Script/UnrealEd.CookerSettings] File [F:/UnrealTutorialLooman/CoOpGame/Saved/Config/Windows/Engine.ini]
[2020.06.30-05.35.53:975][  0]LogConfig: Applying CVar settings from Section [ViewDistanceQuality@3] File [F:/UnrealTutorialLooman/CoOpGame/Saved/Config/Windows/Scalability.ini]
[2020.06.30-05.35.53:975][  0]LogConfig: Setting CVar [[r.SkeletalMeshLODBias:0]]
[2020.06.30-05.35.53:975][  0]LogConfig: Setting CVar [[r.ViewDistanceScale:1.0]]
[2020.06.30-05.35.53:975][  0]LogConfig: Applying CVar settings from Section [AntiAliasingQuality@3] File [F:/UnrealTutorialLooman/CoOpGame/Saved/Config/Windows/Scalability.ini]
[2020.06.30-05.35.53:975][  0]LogConfig: Setting CVar [[r.PostProcessAAQuality:4]]
[2020.06.30-05.35.53:975][  0]LogConfig: Applying CVar settings from Section [ShadowQuality@3] File [F:/UnrealTutorialLooman/CoOpGame/Saved/Config/Windows/Scalability.ini]
[2020.06.30-05.35.53:975][  0]LogConfig: Setting CVar [[r.LightFunctionQuality:1]]
[2020.06.30-05.35.53:975][  0]LogConfig: Setting CVar [[r.ShadowQuality:5]]
[2020.06.30-05.35.53:975][  0]LogConfig: Setting CVar [[r.Shadow.CSM.MaxCascades:10]]
[2020.06.30-05.35.53:975][  0]LogConfig: Setting CVar [[r.Shadow.MaxResolution:2048]]
[2020.06.30-05.35.53:975][  0]LogConfig: Setting CVar [[r.Shadow.MaxCSMResolution:2048]]
[2020.06.30-05.35.53:975][  0]LogConfig: Setting CVar [[r.Shadow.RadiusThreshold:0.01]]
[2020.06.30-05.35.53:975][  0]LogConfig: Setting CVar [[r.Shadow.DistanceScale:1.0]]
[2020.06.30-05.35.53:975][  0]LogConfig: Setting CVar [[r.Shadow.CSM.TransitionScale:1.0]]
[2020.06.30-05.35.53:976][  0]LogConfig: Setting CVar [[r.Shadow.PreShadowResolutionFactor:1.0]]
[2020.06.30-05.35.53:976][  0]LogConfig: Setting CVar [[r.DistanceFieldShadowing:1]]
[2020.06.30-05.35.53:976][  0]LogConfig: Setting CVar [[r.DistanceFieldAO:1]]
[2020.06.30-05.35.53:976][  0]LogConfig: Setting CVar [[r.AOQuality:2]]
[2020.06.30-05.35.53:976][  0]LogConfig: Setting CVar [[r.VolumetricFog:1]]
[2020.06.30-05.35.53:976][  0]LogConfig: Setting CVar [[r.VolumetricFog.GridPixelSize:8]]
[2020.06.30-05.35.53:976][  0]LogConfig: Setting CVar [[r.VolumetricFog.GridSizeZ:128]]
[2020.06.30-05.35.53:976][  0]LogConfig: Setting CVar [[r.VolumetricFog.HistoryMissSupersampleCount:4]]
[2020.06.30-05.35.53:976][  0]LogConfig: Setting CVar [[r.LightMaxDrawDistanceScale:1]]
[2020.06.30-05.35.53:976][  0]LogConfig: Setting CVar [[r.CapsuleShadows:1]]
[2020.06.30-05.35.53:976][  0]LogConfig: Applying CVar settings from Section [PostProcessQuality@3] File [F:/UnrealTutorialLooman/CoOpGame/Saved/Config/Windows/Scalability.ini]
[2020.06.30-05.35.53:976][  0]LogConfig: Setting CVar [[r.MotionBlurQuality:4]]
[2020.06.30-05.35.53:976][  0]LogConfig: Setting CVar [[r.AmbientOcclusionMipLevelFactor:0.4]]
[2020.06.30-05.35.53:976][  0]LogConfig: Setting CVar [[r.AmbientOcclusionMaxQuality:100]]
[2020.06.30-05.35.53:976][  0]LogConfig: Setting CVar [[r.AmbientOcclusionLevels:-1]]
[2020.06.30-05.35.53:976][  0]LogConfig: Setting CVar [[r.AmbientOcclusionRadiusScale:1.0]]
[2020.06.30-05.35.53:976][  0]LogConfig: Setting CVar [[r.DepthOfFieldQuality:2]]
[2020.06.30-05.35.53:976][  0]LogConfig: Setting CVar [[r.RenderTargetPoolMin:400]]
[2020.06.30-05.35.53:976][  0]LogConfig: Setting CVar [[r.LensFlareQuality:2]]
[2020.06.30-05.35.53:976][  0]LogConfig: Setting CVar [[r.SceneColorFringeQuality:1]]
[2020.06.30-05.35.53:976][  0]LogConfig: Setting CVar [[r.EyeAdaptationQuality:2]]
[2020.06.30-05.35.53:976][  0]LogConfig: Setting CVar [[r.BloomQuality:5]]
[2020.06.30-05.35.53:976][  0]LogConfig: Setting CVar [[r.FastBlurThreshold:100]]
[2020.06.30-05.35.53:976][  0]LogConfig: Setting CVar [[r.Upscale.Quality:3]]
[2020.06.30-05.35.53:977][  0]LogConfig: Setting CVar [[r.Tonemapper.GrainQuantization:1]]
[2020.06.30-05.35.53:977][  0]LogConfig: Setting CVar [[r.LightShaftQuality:1]]
[2020.06.30-05.35.53:977][  0]LogConfig: Setting CVar [[r.Filter.SizeScale:1]]
[2020.06.30-05.35.53:977][  0]LogConfig: Setting CVar [[r.Tonemapper.Quality:5]]
[2020.06.30-05.35.53:977][  0]LogConfig: Setting CVar [[r.DOF.Gather.AccumulatorQuality:1        ; higher gathering accumulator quality]]
[2020.06.30-05.35.53:977][  0]LogConfig: Setting CVar [[r.DOF.Gather.PostfilterMethod:1          ; Median3x3 postfilering method]]
[2020.06.30-05.35.53:977][  0]LogConfig: Setting CVar [[r.DOF.Gather.EnableBokehSettings:0       ; no bokeh simulation when gathering]]
[2020.06.30-05.35.53:977][  0]LogConfig: Setting CVar [[r.DOF.Gather.RingCount:4                 ; medium number of samples when gathering]]
[2020.06.30-05.35.53:977][  0]LogConfig: Setting CVar [[r.DOF.Scatter.ForegroundCompositing:1    ; additive foreground scattering]]
[2020.06.30-05.35.53:977][  0]LogConfig: Setting CVar [[r.DOF.Scatter.BackgroundCompositing:2    ; additive background scattering]]
[2020.06.30-05.35.53:977][  0]LogConfig: Setting CVar [[r.DOF.Scatter.EnableBokehSettings:1      ; bokeh simulation when scattering]]
[2020.06.30-05.35.53:977][  0]LogConfig: Setting CVar [[r.DOF.Scatter.MaxSpriteRatio:0.1         ; only a maximum of 10% of scattered bokeh]]
[2020.06.30-05.35.53:977][  0]LogConfig: Setting CVar [[r.DOF.Recombine.Quality:1                ; cheap slight out of focus]]
[2020.06.30-05.35.53:977][  0]LogConfig: Setting CVar [[r.DOF.Recombine.EnableBokehSettings:0    ; no bokeh simulation on slight out of focus]]
[2020.06.30-05.35.53:977][  0]LogConfig: Setting CVar [[r.DOF.TemporalAAQuality:1                ; more stable temporal accumulation]]
[2020.06.30-05.35.53:977][  0]LogConfig: Setting CVar [[r.DOF.Kernel.MaxForegroundRadius:0.025]]
[2020.06.30-05.35.53:977][  0]LogConfig: Setting CVar [[r.DOF.Kernel.MaxBackgroundRadius:0.025]]
[2020.06.30-05.35.53:977][  0]LogConfig: Applying CVar settings from Section [TextureQuality@3] File [F:/UnrealTutorialLooman/CoOpGame/Saved/Config/Windows/Scalability.ini]
[2020.06.30-05.35.53:977][  0]LogConfig: Setting CVar [[r.Streaming.MipBias:0]]
[2020.06.30-05.35.53:977][  0]LogConfig: Setting CVar [[r.Streaming.AmortizeCPUToGPUCopy:0]]
[2020.06.30-05.35.53:977][  0]LogConfig: Setting CVar [[r.Streaming.MaxNumTexturesToStreamPerFrame:0]]
[2020.06.30-05.35.53:977][  0]LogConfig: Setting CVar [[r.Streaming.Boost:1]]
[2020.06.30-05.35.53:977][  0]LogConfig: Setting CVar [[r.MaxAnisotropy:8]]
[2020.06.30-05.35.53:978][  0]LogConfig: Setting CVar [[r.VT.MaxAnisotropy:8]]
[2020.06.30-05.35.53:978][  0]LogConfig: Setting CVar [[r.Streaming.LimitPoolSizeToVRAM:0]]
[2020.06.30-05.35.53:978][  0]LogConfig: Setting CVar [[r.Streaming.PoolSize:1000]]
[2020.06.30-05.35.53:978][  0]LogConfig: Setting CVar [[r.Streaming.MaxEffectiveScreenSize:0]]
[2020.06.30-05.35.53:978][  0]LogConfig: Applying CVar settings from Section [EffectsQuality@3] File [F:/UnrealTutorialLooman/CoOpGame/Saved/Config/Windows/Scalability.ini]
[2020.06.30-05.35.53:978][  0]LogConfig: Setting CVar [[r.TranslucencyLightingVolumeDim:64]]
[2020.06.30-05.35.53:978][  0]LogConfig: Setting CVar [[r.RefractionQuality:2]]
[2020.06.30-05.35.53:978][  0]LogConfig: Setting CVar [[r.SSR.Quality:3]]
[2020.06.30-05.35.53:978][  0]LogConfig: Setting CVar [[r.SSR.HalfResSceneColor:0]]
[2020.06.30-05.35.53:978][  0]LogConfig: Setting CVar [[r.SceneColorFormat:4]]
[2020.06.30-05.35.53:978][  0]LogConfig: Setting CVar [[r.DetailMode:2]]
[2020.06.30-05.35.53:978][  0]LogConfig: Setting CVar [[r.TranslucencyVolumeBlur:1]]
[2020.06.30-05.35.53:978][  0]LogConfig: Setting CVar [[r.MaterialQualityLevel:1 ; High quality]]
[2020.06.30-05.35.53:978][  0]LogConfig: Setting CVar [[r.SSS.Scale:1]]
[2020.06.30-05.35.53:978][  0]LogConfig: Setting CVar [[r.SSS.SampleSet:2]]
[2020.06.30-05.35.53:978][  0]LogConfig: Setting CVar [[r.SSS.Quality:1]]
[2020.06.30-05.35.53:978][  0]LogConfig: Setting CVar [[r.SSS.HalfRes:0]]
[2020.06.30-05.35.53:978][  0]LogConfig: Setting CVar [[r.SSGI.Quality:3]]
[2020.06.30-05.35.53:978][  0]LogConfig: Setting CVar [[r.EmitterSpawnRateScale:1.0]]
[2020.06.30-05.35.53:978][  0]LogConfig: Setting CVar [[r.ParticleLightQuality:2]]
[2020.06.30-05.35.53:978][  0]LogConfig: Setting CVar [[r.SkyAtmosphere.AerialPerspectiveLUT.FastApplyOnOpaque:1 ; Always have FastSkyLUT 1 in this case to avoid wrong sky]]
[2020.06.30-05.35.53:978][  0]LogConfig: Setting CVar [[r.SkyAtmosphere.AerialPerspectiveLUT.SampleCountPerSlice:1]]
[2020.06.30-05.35.53:978][  0]LogConfig: Setting CVar [[r.SkyAtmosphere.AerialPerspectiveLUT.DepthResolution:16.0]]
[2020.06.30-05.35.53:978][  0]LogConfig: Setting CVar [[r.SkyAtmosphere.FastSkyLUT:1]]
[2020.06.30-05.35.53:979][  0]LogConfig: Setting CVar [[r.SkyAtmosphere.FastSkyLUT.SampleCountMin:4.0]]
[2020.06.30-05.35.53:979][  0]LogConfig: Setting CVar [[r.SkyAtmosphere.FastSkyLUT.SampleCountMax:32.0]]
[2020.06.30-05.35.53:979][  0]LogConfig: Setting CVar [[r.SkyAtmosphere.SampleCountMin:4.0]]
[2020.06.30-05.35.53:979][  0]LogConfig: Setting CVar [[r.SkyAtmosphere.SampleCountMax:32.0]]
[2020.06.30-05.35.53:979][  0]LogConfig: Setting CVar [[r.SkyAtmosphere.TransmittanceLUT.UseSmallFormat:0]]
[2020.06.30-05.35.53:979][  0]LogConfig: Setting CVar [[r.SkyAtmosphere.TransmittanceLUT.SampleCount:10.0]]
[2020.06.30-05.35.53:979][  0]LogConfig: Setting CVar [[r.SkyAtmosphere.MultiScatteringLUT.SampleCount:15.0]]
[2020.06.30-05.35.53:979][  0]LogConfig: Applying CVar settings from Section [FoliageQuality@3] File [F:/UnrealTutorialLooman/CoOpGame/Saved/Config/Windows/Scalability.ini]
[2020.06.30-05.35.53:979][  0]LogConfig: Setting CVar [[foliage.DensityScale:1.0]]
[2020.06.30-05.35.53:979][  0]LogConfig: Setting CVar [[grass.DensityScale:1.0]]
[2020.06.30-05.35.53:979][  0]LogConfig: Applying CVar settings from Section [ShadingQuality@3] File [F:/UnrealTutorialLooman/CoOpGame/Saved/Config/Windows/Scalability.ini]
[2020.06.30-05.35.53:979][  0]LogConfig: Setting CVar [[r.HairStrands.SkyLighting.SampleCount:16]]
[2020.06.30-05.35.53:979][  0]LogConfig: Setting CVar [[r.HairStrands.SkyLighting.JitterIntegration:0]]
[2020.06.30-05.35.53:979][  0]LogConfig: Setting CVar [[r.HairStrands.SkyAO.SampleCount:16]]
[2020.06.30-05.35.53:979][  0]LogConfig: Setting CVar [[r.HairStrands.DeepShadow.SuperSampling:0]]
[2020.06.30-05.35.53:979][  0]LogConfig: Setting CVar [[r.HairStrands.VisibilityPPLL:0]]
[2020.06.30-05.35.53:979][  0]LogConfig: Setting CVar [[r.HairStrands.RasterizationScale:0.5]]
[2020.06.30-05.35.53:979][  0]LogConfig: Setting CVar [[r.HairStrands.VelocityRasterizationScale:1]]
[2020.06.30-05.35.53:979][  0]LogInit: Selected Device Profile: [Windows]
[2020.06.30-05.35.53:979][  0]LogInit: Applying CVar settings loaded from the selected device profile: [Windows]
[2020.06.30-05.35.53:979][  0]LogHAL: Display: Platform has ~ 16 GB [17088675840 / 17179869184 / 16], which maps to Larger [LargestMinGB=32, LargerMinGB=12, DefaultMinGB=8, SmallerMinGB=6, SmallestMinGB=0)
[2020.06.30-05.35.53:979][  0]LogInit: Going up to parent DeviceProfile []
[2020.06.30-05.35.53:980][  0]LogConfig: Applying CVar settings from Section [ViewDistanceQuality@3] File [F:/UnrealTutorialLooman/CoOpGame/Saved/Config/Windows/Scalability.ini]
[2020.06.30-05.35.53:980][  0]LogConfig: Setting CVar [[r.SkeletalMeshLODBias:0]]
[2020.06.30-05.35.53:980][  0]LogConfig: Setting CVar [[r.ViewDistanceScale:1.0]]
[2020.06.30-05.35.53:980][  0]LogConfig: Applying CVar settings from Section [AntiAliasingQuality@3] File [F:/UnrealTutorialLooman/CoOpGame/Saved/Config/Windows/Scalability.ini]
[2020.06.30-05.35.53:980][  0]LogConfig: Setting CVar [[r.PostProcessAAQuality:4]]
[2020.06.30-05.35.53:980][  0]LogConfig: Applying CVar settings from Section [ShadowQuality@3] File [F:/UnrealTutorialLooman/CoOpGame/Saved/Config/Windows/Scalability.ini]
[2020.06.30-05.35.53:980][  0]LogConfig: Setting CVar [[r.LightFunctionQuality:1]]
[2020.06.30-05.35.53:980][  0]LogConfig: Setting CVar [[r.ShadowQuality:5]]
[2020.06.30-05.35.53:980][  0]LogConfig: Setting CVar [[r.Shadow.CSM.MaxCascades:10]]
[2020.06.30-05.35.53:980][  0]LogConfig: Setting CVar [[r.Shadow.MaxResolution:2048]]
[2020.06.30-05.35.53:980][  0]LogConfig: Setting CVar [[r.Shadow.MaxCSMResolution:2048]]
[2020.06.30-05.35.53:980][  0]LogConfig: Setting CVar [[r.Shadow.RadiusThreshold:0.01]]
[2020.06.30-05.35.53:980][  0]LogConfig: Setting CVar [[r.Shadow.DistanceScale:1.0]]
[2020.06.30-05.35.53:980][  0]LogConfig: Setting CVar [[r.Shadow.CSM.TransitionScale:1.0]]
[2020.06.30-05.35.53:980][  0]LogConfig: Setting CVar [[r.Shadow.PreShadowResolutionFactor:1.0]]
[2020.06.30-05.35.53:980][  0]LogConfig: Setting CVar [[r.DistanceFieldShadowing:1]]
[2020.06.30-05.35.53:980][  0]LogConfig: Setting CVar [[r.DistanceFieldAO:1]]
[2020.06.30-05.35.53:980][  0]LogConfig: Setting CVar [[r.AOQuality:2]]
[2020.06.30-05.35.53:980][  0]LogConfig: Setting CVar [[r.VolumetricFog:1]]
[2020.06.30-05.35.53:980][  0]LogConfig: Setting CVar [[r.VolumetricFog.GridPixelSize:8]]
[2020.06.30-05.35.53:980][  0]LogConfig: Setting CVar [[r.VolumetricFog.GridSizeZ:128]]
[2020.06.30-05.35.53:980][  0]LogConfig: Setting CVar [[r.VolumetricFog.HistoryMissSupersampleCount:4]]
[2020.06.30-05.35.53:980][  0]LogConfig: Setting CVar [[r.LightMaxDrawDistanceScale:1]]
[2020.06.30-05.35.53:981][  0]LogConfig: Setting CVar [[r.CapsuleShadows:1]]
[2020.06.30-05.35.53:981][  0]LogConfig: Applying CVar settings from Section [PostProcessQuality@3] File [F:/UnrealTutorialLooman/CoOpGame/Saved/Config/Windows/Scalability.ini]
[2020.06.30-05.35.53:981][  0]LogConfig: Setting CVar [[r.MotionBlurQuality:4]]
[2020.06.30-05.35.53:981][  0]LogConfig: Setting CVar [[r.AmbientOcclusionMipLevelFactor:0.4]]
[2020.06.30-05.35.53:981][  0]LogConfig: Setting CVar [[r.AmbientOcclusionMaxQuality:100]]
[2020.06.30-05.35.53:981][  0]LogConfig: Setting CVar [[r.AmbientOcclusionLevels:-1]]
[2020.06.30-05.35.53:981][  0]LogConfig: Setting CVar [[r.AmbientOcclusionRadiusScale:1.0]]
[2020.06.30-05.35.53:981][  0]LogConfig: Setting CVar [[r.DepthOfFieldQuality:2]]
[2020.06.30-05.35.53:981][  0]LogConfig: Setting CVar [[r.RenderTargetPoolMin:400]]
[2020.06.30-05.35.53:981][  0]LogConfig: Setting CVar [[r.LensFlareQuality:2]]
[2020.06.30-05.35.53:981][  0]LogConfig: Setting CVar [[r.SceneColorFringeQuality:1]]
[2020.06.30-05.35.53:981][  0]LogConfig: Setting CVar [[r.EyeAdaptationQuality:2]]
[2020.06.30-05.35.53:981][  0]LogConfig: Setting CVar [[r.BloomQuality:5]]
[2020.06.30-05.35.53:981][  0]LogConfig: Setting CVar [[r.FastBlurThreshold:100]]
[2020.06.30-05.35.53:981][  0]LogConfig: Setting CVar [[r.Upscale.Quality:3]]
[2020.06.30-05.35.53:981][  0]LogConfig: Setting CVar [[r.Tonemapper.GrainQuantization:1]]
[2020.06.30-05.35.53:981][  0]LogConfig: Setting CVar [[r.LightShaftQuality:1]]
[2020.06.30-05.35.53:981][  0]LogConfig: Setting CVar [[r.Filter.SizeScale:1]]
[2020.06.30-05.35.53:981][  0]LogConfig: Setting CVar [[r.Tonemapper.Quality:5]]
[2020.06.30-05.35.53:981][  0]LogConfig: Setting CVar [[r.DOF.Gather.AccumulatorQuality:1        ; higher gathering accumulator quality]]
[2020.06.30-05.35.53:981][  0]LogConfig: Setting CVar [[r.DOF.Gather.PostfilterMethod:1          ; Median3x3 postfilering method]]
[2020.06.30-05.35.53:981][  0]LogConfig: Setting CVar [[r.DOF.Gather.EnableBokehSettings:0       ; no bokeh simulation when gathering]]
[2020.06.30-05.35.53:981][  0]LogConfig: Setting CVar [[r.DOF.Gather.RingCount:4                 ; medium number of samples when gathering]]
[2020.06.30-05.35.53:982][  0]LogConfig: Setting CVar [[r.DOF.Scatter.ForegroundCompositing:1    ; additive foreground scattering]]
[2020.06.30-05.35.53:982][  0]LogConfig: Setting CVar [[r.DOF.Scatter.BackgroundCompositing:2    ; additive background scattering]]
[2020.06.30-05.35.53:982][  0]LogConfig: Setting CVar [[r.DOF.Scatter.EnableBokehSettings:1      ; bokeh simulation when scattering]]
[2020.06.30-05.35.53:982][  0]LogConfig: Setting CVar [[r.DOF.Scatter.MaxSpriteRatio:0.1         ; only a maximum of 10% of scattered bokeh]]
[2020.06.30-05.35.53:982][  0]LogConfig: Setting CVar [[r.DOF.Recombine.Quality:1                ; cheap slight out of focus]]
[2020.06.30-05.35.53:982][  0]LogConfig: Setting CVar [[r.DOF.Recombine.EnableBokehSettings:0    ; no bokeh simulation on slight out of focus]]
[2020.06.30-05.35.53:982][  0]LogConfig: Setting CVar [[r.DOF.TemporalAAQuality:1                ; more stable temporal accumulation]]
[2020.06.30-05.35.53:982][  0]LogConfig: Setting CVar [[r.DOF.Kernel.MaxForegroundRadius:0.025]]
[2020.06.30-05.35.53:982][  0]LogConfig: Setting CVar [[r.DOF.Kernel.MaxBackgroundRadius:0.025]]
[2020.06.30-05.35.53:982][  0]LogConfig: Applying CVar settings from Section [TextureQuality@3] File [F:/UnrealTutorialLooman/CoOpGame/Saved/Config/Windows/Scalability.ini]
[2020.06.30-05.35.53:982][  0]LogConfig: Setting CVar [[r.Streaming.MipBias:0]]
[2020.06.30-05.35.53:982][  0]LogConfig: Setting CVar [[r.Streaming.AmortizeCPUToGPUCopy:0]]
[2020.06.30-05.35.53:982][  0]LogConfig: Setting CVar [[r.Streaming.MaxNumTexturesToStreamPerFrame:0]]
[2020.06.30-05.35.53:982][  0]LogConfig: Setting CVar [[r.Streaming.Boost:1]]
[2020.06.30-05.35.53:982][  0]LogConfig: Setting CVar [[r.MaxAnisotropy:8]]
[2020.06.30-05.35.53:982][  0]LogConfig: Setting CVar [[r.VT.MaxAnisotropy:8]]
[2020.06.30-05.35.53:982][  0]LogConfig: Setting CVar [[r.Streaming.LimitPoolSizeToVRAM:0]]
[2020.06.30-05.35.53:982][  0]LogConfig: Setting CVar [[r.Streaming.PoolSize:1000]]
[2020.06.30-05.35.53:982][  0]LogConfig: Setting CVar [[r.Streaming.MaxEffectiveScreenSize:0]]
[2020.06.30-05.35.53:982][  0]LogConfig: Applying CVar settings from Section [EffectsQuality@3] File [F:/UnrealTutorialLooman/CoOpGame/Saved/Config/Windows/Scalability.ini]
[2020.06.30-05.35.53:982][  0]LogConfig: Setting CVar [[r.TranslucencyLightingVolumeDim:64]]
[2020.06.30-05.35.53:982][  0]LogConfig: Setting CVar [[r.RefractionQuality:2]]
[2020.06.30-05.35.53:982][  0]LogConfig: Setting CVar [[r.SSR.Quality:3]]
[2020.06.30-05.35.53:982][  0]LogConfig: Setting CVar [[r.SSR.HalfResSceneColor:0]]
[2020.06.30-05.35.53:983][  0]LogConfig: Setting CVar [[r.SceneColorFormat:4]]
[2020.06.30-05.35.53:983][  0]LogConfig: Setting CVar [[r.DetailMode:2]]
[2020.06.30-05.35.53:983][  0]LogConfig: Setting CVar [[r.TranslucencyVolumeBlur:1]]
[2020.06.30-05.35.53:983][  0]LogConfig: Setting CVar [[r.MaterialQualityLevel:1 ; High quality]]
[2020.06.30-05.35.53:983][  0]LogConfig: Setting CVar [[r.SSS.Scale:1]]
[2020.06.30-05.35.53:983][  0]LogConfig: Setting CVar [[r.SSS.SampleSet:2]]
[2020.06.30-05.35.53:983][  0]LogConfig: Setting CVar [[r.SSS.Quality:1]]
[2020.06.30-05.35.53:983][  0]LogConfig: Setting CVar [[r.SSS.HalfRes:0]]
[2020.06.30-05.35.53:983][  0]LogConfig: Setting CVar [[r.SSGI.Quality:3]]
[2020.06.30-05.35.53:983][  0]LogConfig: Setting CVar [[r.EmitterSpawnRateScale:1.0]]
[2020.06.30-05.35.53:983][  0]LogConfig: Setting CVar [[r.ParticleLightQuality:2]]
[2020.06.30-05.35.53:983][  0]LogConfig: Setting CVar [[r.SkyAtmosphere.AerialPerspectiveLUT.FastApplyOnOpaque:1 ; Always have FastSkyLUT 1 in this case to avoid wrong sky]]
[2020.06.30-05.35.53:983][  0]LogConfig: Setting CVar [[r.SkyAtmosphere.AerialPerspectiveLUT.SampleCountPerSlice:1]]
[2020.06.30-05.35.53:983][  0]LogConfig: Setting CVar [[r.SkyAtmosphere.AerialPerspectiveLUT.DepthResolution:16.0]]
[2020.06.30-05.35.53:983][  0]LogConfig: Setting CVar [[r.SkyAtmosphere.FastSkyLUT:1]]
[2020.06.30-05.35.53:983][  0]LogConfig: Setting CVar [[r.SkyAtmosphere.FastSkyLUT.SampleCountMin:4.0]]
[2020.06.30-05.35.53:983][  0]LogConfig: Setting CVar [[r.SkyAtmosphere.FastSkyLUT.SampleCountMax:32.0]]
[2020.06.30-05.35.53:983][  0]LogConfig: Setting CVar [[r.SkyAtmosphere.SampleCountMin:4.0]]
[2020.06.30-05.35.53:983][  0]LogConfig: Setting CVar [[r.SkyAtmosphere.SampleCountMax:32.0]]
[2020.06.30-05.35.53:983][  0]LogConfig: Setting CVar [[r.SkyAtmosphere.TransmittanceLUT.UseSmallFormat:0]]
[2020.06.30-05.35.53:983][  0]LogConfig: Setting CVar [[r.SkyAtmosphere.TransmittanceLUT.SampleCount:10.0]]
[2020.06.30-05.35.53:983][  0]LogConfig: Setting CVar [[r.SkyAtmosphere.MultiScatteringLUT.SampleCount:15.0]]
[2020.06.30-05.35.53:983][  0]LogConfig: Applying CVar settings from Section [FoliageQuality@3] File [F:/UnrealTutorialLooman/CoOpGame/Saved/Config/Windows/Scalability.ini]
[2020.06.30-05.35.53:984][  0]LogConfig: Setting CVar [[foliage.DensityScale:1.0]]
[2020.06.30-05.35.53:984][  0]LogConfig: Setting CVar [[grass.DensityScale:1.0]]
[2020.06.30-05.35.53:984][  0]LogConfig: Applying CVar settings from Section [ShadingQuality@3] File [F:/UnrealTutorialLooman/CoOpGame/Saved/Config/Windows/Scalability.ini]
[2020.06.30-05.35.53:984][  0]LogConfig: Setting CVar [[r.HairStrands.SkyLighting.SampleCount:16]]
[2020.06.30-05.35.53:984][  0]LogConfig: Setting CVar [[r.HairStrands.SkyLighting.JitterIntegration:0]]
[2020.06.30-05.35.53:984][  0]LogConfig: Setting CVar [[r.HairStrands.SkyAO.SampleCount:16]]
[2020.06.30-05.35.53:984][  0]LogConfig: Setting CVar [[r.HairStrands.DeepShadow.SuperSampling:0]]
[2020.06.30-05.35.53:984][  0]LogConfig: Setting CVar [[r.HairStrands.VisibilityPPLL:0]]
[2020.06.30-05.35.53:984][  0]LogConfig: Setting CVar [[r.HairStrands.RasterizationScale:0.5]]
[2020.06.30-05.35.53:984][  0]LogConfig: Setting CVar [[r.HairStrands.VelocityRasterizationScale:1]]
[2020.06.30-05.35.53:984][  0]LogConfig: Applying CVar settings from Section [Startup] File [../../../Engine/Config/ConsoleVariables.ini]
[2020.06.30-05.35.53:984][  0]LogConfig: Setting CVar [[net.UseAdaptiveNetUpdateFrequency:0]]
[2020.06.30-05.35.53:984][  0]LogConfig: Setting CVar [[p.chaos.AllowCreatePhysxBodies:1]]
[2020.06.30-05.35.53:984][  0]LogConfig: Setting CVar [[fx.SkipVectorVMBackendOptimizations:1]]
[2020.06.30-05.35.53:984][  0]LogConfig: Applying CVar settings from Section [ConsoleVariables] File [F:/UnrealTutorialLooman/CoOpGame/Saved/Config/Windows/Engine.ini]
[2020.06.30-05.35.53:984][  0]LogInit: Computer: GOODPC1
[2020.06.30-05.35.53:984][  0]LogInit: User: geewi
[2020.06.30-05.35.53:984][  0]LogInit: CPU Page size=4096, Cores=6
[2020.06.30-05.35.53:985][  0]LogInit: High frequency timer resolution =10.000000 MHz
[2020.06.30-05.35.53:985][  0]LogMemory: Memory total: Physical=15.9GB (16GB approx)
[2020.06.30-05.35.53:985][  0]LogMemory: Platform Memory Stats for Windows
[2020.06.30-05.35.53:985][  0]LogMemory: Process Physical Memory: 121.95 MB used, 121.95 MB peak
[2020.06.30-05.35.53:985][  0]LogMemory: Process Virtual Memory: 110.79 MB used, 110.79 MB peak
[2020.06.30-05.35.53:985][  0]LogMemory: Physical Memory: 7542.07 MB used,  8754.96 MB free, 16297.03 MB total
[2020.06.30-05.35.53:985][  0]LogMemory: Virtual Memory: 5193.86 MB used,  134212536.00 MB free, 134217728.00 MB total
[2020.06.30-05.35.53:994][  0]LogWindows: WindowsPlatformFeatures enabled
[2020.06.30-05.35.54:150][  0]LogInit: Physics initialised using underlying interface: PhysX
[2020.06.30-05.35.54:151][  0]LogInit: Using OS detected language (en-US).
[2020.06.30-05.35.54:151][  0]LogInit: Using OS detected locale (en-US).
[2020.06.30-05.35.54:153][  0]LogTextLocalizationManager: No specific localization for 'en-US' exists, so the 'en' localization will be used.
[2020.06.30-05.35.54:311][  0]LogInit: Setting process to per monitor DPI aware
[2020.06.30-05.35.54:356][  0]LogSlate: New Slate User Created.  User Index 0, Is Virtual User: 0
[2020.06.30-05.35.54:356][  0]LogSlate: Slate User Registered.  User Index 0, Is Virtual User: 0
[2020.06.30-05.35.54:451][  0]LogD3D11RHI: D3D11 min allowed feature level: 11_0
[2020.06.30-05.35.54:452][  0]LogD3D11RHI: D3D11 max allowed feature level: 11_0
[2020.06.30-05.35.54:452][  0]LogD3D11RHI: D3D11 adapters:
[2020.06.30-05.35.54:515][  0]LogD3D11RHI:    0. 'NVIDIA GeForce GTX 1070' (Feature Level 11_0)
[2020.06.30-05.35.54:515][  0]LogD3D11RHI:       8088/0/8148 MB DedicatedVideo/DedicatedSystem/SharedSystem, Outputs:2, VendorId:0x10de
[2020.06.30-05.35.54:519][  0]LogD3D11RHI:    1. 'Microsoft Basic Render Driver' (Feature Level 11_0)
[2020.06.30-05.35.54:519][  0]LogD3D11RHI:       0/0/8148 MB DedicatedVideo/DedicatedSystem/SharedSystem, Outputs:0, VendorId:0x1414
[2020.06.30-05.35.54:519][  0]LogD3D11RHI: Chosen D3D11 Adapter: 0
[2020.06.30-05.35.54:528][  0]LogD3D11RHI: Creating new Direct3DDevice
[2020.06.30-05.35.54:528][  0]LogD3D11RHI:     GPU DeviceId: 0x1b81 (for the marketing name, search the web for "GPU Device Id")
[2020.06.30-05.35.54:529][  0]LogWindows: EnumDisplayDevices:
[2020.06.30-05.35.54:529][  0]LogWindows:    0. 'NVIDIA GeForce GTX 1070' (P:0 D:1)
[2020.06.30-05.35.54:529][  0]LogWindows:    1. 'NVIDIA GeForce GTX 1070' (P:1 D:1)
[2020.06.30-05.35.54:529][  0]LogWindows:    2. 'NVIDIA GeForce GTX 1070' (P:0 D:0)
[2020.06.30-05.35.54:530][  0]LogWindows:    3. 'NVIDIA GeForce GTX 1070' (P:0 D:0)
[2020.06.30-05.35.54:530][  0]LogWindows: DebugString: FoundDriverCount:4 
[2020.06.30-05.35.54:530][  0]LogD3D11RHI:     Adapter Name: NVIDIA GeForce GTX 1070
[2020.06.30-05.35.54:530][  0]LogD3D11RHI:   Driver Version: 445.75 (internal:26.21.14.4575, unified:445.75)
[2020.06.30-05.35.54:530][  0]LogD3D11RHI:      Driver Date: 3-17-2020
[2020.06.30-05.35.54:530][  0]LogRHI: Texture pool is 5661 MB (70% of 8088 MB)
[2020.06.30-05.35.54:574][  0]LogD3D11RHI: RHI has support for 64 bit atomics
[2020.06.30-05.35.54:577][  0]LogD3D11RHI: [Aftermath] Enabled and primed
[2020.06.30-05.35.54:577][  0]LogD3D11RHI: Async texture creation enabled
[2020.06.30-05.35.54:577][  0]LogD3D11RHI: Array index from any shader is supported
[2020.06.30-05.35.54:592][  0]LogD3D11RHI: GPU Timing Frequency: 1000.000000 (Debug: 2 1)
[2020.06.30-05.35.54:842][  0]LogTargetPlatformManager: Display: Loaded TargetPlatform 'AllDesktop'
[2020.06.30-05.35.54:863][  0]LogTargetPlatformManager: Display: Loaded TargetPlatform 'Android'
[2020.06.30-05.35.54:863][  0]LogTargetPlatformManager: Display: Loaded TargetPlatform 'Android_ASTC'
[2020.06.30-05.35.54:863][  0]LogTargetPlatformManager: Display: Loaded TargetPlatform 'Android_DXT'
[2020.06.30-05.35.54:863][  0]LogTargetPlatformManager: Display: Loaded TargetPlatform 'Android_ETC2'
[2020.06.30-05.35.54:863][  0]LogTargetPlatformManager: Display: Loaded TargetPlatform 'AndroidClient'
[2020.06.30-05.35.54:863][  0]LogTargetPlatformManager: Display: Loaded TargetPlatform 'Android_ASTCClient'
[2020.06.30-05.35.54:863][  0]LogTargetPlatformManager: Display: Loaded TargetPlatform 'Android_DXTClient'
[2020.06.30-05.35.54:863][  0]LogTargetPlatformManager: Display: Loaded TargetPlatform 'Android_ETC2Client'
[2020.06.30-05.35.54:864][  0]LogTargetPlatformManager: Display: Loaded TargetPlatform 'Android_Multi'
[2020.06.30-05.35.54:864][  0]LogTargetPlatformManager: Display: Loaded TargetPlatform 'Android_MultiClient'
[2020.06.30-05.35.54:889][  0]LogTargetPlatformManager: Display: Loaded TargetPlatform 'IOSClient'
[2020.06.30-05.35.54:889][  0]LogTargetPlatformManager: Display: Loaded TargetPlatform 'IOS'
[2020.06.30-05.35.54:899][  0]LogTargetPlatformManager: Display: Loaded TargetPlatform 'Linux'
[2020.06.30-05.35.54:909][  0]LogTargetPlatformManager: Display: Loaded TargetPlatform 'LinuxNoEditor'
[2020.06.30-05.35.54:917][  0]LogTargetPlatformManager: Display: Loaded TargetPlatform 'LinuxClient'
[2020.06.30-05.35.54:926][  0]LogTargetPlatformManager: Display: Loaded TargetPlatform 'LinuxServer'
[2020.06.30-05.35.54:936][  0]LogTargetPlatformManager: Display: Loaded TargetPlatform 'LinuxAArch64NoEditor'
[2020.06.30-05.35.54:946][  0]LogTargetPlatformManager: Display: Loaded TargetPlatform 'LinuxAArch64Client'
[2020.06.30-05.35.54:955][  0]LogTargetPlatformManager: Display: Loaded TargetPlatform 'LinuxAArch64Server'
[2020.06.30-05.35.54:977][  0]LogTargetPlatformManager: Display: Loaded TargetPlatform 'Lumin'
[2020.06.30-05.35.54:977][  0]LogTargetPlatformManager: Display: Loaded TargetPlatform 'LuminClient'
[2020.06.30-05.35.54:991][  0]LogTargetPlatformManager: Display: Loaded TargetPlatform 'TVOSClient'
[2020.06.30-05.35.54:991][  0]LogTargetPlatformManager: Display: Loaded TargetPlatform 'TVOS'
[2020.06.30-05.35.55:000][  0]LogTargetPlatformManager: Display: Loaded TargetPlatform 'WindowsNoEditor'
[2020.06.30-05.35.55:010][  0]LogTargetPlatformManager: Display: Loaded TargetPlatform 'Windows'
[2020.06.30-05.35.55:019][  0]LogTargetPlatformManager: Display: Loaded TargetPlatform 'WindowsClient'
[2020.06.30-05.35.55:028][  0]LogTargetPlatformManager: Display: Loaded TargetPlatform 'WindowsServer'
[2020.06.30-05.35.55:028][  0]LogTargetPlatformManager: Display: Building Assets For Windows
[2020.06.30-05.35.55:039][  0]LogAudioDebug: Display: Lib vorbis DLL was dynamically loaded.
[2020.06.30-05.35.55:109][  0]LogShaderCompilers: Guid format shader working directory is 1 characters bigger than the processId version (../../../../../UnrealTutorialLooman/CoOpGame/Intermediate/Shaders/WorkingDirectory/13988/).
[2020.06.30-05.35.55:109][  0]LogShaderCompilers: Cleaned the shader compiler working directory 'C:/Users/geewi/AppData/Local/Temp/UnrealShaderWorkingDir/094117F1462ACB372210A48B6ADCB4E7/'.
[2020.06.30-05.35.55:109][  0]LogXGEController: Cleaning working directory: C:/Users/geewi/AppData/Local/Temp/UnrealXGEWorkingDir/
[2020.06.30-05.35.55:110][  0]LogXGEController: Cannot use XGE Controller as Incredibuild is not installed on this machine.
[2020.06.30-05.35.55:110][  0]LogShaderCompilers: Cannot use XGE Shader Compiler as Incredibuild is not installed on this machine.
[2020.06.30-05.35.55:110][  0]LogShaderCompilers: Display: Using Local Shader Compiler.
[2020.06.30-05.35.55:799][  0]LogDerivedDataCache: Display: Max Cache Size: 512 MB
[2020.06.30-05.35.55:849][  0]LogDerivedDataCache: Loaded boot cache 0.05s 79MB C:/Users/geewi/AppData/Local/UnrealEngine/4.25/DerivedDataCache/Boot.ddc.
[2020.06.30-05.35.55:849][  0]LogDerivedDataCache: Display: Loaded Boot cache: C:/Users/geewi/AppData/Local/UnrealEngine/4.25/DerivedDataCache/Boot.ddc
[2020.06.30-05.35.55:849][  0]LogDerivedDataCache: FDerivedDataBackendGraph:  Pak pak cache file ../../../../../UnrealTutorialLooman/CoOpGame/DerivedDataCache/DDC.ddp not found, will not use a pak cache.
[2020.06.30-05.35.55:849][  0]LogDerivedDataCache: Unable to find inner node Pak for hierarchical cache Hierarchy.
[2020.06.30-05.35.55:849][  0]LogDerivedDataCache: FDerivedDataBackendGraph:  CompressedPak pak cache file ../../../../../UnrealTutorialLooman/CoOpGame/DerivedDataCache/Compressed.ddp not found, will not use a pak cache.
[2020.06.30-05.35.55:849][  0]LogDerivedDataCache: Unable to find inner node CompressedPak for hierarchical cache Hierarchy.
[2020.06.30-05.35.55:859][  0]LogDerivedDataCache: Display: Pak cache opened for reading ../../../Engine/DerivedDataCache/Compressed.ddp.
[2020.06.30-05.35.55:859][  0]LogDerivedDataCache: FDerivedDataBackendGraph:  EnterprisePak pak cache file ../../../Enterprise/DerivedDataCache/Compressed.ddp not found, will not use a pak cache.
[2020.06.30-05.35.55:859][  0]LogDerivedDataCache: Unable to find inner node EnterprisePak for hierarchical cache Hierarchy.
[2020.06.30-05.35.55:861][  0]LogDerivedDataCache: Using Local data cache path C:/Users/geewi/AppData/Local/UnrealEngine/Common/DerivedDataCache: Writable
[2020.06.30-05.35.55:861][  0]LogDerivedDataCache: Shared data cache path not found in *engine.ini, will not use an Shared cache.
[2020.06.30-05.35.55:861][  0]LogDerivedDataCache: Unable to find inner node Shared for hierarchical cache Hierarchy.
[2020.06.30-05.35.55:906][  0]LogSlate: Using FreeType 2.10.0
[2020.06.30-05.35.55:907][  0]LogSlate: SlateFontServices - WITH_FREETYPE: 1, WITH_HARFBUZZ: 1
[2020.06.30-05.35.55:931][  0]LogAssetRegistry: FAssetRegistry took 0.0045 seconds to start up
[2020.06.30-05.35.56:132][  0]LogInit: Selected Device Profile: [Windows]
[2020.06.30-05.35.56:243][  0]LogMeshReduction: Using QuadricMeshReduction for automatic static mesh reduction
[2020.06.30-05.35.56:243][  0]LogMeshReduction: Using SimplygonMeshReduction for automatic skeletal mesh reduction
[2020.06.30-05.35.56:243][  0]LogMeshReduction: Using ProxyLODMeshReduction for automatic mesh merging
[2020.06.30-05.35.56:244][  0]LogMeshReduction: No distributed automatic mesh merging module available
[2020.06.30-05.35.56:244][  0]LogMeshMerging: No distributed automatic mesh merging module available
[2020.06.30-05.35.56:260][  0]LogNetVersion: CoOpGame 1.0.0, NetCL: 13144385, EngineNetVer: 14, GameNetVer: 0 (Checksum: 2766024207)
[2020.06.30-05.35.56:622][  0]LogAISub: UAISubsystem::UAISubsystem AISubsystem (0000019C6EC3C340), frame # 0
[2020.06.30-05.35.56:622][  0]LogAISub: UAISubsystem::UAISubsystem AIPerceptionSystem (0000019C6EBB4A40), frame # 0
[2020.06.30-05.35.56:624][  0]LogAISub: UAISubsystem::UAISubsystem EnvQueryManager (0000019C6EBE9E00), frame # 0
[2020.06.30-05.35.56:650][  0]LogPackageLocalizationCache: Processed 19 localized package path(s) for 1 prioritized culture(s) in 0.021092 seconds
[2020.06.30-05.35.56:655][  0]LogUObjectArray: 15917 objects as part of root set at end of initial load.
[2020.06.30-05.35.56:655][  0]LogUObjectAllocator: 3965568 out of 0 bytes used by permanent object pool.
[2020.06.30-05.35.56:655][  0]LogUObjectArray: CloseDisregardForGC: 0/0 objects in disregard for GC pool
[2020.06.30-05.35.57:013][  0]LogTcpMessaging: Initializing TcpMessaging bridge
[2020.06.30-05.35.57:019][  0]LogUdpMessaging: Initializing bridge on interface 0.0.0.0:0 to multicast group 230.0.0.1:6666.
[2020.06.30-05.35.57:123][  0]SourceControl: Source control is disabled
[2020.06.30-05.35.57:123][  0]SourceControl: Source control is disabled
[2020.06.30-05.35.57:127][  0]SourceControl: Source control is disabled
[2020.06.30-05.35.57:131][  0]SourceControl: Source control is disabled
[2020.06.30-05.35.57:140][  0]SourceControl: Source control is disabled
[2020.06.30-05.35.57:408][  0]LogAndroidPermission: UAndroidPermissionCallbackProxy::GetInstance
[2020.06.30-05.35.57:431][  0]LogAudioCaptureCore: Display: No Audio Capture implementations found. Audio input will be silent.
[2020.06.30-05.35.57:431][  0]LogAudioCaptureCore: Display: No Audio Capture implementations found. Audio input will be silent.
[2020.06.30-05.35.57:482][  0]LogOcInput: OculusInput pre-init called
[2020.06.30-05.35.57:701][  0]LogEngine: Initializing Engine...
[2020.06.30-05.35.57:702][  0]LogHMD: Oculus plugin initialized. Version: 4.25.1-13594126+++UE4+Release-4.25, OVRPlugin: 1.44.0
[2020.06.30-05.35.57:703][  0]LogStats: UGameplayTagsManager::InitializeManager -  0.000 s
[2020.06.30-05.35.57:809][  0]LogInit: Initializing FReadOnlyCVARCache
[2020.06.30-05.35.57:816][  0]LogAIModule: Creating AISystem for world Untitled
[2020.06.30-05.35.57:816][  0]LogAISub: UAISubsystem::UAISubsystem EnvQueryManager (0000019C7118DE00), frame # 0
[2020.06.30-05.35.57:816][  0]LogAISub: UAISubsystem::UAISubsystem AIPerceptionSystem (0000019C711A6AC0), frame # 0
[2020.06.30-05.35.57:837][  0]LogAudioMixer: Display: Audio Mixer Platform Settings:
[2020.06.30-05.35.57:837][  0]LogAudioMixer: Display: 	Sample Rate:						  48000
[2020.06.30-05.35.57:837][  0]LogAudioMixer: Display: 	Callback Buffer Frame Size Requested: 1024
[2020.06.30-05.35.57:837][  0]LogAudioMixer: Display: 	Callback Buffer Frame Size To Use:	  1024
[2020.06.30-05.35.57:837][  0]LogAudioMixer: Display: 	Number of buffers to queue:			  2
[2020.06.30-05.35.57:837][  0]LogAudioMixer: Display: 	Max Channels (voices):				  32
[2020.06.30-05.35.57:837][  0]LogAudioMixer: Display: 	Number of Async Source Workers:		  0
[2020.06.30-05.35.57:837][  0]LogAudio: Display: AudioDevice MaxSources: 32
[2020.06.30-05.35.57:838][  0]LogAudio: Display: Using built-in audio occlusion.
[2020.06.30-05.35.57:838][  0]LogAudioMixer: Display: Initializing audio mixer.
[2020.06.30-05.35.57:863][  0]LogAudioMixer: Display: 0: FrontLeft
[2020.06.30-05.35.57:863][  0]LogAudioMixer: Display: 1: FrontRight
[2020.06.30-05.35.57:924][  0]LogAudioMixer: Display: Using Audio Device Headphones (SOUNDPEATS TrueWings  Stereo)
[2020.06.30-05.35.57:927][  0]LogAudioMixer: Display: Initializing Sound Submixes...
[2020.06.30-05.35.57:929][  0]LogAudioMixer: Display: Creating Master Submix 'MasterSubmixDefault'
[2020.06.30-05.35.57:929][  0]LogAudioMixer: Display: Creating Master Submix 'MasterReverbSubmixDefault'
[2020.06.30-05.35.57:930][  0]LogAudioMixer: Display: Creating Master Submix 'MasterEQSubmixDefault'
[2020.06.30-05.35.57:931][  0]LogInit: FAudioDevice initialized.
[2020.06.30-05.35.57:932][  0]LogNetVersion: Set ProjectVersion to 1.0.0.0. Version Checksum will be recalculated on next use.
[2020.06.30-05.35.58:081][  0]LogDerivedDataCache: Saved boot cache 0.15s 79MB C:/Users/geewi/AppData/Local/UnrealEngine/4.25/DerivedDataCache/Boot.ddc.
[2020.06.30-05.35.58:084][  0]LogInit: Texture streaming: Enabled
[2020.06.30-05.35.58:101][  0]LogEngineSessionManager: EngineSessionManager initialized
[2020.06.30-05.35.58:102][  0]LogEngineSessionManager: EngineSessionManager sent abnormal shutdown report. Type=Debugger, SessionId={04B74D2E-4930-B082-CC6B-7488C1700DA3}
[2020.06.30-05.35.58:102][  0]LogEditorSessionSummary: Verbose: Initializing EditorSessionSummaryWriter for editor session tracking
[2020.06.30-05.35.58:103][  0]LogEditorSessionSummary: EditorSessionSummaryWriter initialized
[2020.06.30-05.35.58:135][  0]LogInit: Transaction tracking system initialized
[2020.06.30-05.35.58:159][  0]BlueprintLog: New page: Editor Load
[2020.06.30-05.35.58:235][  0]LocalizationService: Localization service is disabled
[2020.06.30-05.35.58:375][  0]LogCook: Display: Max memory allowance for cook 16384mb min free memory 0mb
[2020.06.30-05.35.58:375][  0]LogCook: Display: Mobile HDR setting 1
[2020.06.30-05.35.58:517][  0]LogFileCache: Scanning file cache for directory 'F:/UnrealTutorialLooman/CoOpGame/Content/' took 0.00s
[2020.06.30-05.35.58:689][  0]SourceControl: Source control is disabled
[2020.06.30-05.35.58:690][  0]LogUnrealEdMisc: Loading editor; pre map load, took 7.811
[2020.06.30-05.35.58:690][  0]Cmd: MAP LOAD FILE="../../../../../UnrealTutorialLooman/CoOpGame/Content/Maps/MyMap.umap" TEMPLATE=0 SHOWPROGRESS=1 FEATURELEVEL=3
[2020.06.30-05.35.58:690][  0]LightingResults: New page: Lighting Build
[2020.06.30-05.35.58:691][  0]LogWorld: UWorld::CleanupWorld for Untitled, bSessionEnded=true, bCleanupResources=true
[2020.06.30-05.35.58:691][  0]LogSlate: InvalidateAllWidgets triggered.  All widgets were invalidated
[2020.06.30-05.35.58:691][  0]MapCheck: New page: Map Check
[2020.06.30-05.35.58:691][  0]LightingResults: New page: Lighting Build
[2020.06.30-05.35.58:701][  0]LogAISub: UAISubsystem::~UAISubsystem EnvQueryManager (0000019C7118DE00), frame # 0
[2020.06.30-05.35.58:701][  0]LogAISub: UAISubsystem::~UAISubsystem AIPerceptionSystem (0000019C711A6AC0), frame # 0
[2020.06.30-05.35.58:702][  0]LogUObjectHash: Compacting FUObjectHashTables data took   0.68ms
[2020.06.30-05.35.58:996][  0]LogAIModule: Creating AISystem for world MyMap
[2020.06.30-05.35.58:996][  0]LogAISub: UAISubsystem::UAISubsystem EnvQueryManager (0000019C5F897E00), frame # 0
[2020.06.30-05.35.58:996][  0]LogAISub: UAISubsystem::UAISubsystem AIPerceptionSystem (0000019C5D276980), frame # 0
[2020.06.30-05.35.59:007][  0]LogEditorServer: Finished looking for orphan Actors (0.000 secs)
[2020.06.30-05.35.59:017][  0]LogUObjectHash: Compacting FUObjectHashTables data took   0.74ms
[2020.06.30-05.35.59:018][  0]Cmd: MAP CHECKDEP NOCLEARLOG
[2020.06.30-05.35.59:019][  0]MapCheck: Map check complete: 0 Error(s), 0 Warning(s), took 0.11ms to complete.
[2020.06.30-05.35.59:019][  0]LogFileHelpers: Loading map 'MyMap' took 0.329
[2020.06.30-05.35.59:021][  0]LogUnrealEdMisc: Total Editor Startup Time, took 8.142
[2020.06.30-05.35.59:176][  0]LogSlate: Updating window title bar state: overlay mode, drag disabled, window buttons hidden, title bar hidden
[2020.06.30-05.35.59:183][  0]LogSlate: Updating window title bar state: overlay mode, drag disabled, window buttons hidden, title bar hidden
[2020.06.30-05.35.59:189][  0]LogSlate: Updating window title bar state: overlay mode, drag disabled, window buttons hidden, title bar hidden
[2020.06.30-05.35.59:195][  0]LogSlate: Updating window title bar state: overlay mode, drag disabled, window buttons hidden, title bar hidden
[2020.06.30-05.35.59:201][  0]LogCollectionManager: Loaded 0 collections in 0.000647 seconds
[2020.06.30-05.35.59:218][  0]LogFileCache: Scanning file cache for directory 'F:/UnrealTutorialLooman/CoOpGame/Saved/Collections/' took 0.00s
[2020.06.30-05.35.59:219][  0]LogFileCache: Scanning file cache for directory 'F:/UnrealTutorialLooman/CoOpGame/Content/Developers/geewi/Collections/' took 0.00s
[2020.06.30-05.35.59:219][  0]LogFileCache: Scanning file cache for directory 'F:/UnrealTutorialLooman/CoOpGame/Content/Collections/' took 0.00s
[2020.06.30-05.35.59:219][  0]LogContentBrowser: Native class hierarchy populated in 0.0083 seconds. Added 3433 classes and 825 folders.
[2020.06.30-05.35.59:222][  0]LogContentBrowser: Native class hierarchy updated for 'WidgetCarousel' in 0.0003 seconds. Added 0 classes and 0 folders.
[2020.06.30-05.35.59:259][  0]LogContentBrowser: Native class hierarchy updated for 'AddContentDialog' in 0.0003 seconds. Added 0 classes and 0 folders.
[2020.06.30-05.35.59:263][  0]LogContentBrowser: Native class hierarchy updated for 'SceneOutliner' in 0.0003 seconds. Added 2 classes and 0 folders.
[2020.06.30-05.35.59:372][  0]LogSlate: Took 0.000135 seconds to synchronously load lazily loaded font '../../../Engine/Content/Slate/Fonts/Roboto-Regular.ttf' (155K)
[2020.06.30-05.35.59:374][  0]LogSlate: Took 0.000104 seconds to synchronously load lazily loaded font '../../../Engine/Content/Slate/Fonts/Roboto-Bold.ttf' (160K)
[2020.06.30-05.35.59:378][  0]LogSlate: Took 0.000104 seconds to synchronously load lazily loaded font '../../../Engine/Content/Editor/Slate/Fonts/FontAwesome.ttf' (139K)
[2020.06.30-05.35.59:439][  0]LogRenderer: Reallocating scene render targets to support 1200x572 Format 10 NumSamples 1 (Frame:1).
[2020.06.30-05.35.59:527][  0]LogContentBrowser: Native class hierarchy updated for 'HierarchicalLODOutliner' in 0.0003 seconds. Added 0 classes and 0 folders.
[2020.06.30-05.35.59:527][  0]LogLoad: (Engine Initialization) Total time: 8.65 seconds
[2020.06.30-05.35.59:528][  0]LogLoad: (Engine Initialization) Total Blueprint compile time: 0.00 seconds
[2020.06.30-05.35.59:539][  0]LogOcInput: OculusInput is initialized
[2020.06.30-05.35.59:560][  0]LogAssetRegistry: Asset discovery search completed in 3.6322 seconds
[2020.06.30-05.35.59:564][  0]LogCollectionManager: Fixed up redirectors for 0 collections in 0.000003 seconds (updated 0 objects)
[2020.06.30-05.35.59:566][  0]LogContentStreaming: Texture pool size now 1000 MB
[2020.06.30-05.36.35:847][ 19]LogSlate: Took 0.000128 seconds to synchronously load lazily loaded font '../../../Engine/Content/Slate/Fonts/Roboto-Light.ttf' (167K)
[2020.06.30-05.36.35:865][ 19]LogAssetEditorSubsystem: Opening Asset editor for Blueprint /Game/Blueprints/BP_PlayerPawn.BP_PlayerPawn
[2020.06.30-05.36.36:045][ 19]LogContentBrowser: Native class hierarchy updated for 'BlueprintGraph' in 0.0006 seconds. Added 125 classes and 0 folders.
[2020.06.30-05.36.36:871][ 19]LogSlate: Took 0.000248 seconds to synchronously load lazily loaded font '../../../Engine/Content/Slate/Fonts/Roboto-BoldCondensed.ttf' (158K)
[2020.06.30-05.36.36:929][ 20]LogSlate: Took 0.000136 seconds to synchronously load lazily loaded font '../../../Engine/Content/Slate/Fonts/Roboto-Italic.ttf' (157K)
[2020.06.30-05.36.38:725][198]LogSlate: Window 'BP_PlayerPawn' being destroyed
[2020.06.30-05.36.38:730][198]LogSlate: Window 'BP_PlayerPawn' being destroyed
[2020.06.30-05.36.38:731][198]LogWorld: UWorld::CleanupWorld for World_4, bSessionEnded=true, bCleanupResources=true
[2020.06.30-05.36.38:731][198]LogSlate: InvalidateAllWidgets triggered.  All widgets were invalidated
[2020.06.30-05.36.40:906][410]Cmd: DELETE
[2020.06.30-05.36.40:906][410]Cmd: ACTOR DELETE
[2020.06.30-05.36.40:909][410]LogEditorActor: Deleted Actor: BP_PlayerPawn_C
[2020.06.30-05.36.40:943][410]LogUObjectHash: Compacting FUObjectHashTables data took   1.85ms
[2020.06.30-05.36.40:945][410]LogEditorActor: Deleted 1 Actors (0.038 secs)
[2020.06.30-05.36.42:827][625]LogAssetEditorSubsystem: Opening Asset editor for Blueprint /Game/Blueprints/BP_PlayerPawn.BP_PlayerPawn
[2020.06.30-05.36.51:349][484]BlueprintLog: New page: Compile BP_PlayerPawn
[2020.06.30-05.36.51:401][484]LogUObjectHash: Compacting FUObjectHashTables data took   1.62ms
[2020.06.30-05.36.51:441][484]Cmd: OBJ SAVEPACKAGE PACKAGE="/Game/Blueprints/BP_PlayerPawn" FILE="../../../../../UnrealTutorialLooman/CoOpGame/Content/Blueprints/BP_PlayerPawn.uasset" SILENT=true
[2020.06.30-05.36.51:456][484]LogSavePackage: Moving '../../../../../UnrealTutorialLooman/CoOpGame/Saved/BP_PlayerPawnA76ED5394A07D03DC9B925A4261ACD07.tmp' to '../../../../../UnrealTutorialLooman/CoOpGame/Content/Blueprints/BP_PlayerPawn.uasset'
[2020.06.30-05.36.51:470][484]AssetCheck: New page: Asset Save: BP_PlayerPawn
[2020.06.30-05.36.51:471][484]LogContentValidation: Display: Validating Blueprint /Game/Blueprints/BP_PlayerPawn.BP_PlayerPawn
[2020.06.30-05.36.52:531][593]LogSlate: Window 'BP_PlayerPawn' being destroyed
[2020.06.30-05.36.52:536][593]LogSlate: Window 'BP_PlayerPawn' being destroyed
[2020.06.30-05.36.52:537][593]LogWorld: UWorld::CleanupWorld for World_7, bSessionEnded=true, bCleanupResources=true
[2020.06.30-05.36.52:537][593]LogSlate: InvalidateAllWidgets triggered.  All widgets were invalidated
[2020.06.30-05.36.53:643][720]LogEditorViewport: Clicking on Actor (LMB): BP_PlayerPawn_C (BP_PlayerPawn)
[2020.06.30-05.36.55:125][881]Cmd: DELETE
[2020.06.30-05.36.55:125][881]Cmd: ACTOR DELETE
[2020.06.30-05.36.55:126][881]LogEditorActor: Deleted Actor: BP_PlayerPawn_C
[2020.06.30-05.36.55:152][881]LogUObjectHash: Compacting FUObjectHashTables data took   1.73ms
[2020.06.30-05.36.55:153][881]LogEditorActor: Deleted 1 Actors (0.029 secs)
[2020.06.30-05.36.56:966][ 94]Cmd: OBJ SAVEPACKAGE PACKAGE="/Game/Maps/MyMap" FILE="../../../../../UnrealTutorialLooman/CoOpGame/Content/Maps/MyMap.umap" SILENT=true AUTOSAVING=false KEEPDIRTY=false
[2020.06.30-05.36.56:982][ 94]LogUObjectHash: Compacting FUObjectHashTables data took   0.43ms
[2020.06.30-05.36.56:995][ 94]LogSavePackage: Moving '../../../../../UnrealTutorialLooman/CoOpGame/Saved/MyMap94750AA247A74477FD741288E15C2B77.tmp' to '../../../../../UnrealTutorialLooman/CoOpGame/Content/Maps/MyMap.umap'
[2020.06.30-05.36.57:017][ 94]Cmd: OBJ SAVEPACKAGE PACKAGE="/Game/Maps/MyMap_BuiltData" FILE="../../../../../UnrealTutorialLooman/CoOpGame/Content/Maps/MyMap_BuiltData.uasset" SILENT=true
[2020.06.30-05.36.57:027][ 94]LogSavePackage: Moving '../../../../../UnrealTutorialLooman/CoOpGame/Saved/MyMap_BuiltData7C7901B1444709631282FCBA8C2995C3.tmp' to '../../../../../UnrealTutorialLooman/CoOpGame/Content/Maps/MyMap_BuiltData.uasset'
[2020.06.30-05.36.57:041][ 94]AssetCheck: New page: Asset Save: multiple assets
[2020.06.30-05.36.57:041][ 94]LogContentValidation: Display: Validating World /Game/Maps/MyMap.MyMap
[2020.06.30-05.36.57:041][ 94]LogContentValidation: Display: Validating MapBuildDataRegistry /Game/Maps/MyMap_BuiltData.MyMap_BuiltData
[2020.06.30-05.36.58:107][215]LogUObjectHash: Compacting FUObjectHashTables data took   1.57ms
[2020.06.30-05.36.59:699][394]LogTemp: Repeating last play command: Selected Viewport
[2020.06.30-05.36.59:714][394]LogPlayLevel: PlayLevel: No blueprints needed recompiling
[2020.06.30-05.36.59:714][394]LogHMD: Initializing OVRPlugin session
[2020.06.30-05.36.59:851][394]LogHMD: Allocating Oculus 3296 x 1776 rendertarget swapchain
[2020.06.30-05.36.59:852][394]PIE: New page: PIE session: MyMap (Jul 1, 2020, 1:36:59 AM)
[2020.06.30-05.36.59:853][394]LogOnline: OSS: Creating online subsystem instance for: NULL
[2020.06.30-05.36.59:855][394]LogOnline: OSS: TryLoadSubsystemAndSetDefault: Loaded subsystem for module [NULL]
[2020.06.30-05.36.59:856][394]LogPlayLevel: Creating play world package: /Game/Maps/UEDPIE_0_MyMap
[2020.06.30-05.36.59:858][394]LogPlayLevel: PIE: StaticDuplicateObject took: (0.002483s)
[2020.06.30-05.36.59:859][394]LogAIModule: Creating AISystem for world MyMap
[2020.06.30-05.36.59:859][394]LogAISub: UAISubsystem::UAISubsystem EnvQueryManager (0000019C5D2D5C00), frame # 6394
[2020.06.30-05.36.59:860][394]LogAISub: UAISubsystem::UAISubsystem AIPerceptionSystem (0000019C5F843380), frame # 6394
[2020.06.30-05.36.59:860][394]LogPlayLevel: PIE: World Init took: (0.001478s)
[2020.06.30-05.36.59:860][394]LogPlayLevel: PIE: Created PIE world by copying editor world from /Game/Maps/MyMap.MyMap to /Game/Maps/UEDPIE_0_MyMap.MyMap (0.004364s)
[2020.06.30-05.36.59:876][394]LogUObjectHash: Compacting FUObjectHashTables data took   1.44ms
[2020.06.30-05.36.59:877][394]LogAudioMixer: Display: Audio Mixer Platform Settings:
[2020.06.30-05.36.59:877][394]LogAudioMixer: Display: 	Sample Rate:						  48000
[2020.06.30-05.36.59:878][394]LogAudioMixer: Display: 	Callback Buffer Frame Size Requested: 1024
[2020.06.30-05.36.59:878][394]LogAudioMixer: Display: 	Callback Buffer Frame Size To Use:	  1024
[2020.06.30-05.36.59:878][394]LogAudioMixer: Display: 	Number of buffers to queue:			  2
[2020.06.30-05.36.59:878][394]LogAudioMixer: Display: 	Max Channels (voices):				  32
[2020.06.30-05.36.59:878][394]LogAudioMixer: Display: 	Number of Async Source Workers:		  0
[2020.06.30-05.36.59:878][394]LogAudio: Display: AudioDevice MaxSources: 32
[2020.06.30-05.36.59:878][394]LogAudio: Display: Using built-in audio occlusion.
[2020.06.30-05.36.59:879][394]LogAudioMixer: Display: Initializing audio mixer.
[2020.06.30-05.36.59:891][394]LogAudioMixer: Display: 0: FrontLeft
[2020.06.30-05.36.59:891][394]LogAudioMixer: Display: 1: FrontRight
[2020.06.30-05.36.59:931][394]LogAudioMixer: Display: Using Audio Device Headphones (SOUNDPEATS TrueWings  Stereo)
[2020.06.30-05.36.59:932][394]LogAudioMixer: Display: Initializing Sound Submixes...
[2020.06.30-05.36.59:932][394]LogAudioMixer: Display: Creating Master Submix 'MasterSubmixDefault'
[2020.06.30-05.36.59:932][394]LogAudioMixer: Display: Creating Master Submix 'MasterReverbSubmixDefault'
[2020.06.30-05.36.59:932][394]LogAudioMixer: Display: Creating Master Submix 'MasterEQSubmixDefault'
[2020.06.30-05.36.59:947][394]LogInit: FAudioDevice initialized.
[2020.06.30-05.36.59:962][394]LogLoad: Game class is 'GameModeBase'
[2020.06.30-05.36.59:963][394]LogWorld: Bringing World /Game/Maps/UEDPIE_0_MyMap.MyMap up for play (max tick rate 0) at 2020.06.30-15.36.59
[2020.06.30-05.36.59:964][394]LogWorld: Bringing up level for play took: 0.001300
[2020.06.30-05.36.59:964][394]LogOnline: OSS: Creating online subsystem instance for: :Context_9
[2020.06.30-05.36.59:968][394]LogContentBrowser: Native class hierarchy updated for 'MovieSceneCapture' in 0.0004 seconds. Added 20 classes and 0 folders.
[2020.06.30-05.36.59:969][394]LogNet: ReplicationDriverClass is null! Not using ReplicationDriver.
[2020.06.30-05.36.59:969][394]LogNetCore: DDoS detection status: detection enabled: 0 analytics enabled: 0
[2020.06.30-05.36.59:969][394]LogInit: WinSock: Socket queue. Rx: 131072 (config 131072) Tx: 131072 (config 131072)
[2020.06.30-05.36.59:969][394]LogNet: Created socket for bind address: 0.0.0.0 on port 17777
[2020.06.30-05.36.59:969][394]PacketHandlerLog: Loaded PacketHandler component: Engine.EngineHandlerComponentFactory (StatelessConnectHandlerComponent)
[2020.06.30-05.36.59:970][394]LogNet: GameNetDriver IpNetDriver_0 IpNetDriver listening on port 17777
[2020.06.30-05.36.59:970][394]PIE: Server logged in
[2020.06.30-05.36.59:971][394]PIE: Play in editor total start time 0.261 seconds.
[2020.06.30-05.36.59:973][394]LogAudioMixer: Display: Audio Mixer Platform Settings:
[2020.06.30-05.36.59:973][394]LogAudioMixer: Display: 	Sample Rate:						  48000
[2020.06.30-05.36.59:973][394]LogAudioMixer: Display: 	Callback Buffer Frame Size Requested: 1024
[2020.06.30-05.36.59:973][394]LogAudioMixer: Display: 	Callback Buffer Frame Size To Use:	  1024
[2020.06.30-05.36.59:973][394]LogAudioMixer: Display: 	Number of buffers to queue:			  2
[2020.06.30-05.36.59:973][394]LogAudioMixer: Display: 	Max Channels (voices):				  32
[2020.06.30-05.36.59:973][394]LogAudioMixer: Display: 	Number of Async Source Workers:		  0
[2020.06.30-05.36.59:974][394]LogAudio: Display: AudioDevice MaxSources: 32
[2020.06.30-05.36.59:974][394]LogAudio: Display: Using built-in audio occlusion.
[2020.06.30-05.36.59:974][394]LogAudioMixer: Display: Initializing audio mixer.
[2020.06.30-05.36.59:986][394]LogAudioMixer: Display: 0: FrontLeft
[2020.06.30-05.36.59:986][394]LogAudioMixer: Display: 1: FrontRight
[2020.06.30-05.37.00:031][394]LogAudioMixer: Display: Using Audio Device Headphones (SOUNDPEATS TrueWings  Stereo)
[2020.06.30-05.37.00:031][394]LogAudioMixer: Display: Initializing Sound Submixes...
[2020.06.30-05.37.00:031][394]LogAudioMixer: Display: Creating Master Submix 'MasterSubmixDefault'
[2020.06.30-05.37.00:031][394]LogAudioMixer: Display: Creating Master Submix 'MasterReverbSubmixDefault'
[2020.06.30-05.37.00:032][394]LogAudioMixer: Display: Creating Master Submix 'MasterEQSubmixDefault'
[2020.06.30-05.37.00:048][394]LogInit: FAudioDevice initialized.
[2020.06.30-05.37.00:093][394]LogSlate: Updating window title bar state: overlay mode, drag disabled, window buttons hidden, title bar hidden
[2020.06.30-05.37.00:093][394]LogNet: Browse: 127.0.0.1:17777//Game/Maps/MyMap
[2020.06.30-05.37.00:094][394]LogInit: WinSock: Socket queue. Rx: 32768 (config 32768) Tx: 32768 (config 32768)
[2020.06.30-05.37.00:094][394]LogNet: Created socket for bind address: 0.0.0.0 on port 0
[2020.06.30-05.37.00:095][394]PacketHandlerLog: Loaded PacketHandler component: Engine.EngineHandlerComponentFactory (StatelessConnectHandlerComponent)
[2020.06.30-05.37.00:096][394]LogNet: Game client on port 17777, rate 10000
[2020.06.30-05.37.00:098][394]PIE: Client logged in
[2020.06.30-05.37.00:100][394]PIE: Play in editor total start time 0.389 seconds.
[2020.06.30-05.37.01:107][474]LogNet: NotifyAcceptingConnection accepted from: 127.0.0.1:53121
[2020.06.30-05.37.01:107][474]LogHandshake: SendConnectChallenge. Timestamp: 1.415965, Cookie: 079181058206159191138050184016162007182224248219192033182007
[2020.06.30-05.37.01:108][474]LogHandshake: SendChallengeResponse. Timestamp: 1.415965, Cookie: 079181058206159191138050184016162007182224248219192033182007
[2020.06.30-05.37.01:116][475]LogNet: NotifyAcceptingConnection accepted from: 127.0.0.1:53121
[2020.06.30-05.37.01:116][475]LogHandshake: SendChallengeAck. InCookie: 079181058206159191138050184016162007182224248219192033182007
[2020.06.30-05.37.01:116][475]LogNet: Server accepting post-challenge connection from: 127.0.0.1:53121
[2020.06.30-05.37.01:116][475]PacketHandlerLog: Loaded PacketHandler component: Engine.EngineHandlerComponentFactory (StatelessConnectHandlerComponent)
[2020.06.30-05.37.01:118][475]LogNet: NotifyAcceptedConnection: Name: MyMap, TimeStamp: 06/30/20 15:37:01, [UNetConnection] RemoteAddr: 127.0.0.1:53121, Name: IpConnection_1, Driver: GameNetDriver IpNetDriver_0, IsServer: YES, PC: NULL, Owner: NULL, UniqueId: INVALID
[2020.06.30-05.37.01:118][475]LogNet: AddClientConnection: Added client connection: [UNetConnection] RemoteAddr: 127.0.0.1:53121, Name: IpConnection_1, Driver: GameNetDriver IpNetDriver_0, IsServer: YES, PC: NULL, Owner: NULL, UniqueId: INVALID
[2020.06.30-05.37.01:119][475]LogNetVersion: CoOpGame 1.0.0.0, NetCL: 13144385, EngineNetVer: 14, GameNetVer: 0 (Checksum: 4195730951)
[2020.06.30-05.37.01:119][475]LogNet: UPendingNetGame::SendInitialJoin: Sending hello. [UNetConnection] RemoteAddr: 127.0.0.1:17777, Name: IpConnection_0, Driver: PendingNetDriver IpNetDriver_1, IsServer: NO, PC: NULL, Owner: NULL, UniqueId: INVALID
[2020.06.30-05.37.01:125][476]LogNet: NotifyAcceptingChannel Control 0 server World /Game/Maps/UEDPIE_0_MyMap.MyMap: Accepted
[2020.06.30-05.37.01:125][476]LogNet: Remote platform little endian=1
[2020.06.30-05.37.01:125][476]LogNet: This platform little endian=1
[2020.06.30-05.37.01:126][476]LogOnline: OSS: Creating online subsystem instance for: :Context_10
[2020.06.30-05.37.01:133][477]LogNet: Login request: ?Name=GoodPC1-8BDEEFB0426CBD37099184AA31D591A2 userId: NULL:GoodPC1-8BDEEFB0426CBD37099184AA31D591A2 platform: NULL
[2020.06.30-05.37.01:134][477]LogNet: Welcomed by server (Level: /Game/Maps/UEDPIE_0_MyMap, Game: /Script/Engine.GameModeBase)
[2020.06.30-05.37.01:134][477]LogHMD: FSplash::OnShow
[2020.06.30-05.37.01:134][477]LogLoad: LoadMap: 127.0.0.1:17777//Game/Maps/UEDPIE_0_MyMap?game=/Script/Engine.GameModeBase
[2020.06.30-05.37.01:134][477]LogWorld: BeginTearingDown for /Temp/Untitled_1
[2020.06.30-05.37.01:135][477]LogWorld: UWorld::CleanupWorld for Untitled, bSessionEnded=true, bCleanupResources=true
[2020.06.30-05.37.01:135][477]LogSlate: InvalidateAllWidgets triggered.  All widgets were invalidated
[2020.06.30-05.37.01:191][477]LogUObjectHash: Compacting FUObjectHashTables data took   2.67ms
[2020.06.30-05.37.01:195][477]LogAIModule: Creating AISystem for world MyMap
[2020.06.30-05.37.01:196][477]LogAISub: UAISubsystem::UAISubsystem EnvQueryManager (0000019C15C0E600), frame # 6477
[2020.06.30-05.37.01:196][477]LogAISub: UAISubsystem::UAISubsystem AIPerceptionSystem (0000019C90960900), frame # 6477
[2020.06.30-05.37.01:197][477]LogWorld: Bringing World /Game/Maps/UEDPIE_1_MyMap.MyMap up for play (max tick rate 0) at 2020.06.30-15.37.01
[2020.06.30-05.37.01:197][477]LogWorld: Bringing up level for play took: 0.000828
[2020.06.30-05.37.01:198][477]LogHMD: FSplash::OnShow
[2020.06.30-05.37.01:198][477]LogLoad: Took 0.064130 seconds to LoadMap(/Game/Maps/UEDPIE_0_MyMap)
[2020.06.30-05.37.01:198][477]LogNavigation: Warning: NavData RegistrationFailed_DataPendingKill.
[2020.06.30-05.37.01:205][478]LogHMD: FSplash::OnHide
[2020.06.30-05.37.01:237][478]LogNet: Client netspeed is 10000
[2020.06.30-05.37.01:237][478]LogNet: Join request: /Game/Maps/MyMap?Name=GoodPC1-8BDEEFB0426CBD37099184AA31D591A2?SplitscreenCount=1
[2020.06.30-05.37.01:238][478]LogOnlineSession: Warning: OSS: No game present to join for session (GameSession)
[2020.06.30-05.37.01:239][478]LogNet: Join succeeded: GoodPC1-8BDEEFB0426C
[2020.06.30-05.37.01:439][502]LogOnlineSession: Warning: OSS: No game present to join for session (GameSession)
[2020.06.30-05.37.01:522][512]LogOnlineSession: Warning: OSS: No game present to join for session (GameSession)
[2020.06.30-05.37.08:635][361]LogSlate: Updating window title bar state: overlay mode, drag disabled, window buttons hidden, title bar hidden
[2020.06.30-05.37.08:635][361]LogWorld: BeginTearingDown for /Game/Maps/UEDPIE_1_MyMap
[2020.06.30-05.37.08:635][361]LogSlate: Window 'CoOpGame Preview [NetMode: Client 2] (64-bit/Windows) ' being destroyed
[2020.06.30-05.37.08:641][361]LogWorld: UWorld::CleanupWorld for MyMap, bSessionEnded=true, bCleanupResources=true
[2020.06.30-05.37.08:641][361]LogSlate: InvalidateAllWidgets triggered.  All widgets were invalidated
[2020.06.30-05.37.08:651][361]LogNet: World NetDriver shutdown IpNetDriver_1 [GameNetDriver]
[2020.06.30-05.37.08:651][361]LogNet: DestroyNamedNetDriver IpNetDriver_1 [GameNetDriver]
[2020.06.30-05.37.08:652][361]LogNet: UNetConnection::Close: [UNetConnection] RemoteAddr: 127.0.0.1:17777, Name: IpConnection_0, Driver: GameNetDriver IpNetDriver_1, IsServer: NO, PC: PlayerController_1, Owner: PlayerController_1, UniqueId: NULL:GoodPC1-8BDEEFB0426CBD37099184AA31D591A2, Channels: 10, Time: 2020.06.30-05.37.08
[2020.06.30-05.37.08:652][361]LogNet: UChannel::Close: Sending CloseBunch. ChIndex == 0. Name: [UChannel] ChIndex: 0, Closing: 0 [UNetConnection] RemoteAddr: 127.0.0.1:17777, Name: IpConnection_0, Driver: GameNetDriver IpNetDriver_1, IsServer: NO, PC: PlayerController_1, Owner: PlayerController_1, UniqueId: NULL:GoodPC1-8BDEEFB0426CBD37099184AA31D591A2
[2020.06.30-05.37.08:652][361]LogExit: GameNetDriver IpNetDriver_1 shut down
[2020.06.30-05.37.08:653][361]LogWorld: BeginTearingDown for /Game/Maps/UEDPIE_0_MyMap
[2020.06.30-05.37.08:654][361]LogOnlineSession: Warning: OSS: No game present to leave for session (GameSession)
[2020.06.30-05.37.08:654][361]LogSlate: Updating window title bar state: overlay mode, drag disabled, window buttons hidden, title bar hidden
[2020.06.30-05.37.08:655][361]LogWorld: UWorld::CleanupWorld for MyMap, bSessionEnded=true, bCleanupResources=true
[2020.06.30-05.37.08:655][361]LogSlate: InvalidateAllWidgets triggered.  All widgets were invalidated
[2020.06.30-05.37.08:664][361]LogNet: World NetDriver shutdown IpNetDriver_0 [GameNetDriver]
[2020.06.30-05.37.08:664][361]LogNet: DestroyNamedNetDriver IpNetDriver_0 [GameNetDriver]
[2020.06.30-05.37.08:664][361]LogNet: UNetConnection::Cleanup: Closing open connection. [UNetConnection] RemoteAddr: 127.0.0.1:53121, Name: IpConnection_1, Driver: GameNetDriver IpNetDriver_0, IsServer: YES, PC: PlayerController_1, Owner: PlayerController_1, UniqueId: NULL:GoodPC1-8BDEEFB0426CBD37099184AA31D591A2
[2020.06.30-05.37.08:664][361]LogNet: UNetConnection::Close: [UNetConnection] RemoteAddr: 127.0.0.1:53121, Name: IpConnection_1, Driver: GameNetDriver IpNetDriver_0, IsServer: YES, PC: PlayerController_1, Owner: PlayerController_1, UniqueId: NULL:GoodPC1-8BDEEFB0426CBD37099184AA31D591A2, Channels: 10, Time: 2020.06.30-05.37.08
[2020.06.30-05.37.08:665][361]LogNet: UChannel::Close: Sending CloseBunch. ChIndex == 0. Name: [UChannel] ChIndex: 0, Closing: 0 [UNetConnection] RemoteAddr: 127.0.0.1:53121, Name: IpConnection_1, Driver: GameNetDriver IpNetDriver_0, IsServer: YES, PC: PlayerController_1, Owner: PlayerController_1, UniqueId: NULL:GoodPC1-8BDEEFB0426CBD37099184AA31D591A2
[2020.06.30-05.37.08:665][361]LogExit: GameNetDriver IpNetDriver_0 shut down
[2020.06.30-05.37.08:666][361]LogPlayLevel: Display: Shutting down PIE online subsystems
[2020.06.30-05.37.08:670][361]LogSlate: InvalidateAllWidgets triggered.  All widgets were invalidated
[2020.06.30-05.37.08:721][361]LogSlate: Updating window title bar state: overlay mode, drag disabled, window buttons hidden, title bar hidden
[2020.06.30-05.37.08:753][361]LogAISub: UAISubsystem::~UAISubsystem AIPerceptionSystem (0000019C90960900), frame # 7361
[2020.06.30-05.37.08:753][361]LogAISub: UAISubsystem::~UAISubsystem EnvQueryManager (0000019C15C0E600), frame # 7361
[2020.06.30-05.37.08:765][361]LogAISub: UAISubsystem::~UAISubsystem AIPerceptionSystem (0000019C5F843380), frame # 7361
[2020.06.30-05.37.08:767][361]LogAISub: UAISubsystem::~UAISubsystem EnvQueryManager (0000019C5D2D5C00), frame # 7361
[2020.06.30-05.37.08:770][361]LogUObjectHash: Compacting FUObjectHashTables data took   2.35ms
[2020.06.30-05.37.08:795][362]LogPlayLevel: Display: Destroying online subsystem :Context_10
[2020.06.30-05.37.08:795][362]LogPlayLevel: Display: Destroying online subsystem :Context_9
[2020.06.30-05.37.12:213][722]LogSlate: Prevented a slow task dialog from being summoned while a context menu was open
[2020.06.30-05.37.16:096][171]Cmd: OBJ SAVEPACKAGE PACKAGE="/Game/Maps/MyMap" FILE="../../../../../UnrealTutorialLooman/CoOpGame/Content/Maps/MyMap.umap" SILENT=true AUTOSAVING=false KEEPDIRTY=false
[2020.06.30-05.37.16:111][171]LogUObjectHash: Compacting FUObjectHashTables data took   1.46ms
[2020.06.30-05.37.16:124][171]LogSavePackage: Moving '../../../../../UnrealTutorialLooman/CoOpGame/Saved/MyMap1E3B3C3A4F2E1965D12D94A46837B096.tmp' to '../../../../../UnrealTutorialLooman/CoOpGame/Content/Maps/MyMap.umap'
[2020.06.30-05.37.16:147][171]Cmd: OBJ SAVEPACKAGE PACKAGE="/Game/Maps/MyMap_BuiltData" FILE="../../../../../UnrealTutorialLooman/CoOpGame/Content/Maps/MyMap_BuiltData.uasset" SILENT=true
[2020.06.30-05.37.16:155][171]LogSavePackage: Moving '../../../../../UnrealTutorialLooman/CoOpGame/Saved/MyMap_BuiltData6E5BB77F4501C832BC560D932401C28B.tmp' to '../../../../../UnrealTutorialLooman/CoOpGame/Content/Maps/MyMap_BuiltData.uasset'
[2020.06.30-05.37.16:168][171]AssetCheck: New page: Asset Save: multiple assets
[2020.06.30-05.37.16:168][171]LogContentValidation: Display: Validating World /Game/Maps/MyMap.MyMap
[2020.06.30-05.37.16:168][171]LogContentValidation: Display: Validating MapBuildDataRegistry /Game/Maps/MyMap_BuiltData.MyMap_BuiltData
[2020.06.30-05.37.17:897][373]LogUObjectHash: Compacting FUObjectHashTables data took   0.37ms
[2020.06.30-05.37.18:612][446]Cmd: OBJ SAVEPACKAGE PACKAGE="/Game/Maps/MyMap" FILE="../../../../../UnrealTutorialLooman/CoOpGame/Content/Maps/MyMap.umap" SILENT=true AUTOSAVING=false KEEPDIRTY=false
[2020.06.30-05.37.18:626][446]LogUObjectHash: Compacting FUObjectHashTables data took   0.37ms
[2020.06.30-05.37.18:638][446]LogSavePackage: Moving '../../../../../UnrealTutorialLooman/CoOpGame/Saved/MyMapBAD91A0C46843A2726E531A0CE8317B7.tmp' to '../../../../../UnrealTutorialLooman/CoOpGame/Content/Maps/MyMap.umap'
[2020.06.30-05.37.18:660][446]Cmd: OBJ SAVEPACKAGE PACKAGE="/Game/Maps/MyMap_BuiltData" FILE="../../../../../UnrealTutorialLooman/CoOpGame/Content/Maps/MyMap_BuiltData.uasset" SILENT=true
[2020.06.30-05.37.18:668][446]LogSavePackage: Moving '../../../../../UnrealTutorialLooman/CoOpGame/Saved/MyMap_BuiltData801F320B43708616D989208E579E6A20.tmp' to '../../../../../UnrealTutorialLooman/CoOpGame/Content/Maps/MyMap_BuiltData.uasset'
[2020.06.30-05.37.18:683][446]AssetCheck: New page: Asset Save: multiple assets
[2020.06.30-05.37.18:683][446]LogContentValidation: Display: Validating World /Game/Maps/MyMap.MyMap
[2020.06.30-05.37.18:683][446]LogContentValidation: Display: Validating MapBuildDataRegistry /Game/Maps/MyMap_BuiltData.MyMap_BuiltData
[2020.06.30-05.37.19:783][558]LogTemp: Repeating last play command: Selected Viewport
[2020.06.30-05.37.19:798][558]LogPlayLevel: PlayLevel: No blueprints needed recompiling
[2020.06.30-05.37.19:798][558]LogHMD: Initializing OVRPlugin session
