Log file open, 07/01/20 17:14:09
LogInit: Display: Running engine for game: CoOpGame
LogPlatformFile: Not using cached read wrapper
LogTaskGraph: Started task graph with 5 named threads and 23 total threads with 3 sets of task threads.
LogStats: Stats thread started at 2.159818
LogD3D11RHI: Loaded GFSDK_Aftermath_Lib.x64.dll
LogICUInternationalization: ICU TimeZone Detection - Raw Offset: +10:00, Platform Override: ''
LogPluginManager: Mounting plugin Paper2D
LogPluginManager: Mounting plugin AISupport
LogPluginManager: Mounting plugin LightPropagationVolume
LogPluginManager: Mounting plugin CameraShakePreviewer
LogPluginManager: Mounting plugin ActorLayerUtilities
LogPluginManager: Mounting plugin AnimationSharing
LogPluginManager: Mounting plugin CLionSourceCodeAccess
LogPluginManager: Mounting plugin CodeLiteSourceCodeAccess
LogPluginManager: Mounting plugin GitSourceControl
LogPluginManager: Mounting plugin KDevelopSourceCodeAccess
LogPluginManager: Mounting plugin NullSourceCodeAccess
LogPluginManager: Mounting plugin PerforceSourceControl
LogPluginManager: Mounting plugin PlasticSourceControl
LogPluginManager: Mounting plugin RiderSourceCodeAccess
LogPluginManager: Mounting plugin SubversionSourceControl
LogPluginManager: Mounting plugin UObjectPlugin
LogPluginManager: Mounting plugin VisualStudioCodeSourceCodeAccess
LogPluginManager: Mounting plugin VisualStudioSourceCodeAccess
LogPluginManager: Mounting plugin XCodeSourceCodeAccess
LogPluginManager: Mounting plugin AssetManagerEditor
LogPluginManager: Mounting plugin CryptoKeys
LogPluginManager: Mounting plugin CurveEditorTools
LogPluginManager: Mounting plugin DataValidation
LogPluginManager: Mounting plugin EditorScriptingUtilities
LogPluginManager: Mounting plugin FacialAnimation
LogPluginManager: Mounting plugin GameplayTagsEditor
LogPluginManager: Mounting plugin GeometryMode
LogPluginManager: Mounting plugin MacGraphicsSwitching
LogPluginManager: Mounting plugin MaterialAnalyzer
LogPluginManager: Mounting plugin MobileLauncherProfileWizard
LogPluginManager: Mounting plugin PluginBrowser
LogPluginManager: Mounting plugin SpeedTreeImporter
LogPluginManager: Mounting plugin DatasmithContent
LogPluginManager: Mounting plugin VariantManagerContent
LogPluginManager: Mounting plugin AlembicImporter
LogPluginManager: Mounting plugin AutomationUtils
LogPluginManager: Mounting plugin BackChannel
LogPluginManager: Mounting plugin ChaosCloth
LogPluginManager: Mounting plugin ChaosClothEditor
LogPluginManager: Mounting plugin ChaosEditor
LogPluginManager: Mounting plugin ChaosNiagara
LogPluginManager: Mounting plugin ChaosSolverPlugin
LogPluginManager: Mounting plugin CharacterAI
LogPluginManager: Mounting plugin GeometryCache
LogPluginManager: Mounting plugin GeometryCollectionPlugin
LogPluginManager: Mounting plugin GeometryProcessing
LogPluginManager: Mounting plugin PlanarCut
LogPluginManager: Mounting plugin PlatformCrypto
LogPluginManager: Mounting plugin ProxyLODPlugin
LogPluginManager: Mounting plugin SkeletalReduction
LogPluginManager: Mounting plugin Niagara
LogPluginManager: Mounting plugin MagicLeap
LogPluginManager: Mounting plugin MagicLeapLightEstimation
LogPluginManager: Mounting plugin MagicLeapMedia
LogPluginManager: Mounting plugin MagicLeapPassableWorld
LogPluginManager: Mounting plugin MLSDK
LogPluginManager: Mounting plugin AndroidMedia
LogPluginManager: Mounting plugin AvfMedia
LogPluginManager: Mounting plugin ImgMedia
LogPluginManager: Mounting plugin MediaCompositing
LogPluginManager: Mounting plugin MediaPlayerEditor
LogPluginManager: Mounting plugin WebMMedia
LogPluginManager: Mounting plugin WmfMedia
LogPluginManager: Mounting plugin MeshPainting
LogPluginManager: Mounting plugin TcpMessaging
LogPluginManager: Mounting plugin UdpMessaging
LogPluginManager: Mounting plugin ActorSequence
LogPluginManager: Mounting plugin LevelSequenceEditor
LogPluginManager: Mounting plugin MatineeToLevelSequence
LogPluginManager: Mounting plugin MovieRenderPipeline
LogPluginManager: Mounting plugin TemplateSequence
LogPluginManager: Mounting plugin NetcodeUnitTest
LogPluginManager: Mounting plugin NUTUnrealEngine4
LogPluginManager: Mounting plugin OnlineSubsystemGooglePlay
LogPluginManager: Mounting plugin OnlineSubsystemIOS
LogPluginManager: Mounting plugin OnlineSubsystem
LogPluginManager: Mounting plugin OnlineSubsystemNull
LogPluginManager: Mounting plugin OnlineSubsystemUtils
LogPluginManager: Mounting plugin LauncherChunkInstaller
LogPluginManager: Mounting plugin AndroidDeviceProfileSelector
LogPluginManager: Mounting plugin AndroidMoviePlayer
LogPluginManager: Mounting plugin AndroidPermission
LogPluginManager: Mounting plugin AppleImageUtils
LogPluginManager: Mounting plugin AppleMoviePlayer
LogPluginManager: Mounting plugin ArchVisCharacter
LogPluginManager: Mounting plugin AssetTags
LogPluginManager: Mounting plugin AudioCapture
LogPluginManager: Mounting plugin CableComponent
LogPluginManager: Mounting plugin CustomMeshComponent
LogPluginManager: Mounting plugin EditableMesh
LogPluginManager: Mounting plugin ExampleDeviceProfileSelector
LogPluginManager: Mounting plugin GoogleCloudMessaging
LogPluginManager: Mounting plugin GooglePAD
LogPluginManager: Mounting plugin IOSDeviceProfileSelector
LogPluginManager: Mounting plugin LinuxDeviceProfileSelector
LogPluginManager: Mounting plugin LocationServicesBPLibrary
LogPluginManager: Mounting plugin MobilePatchingUtils
LogPluginManager: Mounting plugin OculusVR
LogPluginManager: Mounting plugin PhysXVehicles
LogPluginManager: Mounting plugin PostSplashScreen
LogPluginManager: Mounting plugin ProceduralMeshComponent
LogPluginManager: Mounting plugin RuntimePhysXCooking
LogPluginManager: Mounting plugin SignificanceManager
LogPluginManager: Mounting plugin SoundFields
LogPluginManager: Mounting plugin SteamVR
LogPluginManager: Mounting plugin Synthesis
LogPluginManager: Mounting plugin WebMMoviePlayer
LogPluginManager: Mounting plugin WindowsMoviePlayer
LogPluginManager: Mounting plugin ScreenshotTools
LogInit: Using libcurl 7.55.1-DEV
LogInit:  - built for x86_64-pc-win32
LogInit:  - supports SSL with OpenSSL/1.1.1
LogInit:  - supports HTTP deflate (compression) using libz 1.2.8
LogInit:  - other features:
LogInit:      CURL_VERSION_SSL
LogInit:      CURL_VERSION_LIBZ
LogInit:      CURL_VERSION_IPV6
LogInit:      CURL_VERSION_ASYNCHDNS
LogInit:      CURL_VERSION_LARGEFILE
LogInit:      CURL_VERSION_IDN
LogInit:  CurlRequestOptions (configurable via config and command line):
LogInit:  - bVerifyPeer = true  - Libcurl will verify peer certificate
LogInit:  - bUseHttpProxy = false  - Libcurl will NOT use HTTP proxy
LogInit:  - bDontReuseConnections = false  - Libcurl will reuse connections
LogInit:  - MaxHostConnections = 16  - Libcurl will limit the number of connections to a host
LogInit:  - LocalHostAddr = Default
LogInit:  - BufferSize = 65536
LogOnline: OSS: Creating online subsystem instance for: NULL
LogInit: WinSock: version 1.1 (2.2), MaxSocks=32767, MaxUdp=65467
LogOnline: OSS: TryLoadSubsystemAndSetDefault: Loaded subsystem for module [NULL]
LogOculusPluginWrapper: OculusPlugin initialized successfully
LogHMD: Failed initializing OVRPlugin 1.44.0
LogInit: Build: ++UE4+Release-4.25-CL-13594126
LogInit: Engine Version: 4.25.1-13594126+++UE4+Release-4.25
LogInit: Compatible Engine Version: 4.25.0-13144385+++UE4+Release-4.25
LogInit: Net CL: 13144385
LogInit: OS: Windows 10 (Release 1909) (), CPU: AMD Ryzen 7 3750H with Radeon Vega Mobile Gfx  , GPU: AMD Radeon(TM) RX Vega 10 Graphics
LogInit: Compiled (64-bit): Jun  2 2020 02:10:36
LogInit: Compiled with Visual C++: 19.24.28315.00
LogInit: Build Configuration: Development
LogInit: Branch Name: ++UE4+Release-4.25
LogInit: Command Line:  -skipcompile
LogInit: Base Directory: C:/Program Files/Epic Games/UE_4.25/Engine/Binaries/Win64/
LogInit: Allocator: TBB
LogInit: Installed Engine Build: 1
LogDevObjectVersion: Number of dev versions registered: 26
LogDevObjectVersion:   Dev-Blueprints (B0D832E4-1F89-4F0D-ACCF-7EB736FD4AA2): 10
LogDevObjectVersion:   Dev-Build (E1C64328-A22C-4D53-A36C-8E866417BD8C): 0
LogDevObjectVersion:   Dev-Core (375EC13C-06E4-48FB-B500-84F0262A717E): 4
LogDevObjectVersion:   Dev-Editor (E4B068ED-F494-42E9-A231-DA0B2E46BB41): 38
LogDevObjectVersion:   Dev-Framework (CFFC743F-43B0-4480-9391-14DF171D2073): 37
LogDevObjectVersion:   Dev-Mobile (B02B49B5-BB20-44E9-A304-32B752E40360): 2
LogDevObjectVersion:   Dev-Networking (A4E4105C-59A1-49B5-A7C5-40C4547EDFEE): 0
LogDevObjectVersion:   Dev-Online (39C831C9-5AE6-47DC-9A44-9C173E1C8E7C): 0
LogDevObjectVersion:   Dev-Physics (78F01B33-EBEA-4F98-B9B4-84EACCB95AA2): 4
LogDevObjectVersion:   Dev-Platform (6631380F-2D4D-43E0-8009-CF276956A95A): 0
LogDevObjectVersion:   Dev-Rendering (12F88B9F-8875-4AFC-A67C-D90C383ABD29): 43
LogDevObjectVersion:   Dev-Sequencer (7B5AE74C-D270-4C10-A958-57980B212A5A): 12
LogDevObjectVersion:   Dev-VR (D7296918-1DD6-4BDD-9DE2-64A83CC13884): 3
LogDevObjectVersion:   Dev-LoadTimes (C2A15278-BFE7-4AFE-6C17-90FF531DF755): 1
LogDevObjectVersion:   Private-Geometry (6EACA3D4-40EC-4CC1-B786-8BED09428FC5): 3
LogDevObjectVersion:   Dev-AnimPhys (29E575DD-E0A3-4627-9D10-D276232CDCEA): 17
LogDevObjectVersion:   Dev-Anim (AF43A65D-7FD3-4947-9873-3E8ED9C1BB05): 7
LogDevObjectVersion:   Dev-ReflectionCapture (6B266CEC-1EC7-4B8F-A30B-E4D90942FC07): 1
LogDevObjectVersion:   Dev-Automation (0DF73D61-A23F-47EA-B727-89E90C41499A): 1
LogDevObjectVersion:   FortniteMain (601D1886-AC64-4F84-AA16-D3DE0DEAC7D6): 31
LogDevObjectVersion:   Dev-Enterprise (9DFFBCD6-494F-0158-E221-12823C92A888): 10
LogDevObjectVersion:   Dev-Niagara (F2AED0AC-9AFE-416F-8664-AA7FFA26D6FC): 1
LogDevObjectVersion:   Dev-Destruction (174F1F0B-B4C6-45A5-B13F-2EE8D0FB917D): 10
LogDevObjectVersion:   Dev-Physics-Ext (35F94A83-E258-406C-A318-09F59610247C): 37
LogDevObjectVersion:   Dev-PhysicsMaterial-Chaos (B68FC16E-8B1B-42E2-B453-215C058844FE): 1
LogDevObjectVersion:   Dev-CineCamera (B2E18506-4273-CFC2-A54E-F4BB758BBA07): 1
LogInit: Presizing for max 25165824 objects, including 0 objects not considered by GC, pre-allocating 0 bytes for permanent pool.
LogConfig: Applying CVar settings from Section [/Script/Engine.StreamingSettings] File [C:/UnrealTutorialLooman/UnrealTutorialLooman/CoOpGame/Saved/Config/Windows/Engine.ini]
LogConfig: Setting CVar [[s.MinBulkDataSizeForAsyncLoading:131072]]
LogConfig: Setting CVar [[s.AsyncLoadingThreadEnabled:0]]
LogConfig: Setting CVar [[s.EventDrivenLoaderEnabled:1]]
LogConfig: Setting CVar [[s.WarnIfTimeLimitExceeded:0]]
LogConfig: Setting CVar [[s.TimeLimitExceededMultiplier:1.5]]
LogConfig: Setting CVar [[s.TimeLimitExceededMinTime:0.005]]
LogConfig: Setting CVar [[s.UseBackgroundLevelStreaming:1]]
LogConfig: Setting CVar [[s.PriorityAsyncLoadingExtraTime:15.0]]
LogConfig: Setting CVar [[s.LevelStreamingActorsUpdateTimeLimit:5.0]]
LogConfig: Setting CVar [[s.PriorityLevelStreamingActorsUpdateExtraTime:5.0]]
LogConfig: Setting CVar [[s.LevelStreamingComponentsRegistrationGranularity:10]]
LogConfig: Setting CVar [[s.UnregisterComponentsTimeLimit:1.0]]
LogConfig: Setting CVar [[s.LevelStreamingComponentsUnregistrationGranularity:5]]
LogConfig: Setting CVar [[s.FlushStreamingOnExit:1]]
LogInit: Object subsystem initialized
LogConfig: Setting CVar [[con.DebugEarlyDefault:1]]
LogConfig: Setting CVar [[r.setres:1280x720]]
[2020.07.01-07.14.10:829][  0]LogConfig: Setting CVar [[r.VSync:0]]
[2020.07.01-07.14.10:829][  0]LogConfig: Setting CVar [[r.RHICmdBypass:0]]
[2020.07.01-07.14.10:829][  0]LogConfig: Applying CVar settings from Section [/Script/Engine.RendererSettings] File [C:/UnrealTutorialLooman/UnrealTutorialLooman/CoOpGame/Saved/Config/Windows/Engine.ini]
[2020.07.01-07.14.10:829][  0]LogConfig: Setting CVar [[r.GPUCrashDebugging:0]]
[2020.07.01-07.14.10:829][  0]LogConfig: Applying CVar settings from Section [/Script/Engine.RendererOverrideSettings] File [C:/UnrealTutorialLooman/UnrealTutorialLooman/CoOpGame/Saved/Config/Windows/Engine.ini]
[2020.07.01-07.14.10:829][  0]LogConfig: Applying CVar settings from Section [/Script/Engine.StreamingSettings] File [C:/UnrealTutorialLooman/UnrealTutorialLooman/CoOpGame/Saved/Config/Windows/Engine.ini]
[2020.07.01-07.14.10:829][  0]LogConfig: Setting CVar [[s.MinBulkDataSizeForAsyncLoading:131072]]
[2020.07.01-07.14.10:829][  0]LogConfig: Setting CVar [[s.AsyncLoadingThreadEnabled:0]]
[2020.07.01-07.14.10:829][  0]LogConfig: Setting CVar [[s.EventDrivenLoaderEnabled:1]]
[2020.07.01-07.14.10:829][  0]LogConfig: Setting CVar [[s.WarnIfTimeLimitExceeded:0]]
[2020.07.01-07.14.10:829][  0]LogConfig: Setting CVar [[s.TimeLimitExceededMultiplier:1.5]]
[2020.07.01-07.14.10:829][  0]LogConfig: Setting CVar [[s.TimeLimitExceededMinTime:0.005]]
[2020.07.01-07.14.10:829][  0]LogConfig: Setting CVar [[s.UseBackgroundLevelStreaming:1]]
[2020.07.01-07.14.10:829][  0]LogConfig: Setting CVar [[s.PriorityAsyncLoadingExtraTime:15.0]]
[2020.07.01-07.14.10:829][  0]LogConfig: Setting CVar [[s.LevelStreamingActorsUpdateTimeLimit:5.0]]
[2020.07.01-07.14.10:829][  0]LogConfig: Setting CVar [[s.PriorityLevelStreamingActorsUpdateExtraTime:5.0]]
[2020.07.01-07.14.10:830][  0]LogConfig: Setting CVar [[s.LevelStreamingComponentsRegistrationGranularity:10]]
[2020.07.01-07.14.10:830][  0]LogConfig: Setting CVar [[s.UnregisterComponentsTimeLimit:1.0]]
[2020.07.01-07.14.10:830][  0]LogConfig: Setting CVar [[s.LevelStreamingComponentsUnregistrationGranularity:5]]
[2020.07.01-07.14.10:830][  0]LogConfig: Setting CVar [[s.FlushStreamingOnExit:1]]
[2020.07.01-07.14.10:830][  0]LogConfig: Applying CVar settings from Section [/Script/Engine.GarbageCollectionSettings] File [C:/UnrealTutorialLooman/UnrealTutorialLooman/CoOpGame/Saved/Config/Windows/Engine.ini]
[2020.07.01-07.14.10:830][  0]LogConfig: Setting CVar [[gc.MaxObjectsNotConsideredByGC:1]]
[2020.07.01-07.14.10:830][  0]LogConfig: Setting CVar [[gc.SizeOfPermanentObjectPool:0]]
[2020.07.01-07.14.10:830][  0]LogConfig: Setting CVar [[gc.FlushStreamingOnGC:0]]
[2020.07.01-07.14.10:830][  0]LogConfig: Setting CVar [[gc.NumRetriesBeforeForcingGC:10]]
[2020.07.01-07.14.10:830][  0]LogConfig: Setting CVar [[gc.AllowParallelGC:1]]
[2020.07.01-07.14.10:830][  0]LogConfig: Setting CVar [[gc.TimeBetweenPurgingPendingKillObjects:61.1]]
[2020.07.01-07.14.10:830][  0]LogConfig: Setting CVar [[gc.MaxObjectsInEditor:25165824]]
[2020.07.01-07.14.10:830][  0]LogConfig: Setting CVar [[gc.IncrementalBeginDestroyEnabled:1]]
[2020.07.01-07.14.10:830][  0]LogConfig: Setting CVar [[gc.CreateGCClusters:1]]
[2020.07.01-07.14.10:830][  0]LogConfig: Setting CVar [[gc.MinGCClusterSize:5]]
[2020.07.01-07.14.10:830][  0]LogConfig: Setting CVar [[gc.ActorClusteringEnabled:0]]
[2020.07.01-07.14.10:830][  0]LogConfig: Setting CVar [[gc.BlueprintClusteringEnabled:0]]
[2020.07.01-07.14.10:830][  0]LogConfig: Setting CVar [[gc.UseDisregardForGCOnDedicatedServers:0]]
[2020.07.01-07.14.10:830][  0]LogConfig: Applying CVar settings from Section [/Script/Engine.NetworkSettings] File [C:/UnrealTutorialLooman/UnrealTutorialLooman/CoOpGame/Saved/Config/Windows/Engine.ini]
[2020.07.01-07.14.10:831][  0]LogConfig: Applying CVar settings from Section [/Script/UnrealEd.CookerSettings] File [C:/UnrealTutorialLooman/UnrealTutorialLooman/CoOpGame/Saved/Config/Windows/Engine.ini]
[2020.07.01-07.14.10:837][  0]LogConfig: Applying CVar settings from Section [ViewDistanceQuality@3] File [C:/UnrealTutorialLooman/UnrealTutorialLooman/CoOpGame/Saved/Config/Windows/Scalability.ini]
[2020.07.01-07.14.10:837][  0]LogConfig: Setting CVar [[r.SkeletalMeshLODBias:0]]
[2020.07.01-07.14.10:837][  0]LogConfig: Setting CVar [[r.ViewDistanceScale:1.0]]
[2020.07.01-07.14.10:837][  0]LogConfig: Applying CVar settings from Section [AntiAliasingQuality@3] File [C:/UnrealTutorialLooman/UnrealTutorialLooman/CoOpGame/Saved/Config/Windows/Scalability.ini]
[2020.07.01-07.14.10:837][  0]LogConfig: Setting CVar [[r.PostProcessAAQuality:4]]
[2020.07.01-07.14.10:837][  0]LogConfig: Applying CVar settings from Section [ShadowQuality@3] File [C:/UnrealTutorialLooman/UnrealTutorialLooman/CoOpGame/Saved/Config/Windows/Scalability.ini]
[2020.07.01-07.14.10:837][  0]LogConfig: Setting CVar [[r.LightFunctionQuality:1]]
[2020.07.01-07.14.10:837][  0]LogConfig: Setting CVar [[r.ShadowQuality:5]]
[2020.07.01-07.14.10:837][  0]LogConfig: Setting CVar [[r.Shadow.CSM.MaxCascades:10]]
[2020.07.01-07.14.10:837][  0]LogConfig: Setting CVar [[r.Shadow.MaxResolution:2048]]
[2020.07.01-07.14.10:837][  0]LogConfig: Setting CVar [[r.Shadow.MaxCSMResolution:2048]]
[2020.07.01-07.14.10:837][  0]LogConfig: Setting CVar [[r.Shadow.RadiusThreshold:0.01]]
[2020.07.01-07.14.10:837][  0]LogConfig: Setting CVar [[r.Shadow.DistanceScale:1.0]]
[2020.07.01-07.14.10:838][  0]LogConfig: Setting CVar [[r.Shadow.CSM.TransitionScale:1.0]]
[2020.07.01-07.14.10:838][  0]LogConfig: Setting CVar [[r.Shadow.PreShadowResolutionFactor:1.0]]
[2020.07.01-07.14.10:838][  0]LogConfig: Setting CVar [[r.DistanceFieldShadowing:1]]
[2020.07.01-07.14.10:838][  0]LogConfig: Setting CVar [[r.DistanceFieldAO:1]]
[2020.07.01-07.14.10:838][  0]LogConfig: Setting CVar [[r.AOQuality:2]]
[2020.07.01-07.14.10:838][  0]LogConfig: Setting CVar [[r.VolumetricFog:1]]
[2020.07.01-07.14.10:838][  0]LogConfig: Setting CVar [[r.VolumetricFog.GridPixelSize:8]]
[2020.07.01-07.14.10:838][  0]LogConfig: Setting CVar [[r.VolumetricFog.GridSizeZ:128]]
[2020.07.01-07.14.10:838][  0]LogConfig: Setting CVar [[r.VolumetricFog.HistoryMissSupersampleCount:4]]
[2020.07.01-07.14.10:838][  0]LogConfig: Setting CVar [[r.LightMaxDrawDistanceScale:1]]
[2020.07.01-07.14.10:838][  0]LogConfig: Setting CVar [[r.CapsuleShadows:1]]
[2020.07.01-07.14.10:838][  0]LogConfig: Applying CVar settings from Section [PostProcessQuality@3] File [C:/UnrealTutorialLooman/UnrealTutorialLooman/CoOpGame/Saved/Config/Windows/Scalability.ini]
[2020.07.01-07.14.10:838][  0]LogConfig: Setting CVar [[r.MotionBlurQuality:4]]
[2020.07.01-07.14.10:839][  0]LogConfig: Setting CVar [[r.AmbientOcclusionMipLevelFactor:0.4]]
[2020.07.01-07.14.10:839][  0]LogConfig: Setting CVar [[r.AmbientOcclusionMaxQuality:100]]
[2020.07.01-07.14.10:839][  0]LogConfig: Setting CVar [[r.AmbientOcclusionLevels:-1]]
[2020.07.01-07.14.10:839][  0]LogConfig: Setting CVar [[r.AmbientOcclusionRadiusScale:1.0]]
[2020.07.01-07.14.10:839][  0]LogConfig: Setting CVar [[r.DepthOfFieldQuality:2]]
[2020.07.01-07.14.10:839][  0]LogConfig: Setting CVar [[r.RenderTargetPoolMin:400]]
[2020.07.01-07.14.10:839][  0]LogConfig: Setting CVar [[r.LensFlareQuality:2]]
[2020.07.01-07.14.10:839][  0]LogConfig: Setting CVar [[r.SceneColorFringeQuality:1]]
[2020.07.01-07.14.10:839][  0]LogConfig: Setting CVar [[r.EyeAdaptationQuality:2]]
[2020.07.01-07.14.10:839][  0]LogConfig: Setting CVar [[r.BloomQuality:5]]
[2020.07.01-07.14.10:839][  0]LogConfig: Setting CVar [[r.FastBlurThreshold:100]]
[2020.07.01-07.14.10:839][  0]LogConfig: Setting CVar [[r.Upscale.Quality:3]]
[2020.07.01-07.14.10:839][  0]LogConfig: Setting CVar [[r.Tonemapper.GrainQuantization:1]]
[2020.07.01-07.14.10:839][  0]LogConfig: Setting CVar [[r.LightShaftQuality:1]]
[2020.07.01-07.14.10:839][  0]LogConfig: Setting CVar [[r.Filter.SizeScale:1]]
[2020.07.01-07.14.10:839][  0]LogConfig: Setting CVar [[r.Tonemapper.Quality:5]]
[2020.07.01-07.14.10:839][  0]LogConfig: Setting CVar [[r.DOF.Gather.AccumulatorQuality:1        ; higher gathering accumulator quality]]
[2020.07.01-07.14.10:839][  0]LogConfig: Setting CVar [[r.DOF.Gather.PostfilterMethod:1          ; Median3x3 postfilering method]]
[2020.07.01-07.14.10:839][  0]LogConfig: Setting CVar [[r.DOF.Gather.EnableBokehSettings:0       ; no bokeh simulation when gathering]]
[2020.07.01-07.14.10:840][  0]LogConfig: Setting CVar [[r.DOF.Gather.RingCount:4                 ; medium number of samples when gathering]]
[2020.07.01-07.14.10:840][  0]LogConfig: Setting CVar [[r.DOF.Scatter.ForegroundCompositing:1    ; additive foreground scattering]]
[2020.07.01-07.14.10:840][  0]LogConfig: Setting CVar [[r.DOF.Scatter.BackgroundCompositing:2    ; additive background scattering]]
[2020.07.01-07.14.10:840][  0]LogConfig: Setting CVar [[r.DOF.Scatter.EnableBokehSettings:1      ; bokeh simulation when scattering]]
[2020.07.01-07.14.10:840][  0]LogConfig: Setting CVar [[r.DOF.Scatter.MaxSpriteRatio:0.1         ; only a maximum of 10% of scattered bokeh]]
[2020.07.01-07.14.10:840][  0]LogConfig: Setting CVar [[r.DOF.Recombine.Quality:1                ; cheap slight out of focus]]
[2020.07.01-07.14.10:840][  0]LogConfig: Setting CVar [[r.DOF.Recombine.EnableBokehSettings:0    ; no bokeh simulation on slight out of focus]]
[2020.07.01-07.14.10:840][  0]LogConfig: Setting CVar [[r.DOF.TemporalAAQuality:1                ; more stable temporal accumulation]]
[2020.07.01-07.14.10:840][  0]LogConfig: Setting CVar [[r.DOF.Kernel.MaxForegroundRadius:0.025]]
[2020.07.01-07.14.10:840][  0]LogConfig: Setting CVar [[r.DOF.Kernel.MaxBackgroundRadius:0.025]]
[2020.07.01-07.14.10:840][  0]LogConfig: Applying CVar settings from Section [TextureQuality@3] File [C:/UnrealTutorialLooman/UnrealTutorialLooman/CoOpGame/Saved/Config/Windows/Scalability.ini]
[2020.07.01-07.14.10:840][  0]LogConfig: Setting CVar [[r.Streaming.MipBias:0]]
[2020.07.01-07.14.10:840][  0]LogConfig: Setting CVar [[r.Streaming.AmortizeCPUToGPUCopy:0]]
[2020.07.01-07.14.10:840][  0]LogConfig: Setting CVar [[r.Streaming.MaxNumTexturesToStreamPerFrame:0]]
[2020.07.01-07.14.10:840][  0]LogConfig: Setting CVar [[r.Streaming.Boost:1]]
[2020.07.01-07.14.10:840][  0]LogConfig: Setting CVar [[r.MaxAnisotropy:8]]
[2020.07.01-07.14.10:840][  0]LogConfig: Setting CVar [[r.VT.MaxAnisotropy:8]]
[2020.07.01-07.14.10:840][  0]LogConfig: Setting CVar [[r.Streaming.LimitPoolSizeToVRAM:0]]
[2020.07.01-07.14.10:840][  0]LogConfig: Setting CVar [[r.Streaming.PoolSize:1000]]
[2020.07.01-07.14.10:841][  0]LogConfig: Setting CVar [[r.Streaming.MaxEffectiveScreenSize:0]]
[2020.07.01-07.14.10:841][  0]LogConfig: Applying CVar settings from Section [EffectsQuality@3] File [C:/UnrealTutorialLooman/UnrealTutorialLooman/CoOpGame/Saved/Config/Windows/Scalability.ini]
[2020.07.01-07.14.10:841][  0]LogConfig: Setting CVar [[r.TranslucencyLightingVolumeDim:64]]
[2020.07.01-07.14.10:841][  0]LogConfig: Setting CVar [[r.RefractionQuality:2]]
[2020.07.01-07.14.10:841][  0]LogConfig: Setting CVar [[r.SSR.Quality:3]]
[2020.07.01-07.14.10:841][  0]LogConfig: Setting CVar [[r.SSR.HalfResSceneColor:0]]
[2020.07.01-07.14.10:841][  0]LogConfig: Setting CVar [[r.SceneColorFormat:4]]
[2020.07.01-07.14.10:841][  0]LogConfig: Setting CVar [[r.DetailMode:2]]
[2020.07.01-07.14.10:841][  0]LogConfig: Setting CVar [[r.TranslucencyVolumeBlur:1]]
[2020.07.01-07.14.10:841][  0]LogConfig: Setting CVar [[r.MaterialQualityLevel:1 ; High quality]]
[2020.07.01-07.14.10:841][  0]LogConfig: Setting CVar [[r.SSS.Scale:1]]
[2020.07.01-07.14.10:841][  0]LogConfig: Setting CVar [[r.SSS.SampleSet:2]]
[2020.07.01-07.14.10:841][  0]LogConfig: Setting CVar [[r.SSS.Quality:1]]
[2020.07.01-07.14.10:841][  0]LogConfig: Setting CVar [[r.SSS.HalfRes:0]]
[2020.07.01-07.14.10:841][  0]LogConfig: Setting CVar [[r.SSGI.Quality:3]]
[2020.07.01-07.14.10:841][  0]LogConfig: Setting CVar [[r.EmitterSpawnRateScale:1.0]]
[2020.07.01-07.14.10:841][  0]LogConfig: Setting CVar [[r.ParticleLightQuality:2]]
[2020.07.01-07.14.10:842][  0]LogConfig: Setting CVar [[r.SkyAtmosphere.AerialPerspectiveLUT.FastApplyOnOpaque:1 ; Always have FastSkyLUT 1 in this case to avoid wrong sky]]
[2020.07.01-07.14.10:842][  0]LogConfig: Setting CVar [[r.SkyAtmosphere.AerialPerspectiveLUT.SampleCountPerSlice:1]]
[2020.07.01-07.14.10:842][  0]LogConfig: Setting CVar [[r.SkyAtmosphere.AerialPerspectiveLUT.DepthResolution:16.0]]
[2020.07.01-07.14.10:842][  0]LogConfig: Setting CVar [[r.SkyAtmosphere.FastSkyLUT:1]]
[2020.07.01-07.14.10:842][  0]LogConfig: Setting CVar [[r.SkyAtmosphere.FastSkyLUT.SampleCountMin:4.0]]
[2020.07.01-07.14.10:842][  0]LogConfig: Setting CVar [[r.SkyAtmosphere.FastSkyLUT.SampleCountMax:32.0]]
[2020.07.01-07.14.10:842][  0]LogConfig: Setting CVar [[r.SkyAtmosphere.SampleCountMin:4.0]]
[2020.07.01-07.14.10:842][  0]LogConfig: Setting CVar [[r.SkyAtmosphere.SampleCountMax:32.0]]
[2020.07.01-07.14.10:842][  0]LogConfig: Setting CVar [[r.SkyAtmosphere.TransmittanceLUT.UseSmallFormat:0]]
[2020.07.01-07.14.10:842][  0]LogConfig: Setting CVar [[r.SkyAtmosphere.TransmittanceLUT.SampleCount:10.0]]
[2020.07.01-07.14.10:842][  0]LogConfig: Setting CVar [[r.SkyAtmosphere.MultiScatteringLUT.SampleCount:15.0]]
[2020.07.01-07.14.10:842][  0]LogConfig: Applying CVar settings from Section [FoliageQuality@3] File [C:/UnrealTutorialLooman/UnrealTutorialLooman/CoOpGame/Saved/Config/Windows/Scalability.ini]
[2020.07.01-07.14.10:842][  0]LogConfig: Setting CVar [[foliage.DensityScale:1.0]]
[2020.07.01-07.14.10:842][  0]LogConfig: Setting CVar [[grass.DensityScale:1.0]]
[2020.07.01-07.14.10:842][  0]LogConfig: Applying CVar settings from Section [ShadingQuality@3] File [C:/UnrealTutorialLooman/UnrealTutorialLooman/CoOpGame/Saved/Config/Windows/Scalability.ini]
[2020.07.01-07.14.10:842][  0]LogConfig: Setting CVar [[r.HairStrands.SkyLighting.SampleCount:16]]
[2020.07.01-07.14.10:842][  0]LogConfig: Setting CVar [[r.HairStrands.SkyLighting.JitterIntegration:0]]
[2020.07.01-07.14.10:842][  0]LogConfig: Setting CVar [[r.HairStrands.SkyAO.SampleCount:16]]
[2020.07.01-07.14.10:842][  0]LogConfig: Setting CVar [[r.HairStrands.DeepShadow.SuperSampling:0]]
[2020.07.01-07.14.10:843][  0]LogConfig: Setting CVar [[r.HairStrands.VisibilityPPLL:0]]
[2020.07.01-07.14.10:843][  0]LogConfig: Setting CVar [[r.HairStrands.RasterizationScale:0.5]]
[2020.07.01-07.14.10:843][  0]LogConfig: Setting CVar [[r.HairStrands.VelocityRasterizationScale:1]]
[2020.07.01-07.14.10:843][  0]LogInit: Selected Device Profile: [Windows]
[2020.07.01-07.14.10:843][  0]LogInit: Applying CVar settings loaded from the selected device profile: [Windows]
[2020.07.01-07.14.10:843][  0]LogHAL: Display: Platform has ~ 16 GB [16978178048 / 17179869184 / 16], which maps to Larger [LargestMinGB=32, LargerMinGB=12, DefaultMinGB=8, SmallerMinGB=6, SmallestMinGB=0)
[2020.07.01-07.14.10:843][  0]LogInit: Going up to parent DeviceProfile []
[2020.07.01-07.14.10:843][  0]LogConfig: Applying CVar settings from Section [ViewDistanceQuality@3] File [C:/UnrealTutorialLooman/UnrealTutorialLooman/CoOpGame/Saved/Config/Windows/Scalability.ini]
[2020.07.01-07.14.10:843][  0]LogConfig: Setting CVar [[r.SkeletalMeshLODBias:0]]
[2020.07.01-07.14.10:843][  0]LogConfig: Setting CVar [[r.ViewDistanceScale:1.0]]
[2020.07.01-07.14.10:843][  0]LogConfig: Applying CVar settings from Section [AntiAliasingQuality@3] File [C:/UnrealTutorialLooman/UnrealTutorialLooman/CoOpGame/Saved/Config/Windows/Scalability.ini]
[2020.07.01-07.14.10:844][  0]LogConfig: Setting CVar [[r.PostProcessAAQuality:4]]
[2020.07.01-07.14.10:844][  0]LogConfig: Applying CVar settings from Section [ShadowQuality@3] File [C:/UnrealTutorialLooman/UnrealTutorialLooman/CoOpGame/Saved/Config/Windows/Scalability.ini]
[2020.07.01-07.14.10:844][  0]LogConfig: Setting CVar [[r.LightFunctionQuality:1]]
[2020.07.01-07.14.10:844][  0]LogConfig: Setting CVar [[r.ShadowQuality:5]]
[2020.07.01-07.14.10:844][  0]LogConfig: Setting CVar [[r.Shadow.CSM.MaxCascades:10]]
[2020.07.01-07.14.10:844][  0]LogConfig: Setting CVar [[r.Shadow.MaxResolution:2048]]
[2020.07.01-07.14.10:844][  0]LogConfig: Setting CVar [[r.Shadow.MaxCSMResolution:2048]]
[2020.07.01-07.14.10:844][  0]LogConfig: Setting CVar [[r.Shadow.RadiusThreshold:0.01]]
[2020.07.01-07.14.10:844][  0]LogConfig: Setting CVar [[r.Shadow.DistanceScale:1.0]]
[2020.07.01-07.14.10:844][  0]LogConfig: Setting CVar [[r.Shadow.CSM.TransitionScale:1.0]]
[2020.07.01-07.14.10:844][  0]LogConfig: Setting CVar [[r.Shadow.PreShadowResolutionFactor:1.0]]
[2020.07.01-07.14.10:844][  0]LogConfig: Setting CVar [[r.DistanceFieldShadowing:1]]
[2020.07.01-07.14.10:844][  0]LogConfig: Setting CVar [[r.DistanceFieldAO:1]]
[2020.07.01-07.14.10:844][  0]LogConfig: Setting CVar [[r.AOQuality:2]]
[2020.07.01-07.14.10:844][  0]LogConfig: Setting CVar [[r.VolumetricFog:1]]
[2020.07.01-07.14.10:844][  0]LogConfig: Setting CVar [[r.VolumetricFog.GridPixelSize:8]]
[2020.07.01-07.14.10:844][  0]LogConfig: Setting CVar [[r.VolumetricFog.GridSizeZ:128]]
[2020.07.01-07.14.10:844][  0]LogConfig: Setting CVar [[r.VolumetricFog.HistoryMissSupersampleCount:4]]
[2020.07.01-07.14.10:844][  0]LogConfig: Setting CVar [[r.LightMaxDrawDistanceScale:1]]
[2020.07.01-07.14.10:844][  0]LogConfig: Setting CVar [[r.CapsuleShadows:1]]
[2020.07.01-07.14.10:844][  0]LogConfig: Applying CVar settings from Section [PostProcessQuality@3] File [C:/UnrealTutorialLooman/UnrealTutorialLooman/CoOpGame/Saved/Config/Windows/Scalability.ini]
[2020.07.01-07.14.10:844][  0]LogConfig: Setting CVar [[r.MotionBlurQuality:4]]
[2020.07.01-07.14.10:844][  0]LogConfig: Setting CVar [[r.AmbientOcclusionMipLevelFactor:0.4]]
[2020.07.01-07.14.10:845][  0]LogConfig: Setting CVar [[r.AmbientOcclusionMaxQuality:100]]
[2020.07.01-07.14.10:845][  0]LogConfig: Setting CVar [[r.AmbientOcclusionLevels:-1]]
[2020.07.01-07.14.10:845][  0]LogConfig: Setting CVar [[r.AmbientOcclusionRadiusScale:1.0]]
[2020.07.01-07.14.10:845][  0]LogConfig: Setting CVar [[r.DepthOfFieldQuality:2]]
[2020.07.01-07.14.10:845][  0]LogConfig: Setting CVar [[r.RenderTargetPoolMin:400]]
[2020.07.01-07.14.10:845][  0]LogConfig: Setting CVar [[r.LensFlareQuality:2]]
[2020.07.01-07.14.10:845][  0]LogConfig: Setting CVar [[r.SceneColorFringeQuality:1]]
[2020.07.01-07.14.10:845][  0]LogConfig: Setting CVar [[r.EyeAdaptationQuality:2]]
[2020.07.01-07.14.10:845][  0]LogConfig: Setting CVar [[r.BloomQuality:5]]
[2020.07.01-07.14.10:845][  0]LogConfig: Setting CVar [[r.FastBlurThreshold:100]]
[2020.07.01-07.14.10:845][  0]LogConfig: Setting CVar [[r.Upscale.Quality:3]]
[2020.07.01-07.14.10:845][  0]LogConfig: Setting CVar [[r.Tonemapper.GrainQuantization:1]]
[2020.07.01-07.14.10:845][  0]LogConfig: Setting CVar [[r.LightShaftQuality:1]]
[2020.07.01-07.14.10:845][  0]LogConfig: Setting CVar [[r.Filter.SizeScale:1]]
[2020.07.01-07.14.10:845][  0]LogConfig: Setting CVar [[r.Tonemapper.Quality:5]]
[2020.07.01-07.14.10:845][  0]LogConfig: Setting CVar [[r.DOF.Gather.AccumulatorQuality:1        ; higher gathering accumulator quality]]
[2020.07.01-07.14.10:845][  0]LogConfig: Setting CVar [[r.DOF.Gather.PostfilterMethod:1          ; Median3x3 postfilering method]]
[2020.07.01-07.14.10:845][  0]LogConfig: Setting CVar [[r.DOF.Gather.EnableBokehSettings:0       ; no bokeh simulation when gathering]]
[2020.07.01-07.14.10:845][  0]LogConfig: Setting CVar [[r.DOF.Gather.RingCount:4                 ; medium number of samples when gathering]]
[2020.07.01-07.14.10:845][  0]LogConfig: Setting CVar [[r.DOF.Scatter.ForegroundCompositing:1    ; additive foreground scattering]]
[2020.07.01-07.14.10:846][  0]LogConfig: Setting CVar [[r.DOF.Scatter.BackgroundCompositing:2    ; additive background scattering]]
[2020.07.01-07.14.10:846][  0]LogConfig: Setting CVar [[r.DOF.Scatter.EnableBokehSettings:1      ; bokeh simulation when scattering]]
[2020.07.01-07.14.10:846][  0]LogConfig: Setting CVar [[r.DOF.Scatter.MaxSpriteRatio:0.1         ; only a maximum of 10% of scattered bokeh]]
[2020.07.01-07.14.10:846][  0]LogConfig: Setting CVar [[r.DOF.Recombine.Quality:1                ; cheap slight out of focus]]
[2020.07.01-07.14.10:846][  0]LogConfig: Setting CVar [[r.DOF.Recombine.EnableBokehSettings:0    ; no bokeh simulation on slight out of focus]]
[2020.07.01-07.14.10:846][  0]LogConfig: Setting CVar [[r.DOF.TemporalAAQuality:1                ; more stable temporal accumulation]]
[2020.07.01-07.14.10:846][  0]LogConfig: Setting CVar [[r.DOF.Kernel.MaxForegroundRadius:0.025]]
[2020.07.01-07.14.10:846][  0]LogConfig: Setting CVar [[r.DOF.Kernel.MaxBackgroundRadius:0.025]]
[2020.07.01-07.14.10:846][  0]LogConfig: Applying CVar settings from Section [TextureQuality@3] File [C:/UnrealTutorialLooman/UnrealTutorialLooman/CoOpGame/Saved/Config/Windows/Scalability.ini]
[2020.07.01-07.14.10:846][  0]LogConfig: Setting CVar [[r.Streaming.MipBias:0]]
[2020.07.01-07.14.10:846][  0]LogConfig: Setting CVar [[r.Streaming.AmortizeCPUToGPUCopy:0]]
[2020.07.01-07.14.10:846][  0]LogConfig: Setting CVar [[r.Streaming.MaxNumTexturesToStreamPerFrame:0]]
[2020.07.01-07.14.10:846][  0]LogConfig: Setting CVar [[r.Streaming.Boost:1]]
[2020.07.01-07.14.10:846][  0]LogConfig: Setting CVar [[r.MaxAnisotropy:8]]
[2020.07.01-07.14.10:846][  0]LogConfig: Setting CVar [[r.VT.MaxAnisotropy:8]]
[2020.07.01-07.14.10:846][  0]LogConfig: Setting CVar [[r.Streaming.LimitPoolSizeToVRAM:0]]
[2020.07.01-07.14.10:846][  0]LogConfig: Setting CVar [[r.Streaming.PoolSize:1000]]
[2020.07.01-07.14.10:846][  0]LogConfig: Setting CVar [[r.Streaming.MaxEffectiveScreenSize:0]]
[2020.07.01-07.14.10:846][  0]LogConfig: Applying CVar settings from Section [EffectsQuality@3] File [C:/UnrealTutorialLooman/UnrealTutorialLooman/CoOpGame/Saved/Config/Windows/Scalability.ini]
[2020.07.01-07.14.10:847][  0]LogConfig: Setting CVar [[r.TranslucencyLightingVolumeDim:64]]
[2020.07.01-07.14.10:847][  0]LogConfig: Setting CVar [[r.RefractionQuality:2]]
[2020.07.01-07.14.10:847][  0]LogConfig: Setting CVar [[r.SSR.Quality:3]]
[2020.07.01-07.14.10:847][  0]LogConfig: Setting CVar [[r.SSR.HalfResSceneColor:0]]
[2020.07.01-07.14.10:847][  0]LogConfig: Setting CVar [[r.SceneColorFormat:4]]
[2020.07.01-07.14.10:847][  0]LogConfig: Setting CVar [[r.DetailMode:2]]
[2020.07.01-07.14.10:847][  0]LogConfig: Setting CVar [[r.TranslucencyVolumeBlur:1]]
[2020.07.01-07.14.10:847][  0]LogConfig: Setting CVar [[r.MaterialQualityLevel:1 ; High quality]]
[2020.07.01-07.14.10:847][  0]LogConfig: Setting CVar [[r.SSS.Scale:1]]
[2020.07.01-07.14.10:847][  0]LogConfig: Setting CVar [[r.SSS.SampleSet:2]]
[2020.07.01-07.14.10:847][  0]LogConfig: Setting CVar [[r.SSS.Quality:1]]
[2020.07.01-07.14.10:847][  0]LogConfig: Setting CVar [[r.SSS.HalfRes:0]]
[2020.07.01-07.14.10:847][  0]LogConfig: Setting CVar [[r.SSGI.Quality:3]]
[2020.07.01-07.14.10:847][  0]LogConfig: Setting CVar [[r.EmitterSpawnRateScale:1.0]]
[2020.07.01-07.14.10:847][  0]LogConfig: Setting CVar [[r.ParticleLightQuality:2]]
[2020.07.01-07.14.10:847][  0]LogConfig: Setting CVar [[r.SkyAtmosphere.AerialPerspectiveLUT.FastApplyOnOpaque:1 ; Always have FastSkyLUT 1 in this case to avoid wrong sky]]
[2020.07.01-07.14.10:847][  0]LogConfig: Setting CVar [[r.SkyAtmosphere.AerialPerspectiveLUT.SampleCountPerSlice:1]]
[2020.07.01-07.14.10:847][  0]LogConfig: Setting CVar [[r.SkyAtmosphere.AerialPerspectiveLUT.DepthResolution:16.0]]
[2020.07.01-07.14.10:847][  0]LogConfig: Setting CVar [[r.SkyAtmosphere.FastSkyLUT:1]]
[2020.07.01-07.14.10:848][  0]LogConfig: Setting CVar [[r.SkyAtmosphere.FastSkyLUT.SampleCountMin:4.0]]
[2020.07.01-07.14.10:848][  0]LogConfig: Setting CVar [[r.SkyAtmosphere.FastSkyLUT.SampleCountMax:32.0]]
[2020.07.01-07.14.10:848][  0]LogConfig: Setting CVar [[r.SkyAtmosphere.SampleCountMin:4.0]]
[2020.07.01-07.14.10:848][  0]LogConfig: Setting CVar [[r.SkyAtmosphere.SampleCountMax:32.0]]
[2020.07.01-07.14.10:848][  0]LogConfig: Setting CVar [[r.SkyAtmosphere.TransmittanceLUT.UseSmallFormat:0]]
[2020.07.01-07.14.10:848][  0]LogConfig: Setting CVar [[r.SkyAtmosphere.TransmittanceLUT.SampleCount:10.0]]
[2020.07.01-07.14.10:848][  0]LogConfig: Setting CVar [[r.SkyAtmosphere.MultiScatteringLUT.SampleCount:15.0]]
[2020.07.01-07.14.10:848][  0]LogConfig: Applying CVar settings from Section [FoliageQuality@3] File [C:/UnrealTutorialLooman/UnrealTutorialLooman/CoOpGame/Saved/Config/Windows/Scalability.ini]
[2020.07.01-07.14.10:848][  0]LogConfig: Setting CVar [[foliage.DensityScale:1.0]]
[2020.07.01-07.14.10:848][  0]LogConfig: Setting CVar [[grass.DensityScale:1.0]]
[2020.07.01-07.14.10:848][  0]LogConfig: Applying CVar settings from Section [ShadingQuality@3] File [C:/UnrealTutorialLooman/UnrealTutorialLooman/CoOpGame/Saved/Config/Windows/Scalability.ini]
[2020.07.01-07.14.10:848][  0]LogConfig: Setting CVar [[r.HairStrands.SkyLighting.SampleCount:16]]
[2020.07.01-07.14.10:848][  0]LogConfig: Setting CVar [[r.HairStrands.SkyLighting.JitterIntegration:0]]
[2020.07.01-07.14.10:848][  0]LogConfig: Setting CVar [[r.HairStrands.SkyAO.SampleCount:16]]
[2020.07.01-07.14.10:848][  0]LogConfig: Setting CVar [[r.HairStrands.DeepShadow.SuperSampling:0]]
[2020.07.01-07.14.10:848][  0]LogConfig: Setting CVar [[r.HairStrands.VisibilityPPLL:0]]
[2020.07.01-07.14.10:848][  0]LogConfig: Setting CVar [[r.HairStrands.RasterizationScale:0.5]]
[2020.07.01-07.14.10:848][  0]LogConfig: Setting CVar [[r.HairStrands.VelocityRasterizationScale:1]]
[2020.07.01-07.14.10:848][  0]LogConfig: Applying CVar settings from Section [Startup] File [../../../Engine/Config/ConsoleVariables.ini]
[2020.07.01-07.14.10:849][  0]LogConfig: Setting CVar [[net.UseAdaptiveNetUpdateFrequency:0]]
[2020.07.01-07.14.10:849][  0]LogConfig: Setting CVar [[p.chaos.AllowCreatePhysxBodies:1]]
[2020.07.01-07.14.10:849][  0]LogConfig: Setting CVar [[fx.SkipVectorVMBackendOptimizations:1]]
[2020.07.01-07.14.10:849][  0]LogConfig: Applying CVar settings from Section [ConsoleVariables] File [C:/UnrealTutorialLooman/UnrealTutorialLooman/CoOpGame/Saved/Config/Windows/Engine.ini]
[2020.07.01-07.14.10:849][  0]LogInit: Computer: LAPTOP-JIFFIFRG
[2020.07.01-07.14.10:849][  0]LogInit: User: AlexLaptop
[2020.07.01-07.14.10:849][  0]LogInit: CPU Page size=4096, Cores=4
[2020.07.01-07.14.10:849][  0]LogInit: High frequency timer resolution =10.000000 MHz
[2020.07.01-07.14.10:849][  0]LogMemory: Memory total: Physical=15.8GB (16GB approx)
[2020.07.01-07.14.10:849][  0]LogMemory: Platform Memory Stats for Windows
[2020.07.01-07.14.10:849][  0]LogMemory: Process Physical Memory: 118.57 MB used, 118.58 MB peak
[2020.07.01-07.14.10:849][  0]LogMemory: Process Virtual Memory: 107.99 MB used, 107.99 MB peak
[2020.07.01-07.14.10:850][  0]LogMemory: Physical Memory: 9077.00 MB used,  7114.66 MB free, 16191.65 MB total
[2020.07.01-07.14.10:850][  0]LogMemory: Virtual Memory: 5193.73 MB used,  134212536.00 MB free, 134217728.00 MB total
[2020.07.01-07.14.10:866][  0]LogWindows: WindowsPlatformFeatures enabled
[2020.07.01-07.14.11:123][  0]LogInit: Physics initialised using underlying interface: PhysX
[2020.07.01-07.14.11:125][  0]LogInit: Using OS detected language (en-US).
[2020.07.01-07.14.11:125][  0]LogInit: Using OS detected locale (en-AU).
[2020.07.01-07.14.11:130][  0]LogTextLocalizationManager: No specific localization for 'en-US' exists, so the 'en' localization will be used.
[2020.07.01-07.14.11:389][  0]LogInit: Setting process to per monitor DPI aware
[2020.07.01-07.14.11:483][  0]LogSlate: New Slate User Created.  User Index 0, Is Virtual User: 0
[2020.07.01-07.14.11:483][  0]LogSlate: Slate User Registered.  User Index 0, Is Virtual User: 0
[2020.07.01-07.14.11:827][  0]LogHMD: Failed to initialize OpenVR with code 108
[2020.07.01-07.14.11:827][  0]LogD3D11RHI: D3D11 min allowed feature level: 11_0
[2020.07.01-07.14.11:827][  0]LogD3D11RHI: D3D11 max allowed feature level: 11_0
[2020.07.01-07.14.11:828][  0]LogD3D11RHI: D3D11 adapters:
[2020.07.01-07.14.11:948][  0]LogD3D11RHI:    0. 'NVIDIA GeForce RTX 2060' (Feature Level 11_0)
[2020.07.01-07.14.11:948][  0]LogD3D11RHI:       5980/0/8095 MB DedicatedVideo/DedicatedSystem/SharedSystem, Outputs:2, VendorId:0x10de
[2020.07.01-07.14.12:003][  0]LogD3D11RHI:    1. 'AMD Radeon(TM) RX Vega 10 Graphics' (Feature Level 11_0)
[2020.07.01-07.14.12:003][  0]LogD3D11RHI:       112/0/8095 MB DedicatedVideo/DedicatedSystem/SharedSystem, Outputs:0, VendorId:0x1002
[2020.07.01-07.14.12:011][  0]LogD3D11RHI:    2. 'Microsoft Basic Render Driver' (Feature Level 11_0)
[2020.07.01-07.14.12:011][  0]LogD3D11RHI:       0/0/8095 MB DedicatedVideo/DedicatedSystem/SharedSystem, Outputs:0, VendorId:0x1414
[2020.07.01-07.14.12:017][  0]LogD3D11RHI:    3. 'Microsoft Basic Render Driver' (Feature Level 11_0)
[2020.07.01-07.14.12:017][  0]LogD3D11RHI:       0/0/8095 MB DedicatedVideo/DedicatedSystem/SharedSystem, Outputs:0, VendorId:0x1414
[2020.07.01-07.14.12:017][  0]LogD3D11RHI: Chosen D3D11 Adapter: 0
[2020.07.01-07.14.12:045][  0]LogD3D11RHI: Creating new Direct3DDevice
[2020.07.01-07.14.12:045][  0]LogD3D11RHI:     GPU DeviceId: 0x1f11 (for the marketing name, search the web for "GPU Device Id")
[2020.07.01-07.14.12:045][  0]LogWindows: EnumDisplayDevices:
[2020.07.01-07.14.12:045][  0]LogWindows:    0. 'AMD Radeon(TM) RX Vega 10 Graphics' (P:1 D:1)
[2020.07.01-07.14.12:046][  0]LogWindows:    1. 'AMD Radeon(TM) RX Vega 10 Graphics' (P:0 D:0)
[2020.07.01-07.14.12:046][  0]LogWindows:    2. 'AMD Radeon(TM) RX Vega 10 Graphics' (P:0 D:0)
[2020.07.01-07.14.12:047][  0]LogWindows:    3. 'NVIDIA GeForce RTX 2060' (P:0 D:0)
[2020.07.01-07.14.12:047][  0]LogWindows:    4. 'DisplayLink USB Device' (P:0 D:1)
[2020.07.01-07.14.12:048][  0]LogWindows: DebugString: PrimaryIsNotTheChoosenAdapter PrimaryIsNotTheChoosenAdapter PrimaryIsNotTheChoosenAdapter GetVideoDriverDetailsInvalid PrimaryIsNotTheChoosenAdapter 
[2020.07.01-07.14.12:048][  0]LogD3D11RHI:     Adapter Name: NVIDIA GeForce RTX 2060
[2020.07.01-07.14.12:048][  0]LogD3D11RHI:   Driver Version: 441.41 (internal:26.21.14.4141, unified:441.41)
[2020.07.01-07.14.12:048][  0]LogD3D11RHI:      Driver Date: 11-20-2019
[2020.07.01-07.14.12:048][  0]LogRHI: Texture pool is 4186 MB (70% of 5980 MB)
[2020.07.01-07.14.12:132][  0]LogD3D11RHI: RHI has support for 64 bit atomics
[2020.07.01-07.14.12:137][  0]LogD3D11RHI: [Aftermath] Enabled and primed
[2020.07.01-07.14.12:137][  0]LogD3D11RHI: Async texture creation enabled
[2020.07.01-07.14.12:137][  0]LogD3D11RHI: Array index from any shader is supported
[2020.07.01-07.14.12:173][  0]LogD3D11RHI: GPU Timing Frequency: 1000.000000 (Debug: 2 1)
[2020.07.01-07.14.12:513][  0]LogTargetPlatformManager: Display: Loaded TargetPlatform 'AllDesktop'
[2020.07.01-07.14.12:544][  0]LogTargetPlatformManager: Display: Loaded TargetPlatform 'Android'
[2020.07.01-07.14.12:544][  0]LogTargetPlatformManager: Display: Loaded TargetPlatform 'Android_ASTC'
[2020.07.01-07.14.12:544][  0]LogTargetPlatformManager: Display: Loaded TargetPlatform 'Android_DXT'
[2020.07.01-07.14.12:544][  0]LogTargetPlatformManager: Display: Loaded TargetPlatform 'Android_ETC2'
[2020.07.01-07.14.12:544][  0]LogTargetPlatformManager: Display: Loaded TargetPlatform 'AndroidClient'
[2020.07.01-07.14.12:544][  0]LogTargetPlatformManager: Display: Loaded TargetPlatform 'Android_ASTCClient'
[2020.07.01-07.14.12:544][  0]LogTargetPlatformManager: Display: Loaded TargetPlatform 'Android_DXTClient'
[2020.07.01-07.14.12:545][  0]LogTargetPlatformManager: Display: Loaded TargetPlatform 'Android_ETC2Client'
[2020.07.01-07.14.12:545][  0]LogTargetPlatformManager: Display: Loaded TargetPlatform 'Android_Multi'
[2020.07.01-07.14.12:545][  0]LogTargetPlatformManager: Display: Loaded TargetPlatform 'Android_MultiClient'
[2020.07.01-07.14.12:592][  0]LogTargetPlatformManager: Display: Loaded TargetPlatform 'IOSClient'
[2020.07.01-07.14.12:592][  0]LogTargetPlatformManager: Display: Loaded TargetPlatform 'IOS'
[2020.07.01-07.14.12:610][  0]LogTargetPlatformManager: Display: Loaded TargetPlatform 'Linux'
[2020.07.01-07.14.12:626][  0]LogTargetPlatformManager: Display: Loaded TargetPlatform 'LinuxNoEditor'
[2020.07.01-07.14.12:641][  0]LogTargetPlatformManager: Display: Loaded TargetPlatform 'LinuxClient'
[2020.07.01-07.14.12:657][  0]LogTargetPlatformManager: Display: Loaded TargetPlatform 'LinuxServer'
[2020.07.01-07.14.12:675][  0]LogTargetPlatformManager: Display: Loaded TargetPlatform 'LinuxAArch64NoEditor'
[2020.07.01-07.14.12:691][  0]LogTargetPlatformManager: Display: Loaded TargetPlatform 'LinuxAArch64Client'
[2020.07.01-07.14.12:706][  0]LogTargetPlatformManager: Display: Loaded TargetPlatform 'LinuxAArch64Server'
[2020.07.01-07.14.12:744][  0]LogTargetPlatformManager: Display: Loaded TargetPlatform 'Lumin'
[2020.07.01-07.14.12:744][  0]LogTargetPlatformManager: Display: Loaded TargetPlatform 'LuminClient'
[2020.07.01-07.14.12:767][  0]LogTargetPlatformManager: Display: Loaded TargetPlatform 'TVOSClient'
[2020.07.01-07.14.12:768][  0]LogTargetPlatformManager: Display: Loaded TargetPlatform 'TVOS'
[2020.07.01-07.14.12:783][  0]LogTargetPlatformManager: Display: Loaded TargetPlatform 'WindowsNoEditor'
[2020.07.01-07.14.12:802][  0]LogTargetPlatformManager: Display: Loaded TargetPlatform 'Windows'
[2020.07.01-07.14.12:819][  0]LogTargetPlatformManager: Display: Loaded TargetPlatform 'WindowsClient'
[2020.07.01-07.14.12:841][  0]LogTargetPlatformManager: Display: Loaded TargetPlatform 'WindowsServer'
[2020.07.01-07.14.12:841][  0]LogTargetPlatformManager: Display: Building Assets For Windows
[2020.07.01-07.14.12:863][  0]LogAudioDebug: Display: Lib vorbis DLL was dynamically loaded.
[2020.07.01-07.14.13:012][  0]LogShaderCompilers: Guid format shader working directory is -17 characters bigger than the processId version (../../../../../../UnrealTutorialLooman/UnrealTutorialLooman/CoOpGame/Intermediate/Shaders/WorkingDirectory/4348/).
[2020.07.01-07.14.13:013][  0]LogShaderCompilers: Cleaned the shader compiler working directory 'C:/Users/AlexLaptop/AppData/Local/Temp/UnrealShaderWorkingDir/DC72647C4D09CF5EBF7B29A0825C725D/'.
[2020.07.01-07.14.13:014][  0]LogXGEController: Cleaning working directory: C:/Users/AlexLaptop/AppData/Local/Temp/UnrealXGEWorkingDir/
[2020.07.01-07.14.13:014][  0]LogXGEController: Cannot use XGE Controller as Incredibuild is not installed on this machine.
[2020.07.01-07.14.13:015][  0]LogShaderCompilers: Cannot use XGE Shader Compiler as Incredibuild is not installed on this machine.
[2020.07.01-07.14.13:015][  0]LogShaderCompilers: Display: Using Local Shader Compiler.
[2020.07.01-07.14.13:830][  0]LogDerivedDataCache: Display: Max Cache Size: 512 MB
[2020.07.01-07.14.13:888][  0]LogDerivedDataCache: Loaded boot cache 0.06s 79MB C:/Users/AlexLaptop/AppData/Local/UnrealEngine/4.25/DerivedDataCache/Boot.ddc.
[2020.07.01-07.14.13:888][  0]LogDerivedDataCache: Display: Loaded Boot cache: C:/Users/AlexLaptop/AppData/Local/UnrealEngine/4.25/DerivedDataCache/Boot.ddc
[2020.07.01-07.14.13:888][  0]LogDerivedDataCache: FDerivedDataBackendGraph:  Pak pak cache file ../../../../../../UnrealTutorialLooman/UnrealTutorialLooman/CoOpGame/DerivedDataCache/DDC.ddp not found, will not use a pak cache.
[2020.07.01-07.14.13:888][  0]LogDerivedDataCache: Unable to find inner node Pak for hierarchical cache Hierarchy.
[2020.07.01-07.14.13:888][  0]LogDerivedDataCache: FDerivedDataBackendGraph:  CompressedPak pak cache file ../../../../../../UnrealTutorialLooman/UnrealTutorialLooman/CoOpGame/DerivedDataCache/Compressed.ddp not found, will not use a pak cache.
[2020.07.01-07.14.13:888][  0]LogDerivedDataCache: Unable to find inner node CompressedPak for hierarchical cache Hierarchy.
[2020.07.01-07.14.13:900][  0]LogDerivedDataCache: Display: Pak cache opened for reading ../../../Engine/DerivedDataCache/Compressed.ddp.
[2020.07.01-07.14.13:900][  0]LogDerivedDataCache: FDerivedDataBackendGraph:  EnterprisePak pak cache file ../../../Enterprise/DerivedDataCache/Compressed.ddp not found, will not use a pak cache.
[2020.07.01-07.14.13:900][  0]LogDerivedDataCache: Unable to find inner node EnterprisePak for hierarchical cache Hierarchy.
[2020.07.01-07.14.13:903][  0]LogDerivedDataCache: Using Local data cache path C:/Users/AlexLaptop/AppData/Local/UnrealEngine/Common/DerivedDataCache: Writable
[2020.07.01-07.14.13:904][  0]LogDerivedDataCache: Shared data cache path not found in *engine.ini, will not use an Shared cache.
[2020.07.01-07.14.13:904][  0]LogDerivedDataCache: Unable to find inner node Shared for hierarchical cache Hierarchy.
[2020.07.01-07.14.13:957][  0]LogSlate: Using FreeType 2.10.0
[2020.07.01-07.14.13:958][  0]LogSlate: SlateFontServices - WITH_FREETYPE: 1, WITH_HARFBUZZ: 1
[2020.07.01-07.14.13:995][  0]LogAssetRegistry: FAssetRegistry took 0.0074 seconds to start up
[2020.07.01-07.14.14:271][  0]LogInit: Selected Device Profile: [Windows]
[2020.07.01-07.14.14:427][  0]LogMeshReduction: Using QuadricMeshReduction for automatic static mesh reduction
[2020.07.01-07.14.14:427][  0]LogMeshReduction: Using SimplygonMeshReduction for automatic skeletal mesh reduction
[2020.07.01-07.14.14:427][  0]LogMeshReduction: Using ProxyLODMeshReduction for automatic mesh merging
[2020.07.01-07.14.14:427][  0]LogMeshReduction: No distributed automatic mesh merging module available
[2020.07.01-07.14.14:427][  0]LogMeshMerging: No distributed automatic mesh merging module available
[2020.07.01-07.14.14:457][  0]LogNetVersion: CoOpGame 1.0.0, NetCL: 13144385, EngineNetVer: 14, GameNetVer: 0 (Checksum: 2766024207)
[2020.07.01-07.14.14:906][  0]LogAISub: UAISubsystem::UAISubsystem AISubsystem (00000219EBA90380), frame # 0
[2020.07.01-07.14.14:906][  0]LogAISub: UAISubsystem::UAISubsystem AIPerceptionSystem (00000219EB9D91C0), frame # 0
[2020.07.01-07.14.14:908][  0]LogAISub: UAISubsystem::UAISubsystem EnvQueryManager (00000219EBA29E00), frame # 0
[2020.07.01-07.14.14:984][  0]LogPackageLocalizationCache: Processed 19 localized package path(s) for 1 prioritized culture(s) in 0.068148 seconds
[2020.07.01-07.14.14:991][  0]LogUObjectArray: 15917 objects as part of root set at end of initial load.
[2020.07.01-07.14.14:991][  0]LogUObjectAllocator: 3965568 out of 0 bytes used by permanent object pool.
[2020.07.01-07.14.14:991][  0]LogUObjectArray: CloseDisregardForGC: 0/0 objects in disregard for GC pool
[2020.07.01-07.14.15:660][  0]LogTcpMessaging: Initializing TcpMessaging bridge
[2020.07.01-07.14.15:670][  0]LogUdpMessaging: Initializing bridge on interface 0.0.0.0:0 to multicast group 230.0.0.1:6666.
[2020.07.01-07.14.15:876][  0]SourceControl: Source control is disabled
[2020.07.01-07.14.15:876][  0]SourceControl: Source control is disabled
[2020.07.01-07.14.15:884][  0]SourceControl: Source control is disabled
[2020.07.01-07.14.15:890][  0]SourceControl: Source control is disabled
[2020.07.01-07.14.15:905][  0]SourceControl: Source control is disabled
[2020.07.01-07.14.16:409][  0]LogAndroidPermission: UAndroidPermissionCallbackProxy::GetInstance
[2020.07.01-07.14.16:453][  0]LogAudioCaptureCore: Display: No Audio Capture implementations found. Audio input will be silent.
[2020.07.01-07.14.16:453][  0]LogAudioCaptureCore: Display: No Audio Capture implementations found. Audio input will be silent.
[2020.07.01-07.14.16:543][  0]LogOcInput: OculusInput pre-init called
[2020.07.01-07.14.16:837][  0]LogEngine: Initializing Engine...
[2020.07.01-07.14.16:945][  0]LogHMD: Failed to initialize OpenVR with code 108
[2020.07.01-07.14.16:945][  0]LogMagicLeap: Warning: VR disabled because ZI is not enabled.  To enable, in the editor, Edit -> Project Settings -> Plugins -> Magic Leap Plugin -> Enable Zero Iteration
[2020.07.01-07.14.16:947][  0]LogStats: UGameplayTagsManager::InitializeManager -  0.000 s
[2020.07.01-07.14.17:076][  0]LogInit: Initializing FReadOnlyCVARCache
[2020.07.01-07.14.17:089][  0]LogAIModule: Creating AISystem for world Untitled
[2020.07.01-07.14.17:090][  0]LogAISub: UAISubsystem::UAISubsystem EnvQueryManager (00000219EBBC7C00), frame # 0
[2020.07.01-07.14.17:090][  0]LogAISub: UAISubsystem::UAISubsystem AIPerceptionSystem (00000219EBC3D800), frame # 0
[2020.07.01-07.14.17:111][  0]LogAudioMixer: Display: Audio Mixer Platform Settings:
[2020.07.01-07.14.17:111][  0]LogAudioMixer: Display: 	Sample Rate:						  48000
[2020.07.01-07.14.17:111][  0]LogAudioMixer: Display: 	Callback Buffer Frame Size Requested: 1024
[2020.07.01-07.14.17:111][  0]LogAudioMixer: Display: 	Callback Buffer Frame Size To Use:	  1024
[2020.07.01-07.14.17:111][  0]LogAudioMixer: Display: 	Number of buffers to queue:			  2
[2020.07.01-07.14.17:111][  0]LogAudioMixer: Display: 	Max Channels (voices):				  32
[2020.07.01-07.14.17:111][  0]LogAudioMixer: Display: 	Number of Async Source Workers:		  0
[2020.07.01-07.14.17:111][  0]LogAudio: Display: AudioDevice MaxSources: 32
[2020.07.01-07.14.17:112][  0]LogAudio: Display: Using built-in audio occlusion.
[2020.07.01-07.14.17:112][  0]LogAudioMixer: Display: Initializing audio mixer.
[2020.07.01-07.14.17:141][  0]LogAudioMixer: Display: 0: FrontLeft
[2020.07.01-07.14.17:141][  0]LogAudioMixer: Display: 1: FrontRight
[2020.07.01-07.14.18:184][  0]LogAudioMixer: Display: Using Audio Device Headphones (SOUNDPEATS TrueWings  Stereo)
[2020.07.01-07.14.18:188][  0]LogAudioMixer: Display: Initializing Sound Submixes...
[2020.07.01-07.14.18:192][  0]LogAudioMixer: Display: Creating Master Submix 'MasterSubmixDefault'
[2020.07.01-07.14.18:192][  0]LogAudioMixer: Display: Creating Master Submix 'MasterReverbSubmixDefault'
[2020.07.01-07.14.18:193][  0]LogAudioMixer: Display: Creating Master Submix 'MasterEQSubmixDefault'
[2020.07.01-07.14.18:196][  0]LogInit: FAudioDevice initialized.
[2020.07.01-07.14.18:197][  0]LogNetVersion: Set ProjectVersion to 1.0.0.0. Version Checksum will be recalculated on next use.
[2020.07.01-07.14.18:261][  0]LogDerivedDataCache: Saved boot cache 0.06s 79MB C:/Users/AlexLaptop/AppData/Local/UnrealEngine/4.25/DerivedDataCache/Boot.ddc.
[2020.07.01-07.14.18:267][  0]LogInit: Texture streaming: Enabled
[2020.07.01-07.14.18:301][  0]LogEngineSessionManager: EngineSessionManager initialized
[2020.07.01-07.14.18:301][  0]LogEditorSessionSummary: Verbose: Initializing EditorSessionSummaryWriter for editor session tracking
[2020.07.01-07.14.18:303][  0]LogEditorSessionSummary: EditorSessionSummaryWriter initialized
[2020.07.01-07.14.18:385][  0]LogInit: Transaction tracking system initialized
[2020.07.01-07.14.18:442][  0]BlueprintLog: New page: Editor Load
[2020.07.01-07.14.18:587][  0]LocalizationService: Localization service is disabled
[2020.07.01-07.14.18:850][  0]LogCook: Display: Max memory allowance for cook 16384mb min free memory 0mb
[2020.07.01-07.14.18:850][  0]LogCook: Display: Mobile HDR setting 1
[2020.07.01-07.14.19:117][  0]LogFileCache: Scanning file cache for directory 'C:/UnrealTutorialLooman/UnrealTutorialLooman/CoOpGame/Content/' took 0.01s
[2020.07.01-07.14.19:337][  0]SourceControl: Source control is disabled
[2020.07.01-07.14.19:337][  0]LogUnrealEdMisc: Loading editor; pre map load, took 13.273
[2020.07.01-07.14.19:338][  0]Cmd: MAP LOAD FILE="../../../../../../UnrealTutorialLooman/UnrealTutorialLooman/CoOpGame/Content/Maps/MyMap.umap" TEMPLATE=0 SHOWPROGRESS=1 FEATURELEVEL=3
[2020.07.01-07.14.19:339][  0]LightingResults: New page: Lighting Build
[2020.07.01-07.14.19:340][  0]LogWorld: UWorld::CleanupWorld for Untitled, bSessionEnded=true, bCleanupResources=true
[2020.07.01-07.14.19:340][  0]LogSlate: InvalidateAllWidgets triggered.  All widgets were invalidated
[2020.07.01-07.14.19:341][  0]MapCheck: New page: Map Check
[2020.07.01-07.14.19:341][  0]LightingResults: New page: Lighting Build
[2020.07.01-07.14.19:351][  0]LogAISub: UAISubsystem::~UAISubsystem EnvQueryManager (00000219EBBC7C00), frame # 0
[2020.07.01-07.14.19:351][  0]LogAISub: UAISubsystem::~UAISubsystem AIPerceptionSystem (00000219EBC3D800), frame # 0
[2020.07.01-07.14.19:352][  0]LogUObjectHash: Compacting FUObjectHashTables data took   0.85ms
[2020.07.01-07.14.19:811][  0]LogAIModule: Creating AISystem for world MyMap
[2020.07.01-07.14.19:812][  0]LogAISub: UAISubsystem::UAISubsystem EnvQueryManager (00000219DE821800), frame # 0
[2020.07.01-07.14.19:812][  0]LogAISub: UAISubsystem::UAISubsystem AIPerceptionSystem (00000219DE939E40), frame # 0
[2020.07.01-07.14.19:825][  0]LogEditorServer: Finished looking for orphan Actors (0.000 secs)
[2020.07.01-07.14.19:838][  0]LogUObjectHash: Compacting FUObjectHashTables data took   0.94ms
[2020.07.01-07.14.19:838][  0]Cmd: MAP CHECKDEP NOCLEARLOG
[2020.07.01-07.14.19:839][  0]MapCheck: Map check complete: 0 Error(s), 0 Warning(s), took 0.288ms to complete.
[2020.07.01-07.14.19:839][  0]LogFileHelpers: Loading map 'MyMap' took 0.501
[2020.07.01-07.14.19:843][  0]LogUnrealEdMisc: Total Editor Startup Time, took 13.778
[2020.07.01-07.14.19:984][  0]LogSlate: Updating window title bar state: overlay mode, drag disabled, window buttons hidden, title bar hidden
[2020.07.01-07.14.19:991][  0]LogSlate: Updating window title bar state: overlay mode, drag disabled, window buttons hidden, title bar hidden
[2020.07.01-07.14.20:000][  0]LogSlate: Updating window title bar state: overlay mode, drag disabled, window buttons hidden, title bar hidden
[2020.07.01-07.14.20:007][  0]LogSlate: Updating window title bar state: overlay mode, drag disabled, window buttons hidden, title bar hidden
[2020.07.01-07.14.20:020][  0]LogCollectionManager: Loaded 0 collections in 0.002731 seconds
[2020.07.01-07.14.20:052][  0]LogFileCache: Scanning file cache for directory 'C:/UnrealTutorialLooman/UnrealTutorialLooman/CoOpGame/Saved/Collections/' took 0.01s
[2020.07.01-07.14.20:052][  0]LogFileCache: Scanning file cache for directory 'C:/UnrealTutorialLooman/UnrealTutorialLooman/CoOpGame/Content/Developers/AlexLaptop/Collections/' took 0.00s
[2020.07.01-07.14.20:052][  0]LogFileCache: Scanning file cache for directory 'C:/UnrealTutorialLooman/UnrealTutorialLooman/CoOpGame/Content/Collections/' took 0.00s
[2020.07.01-07.14.20:052][  0]LogContentBrowser: Native class hierarchy populated in 0.0127 seconds. Added 3434 classes and 825 folders.
[2020.07.01-07.14.20:058][  0]LogContentBrowser: Native class hierarchy updated for 'WidgetCarousel' in 0.0004 seconds. Added 0 classes and 0 folders.
[2020.07.01-07.14.20:114][  0]LogContentBrowser: Native class hierarchy updated for 'AddContentDialog' in 0.0006 seconds. Added 0 classes and 0 folders.
[2020.07.01-07.14.20:121][  0]LogContentBrowser: Native class hierarchy updated for 'SceneOutliner' in 0.0007 seconds. Added 2 classes and 0 folders.
[2020.07.01-07.14.20:181][  0]LogSlate: Took 0.000267 seconds to synchronously load lazily loaded font '../../../Engine/Content/Slate/Fonts/Roboto-Regular.ttf' (155K)
[2020.07.01-07.14.20:184][  0]LogSlate: Took 0.000263 seconds to synchronously load lazily loaded font '../../../Engine/Content/Slate/Fonts/Roboto-Bold.ttf' (160K)
[2020.07.01-07.14.20:190][  0]LogSlate: Took 0.000364 seconds to synchronously load lazily loaded font '../../../Engine/Content/Editor/Slate/Fonts/FontAwesome.ttf' (139K)
[2020.07.01-07.14.20:258][  0]LogRenderer: Reallocating scene render targets to support 1036x432 Format 10 NumSamples 1 (Frame:1).
[2020.07.01-07.14.20:440][  0]LogContentBrowser: Native class hierarchy updated for 'HierarchicalLODOutliner' in 0.0005 seconds. Added 0 classes and 0 folders.
[2020.07.01-07.14.20:440][  0]LogLoad: (Engine Initialization) Total time: 14.38 seconds
[2020.07.01-07.14.20:440][  0]LogLoad: (Engine Initialization) Total Blueprint compile time: 0.00 seconds
[2020.07.01-07.14.20:490][  0]LogAssetRegistry: Asset discovery search completed in 6.5003 seconds
[2020.07.01-07.14.20:497][  0]LogCollectionManager: Fixed up redirectors for 0 collections in 0.000003 seconds (updated 0 objects)
[2020.07.01-07.14.20:499][  0]LogContentStreaming: Texture pool size now 1000 MB
[2020.07.01-07.14.20:542][  0]LogSlate: Took 0.000200 seconds to synchronously load lazily loaded font '../../../Engine/Content/Slate/Fonts/Roboto-Light.ttf' (167K)
[2020.07.01-07.14.22:475][111]LogSlate: Window 'Message Log' being destroyed
[2020.07.01-07.14.22:483][111]LogSlate: Window 'Message Log' being destroyed
[2020.07.01-07.14.54:241][316]Candidate modules for hot reload:
[2020.07.01-07.14.54:241][316]  CoOpGame
[2020.07.01-07.14.54:241][316]Launching UnrealBuildTool... [C:/Program Files/Epic Games/UE_4.25/Engine/Binaries/DotNET/UnrealBuildTool.exe  -ModuleWithSuffix=CoOpGame,967 CoOpGameEditor Win64 Development -Project="C:/UnrealTutorialLooman/UnrealTutorialLooman/CoOpGame/CoOpGame.uproject" "C:/UnrealTutorialLooman/UnrealTutorialLooman/CoOpGame/CoOpGame.uproject"  -IgnoreJunk]
[2020.07.01-07.14.54:244][316]Warning: Starting HotReload took  0.0s.
[2020.07.01-07.15.00:582][483]CompilerResultsLog: New page: Compilation - 2 Jul 2020, 3:15:00 am
[2020.07.01-07.15.00:582][483]CompilerResultsLog: Using 'git status' to determine working set for adaptive non-unity build (C:\UnrealTutorialLooman\UnrealTutorialLooman).
[2020.07.01-07.15.00:582][483]CompilerResultsLog: Building CoOpGameEditor...
[2020.07.01-07.15.00:582][483]CompilerResultsLog: Using Visual Studio 2019 14.26.28806 toolchain (C:\Program Files (x86)\Microsoft Visual Studio\2019\Community\VC\Tools\MSVC\14.26.28801) and Windows 10.0.18362.0 SDK (C:\Program Files (x86)\Windows Kits\10).
[2020.07.01-07.15.00:582][483]CompilerResultsLog: Building 4 actions with 8 processes...
[2020.07.01-07.15.00:582][483]CompilerResultsLog:   [1/4] STrackerBot.cpp
[2020.07.01-07.15.00:582][483]CompilerResultsLog:   [2/4] UE4Editor-CoOpGame-0967.lib
[2020.07.01-07.15.00:582][483]CompilerResultsLog:      Creating library C:\UnrealTutorialLooman\UnrealTutorialLooman\CoOpGame\Intermediate\Build\Win64\UE4Editor\Development\CoOpGame\UE4Editor-CoOpGame-0967.lib and object C:\UnrealTutorialLooman\UnrealTutorialLooman\CoOpGame\Intermediate\Build\Win64\UE4Editor\Development\CoOpGame\UE4Editor-CoOpGame-0967.exp
[2020.07.01-07.15.00:582][483]CompilerResultsLog:   [3/4] UE4Editor-CoOpGame-0967.dll
[2020.07.01-07.15.00:583][483]CompilerResultsLog:      Creating library C:\UnrealTutorialLooman\UnrealTutorialLooman\CoOpGame\Intermediate\Build\Win64\UE4Editor\Development\CoOpGame\UE4Editor-CoOpGame-0967.suppressed.lib and object C:\UnrealTutorialLooman\UnrealTutorialLooman\CoOpGame\Intermediate\Build\Win64\UE4Editor\Development\CoOpGame\UE4Editor-CoOpGame-0967.suppressed.exp
[2020.07.01-07.15.00:583][483]CompilerResultsLog:   [4/4] CoOpGameEditor.target
[2020.07.01-07.15.00:583][483]CompilerResultsLog: Total time in Parallel executor: 4.96 seconds
[2020.07.01-07.15.00:583][483]CompilerResultsLog: Total execution time: 6.13 seconds
[2020.07.01-07.15.00:583][483]LogMainFrame: MainFrame: Module compiling took 6.349 seconds
[2020.07.01-07.15.00:603][483]LogContentBrowser: Native class hierarchy populated in 0.0117 seconds. Added 3434 classes and 825 folders.
[2020.07.01-07.15.00:603][483]Display: HotReload took  6.4s.
[2020.07.01-07.15.03:928][492]LogTemp: Repeating last play command: Simulate
[2020.07.01-07.15.03:960][492]LogPlayLevel: PlayLevel: No blueprints needed recompiling
[2020.07.01-07.15.03:960][492]PIE: New page: SIE session: MyMap (2 Jul 2020, 3:15:03 am)
[2020.07.01-07.15.03:962][492]LogOnline: OSS: Creating online subsystem instance for: NULL
[2020.07.01-07.15.03:966][492]LogOnline: OSS: TryLoadSubsystemAndSetDefault: Loaded subsystem for module [NULL]
[2020.07.01-07.15.03:966][492]LogPlayLevel: Creating play world package: /Game/Maps/UEDPIE_0_MyMap
[2020.07.01-07.15.03:972][492]LogPlayLevel: PIE: StaticDuplicateObject took: (0.006062s)
[2020.07.01-07.15.03:975][492]LogAIModule: Creating AISystem for world MyMap
[2020.07.01-07.15.03:975][492]LogAISub: UAISubsystem::UAISubsystem EnvQueryManager (0000021986711C00), frame # 492
[2020.07.01-07.15.03:975][492]LogAISub: UAISubsystem::UAISubsystem AIPerceptionSystem (0000021980267380), frame # 492
[2020.07.01-07.15.03:976][492]LogPlayLevel: PIE: World Init took: (0.002866s)
[2020.07.01-07.15.03:976][492]LogPlayLevel: PIE: Created PIE world by copying editor world from /Game/Maps/MyMap.MyMap to /Game/Maps/UEDPIE_0_MyMap.MyMap (0.009669s)
[2020.07.01-07.15.03:985][492]LogUObjectHash: Compacting FUObjectHashTables data took   0.70ms
[2020.07.01-07.15.03:987][492]LogAudioMixer: Display: Audio Mixer Platform Settings:
[2020.07.01-07.15.03:988][492]LogAudioMixer: Display: 	Sample Rate:						  48000
[2020.07.01-07.15.03:988][492]LogAudioMixer: Display: 	Callback Buffer Frame Size Requested: 1024
[2020.07.01-07.15.03:988][492]LogAudioMixer: Display: 	Callback Buffer Frame Size To Use:	  1024
[2020.07.01-07.15.03:988][492]LogAudioMixer: Display: 	Number of buffers to queue:			  2
[2020.07.01-07.15.03:988][492]LogAudioMixer: Display: 	Max Channels (voices):				  32
[2020.07.01-07.15.03:988][492]LogAudioMixer: Display: 	Number of Async Source Workers:		  0
[2020.07.01-07.15.03:988][492]LogAudio: Display: AudioDevice MaxSources: 32
[2020.07.01-07.15.03:989][492]LogAudio: Display: Using built-in audio occlusion.
[2020.07.01-07.15.03:989][492]LogAudioMixer: Display: Initializing audio mixer.
[2020.07.01-07.15.03:995][492]LogAudioMixer: Display: 0: FrontLeft
[2020.07.01-07.15.03:995][492]LogAudioMixer: Display: 1: FrontRight
[2020.07.01-07.15.04:047][492]LogAudioMixer: Display: Using Audio Device Headphones (SOUNDPEATS TrueWings  Stereo)
[2020.07.01-07.15.04:047][492]LogAudioMixer: Display: Initializing Sound Submixes...
[2020.07.01-07.15.04:047][492]LogAudioMixer: Display: Creating Master Submix 'MasterSubmixDefault'
[2020.07.01-07.15.04:047][492]LogAudioMixer: Display: Creating Master Submix 'MasterReverbSubmixDefault'
[2020.07.01-07.15.04:048][492]LogAudioMixer: Display: Creating Master Submix 'MasterEQSubmixDefault'
[2020.07.01-07.15.04:070][492]LogInit: FAudioDevice initialized.
[2020.07.01-07.15.04:083][492]LogLoad: Game class is 'BP_TestGameMode_C'
[2020.07.01-07.15.04:086][492]LogWorld: Bringing World /Game/Maps/UEDPIE_0_MyMap.MyMap up for play (max tick rate 60) at 2020.07.01-17.15.04
[2020.07.01-07.15.04:087][492]LogWorld: Bringing up level for play took: 0.001942
[2020.07.01-07.15.04:087][492]LogOnline: OSS: Creating online subsystem instance for: :Context_3
[2020.07.01-07.15.04:126][492]LogContentBrowser: Native class hierarchy updated for 'MovieSceneCapture' in 0.0005 seconds. Added 20 classes and 0 folders.
[2020.07.01-07.15.04:126][492]PIE: Server logged in
[2020.07.01-07.15.04:128][492]PIE: Play in editor total start time 0.172 seconds.
[2020.07.01-07.15.08:149][727]LogSlate: Updating window title bar state: overlay mode, drag disabled, window buttons hidden, title bar hidden
[2020.07.01-07.15.08:149][727]LogWorld: BeginTearingDown for /Game/Maps/UEDPIE_0_MyMap
[2020.07.01-07.15.08:150][727]LogWorld: UWorld::CleanupWorld for MyMap, bSessionEnded=true, bCleanupResources=true
[2020.07.01-07.15.08:151][727]LogSlate: InvalidateAllWidgets triggered.  All widgets were invalidated
[2020.07.01-07.15.08:168][727]LogPlayLevel: Display: Shutting down PIE online subsystems
[2020.07.01-07.15.08:170][727]LogSlate: InvalidateAllWidgets triggered.  All widgets were invalidated
[2020.07.01-07.15.08:240][727]LogSlate: Updating window title bar state: overlay mode, drag disabled, window buttons hidden, title bar hidden
[2020.07.01-07.15.08:242][727]LogAISub: UAISubsystem::~UAISubsystem AIPerceptionSystem (0000021980267380), frame # 727
[2020.07.01-07.15.08:242][727]LogAISub: UAISubsystem::~UAISubsystem EnvQueryManager (0000021986711C00), frame # 727
[2020.07.01-07.15.08:243][727]LogUObjectHash: Compacting FUObjectHashTables data took   0.88ms
[2020.07.01-07.15.08:284][728]LogPlayLevel: Display: Destroying online subsystem :Context_3
[2020.07.01-07.15.11:236][899]LogPlayLevel: PlayLevel: No blueprints needed recompiling
[2020.07.01-07.15.11:236][899]PIE: New page: PIE session: MyMap (2 Jul 2020, 3:15:11 am)
[2020.07.01-07.15.11:236][899]LogPlayLevel: Creating play world package: /Game/Maps/UEDPIE_0_MyMap
[2020.07.01-07.15.11:244][899]LogPlayLevel: PIE: StaticDuplicateObject took: (0.006948s)
[2020.07.01-07.15.11:246][899]LogAIModule: Creating AISystem for world MyMap
[2020.07.01-07.15.11:246][899]LogAISub: UAISubsystem::UAISubsystem EnvQueryManager (0000021983C0E800), frame # 899
[2020.07.01-07.15.11:246][899]LogAISub: UAISubsystem::UAISubsystem AIPerceptionSystem (00000219802674C0), frame # 899
[2020.07.01-07.15.11:247][899]LogPlayLevel: PIE: World Init took: (0.002380s)
[2020.07.01-07.15.11:247][899]LogPlayLevel: PIE: Created PIE world by copying editor world from /Game/Maps/MyMap.MyMap to /Game/Maps/UEDPIE_0_MyMap.MyMap (0.010715s)
[2020.07.01-07.15.11:261][899]LogUObjectHash: Compacting FUObjectHashTables data took   0.97ms
[2020.07.01-07.15.11:262][899]LogAudioMixer: Display: Audio Mixer Platform Settings:
[2020.07.01-07.15.11:264][899]LogAudioMixer: Display: 	Sample Rate:						  48000
[2020.07.01-07.15.11:264][899]LogAudioMixer: Display: 	Callback Buffer Frame Size Requested: 1024
[2020.07.01-07.15.11:264][899]LogAudioMixer: Display: 	Callback Buffer Frame Size To Use:	  1024
[2020.07.01-07.15.11:264][899]LogAudioMixer: Display: 	Number of buffers to queue:			  2
[2020.07.01-07.15.11:264][899]LogAudioMixer: Display: 	Max Channels (voices):				  32
[2020.07.01-07.15.11:265][899]LogAudioMixer: Display: 	Number of Async Source Workers:		  0
[2020.07.01-07.15.11:265][899]LogAudio: Display: AudioDevice MaxSources: 32
[2020.07.01-07.15.11:266][899]LogAudio: Display: Using built-in audio occlusion.
[2020.07.01-07.15.11:266][899]LogAudioMixer: Display: Initializing audio mixer.
[2020.07.01-07.15.11:274][899]LogAudioMixer: Display: 0: FrontLeft
[2020.07.01-07.15.11:275][899]LogAudioMixer: Display: 1: FrontRight
[2020.07.01-07.15.11:334][899]LogAudioMixer: Display: Using Audio Device Headphones (SOUNDPEATS TrueWings  Stereo)
[2020.07.01-07.15.11:334][899]LogAudioMixer: Display: Initializing Sound Submixes...
[2020.07.01-07.15.11:335][899]LogAudioMixer: Display: Creating Master Submix 'MasterSubmixDefault'
[2020.07.01-07.15.11:335][899]LogAudioMixer: Display: Creating Master Submix 'MasterReverbSubmixDefault'
[2020.07.01-07.15.11:335][899]LogAudioMixer: Display: Creating Master Submix 'MasterEQSubmixDefault'
[2020.07.01-07.15.11:361][899]LogInit: FAudioDevice initialized.
[2020.07.01-07.15.11:374][899]LogLoad: Game class is 'BP_TestGameMode_C'
[2020.07.01-07.15.11:376][899]LogWorld: Bringing World /Game/Maps/UEDPIE_0_MyMap.MyMap up for play (max tick rate 60) at 2020.07.01-17.15.11
[2020.07.01-07.15.11:377][899]LogWorld: Bringing up level for play took: 0.001822
[2020.07.01-07.15.11:377][899]LogOnline: OSS: Creating online subsystem instance for: :Context_4
[2020.07.01-07.15.11:385][899]PIE: Server logged in
[2020.07.01-07.15.11:386][899]PIE: Play in editor total start time 0.151 seconds.
[2020.07.01-07.15.18:719][334]LogSlate: Updating window title bar state: overlay mode, drag disabled, window buttons hidden, title bar hidden
[2020.07.01-07.15.18:719][334]LogWorld: BeginTearingDown for /Game/Maps/UEDPIE_0_MyMap
[2020.07.01-07.15.18:720][334]LogWorld: UWorld::CleanupWorld for MyMap, bSessionEnded=true, bCleanupResources=true
[2020.07.01-07.15.18:721][334]LogSlate: InvalidateAllWidgets triggered.  All widgets were invalidated
[2020.07.01-07.15.18:740][334]LogPlayLevel: Display: Shutting down PIE online subsystems
[2020.07.01-07.15.18:741][334]LogSlate: InvalidateAllWidgets triggered.  All widgets were invalidated
[2020.07.01-07.15.18:752][334]LogSlate: Updating window title bar state: overlay mode, drag disabled, window buttons hidden, title bar hidden
[2020.07.01-07.15.18:817][334]LogAISub: UAISubsystem::~UAISubsystem AIPerceptionSystem (00000219802674C0), frame # 1334
[2020.07.01-07.15.18:817][334]LogAISub: UAISubsystem::~UAISubsystem EnvQueryManager (0000021983C0E800), frame # 1334
[2020.07.01-07.15.18:819][334]LogUObjectHash: Compacting FUObjectHashTables data took   0.73ms
[2020.07.01-07.15.18:870][335]LogPlayLevel: Display: Destroying online subsystem :Context_4
[2020.07.01-07.15.20:161][411]LogEditorViewport: Clicking on Actor (LMB): BP_TrackerBot_C (BP_TrackerBot)
[2020.07.01-07.15.23:108][581]LogSlate: Took 0.000261 seconds to synchronously load lazily loaded font '../../../Engine/Content/Slate/Fonts/Roboto-Light.ttf' (167K)
[2020.07.01-07.15.23:131][581]LogAssetEditorSubsystem: Opening Asset editor for Blueprint /Game/Blueprints/BP_TrackerBot.BP_TrackerBot
[2020.07.01-07.15.23:411][581]LogContentBrowser: Native class hierarchy updated for 'BlueprintGraph' in 0.0015 seconds. Added 125 classes and 0 folders.
[2020.07.01-07.15.24:526][581]LogSlate: Took 0.000235 seconds to synchronously load lazily loaded font '../../../Engine/Content/Slate/Fonts/Roboto-BoldCondensed.ttf' (158K)
[2020.07.01-07.15.29:578][866]LogSlate: Took 0.000421 seconds to synchronously load lazily loaded font '../../../Engine/Content/Slate/Fonts/Roboto-Italic.ttf' (157K)
[2020.07.01-07.15.32:608][ 45]LogSlate: Window 'BP_TrackerBot' being destroyed
[2020.07.01-07.15.32:614][ 45]LogSlate: Window 'BP_TrackerBot' being destroyed
[2020.07.01-07.15.32:639][ 45]LogWorld: UWorld::CleanupWorld for World_2, bSessionEnded=true, bCleanupResources=true
[2020.07.01-07.15.32:639][ 45]LogSlate: InvalidateAllWidgets triggered.  All widgets were invalidated
[2020.07.01-07.15.40:662][507]LogUObjectGlobals: Reloading 1 Package(s):
	Asset Name: /Game/Blueprints/BP_TrackerBot
[2020.07.01-07.15.40:737][507]LogUObjectHash: Compacting FUObjectHashTables data took   2.35ms
[2020.07.01-07.15.41:024][507]LogUObjectHash: Compacting FUObjectHashTables data took   2.30ms
[2020.07.01-07.15.46:141][806]LogAssetEditorSubsystem: Opening Asset editor for Blueprint /Game/Blueprints/BP_TrackerBot.BP_TrackerBot
[2020.07.01-07.17.18:272][184]LogRenderer: Reallocating scene render targets to support 1036x536 Format 10 NumSamples 1 (Frame:1).
[2020.07.01-07.17.30:046][656]LogSlate: Window 'BP_TrackerBot' being destroyed
[2020.07.01-07.17.30:053][656]LogSlate: Window 'BP_TrackerBot' being destroyed
[2020.07.01-07.17.30:064][656]LogWorld: UWorld::CleanupWorld for World_8, bSessionEnded=true, bCleanupResources=true
[2020.07.01-07.17.30:064][656]LogSlate: InvalidateAllWidgets triggered.  All widgets were invalidated
[2020.07.01-07.17.30:852][699]LogTemp: Repeating last play command: Selected Viewport
[2020.07.01-07.17.30:882][699]LogPlayLevel: PlayLevel: No blueprints needed recompiling
[2020.07.01-07.17.30:882][699]PIE: New page: PIE session: MyMap (2 Jul 2020, 3:17:30 am)
[2020.07.01-07.17.30:909][699]LogPlayLevel: Creating play world package: /Game/Maps/UEDPIE_0_MyMap
[2020.07.01-07.17.30:915][699]LogPlayLevel: PIE: StaticDuplicateObject took: (0.005490s)
[2020.07.01-07.17.30:916][699]LogAIModule: Creating AISystem for world MyMap
[2020.07.01-07.17.30:916][699]LogAISub: UAISubsystem::UAISubsystem EnvQueryManager (0000021A21019800), frame # 4699
[2020.07.01-07.17.30:917][699]LogAISub: UAISubsystem::UAISubsystem AIPerceptionSystem (00000219DE93A700), frame # 4699
[2020.07.01-07.17.30:917][699]LogPlayLevel: PIE: World Init took: (0.002081s)
[2020.07.01-07.17.30:917][699]LogPlayLevel: PIE: Created PIE world by copying editor world from /Game/Maps/MyMap.MyMap to /Game/Maps/UEDPIE_0_MyMap.MyMap (0.008238s)
[2020.07.01-07.17.30:938][699]LogUObjectHash: Compacting FUObjectHashTables data took   2.18ms
[2020.07.01-07.17.30:941][699]LogAudioMixer: Display: Audio Mixer Platform Settings:
[2020.07.01-07.17.30:941][699]LogAudioMixer: Display: 	Sample Rate:						  48000
[2020.07.01-07.17.30:941][699]LogAudioMixer: Display: 	Callback Buffer Frame Size Requested: 1024
[2020.07.01-07.17.30:941][699]LogAudioMixer: Display: 	Callback Buffer Frame Size To Use:	  1024
[2020.07.01-07.17.30:941][699]LogAudioMixer: Display: 	Number of buffers to queue:			  2
[2020.07.01-07.17.30:941][699]LogAudioMixer: Display: 	Max Channels (voices):				  32
[2020.07.01-07.17.30:941][699]LogAudioMixer: Display: 	Number of Async Source Workers:		  0
[2020.07.01-07.17.30:942][699]LogAudio: Display: AudioDevice MaxSources: 32
[2020.07.01-07.17.30:942][699]LogAudio: Display: Using built-in audio occlusion.
[2020.07.01-07.17.30:942][699]LogAudioMixer: Display: Initializing audio mixer.
[2020.07.01-07.17.30:947][699]LogAudioMixer: Display: 0: FrontLeft
[2020.07.01-07.17.30:947][699]LogAudioMixer: Display: 1: FrontRight
[2020.07.01-07.17.31:003][699]LogAudioMixer: Display: Using Audio Device Headphones (SOUNDPEATS TrueWings  Stereo)
[2020.07.01-07.17.31:003][699]LogAudioMixer: Display: Initializing Sound Submixes...
[2020.07.01-07.17.31:003][699]LogAudioMixer: Display: Creating Master Submix 'MasterSubmixDefault'
[2020.07.01-07.17.31:003][699]LogAudioMixer: Display: Creating Master Submix 'MasterReverbSubmixDefault'
[2020.07.01-07.17.31:004][699]LogAudioMixer: Display: Creating Master Submix 'MasterEQSubmixDefault'
[2020.07.01-07.17.31:030][699]LogInit: FAudioDevice initialized.
[2020.07.01-07.17.31:043][699]LogLoad: Game class is 'BP_TestGameMode_C'
[2020.07.01-07.17.31:045][699]LogWorld: Bringing World /Game/Maps/UEDPIE_0_MyMap.MyMap up for play (max tick rate 60) at 2020.07.01-17.17.31
[2020.07.01-07.17.31:046][699]LogWorld: Bringing up level for play took: 0.002034
[2020.07.01-07.17.31:046][699]LogOnline: OSS: Creating online subsystem instance for: :Context_12
[2020.07.01-07.17.31:052][699]PIE: Server logged in
[2020.07.01-07.17.31:053][699]PIE: Play in editor total start time 0.175 seconds.
[2020.07.01-07.17.42:599][389]LogSlate: Updating window title bar state: overlay mode, drag disabled, window buttons hidden, title bar hidden
[2020.07.01-07.17.42:599][389]LogWorld: BeginTearingDown for /Game/Maps/UEDPIE_0_MyMap
[2020.07.01-07.17.42:600][389]LogWorld: UWorld::CleanupWorld for MyMap, bSessionEnded=true, bCleanupResources=true
[2020.07.01-07.17.42:600][389]LogSlate: InvalidateAllWidgets triggered.  All widgets were invalidated
[2020.07.01-07.17.42:618][389]LogPlayLevel: Display: Shutting down PIE online subsystems
[2020.07.01-07.17.42:621][389]LogSlate: InvalidateAllWidgets triggered.  All widgets were invalidated
[2020.07.01-07.17.42:691][389]LogSlate: Updating window title bar state: overlay mode, drag disabled, window buttons hidden, title bar hidden
[2020.07.01-07.17.42:692][389]LogAISub: UAISubsystem::~UAISubsystem AIPerceptionSystem (00000219DE93A700), frame # 5389
[2020.07.01-07.17.42:692][389]LogAISub: UAISubsystem::~UAISubsystem EnvQueryManager (0000021A21019800), frame # 5389
[2020.07.01-07.17.42:695][389]LogUObjectHash: Compacting FUObjectHashTables data took   1.85ms
[2020.07.01-07.17.42:738][390]LogPlayLevel: Display: Destroying online subsystem :Context_12
[2020.07.01-07.18.41:071][688]LogAssetEditorSubsystem: Opening Asset editor for Blueprint /Game/Blueprints/BP_TrackerBot.BP_TrackerBot
[2020.07.01-07.18.54:994][474]LogSlate: Window 'BP_TrackerBot' being destroyed
[2020.07.01-07.18.55:002][474]LogSlate: Window 'BP_TrackerBot' being destroyed
[2020.07.01-07.18.55:003][474]LogWorld: UWorld::CleanupWorld for World_9, bSessionEnded=true, bCleanupResources=true
[2020.07.01-07.18.55:003][474]LogSlate: InvalidateAllWidgets triggered.  All widgets were invalidated
[2020.07.01-07.18.59:346][723]LogUObjectGlobals: Reloading 1 Package(s):
	Asset Name: /Game/Blueprints/BP_TrackerBot
[2020.07.01-07.18.59:414][723]LogUObjectHash: Compacting FUObjectHashTables data took   1.90ms
[2020.07.01-07.18.59:694][723]LogUObjectHash: Compacting FUObjectHashTables data took   2.49ms
[2020.07.01-07.19.00:853][789]LogAssetEditorSubsystem: Opening Asset editor for Blueprint /Game/Blueprints/BP_TrackerBot.BP_TrackerBot
[2020.07.01-07.19.03:827][936]LogSlate: Window 'BP_TrackerBot' being destroyed
[2020.07.01-07.19.03:834][936]LogSlate: Window 'BP_TrackerBot' being destroyed
[2020.07.01-07.19.03:878][936]LogWorld: UWorld::CleanupWorld for World_10, bSessionEnded=true, bCleanupResources=true
[2020.07.01-07.19.03:878][936]LogSlate: InvalidateAllWidgets triggered.  All widgets were invalidated
[2020.07.01-07.19.52:283][243]Candidate modules for hot reload:
[2020.07.01-07.19.52:283][243]  CoOpGame
[2020.07.01-07.19.52:283][243]Launching UnrealBuildTool... [C:/Program Files/Epic Games/UE_4.25/Engine/Binaries/DotNET/UnrealBuildTool.exe  -ModuleWithSuffix=CoOpGame,9379 CoOpGameEditor Win64 Development -Project="C:/UnrealTutorialLooman/UnrealTutorialLooman/CoOpGame/CoOpGame.uproject" "C:/UnrealTutorialLooman/UnrealTutorialLooman/CoOpGame/CoOpGame.uproject"  -IgnoreJunk]
[2020.07.01-07.19.52:286][243]Warning: Starting HotReload took  0.0s.
[2020.07.01-07.20.06:877][391]CompilerResultsLog: New page: Compilation - 2 Jul 2020, 3:20:06 am
[2020.07.01-07.20.06:878][391]CompilerResultsLog: Using 'git status' to determine working set for adaptive non-unity build (C:\UnrealTutorialLooman\UnrealTutorialLooman).
[2020.07.01-07.20.06:878][391]CompilerResultsLog: Parsing headers for CoOpGameEditor
[2020.07.01-07.20.06:878][391]CompilerResultsLog:   Running UnrealHeaderTool "C:\UnrealTutorialLooman\UnrealTutorialLooman\CoOpGame\CoOpGame.uproject" "C:\UnrealTutorialLooman\UnrealTutorialLooman\CoOpGame\Intermediate\Build\Win64\CoOpGameEditor\Development\CoOpGameEditor.uhtmanifest" -LogCmds="loginit warning, logexit warning, logdatabase error" -Unattended -WarningsAsErrors -abslog="C:\Users\AlexLaptop\AppData\Local\UnrealBuildTool\Log_UHT.txt" -installed
[2020.07.01-07.20.06:879][391]CompilerResultsLog: Reflection code generated for CoOpGameEditor in 7.5661442 seconds
[2020.07.01-07.20.06:879][391]CompilerResultsLog: Building CoOpGameEditor...
[2020.07.01-07.20.06:879][391]CompilerResultsLog: Using Visual Studio 2019 14.26.28806 toolchain (C:\Program Files (x86)\Microsoft Visual Studio\2019\Community\VC\Tools\MSVC\14.26.28801) and Windows 10.0.18362.0 SDK (C:\Program Files (x86)\Windows Kits\10).
[2020.07.01-07.20.06:879][391]CompilerResultsLog: Building 6 actions with 8 processes...
[2020.07.01-07.20.06:880][391]CompilerResultsLog:   [1/6] CoOpGame.init.gen.cpp
[2020.07.01-07.20.06:881][391]CompilerResultsLog:   [2/6] STrackerBot.gen.cpp
[2020.07.01-07.20.06:882][391]CompilerResultsLog:   [3/6] STrackerBot.cpp
[2020.07.01-07.20.06:882][391]CompilerResultsLog:   [4/6] UE4Editor-CoOpGame-9379.lib
[2020.07.01-07.20.06:882][391]CompilerResultsLog:      Creating library C:\UnrealTutorialLooman\UnrealTutorialLooman\CoOpGame\Intermediate\Build\Win64\UE4Editor\Development\CoOpGame\UE4Editor-CoOpGame-9379.lib and object C:\UnrealTutorialLooman\UnrealTutorialLooman\CoOpGame\Intermediate\Build\Win64\UE4Editor\Development\CoOpGame\UE4Editor-CoOpGame-9379.exp
[2020.07.01-07.20.06:883][391]CompilerResultsLog:   [5/6] UE4Editor-CoOpGame-9379.dll
[2020.07.01-07.20.06:883][391]CompilerResultsLog:      Creating library C:\UnrealTutorialLooman\UnrealTutorialLooman\CoOpGame\Intermediate\Build\Win64\UE4Editor\Development\CoOpGame\UE4Editor-CoOpGame-9379.suppressed.lib and object C:\UnrealTutorialLooman\UnrealTutorialLooman\CoOpGame\Intermediate\Build\Win64\UE4Editor\Development\CoOpGame\UE4Editor-CoOpGame-9379.suppressed.exp
[2020.07.01-07.20.06:883][391]CompilerResultsLog:   [6/6] CoOpGameEditor.target
[2020.07.01-07.20.06:883][391]CompilerResultsLog: Total time in Parallel executor: 5.28 seconds
[2020.07.01-07.20.06:883][391]CompilerResultsLog: Total execution time: 14.23 seconds
[2020.07.01-07.20.06:883][391]LogMainFrame: MainFrame: Module compiling took 14.606 seconds
[2020.07.01-07.20.06:954][391]LogClass: Could not find existing class STrackerBot in package /Script/CoOpGame for HotReload, assuming new class
[2020.07.01-07.20.06:954][391]LogClass: Function GetNextPathPoint is new.
[2020.07.01-07.20.06:958][391]LogClass: HitscanTrace HotReload.
[2020.07.01-07.20.06:971][391]LogHotReload: Re-instancing STrackerBot after hot-reload.
[2020.07.01-07.20.06:999][391]LogContentBrowser: Native class hierarchy updated for 'CoOpGame' in 0.0006 seconds. Added 7 classes and 4 folders.
[2020.07.01-07.20.07:003][391]Display: HotReload successful (10 functions remapped  1 scriptstructs remapped)
[2020.07.01-07.20.07:124][391]LogContentBrowser: Native class hierarchy populated in 0.0127 seconds. Added 3434 classes and 825 folders.
[2020.07.01-07.20.07:124][391]Display: HotReload took 14.9s.
[2020.07.01-07.20.10:475][402]LogAssetEditorSubsystem: Opening Asset editor for Blueprint /Game/Blueprints/BP_TrackerBot.BP_TrackerBot
[2020.07.01-07.20.17:161][731]BlueprintLog: New page: Compile BP_TrackerBot
[2020.07.01-07.20.17:311][731]LogUObjectHash: Compacting FUObjectHashTables data took   5.62ms
[2020.07.01-07.20.17:380][731]Cmd: OBJ SAVEPACKAGE PACKAGE="/Game/Blueprints/BP_TrackerBot" FILE="../../../../../../UnrealTutorialLooman/UnrealTutorialLooman/CoOpGame/Content/Blueprints/BP_TrackerBot.uasset" SILENT=true
[2020.07.01-07.20.17:431][731]LogSavePackage: Moving '../../../../../../UnrealTutorialLooman/UnrealTutorialLooman/CoOpGame/Saved/BP_TrackerBotF40F845E406353D3471718BE0230DA9C.tmp' to '../../../../../../UnrealTutorialLooman/UnrealTutorialLooman/CoOpGame/Content/Blueprints/BP_TrackerBot.uasset'
[2020.07.01-07.20.17:451][731]AssetCheck: New page: Asset Save: BP_TrackerBot
[2020.07.01-07.20.17:451][731]LogContentValidation: Display: Validating Blueprint /Game/Blueprints/BP_TrackerBot.BP_TrackerBot
[2020.07.01-07.20.17:471][731]LogSlate: Took 0.000255 seconds to synchronously load lazily loaded font '../../../Engine/Content/Slate/Fonts/DroidSansMono.ttf' (77K)
[2020.07.01-07.20.18:618][800]LogSlate: Window 'BP_TrackerBot' being destroyed
[2020.07.01-07.20.18:624][800]LogSlate: Window 'BP_TrackerBot' being destroyed
[2020.07.01-07.20.18:651][800]LogWorld: UWorld::CleanupWorld for World_11, bSessionEnded=true, bCleanupResources=true
[2020.07.01-07.20.18:651][800]LogSlate: InvalidateAllWidgets triggered.  All widgets were invalidated
[2020.07.01-07.20.19:643][856]LogTemp: Repeating last play command: Selected Viewport
[2020.07.01-07.20.19:672][856]LogPlayLevel: PlayLevel: No blueprints needed recompiling
[2020.07.01-07.20.19:672][856]PIE: New page: PIE session: MyMap (2 Jul 2020, 3:20:19 am)
[2020.07.01-07.20.19:698][856]LogPlayLevel: Creating play world package: /Game/Maps/UEDPIE_0_MyMap
[2020.07.01-07.20.19:703][856]LogPlayLevel: PIE: StaticDuplicateObject took: (0.005433s)
[2020.07.01-07.20.19:705][856]LogAIModule: Creating AISystem for world MyMap
[2020.07.01-07.20.19:705][856]LogAISub: UAISubsystem::UAISubsystem EnvQueryManager (0000021A200AE200), frame # 7856
[2020.07.01-07.20.19:705][856]LogAISub: UAISubsystem::UAISubsystem AIPerceptionSystem (0000021A1C6E9D00), frame # 7856
[2020.07.01-07.20.19:706][856]LogPlayLevel: PIE: World Init took: (0.001879s)
[2020.07.01-07.20.19:706][856]LogPlayLevel: PIE: Created PIE world by copying editor world from /Game/Maps/MyMap.MyMap to /Game/Maps/UEDPIE_0_MyMap.MyMap (0.008005s)
[2020.07.01-07.20.19:772][856]LogUObjectHash: Compacting FUObjectHashTables data took   3.85ms
[2020.07.01-07.20.19:774][856]LogAudioMixer: Display: Audio Mixer Platform Settings:
[2020.07.01-07.20.19:774][856]LogAudioMixer: Display: 	Sample Rate:						  48000
[2020.07.01-07.20.19:774][856]LogAudioMixer: Display: 	Callback Buffer Frame Size Requested: 1024
[2020.07.01-07.20.19:774][856]LogAudioMixer: Display: 	Callback Buffer Frame Size To Use:	  1024
[2020.07.01-07.20.19:774][856]LogAudioMixer: Display: 	Number of buffers to queue:			  2
[2020.07.01-07.20.19:775][856]LogAudioMixer: Display: 	Max Channels (voices):				  32
[2020.07.01-07.20.19:775][856]LogAudioMixer: Display: 	Number of Async Source Workers:		  0
[2020.07.01-07.20.19:775][856]LogAudio: Display: AudioDevice MaxSources: 32
[2020.07.01-07.20.19:776][856]LogAudio: Display: Using built-in audio occlusion.
[2020.07.01-07.20.19:776][856]LogAudioMixer: Display: Initializing audio mixer.
[2020.07.01-07.20.19:783][856]LogAudioMixer: Display: 0: FrontLeft
[2020.07.01-07.20.19:783][856]LogAudioMixer: Display: 1: FrontRight
[2020.07.01-07.20.19:843][856]LogAudioMixer: Display: Using Audio Device Headphones (SOUNDPEATS TrueWings  Stereo)
[2020.07.01-07.20.19:844][856]LogAudioMixer: Display: Initializing Sound Submixes...
[2020.07.01-07.20.19:844][856]LogAudioMixer: Display: Creating Master Submix 'MasterSubmixDefault'
[2020.07.01-07.20.19:844][856]LogAudioMixer: Display: Creating Master Submix 'MasterReverbSubmixDefault'
[2020.07.01-07.20.19:845][856]LogAudioMixer: Display: Creating Master Submix 'MasterEQSubmixDefault'
[2020.07.01-07.20.19:874][856]LogInit: FAudioDevice initialized.
[2020.07.01-07.20.19:890][856]LogLoad: Game class is 'BP_TestGameMode_C'
[2020.07.01-07.20.19:892][856]LogWorld: Bringing World /Game/Maps/UEDPIE_0_MyMap.MyMap up for play (max tick rate 60) at 2020.07.01-17.20.19
[2020.07.01-07.20.19:893][856]LogWorld: Bringing up level for play took: 0.001974
[2020.07.01-07.20.19:893][856]LogOnline: OSS: Creating online subsystem instance for: :Context_16
[2020.07.01-07.20.19:900][856]PIE: Server logged in
[2020.07.01-07.20.19:901][856]PIE: Play in editor total start time 0.233 seconds.
[2020.07.01-07.20.25:459][186]LogSlate: Updating window title bar state: overlay mode, drag disabled, window buttons hidden, title bar hidden
[2020.07.01-07.20.25:459][186]LogWorld: BeginTearingDown for /Game/Maps/UEDPIE_0_MyMap
[2020.07.01-07.20.25:460][186]LogWorld: UWorld::CleanupWorld for MyMap, bSessionEnded=true, bCleanupResources=true
[2020.07.01-07.20.25:460][186]LogSlate: InvalidateAllWidgets triggered.  All widgets were invalidated
[2020.07.01-07.20.25:479][186]LogPlayLevel: Display: Shutting down PIE online subsystems
[2020.07.01-07.20.25:483][186]LogSlate: InvalidateAllWidgets triggered.  All widgets were invalidated
[2020.07.01-07.20.25:500][186]LogSlate: Updating window title bar state: overlay mode, drag disabled, window buttons hidden, title bar hidden
[2020.07.01-07.20.25:562][186]LogAISub: UAISubsystem::~UAISubsystem AIPerceptionSystem (0000021A1C6E9D00), frame # 8186
[2020.07.01-07.20.25:562][186]LogAISub: UAISubsystem::~UAISubsystem EnvQueryManager (0000021A200AE200), frame # 8186
[2020.07.01-07.20.25:565][186]LogUObjectHash: Compacting FUObjectHashTables data took   2.76ms
[2020.07.01-07.20.25:616][187]LogPlayLevel: Display: Destroying online subsystem :Context_16
[2020.07.01-07.20.27:304][287]LogEditorViewport: Clicking on Actor (LMB): BP_TrackerBot_C (BP_TrackerBot)
[2020.07.01-07.20.28:947][379]LogAssetEditorSubsystem: Opening Asset editor for Blueprint /Game/Blueprints/BP_TrackerBot.BP_TrackerBot
[2020.07.01-07.20.33:256][592]BlueprintLog: New page: Compile BP_TrackerBot
[2020.07.01-07.20.33:317][592]LogUObjectHash: Compacting FUObjectHashTables data took   2.26ms
[2020.07.01-07.20.33:385][592]Cmd: OBJ SAVEPACKAGE PACKAGE="/Game/Blueprints/BP_TrackerBot" FILE="../../../../../../UnrealTutorialLooman/UnrealTutorialLooman/CoOpGame/Content/Blueprints/BP_TrackerBot.uasset" SILENT=true
[2020.07.01-07.20.33:429][592]LogSavePackage: Moving '../../../../../../UnrealTutorialLooman/UnrealTutorialLooman/CoOpGame/Saved/BP_TrackerBot665DCA6C44973B4287083FA872D3B103.tmp' to '../../../../../../UnrealTutorialLooman/UnrealTutorialLooman/CoOpGame/Content/Blueprints/BP_TrackerBot.uasset'
[2020.07.01-07.20.33:449][592]AssetCheck: New page: Asset Save: BP_TrackerBot
[2020.07.01-07.20.33:450][592]LogContentValidation: Display: Validating Blueprint /Game/Blueprints/BP_TrackerBot.BP_TrackerBot
[2020.07.01-07.20.34:262][637]LogSlate: Window 'BP_TrackerBot' being destroyed
[2020.07.01-07.20.34:269][637]LogSlate: Window 'BP_TrackerBot' being destroyed
[2020.07.01-07.20.34:309][637]LogWorld: UWorld::CleanupWorld for World_12, bSessionEnded=true, bCleanupResources=true
[2020.07.01-07.20.34:309][637]LogSlate: InvalidateAllWidgets triggered.  All widgets were invalidated
[2020.07.01-07.20.35:119][681]LogTemp: Repeating last play command: Selected Viewport
[2020.07.01-07.20.35:150][681]LogPlayLevel: PlayLevel: No blueprints needed recompiling
[2020.07.01-07.20.35:150][681]PIE: New page: PIE session: MyMap (2 Jul 2020, 3:20:35 am)
[2020.07.01-07.20.35:150][681]LogPlayLevel: Creating play world package: /Game/Maps/UEDPIE_0_MyMap
[2020.07.01-07.20.35:156][681]LogPlayLevel: PIE: StaticDuplicateObject took: (0.005342s)
[2020.07.01-07.20.35:157][681]LogAIModule: Creating AISystem for world MyMap
[2020.07.01-07.20.35:157][681]LogAISub: UAISubsystem::UAISubsystem EnvQueryManager (0000021A05ED9600), frame # 8681
[2020.07.01-07.20.35:157][681]LogAISub: UAISubsystem::UAISubsystem AIPerceptionSystem (00000219A7E9EFC0), frame # 8681
[2020.07.01-07.20.35:158][681]LogPlayLevel: PIE: World Init took: (0.001698s)
[2020.07.01-07.20.35:158][681]LogPlayLevel: PIE: Created PIE world by copying editor world from /Game/Maps/MyMap.MyMap to /Game/Maps/UEDPIE_0_MyMap.MyMap (0.007589s)
[2020.07.01-07.20.35:180][681]LogUObjectHash: Compacting FUObjectHashTables data took   2.84ms
[2020.07.01-07.20.35:181][681]LogAudioMixer: Display: Audio Mixer Platform Settings:
[2020.07.01-07.20.35:181][681]LogAudioMixer: Display: 	Sample Rate:						  48000
[2020.07.01-07.20.35:181][681]LogAudioMixer: Display: 	Callback Buffer Frame Size Requested: 1024
[2020.07.01-07.20.35:182][681]LogAudioMixer: Display: 	Callback Buffer Frame Size To Use:	  1024
[2020.07.01-07.20.35:182][681]LogAudioMixer: Display: 	Number of buffers to queue:			  2
[2020.07.01-07.20.35:182][681]LogAudioMixer: Display: 	Max Channels (voices):				  32
[2020.07.01-07.20.35:182][681]LogAudioMixer: Display: 	Number of Async Source Workers:		  0
[2020.07.01-07.20.35:182][681]LogAudio: Display: AudioDevice MaxSources: 32
[2020.07.01-07.20.35:182][681]LogAudio: Display: Using built-in audio occlusion.
[2020.07.01-07.20.35:182][681]LogAudioMixer: Display: Initializing audio mixer.
[2020.07.01-07.20.35:187][681]LogAudioMixer: Display: 0: FrontLeft
[2020.07.01-07.20.35:187][681]LogAudioMixer: Display: 1: FrontRight
[2020.07.01-07.20.35:235][681]LogAudioMixer: Display: Using Audio Device Headphones (SOUNDPEATS TrueWings  Stereo)
[2020.07.01-07.20.35:235][681]LogAudioMixer: Display: Initializing Sound Submixes...
[2020.07.01-07.20.35:236][681]LogAudioMixer: Display: Creating Master Submix 'MasterSubmixDefault'
[2020.07.01-07.20.35:236][681]LogAudioMixer: Display: Creating Master Submix 'MasterReverbSubmixDefault'
[2020.07.01-07.20.35:237][681]LogAudioMixer: Display: Creating Master Submix 'MasterEQSubmixDefault'
[2020.07.01-07.20.35:261][681]LogInit: FAudioDevice initialized.
[2020.07.01-07.20.35:279][681]LogLoad: Game class is 'BP_TestGameMode_C'
[2020.07.01-07.20.35:281][681]LogWorld: Bringing World /Game/Maps/UEDPIE_0_MyMap.MyMap up for play (max tick rate 60) at 2020.07.01-17.20.35
[2020.07.01-07.20.35:282][681]LogWorld: Bringing up level for play took: 0.002149
[2020.07.01-07.20.35:282][681]LogOnline: OSS: Creating online subsystem instance for: :Context_18
[2020.07.01-07.20.35:289][681]PIE: Server logged in
[2020.07.01-07.20.35:290][681]PIE: Play in editor total start time 0.144 seconds.
[2020.07.01-07.20.42:449][109]LogTemp: Health Changed: 80.0
[2020.07.01-07.20.42:532][114]LogTemp: Health Changed: 60.0
[2020.07.01-07.20.42:633][120]LogTemp: Health Changed: 40.0
[2020.07.01-07.20.42:733][126]LogTemp: Health Changed: 20.0
[2020.07.01-07.20.42:832][132]LogTemp: Health Changed: 0.0
[2020.07.01-07.20.42:833][132]LogBlueprintUserMessages: [BP_TargetDummy2] radial DAMAGE
[2020.07.01-07.20.42:933][138]LogTemp: Health Changed: 0.0
[2020.07.01-07.20.43:033][144]LogTemp: Health Changed: 0.0
[2020.07.01-07.20.49:333][522]LogTemp: Health Changed: 80.0
[2020.07.01-07.20.49:417][527]LogTemp: Health Changed: 60.0
[2020.07.01-07.20.49:517][533]LogTemp: Health Changed: 40.0
[2020.07.01-07.20.49:618][539]LogTemp: Health Changed: 20.0
[2020.07.01-07.20.49:716][545]LogTemp: Health Changed: 0.0
[2020.07.01-07.20.49:817][551]LogTemp: Health Changed: 0.0
[2020.07.01-07.20.49:916][557]LogTemp: Health Changed: 0.0
[2020.07.01-07.20.53:282][759]LogCharacterMovement: BP_PlayerPawn_C_0 is stuck and failed to move! Velocity: X=383.91 Y=-33.24 Z=0.00 Location: X=1057.13 Y=159.90 Z=87.48 Normal: X=0.41 Y=0.89 Z=0.18 PenetrationDepth:2.474 Actor:BP_TargetDummy2 Component:SkeletalMesh BoneName:lowerarm_r (0 other events since notify)
[2020.07.01-07.20.56:683][963]LogTemp: Health Changed: 80.0
[2020.07.01-07.21.13:600][975]LogSlate: Updating window title bar state: overlay mode, drag disabled, window buttons hidden, title bar hidden
[2020.07.01-07.21.13:600][975]LogWorld: BeginTearingDown for /Game/Maps/UEDPIE_0_MyMap
[2020.07.01-07.21.13:601][975]LogWorld: UWorld::CleanupWorld for MyMap, bSessionEnded=true, bCleanupResources=true
[2020.07.01-07.21.13:601][975]LogSlate: InvalidateAllWidgets triggered.  All widgets were invalidated
[2020.07.01-07.21.13:613][975]LogPlayLevel: Display: Shutting down PIE online subsystems
[2020.07.01-07.21.13:617][975]LogSlate: InvalidateAllWidgets triggered.  All widgets were invalidated
[2020.07.01-07.21.13:632][975]LogSlate: Updating window title bar state: overlay mode, drag disabled, window buttons hidden, title bar hidden
[2020.07.01-07.21.13:686][975]LogAISub: UAISubsystem::~UAISubsystem AIPerceptionSystem (00000219A7E9EFC0), frame # 10975
[2020.07.01-07.21.13:686][975]LogAISub: UAISubsystem::~UAISubsystem EnvQueryManager (0000021A05ED9600), frame # 10975
[2020.07.01-07.21.13:688][975]LogUObjectHash: Compacting FUObjectHashTables data took   1.90ms
[2020.07.01-07.21.13:735][976]LogPlayLevel: Display: Destroying online subsystem :Context_18
[2020.07.01-07.21.15:424][ 74]Cmd: OBJ SAVEPACKAGE PACKAGE="/Game/Maps/MyMap" FILE="../../../../../../UnrealTutorialLooman/UnrealTutorialLooman/CoOpGame/Content/Maps/MyMap.umap" SILENT=true AUTOSAVING=false KEEPDIRTY=false
[2020.07.01-07.21.15:445][ 74]LogUObjectHash: Compacting FUObjectHashTables data took   2.12ms
[2020.07.01-07.21.15:496][ 74]LogSavePackage: Moving '../../../../../../UnrealTutorialLooman/UnrealTutorialLooman/CoOpGame/Saved/MyMap766B552B4ECAB54D3406CE9F6879F91C.tmp' to '../../../../../../UnrealTutorialLooman/UnrealTutorialLooman/CoOpGame/Content/Maps/MyMap.umap'
[2020.07.01-07.21.15:552][ 74]Cmd: OBJ SAVEPACKAGE PACKAGE="/Game/Maps/MyMap_BuiltData" FILE="../../../../../../UnrealTutorialLooman/UnrealTutorialLooman/CoOpGame/Content/Maps/MyMap_BuiltData.uasset" SILENT=true
[2020.07.01-07.21.15:603][ 74]LogSavePackage: Moving '../../../../../../UnrealTutorialLooman/UnrealTutorialLooman/CoOpGame/Saved/MyMap_BuiltData95D3B8FF4773FABAD34557B654911E6A.tmp' to '../../../../../../UnrealTutorialLooman/UnrealTutorialLooman/CoOpGame/Content/Maps/MyMap_BuiltData.uasset'
[2020.07.01-07.21.15:627][ 74]AssetCheck: New page: Asset Save: multiple assets
[2020.07.01-07.21.15:627][ 74]LogContentValidation: Display: Validating World /Game/Maps/MyMap.MyMap
[2020.07.01-07.21.15:628][ 74]LogContentValidation: Display: Validating MapBuildDataRegistry /Game/Maps/MyMap_BuiltData.MyMap_BuiltData
[2020.07.01-07.21.16:544][128]LogUObjectHash: Compacting FUObjectHashTables data took   1.95ms
[2020.07.01-07.23.46:778][606]Cmd: OBJ SAVEPACKAGE PACKAGE="/Game/Maps/MyMap" FILE="../../../../../../UnrealTutorialLooman/UnrealTutorialLooman/CoOpGame/Content/Maps/MyMap.umap" SILENT=true AUTOSAVING=false KEEPDIRTY=false
[2020.07.01-07.23.46:808][606]LogUObjectHash: Compacting FUObjectHashTables data took   4.43ms
[2020.07.01-07.23.46:874][606]LogSavePackage: Moving '../../../../../../UnrealTutorialLooman/UnrealTutorialLooman/CoOpGame/Saved/MyMapC60A64B8405751299A6C99BBC61CF0DC.tmp' to '../../../../../../UnrealTutorialLooman/UnrealTutorialLooman/CoOpGame/Content/Maps/MyMap.umap'
[2020.07.01-07.23.46:939][606]Cmd: OBJ SAVEPACKAGE PACKAGE="/Game/Maps/MyMap_BuiltData" FILE="../../../../../../UnrealTutorialLooman/UnrealTutorialLooman/CoOpGame/Content/Maps/MyMap_BuiltData.uasset" SILENT=true
[2020.07.01-07.23.46:983][606]LogSavePackage: Moving '../../../../../../UnrealTutorialLooman/UnrealTutorialLooman/CoOpGame/Saved/MyMap_BuiltDataAAA8A73241501B38F90CE39818458430.tmp' to '../../../../../../UnrealTutorialLooman/UnrealTutorialLooman/CoOpGame/Content/Maps/MyMap_BuiltData.uasset'
[2020.07.01-07.23.47:010][606]AssetCheck: New page: Asset Save: multiple assets
[2020.07.01-07.23.47:011][606]LogContentValidation: Display: Validating World /Game/Maps/MyMap.MyMap
[2020.07.01-07.23.47:011][606]LogContentValidation: Display: Validating MapBuildDataRegistry /Game/Maps/MyMap_BuiltData.MyMap_BuiltData
[2020.07.01-07.23.48:153][670]LogUObjectHash: Compacting FUObjectHashTables data took   0.72ms
