Log file open, 07/04/20 20:35:58
LogInit: Display: Running engine for game: CoOpGame
LogPlatformFile: Not using cached read wrapper
LogTaskGraph: Started task graph with 5 named threads and 20 total threads with 3 sets of task threads.
LogStats: Stats thread started at 2.036428
LogD3D11RHI: Loaded GFSDK_Aftermath_Lib.x64.dll
LogICUInternationalization: ICU TimeZone Detection - Raw Offset: +10:00, Platform Override: ''
LogPluginManager: Mounting plugin Paper2D
LogPluginManager: Mounting plugin AISupport
LogPluginManager: Mounting plugin LightPropagationVolume
LogPluginManager: Mounting plugin CameraShakePreviewer
LogPluginManager: Mounting plugin ActorLayerUtilities
LogPluginManager: Mounting plugin AnimationSharing
LogPluginManager: Mounting plugin CLionSourceCodeAccess
LogPluginManager: Mounting plugin CodeLiteSourceCodeAccess
LogPluginManager: Mounting plugin GitSourceControl
LogPluginManager: Mounting plugin KDevelopSourceCodeAccess
LogPluginManager: Mounting plugin NullSourceCodeAccess
LogPluginManager: Mounting plugin PerforceSourceControl
LogPluginManager: Mounting plugin PlasticSourceControl
LogPluginManager: Mounting plugin RiderSourceCodeAccess
LogPluginManager: Mounting plugin SubversionSourceControl
LogPluginManager: Mounting plugin UObjectPlugin
LogPluginManager: Mounting plugin VisualStudioCodeSourceCodeAccess
LogPluginManager: Mounting plugin VisualStudioSourceCodeAccess
LogPluginManager: Mounting plugin XCodeSourceCodeAccess
LogPluginManager: Mounting plugin AssetManagerEditor
LogPluginManager: Mounting plugin CryptoKeys
LogPluginManager: Mounting plugin CurveEditorTools
LogPluginManager: Mounting plugin DataValidation
LogPluginManager: Mounting plugin EditorScriptingUtilities
LogPluginManager: Mounting plugin FacialAnimation
LogPluginManager: Mounting plugin GameplayTagsEditor
LogPluginManager: Mounting plugin GeometryMode
LogPluginManager: Mounting plugin MacGraphicsSwitching
LogPluginManager: Mounting plugin MaterialAnalyzer
LogPluginManager: Mounting plugin MobileLauncherProfileWizard
LogPluginManager: Mounting plugin PluginBrowser
LogPluginManager: Mounting plugin SpeedTreeImporter
LogPluginManager: Mounting plugin DatasmithContent
LogPluginManager: Mounting plugin VariantManagerContent
LogPluginManager: Mounting plugin AlembicImporter
LogPluginManager: Mounting plugin AutomationUtils
LogPluginManager: Mounting plugin BackChannel
LogPluginManager: Mounting plugin ChaosCloth
LogPluginManager: Mounting plugin ChaosClothEditor
LogPluginManager: Mounting plugin ChaosEditor
LogPluginManager: Mounting plugin ChaosNiagara
LogPluginManager: Mounting plugin ChaosSolverPlugin
LogPluginManager: Mounting plugin CharacterAI
LogPluginManager: Mounting plugin GeometryCache
LogPluginManager: Mounting plugin GeometryCollectionPlugin
LogPluginManager: Mounting plugin GeometryProcessing
LogPluginManager: Mounting plugin PlanarCut
LogPluginManager: Mounting plugin PlatformCrypto
LogPluginManager: Mounting plugin ProxyLODPlugin
LogPluginManager: Mounting plugin SkeletalReduction
LogPluginManager: Mounting plugin Niagara
LogPluginManager: Mounting plugin MagicLeap
LogPluginManager: Mounting plugin MagicLeapLightEstimation
LogPluginManager: Mounting plugin MagicLeapMedia
LogPluginManager: Mounting plugin MagicLeapPassableWorld
LogPluginManager: Mounting plugin MLSDK
LogPluginManager: Mounting plugin AndroidMedia
LogPluginManager: Mounting plugin AvfMedia
LogPluginManager: Mounting plugin ImgMedia
LogPluginManager: Mounting plugin MediaCompositing
LogPluginManager: Mounting plugin MediaPlayerEditor
LogPluginManager: Mounting plugin WebMMedia
LogPluginManager: Mounting plugin WmfMedia
LogPluginManager: Mounting plugin MeshPainting
LogPluginManager: Mounting plugin TcpMessaging
LogPluginManager: Mounting plugin UdpMessaging
LogPluginManager: Mounting plugin ActorSequence
LogPluginManager: Mounting plugin LevelSequenceEditor
LogPluginManager: Mounting plugin MatineeToLevelSequence
LogPluginManager: Mounting plugin MovieRenderPipeline
LogPluginManager: Mounting plugin TemplateSequence
LogPluginManager: Mounting plugin NetcodeUnitTest
LogPluginManager: Mounting plugin NUTUnrealEngine4
LogPluginManager: Mounting plugin OnlineSubsystemGooglePlay
LogPluginManager: Mounting plugin OnlineSubsystemIOS
LogPluginManager: Mounting plugin OnlineSubsystem
LogPluginManager: Mounting plugin OnlineSubsystemNull
LogPluginManager: Mounting plugin OnlineSubsystemUtils
LogPluginManager: Mounting plugin LauncherChunkInstaller
LogPluginManager: Mounting plugin AndroidDeviceProfileSelector
LogPluginManager: Mounting plugin AndroidMoviePlayer
LogPluginManager: Mounting plugin AndroidPermission
LogPluginManager: Mounting plugin AppleImageUtils
LogPluginManager: Mounting plugin AppleMoviePlayer
LogPluginManager: Mounting plugin ArchVisCharacter
LogPluginManager: Mounting plugin AssetTags
LogPluginManager: Mounting plugin AudioCapture
LogPluginManager: Mounting plugin CableComponent
LogPluginManager: Mounting plugin CustomMeshComponent
LogPluginManager: Mounting plugin EditableMesh
LogPluginManager: Mounting plugin ExampleDeviceProfileSelector
LogPluginManager: Mounting plugin GoogleCloudMessaging
LogPluginManager: Mounting plugin GooglePAD
LogPluginManager: Mounting plugin IOSDeviceProfileSelector
LogPluginManager: Mounting plugin LinuxDeviceProfileSelector
LogPluginManager: Mounting plugin LocationServicesBPLibrary
LogPluginManager: Mounting plugin MobilePatchingUtils
LogPluginManager: Mounting plugin OculusVR
LogPluginManager: Mounting plugin PhysXVehicles
LogPluginManager: Mounting plugin PostSplashScreen
LogPluginManager: Mounting plugin ProceduralMeshComponent
LogPluginManager: Mounting plugin RuntimePhysXCooking
LogPluginManager: Mounting plugin SignificanceManager
LogPluginManager: Mounting plugin SoundFields
LogPluginManager: Mounting plugin SteamVR
LogPluginManager: Mounting plugin Synthesis
LogPluginManager: Mounting plugin WebMMoviePlayer
LogPluginManager: Mounting plugin WindowsMoviePlayer
LogPluginManager: Mounting plugin ScreenshotTools
LogInit: Using libcurl 7.55.1-DEV
LogInit:  - built for x86_64-pc-win32
LogInit:  - supports SSL with OpenSSL/1.1.1
LogInit:  - supports HTTP deflate (compression) using libz 1.2.8
LogInit:  - other features:
LogInit:      CURL_VERSION_SSL
LogInit:      CURL_VERSION_LIBZ
LogInit:      CURL_VERSION_IPV6
LogInit:      CURL_VERSION_ASYNCHDNS
LogInit:      CURL_VERSION_LARGEFILE
LogInit:      CURL_VERSION_IDN
LogInit:  CurlRequestOptions (configurable via config and command line):
LogInit:  - bVerifyPeer = true  - Libcurl will verify peer certificate
LogInit:  - bUseHttpProxy = false  - Libcurl will NOT use HTTP proxy
LogInit:  - bDontReuseConnections = false  - Libcurl will reuse connections
LogInit:  - MaxHostConnections = 16  - Libcurl will limit the number of connections to a host
LogInit:  - LocalHostAddr = Default
LogInit:  - BufferSize = 65536
LogOnline: OSS: Creating online subsystem instance for: NULL
LogInit: WinSock: version 1.1 (2.2), MaxSocks=32767, MaxUdp=65467
LogOnline: OSS: TryLoadSubsystemAndSetDefault: Loaded subsystem for module [NULL]
LogOculusPluginWrapper: OculusPlugin initialized successfully
LogInit: Build: ++UE4+Release-4.25-CL-13594126
LogInit: Engine Version: 4.25.1-13594126+++UE4+Release-4.25
LogInit: Compatible Engine Version: 4.25.0-13144385+++UE4+Release-4.25
LogInit: Net CL: 13144385
LogInit: OS: Windows 10 (Release 1903) (), CPU: Intel(R) Core(TM) i5-8400 CPU @ 2.80GHz, GPU: NVIDIA GeForce GTX 1070
LogInit: Compiled (64-bit): Jun  2 2020 02:10:36
LogInit: Compiled with Visual C++: 19.24.28315.00
LogInit: Build Configuration: Development
LogInit: Branch Name: ++UE4+Release-4.25
LogInit: Command Line:  -skipcompile
LogInit: Base Directory: F:/UnrealEngine/UE_4.25/Engine/Binaries/Win64/
LogInit: Allocator: TBB
LogInit: Installed Engine Build: 1
LogDevObjectVersion: Number of dev versions registered: 26
LogDevObjectVersion:   Dev-Blueprints (B0D832E4-1F89-4F0D-ACCF-7EB736FD4AA2): 10
LogDevObjectVersion:   Dev-Build (E1C64328-A22C-4D53-A36C-8E866417BD8C): 0
LogDevObjectVersion:   Dev-Core (375EC13C-06E4-48FB-B500-84F0262A717E): 4
LogDevObjectVersion:   Dev-Editor (E4B068ED-F494-42E9-A231-DA0B2E46BB41): 38
LogDevObjectVersion:   Dev-Framework (CFFC743F-43B0-4480-9391-14DF171D2073): 37
LogDevObjectVersion:   Dev-Mobile (B02B49B5-BB20-44E9-A304-32B752E40360): 2
LogDevObjectVersion:   Dev-Networking (A4E4105C-59A1-49B5-A7C5-40C4547EDFEE): 0
LogDevObjectVersion:   Dev-Online (39C831C9-5AE6-47DC-9A44-9C173E1C8E7C): 0
LogDevObjectVersion:   Dev-Physics (78F01B33-EBEA-4F98-B9B4-84EACCB95AA2): 4
LogDevObjectVersion:   Dev-Platform (6631380F-2D4D-43E0-8009-CF276956A95A): 0
LogDevObjectVersion:   Dev-Rendering (12F88B9F-8875-4AFC-A67C-D90C383ABD29): 43
LogDevObjectVersion:   Dev-Sequencer (7B5AE74C-D270-4C10-A958-57980B212A5A): 12
LogDevObjectVersion:   Dev-VR (D7296918-1DD6-4BDD-9DE2-64A83CC13884): 3
LogDevObjectVersion:   Dev-LoadTimes (C2A15278-BFE7-4AFE-6C17-90FF531DF755): 1
LogDevObjectVersion:   Private-Geometry (6EACA3D4-40EC-4CC1-B786-8BED09428FC5): 3
LogDevObjectVersion:   Dev-AnimPhys (29E575DD-E0A3-4627-9D10-D276232CDCEA): 17
LogDevObjectVersion:   Dev-Anim (AF43A65D-7FD3-4947-9873-3E8ED9C1BB05): 7
LogDevObjectVersion:   Dev-ReflectionCapture (6B266CEC-1EC7-4B8F-A30B-E4D90942FC07): 1
LogDevObjectVersion:   Dev-Automation (0DF73D61-A23F-47EA-B727-89E90C41499A): 1
LogDevObjectVersion:   FortniteMain (601D1886-AC64-4F84-AA16-D3DE0DEAC7D6): 31
LogDevObjectVersion:   Dev-Enterprise (9DFFBCD6-494F-0158-E221-12823C92A888): 10
LogDevObjectVersion:   Dev-Niagara (F2AED0AC-9AFE-416F-8664-AA7FFA26D6FC): 1
LogDevObjectVersion:   Dev-Destruction (174F1F0B-B4C6-45A5-B13F-2EE8D0FB917D): 10
LogDevObjectVersion:   Dev-Physics-Ext (35F94A83-E258-406C-A318-09F59610247C): 37
LogDevObjectVersion:   Dev-PhysicsMaterial-Chaos (B68FC16E-8B1B-42E2-B453-215C058844FE): 1
LogDevObjectVersion:   Dev-CineCamera (B2E18506-4273-CFC2-A54E-F4BB758BBA07): 1
LogInit: Presizing for max 25165824 objects, including 0 objects not considered by GC, pre-allocating 0 bytes for permanent pool.
LogConfig: Applying CVar settings from Section [/Script/Engine.StreamingSettings] File [F:/UnrealTutorialLooman/CoOpGame/Saved/Config/Windows/Engine.ini]
LogConfig: Setting CVar [[s.MinBulkDataSizeForAsyncLoading:131072]]
LogConfig: Setting CVar [[s.AsyncLoadingThreadEnabled:0]]
LogConfig: Setting CVar [[s.EventDrivenLoaderEnabled:1]]
LogConfig: Setting CVar [[s.WarnIfTimeLimitExceeded:0]]
LogConfig: Setting CVar [[s.TimeLimitExceededMultiplier:1.5]]
LogConfig: Setting CVar [[s.TimeLimitExceededMinTime:0.005]]
LogConfig: Setting CVar [[s.UseBackgroundLevelStreaming:1]]
LogConfig: Setting CVar [[s.PriorityAsyncLoadingExtraTime:15.0]]
LogConfig: Setting CVar [[s.LevelStreamingActorsUpdateTimeLimit:5.0]]
LogConfig: Setting CVar [[s.PriorityLevelStreamingActorsUpdateExtraTime:5.0]]
LogConfig: Setting CVar [[s.LevelStreamingComponentsRegistrationGranularity:10]]
LogConfig: Setting CVar [[s.UnregisterComponentsTimeLimit:1.0]]
LogConfig: Setting CVar [[s.LevelStreamingComponentsUnregistrationGranularity:5]]
LogConfig: Setting CVar [[s.FlushStreamingOnExit:1]]
LogInit: Object subsystem initialized
LogConfig: Setting CVar [[con.DebugEarlyDefault:1]]
LogConfig: Setting CVar [[r.setres:1280x720]]
[2020.07.04-10.35.58:999][  0]LogConfig: Setting CVar [[r.VSync:0]]
[2020.07.04-10.35.58:999][  0]LogConfig: Setting CVar [[r.RHICmdBypass:0]]
[2020.07.04-10.35.58:999][  0]LogConfig: Applying CVar settings from Section [/Script/Engine.RendererSettings] File [F:/UnrealTutorialLooman/CoOpGame/Saved/Config/Windows/Engine.ini]
[2020.07.04-10.35.58:999][  0]LogConfig: Setting CVar [[r.GPUCrashDebugging:0]]
[2020.07.04-10.35.58:999][  0]LogConfig: Applying CVar settings from Section [/Script/Engine.RendererOverrideSettings] File [F:/UnrealTutorialLooman/CoOpGame/Saved/Config/Windows/Engine.ini]
[2020.07.04-10.35.58:999][  0]LogConfig: Applying CVar settings from Section [/Script/Engine.StreamingSettings] File [F:/UnrealTutorialLooman/CoOpGame/Saved/Config/Windows/Engine.ini]
[2020.07.04-10.35.58:999][  0]LogConfig: Setting CVar [[s.MinBulkDataSizeForAsyncLoading:131072]]
[2020.07.04-10.35.58:999][  0]LogConfig: Setting CVar [[s.AsyncLoadingThreadEnabled:0]]
[2020.07.04-10.35.58:999][  0]LogConfig: Setting CVar [[s.EventDrivenLoaderEnabled:1]]
[2020.07.04-10.35.58:999][  0]LogConfig: Setting CVar [[s.WarnIfTimeLimitExceeded:0]]
[2020.07.04-10.35.59:000][  0]LogConfig: Setting CVar [[s.TimeLimitExceededMultiplier:1.5]]
[2020.07.04-10.35.59:000][  0]LogConfig: Setting CVar [[s.TimeLimitExceededMinTime:0.005]]
[2020.07.04-10.35.59:000][  0]LogConfig: Setting CVar [[s.UseBackgroundLevelStreaming:1]]
[2020.07.04-10.35.59:000][  0]LogConfig: Setting CVar [[s.PriorityAsyncLoadingExtraTime:15.0]]
[2020.07.04-10.35.59:000][  0]LogConfig: Setting CVar [[s.LevelStreamingActorsUpdateTimeLimit:5.0]]
[2020.07.04-10.35.59:000][  0]LogConfig: Setting CVar [[s.PriorityLevelStreamingActorsUpdateExtraTime:5.0]]
[2020.07.04-10.35.59:000][  0]LogConfig: Setting CVar [[s.LevelStreamingComponentsRegistrationGranularity:10]]
[2020.07.04-10.35.59:000][  0]LogConfig: Setting CVar [[s.UnregisterComponentsTimeLimit:1.0]]
[2020.07.04-10.35.59:000][  0]LogConfig: Setting CVar [[s.LevelStreamingComponentsUnregistrationGranularity:5]]
[2020.07.04-10.35.59:000][  0]LogConfig: Setting CVar [[s.FlushStreamingOnExit:1]]
[2020.07.04-10.35.59:000][  0]LogConfig: Applying CVar settings from Section [/Script/Engine.GarbageCollectionSettings] File [F:/UnrealTutorialLooman/CoOpGame/Saved/Config/Windows/Engine.ini]
[2020.07.04-10.35.59:000][  0]LogConfig: Setting CVar [[gc.MaxObjectsNotConsideredByGC:1]]
[2020.07.04-10.35.59:000][  0]LogConfig: Setting CVar [[gc.SizeOfPermanentObjectPool:0]]
[2020.07.04-10.35.59:000][  0]LogConfig: Setting CVar [[gc.FlushStreamingOnGC:0]]
[2020.07.04-10.35.59:000][  0]LogConfig: Setting CVar [[gc.NumRetriesBeforeForcingGC:10]]
[2020.07.04-10.35.59:000][  0]LogConfig: Setting CVar [[gc.AllowParallelGC:1]]
[2020.07.04-10.35.59:000][  0]LogConfig: Setting CVar [[gc.TimeBetweenPurgingPendingKillObjects:61.1]]
[2020.07.04-10.35.59:000][  0]LogConfig: Setting CVar [[gc.MaxObjectsInEditor:25165824]]
[2020.07.04-10.35.59:000][  0]LogConfig: Setting CVar [[gc.IncrementalBeginDestroyEnabled:1]]
[2020.07.04-10.35.59:000][  0]LogConfig: Setting CVar [[gc.CreateGCClusters:1]]
[2020.07.04-10.35.59:000][  0]LogConfig: Setting CVar [[gc.MinGCClusterSize:5]]
[2020.07.04-10.35.59:000][  0]LogConfig: Setting CVar [[gc.ActorClusteringEnabled:0]]
[2020.07.04-10.35.59:001][  0]LogConfig: Setting CVar [[gc.BlueprintClusteringEnabled:0]]
[2020.07.04-10.35.59:001][  0]LogConfig: Setting CVar [[gc.UseDisregardForGCOnDedicatedServers:0]]
[2020.07.04-10.35.59:001][  0]LogConfig: Applying CVar settings from Section [/Script/Engine.NetworkSettings] File [F:/UnrealTutorialLooman/CoOpGame/Saved/Config/Windows/Engine.ini]
[2020.07.04-10.35.59:001][  0]LogConfig: Applying CVar settings from Section [/Script/UnrealEd.CookerSettings] File [F:/UnrealTutorialLooman/CoOpGame/Saved/Config/Windows/Engine.ini]
[2020.07.04-10.35.59:006][  0]LogConfig: Applying CVar settings from Section [ViewDistanceQuality@3] File [F:/UnrealTutorialLooman/CoOpGame/Saved/Config/Windows/Scalability.ini]
[2020.07.04-10.35.59:007][  0]LogConfig: Setting CVar [[r.SkeletalMeshLODBias:0]]
[2020.07.04-10.35.59:007][  0]LogConfig: Setting CVar [[r.ViewDistanceScale:1.0]]
[2020.07.04-10.35.59:007][  0]LogConfig: Applying CVar settings from Section [AntiAliasingQuality@3] File [F:/UnrealTutorialLooman/CoOpGame/Saved/Config/Windows/Scalability.ini]
[2020.07.04-10.35.59:007][  0]LogConfig: Setting CVar [[r.PostProcessAAQuality:4]]
[2020.07.04-10.35.59:007][  0]LogConfig: Applying CVar settings from Section [ShadowQuality@3] File [F:/UnrealTutorialLooman/CoOpGame/Saved/Config/Windows/Scalability.ini]
[2020.07.04-10.35.59:007][  0]LogConfig: Setting CVar [[r.LightFunctionQuality:1]]
[2020.07.04-10.35.59:007][  0]LogConfig: Setting CVar [[r.ShadowQuality:5]]
[2020.07.04-10.35.59:007][  0]LogConfig: Setting CVar [[r.Shadow.CSM.MaxCascades:10]]
[2020.07.04-10.35.59:007][  0]LogConfig: Setting CVar [[r.Shadow.MaxResolution:2048]]
[2020.07.04-10.35.59:007][  0]LogConfig: Setting CVar [[r.Shadow.MaxCSMResolution:2048]]
[2020.07.04-10.35.59:007][  0]LogConfig: Setting CVar [[r.Shadow.RadiusThreshold:0.01]]
[2020.07.04-10.35.59:007][  0]LogConfig: Setting CVar [[r.Shadow.DistanceScale:1.0]]
[2020.07.04-10.35.59:007][  0]LogConfig: Setting CVar [[r.Shadow.CSM.TransitionScale:1.0]]
[2020.07.04-10.35.59:007][  0]LogConfig: Setting CVar [[r.Shadow.PreShadowResolutionFactor:1.0]]
[2020.07.04-10.35.59:007][  0]LogConfig: Setting CVar [[r.DistanceFieldShadowing:1]]
[2020.07.04-10.35.59:007][  0]LogConfig: Setting CVar [[r.DistanceFieldAO:1]]
[2020.07.04-10.35.59:007][  0]LogConfig: Setting CVar [[r.AOQuality:2]]
[2020.07.04-10.35.59:007][  0]LogConfig: Setting CVar [[r.VolumetricFog:1]]
[2020.07.04-10.35.59:007][  0]LogConfig: Setting CVar [[r.VolumetricFog.GridPixelSize:8]]
[2020.07.04-10.35.59:007][  0]LogConfig: Setting CVar [[r.VolumetricFog.GridSizeZ:128]]
[2020.07.04-10.35.59:007][  0]LogConfig: Setting CVar [[r.VolumetricFog.HistoryMissSupersampleCount:4]]
[2020.07.04-10.35.59:008][  0]LogConfig: Setting CVar [[r.LightMaxDrawDistanceScale:1]]
[2020.07.04-10.35.59:008][  0]LogConfig: Setting CVar [[r.CapsuleShadows:1]]
[2020.07.04-10.35.59:008][  0]LogConfig: Applying CVar settings from Section [PostProcessQuality@3] File [F:/UnrealTutorialLooman/CoOpGame/Saved/Config/Windows/Scalability.ini]
[2020.07.04-10.35.59:008][  0]LogConfig: Setting CVar [[r.MotionBlurQuality:4]]
[2020.07.04-10.35.59:008][  0]LogConfig: Setting CVar [[r.AmbientOcclusionMipLevelFactor:0.4]]
[2020.07.04-10.35.59:008][  0]LogConfig: Setting CVar [[r.AmbientOcclusionMaxQuality:100]]
[2020.07.04-10.35.59:008][  0]LogConfig: Setting CVar [[r.AmbientOcclusionLevels:-1]]
[2020.07.04-10.35.59:008][  0]LogConfig: Setting CVar [[r.AmbientOcclusionRadiusScale:1.0]]
[2020.07.04-10.35.59:008][  0]LogConfig: Setting CVar [[r.DepthOfFieldQuality:2]]
[2020.07.04-10.35.59:008][  0]LogConfig: Setting CVar [[r.RenderTargetPoolMin:400]]
[2020.07.04-10.35.59:008][  0]LogConfig: Setting CVar [[r.LensFlareQuality:2]]
[2020.07.04-10.35.59:008][  0]LogConfig: Setting CVar [[r.SceneColorFringeQuality:1]]
[2020.07.04-10.35.59:008][  0]LogConfig: Setting CVar [[r.EyeAdaptationQuality:2]]
[2020.07.04-10.35.59:008][  0]LogConfig: Setting CVar [[r.BloomQuality:5]]
[2020.07.04-10.35.59:008][  0]LogConfig: Setting CVar [[r.FastBlurThreshold:100]]
[2020.07.04-10.35.59:008][  0]LogConfig: Setting CVar [[r.Upscale.Quality:3]]
[2020.07.04-10.35.59:008][  0]LogConfig: Setting CVar [[r.Tonemapper.GrainQuantization:1]]
[2020.07.04-10.35.59:008][  0]LogConfig: Setting CVar [[r.LightShaftQuality:1]]
[2020.07.04-10.35.59:008][  0]LogConfig: Setting CVar [[r.Filter.SizeScale:1]]
[2020.07.04-10.35.59:008][  0]LogConfig: Setting CVar [[r.Tonemapper.Quality:5]]
[2020.07.04-10.35.59:008][  0]LogConfig: Setting CVar [[r.DOF.Gather.AccumulatorQuality:1        ; higher gathering accumulator quality]]
[2020.07.04-10.35.59:008][  0]LogConfig: Setting CVar [[r.DOF.Gather.PostfilterMethod:1          ; Median3x3 postfilering method]]
[2020.07.04-10.35.59:008][  0]LogConfig: Setting CVar [[r.DOF.Gather.EnableBokehSettings:0       ; no bokeh simulation when gathering]]
[2020.07.04-10.35.59:009][  0]LogConfig: Setting CVar [[r.DOF.Gather.RingCount:4                 ; medium number of samples when gathering]]
[2020.07.04-10.35.59:009][  0]LogConfig: Setting CVar [[r.DOF.Scatter.ForegroundCompositing:1    ; additive foreground scattering]]
[2020.07.04-10.35.59:009][  0]LogConfig: Setting CVar [[r.DOF.Scatter.BackgroundCompositing:2    ; additive background scattering]]
[2020.07.04-10.35.59:009][  0]LogConfig: Setting CVar [[r.DOF.Scatter.EnableBokehSettings:1      ; bokeh simulation when scattering]]
[2020.07.04-10.35.59:009][  0]LogConfig: Setting CVar [[r.DOF.Scatter.MaxSpriteRatio:0.1         ; only a maximum of 10% of scattered bokeh]]
[2020.07.04-10.35.59:009][  0]LogConfig: Setting CVar [[r.DOF.Recombine.Quality:1                ; cheap slight out of focus]]
[2020.07.04-10.35.59:009][  0]LogConfig: Setting CVar [[r.DOF.Recombine.EnableBokehSettings:0    ; no bokeh simulation on slight out of focus]]
[2020.07.04-10.35.59:009][  0]LogConfig: Setting CVar [[r.DOF.TemporalAAQuality:1                ; more stable temporal accumulation]]
[2020.07.04-10.35.59:009][  0]LogConfig: Setting CVar [[r.DOF.Kernel.MaxForegroundRadius:0.025]]
[2020.07.04-10.35.59:009][  0]LogConfig: Setting CVar [[r.DOF.Kernel.MaxBackgroundRadius:0.025]]
[2020.07.04-10.35.59:009][  0]LogConfig: Applying CVar settings from Section [TextureQuality@3] File [F:/UnrealTutorialLooman/CoOpGame/Saved/Config/Windows/Scalability.ini]
[2020.07.04-10.35.59:009][  0]LogConfig: Setting CVar [[r.Streaming.MipBias:0]]
[2020.07.04-10.35.59:009][  0]LogConfig: Setting CVar [[r.Streaming.AmortizeCPUToGPUCopy:0]]
[2020.07.04-10.35.59:009][  0]LogConfig: Setting CVar [[r.Streaming.MaxNumTexturesToStreamPerFrame:0]]
[2020.07.04-10.35.59:009][  0]LogConfig: Setting CVar [[r.Streaming.Boost:1]]
[2020.07.04-10.35.59:009][  0]LogConfig: Setting CVar [[r.MaxAnisotropy:8]]
[2020.07.04-10.35.59:009][  0]LogConfig: Setting CVar [[r.VT.MaxAnisotropy:8]]
[2020.07.04-10.35.59:009][  0]LogConfig: Setting CVar [[r.Streaming.LimitPoolSizeToVRAM:0]]
[2020.07.04-10.35.59:009][  0]LogConfig: Setting CVar [[r.Streaming.PoolSize:1000]]
[2020.07.04-10.35.59:009][  0]LogConfig: Setting CVar [[r.Streaming.MaxEffectiveScreenSize:0]]
[2020.07.04-10.35.59:009][  0]LogConfig: Applying CVar settings from Section [EffectsQuality@3] File [F:/UnrealTutorialLooman/CoOpGame/Saved/Config/Windows/Scalability.ini]
[2020.07.04-10.35.59:009][  0]LogConfig: Setting CVar [[r.TranslucencyLightingVolumeDim:64]]
[2020.07.04-10.35.59:010][  0]LogConfig: Setting CVar [[r.RefractionQuality:2]]
[2020.07.04-10.35.59:010][  0]LogConfig: Setting CVar [[r.SSR.Quality:3]]
[2020.07.04-10.35.59:010][  0]LogConfig: Setting CVar [[r.SSR.HalfResSceneColor:0]]
[2020.07.04-10.35.59:010][  0]LogConfig: Setting CVar [[r.SceneColorFormat:4]]
[2020.07.04-10.35.59:010][  0]LogConfig: Setting CVar [[r.DetailMode:2]]
[2020.07.04-10.35.59:010][  0]LogConfig: Setting CVar [[r.TranslucencyVolumeBlur:1]]
[2020.07.04-10.35.59:010][  0]LogConfig: Setting CVar [[r.MaterialQualityLevel:1 ; High quality]]
[2020.07.04-10.35.59:010][  0]LogConfig: Setting CVar [[r.SSS.Scale:1]]
[2020.07.04-10.35.59:010][  0]LogConfig: Setting CVar [[r.SSS.SampleSet:2]]
[2020.07.04-10.35.59:010][  0]LogConfig: Setting CVar [[r.SSS.Quality:1]]
[2020.07.04-10.35.59:010][  0]LogConfig: Setting CVar [[r.SSS.HalfRes:0]]
[2020.07.04-10.35.59:010][  0]LogConfig: Setting CVar [[r.SSGI.Quality:3]]
[2020.07.04-10.35.59:010][  0]LogConfig: Setting CVar [[r.EmitterSpawnRateScale:1.0]]
[2020.07.04-10.35.59:010][  0]LogConfig: Setting CVar [[r.ParticleLightQuality:2]]
[2020.07.04-10.35.59:010][  0]LogConfig: Setting CVar [[r.SkyAtmosphere.AerialPerspectiveLUT.FastApplyOnOpaque:1 ; Always have FastSkyLUT 1 in this case to avoid wrong sky]]
[2020.07.04-10.35.59:010][  0]LogConfig: Setting CVar [[r.SkyAtmosphere.AerialPerspectiveLUT.SampleCountPerSlice:1]]
[2020.07.04-10.35.59:010][  0]LogConfig: Setting CVar [[r.SkyAtmosphere.AerialPerspectiveLUT.DepthResolution:16.0]]
[2020.07.04-10.35.59:010][  0]LogConfig: Setting CVar [[r.SkyAtmosphere.FastSkyLUT:1]]
[2020.07.04-10.35.59:010][  0]LogConfig: Setting CVar [[r.SkyAtmosphere.FastSkyLUT.SampleCountMin:4.0]]
[2020.07.04-10.35.59:010][  0]LogConfig: Setting CVar [[r.SkyAtmosphere.FastSkyLUT.SampleCountMax:32.0]]
[2020.07.04-10.35.59:010][  0]LogConfig: Setting CVar [[r.SkyAtmosphere.SampleCountMin:4.0]]
[2020.07.04-10.35.59:010][  0]LogConfig: Setting CVar [[r.SkyAtmosphere.SampleCountMax:32.0]]
[2020.07.04-10.35.59:010][  0]LogConfig: Setting CVar [[r.SkyAtmosphere.TransmittanceLUT.UseSmallFormat:0]]
[2020.07.04-10.35.59:010][  0]LogConfig: Setting CVar [[r.SkyAtmosphere.TransmittanceLUT.SampleCount:10.0]]
[2020.07.04-10.35.59:011][  0]LogConfig: Setting CVar [[r.SkyAtmosphere.MultiScatteringLUT.SampleCount:15.0]]
[2020.07.04-10.35.59:011][  0]LogConfig: Applying CVar settings from Section [FoliageQuality@3] File [F:/UnrealTutorialLooman/CoOpGame/Saved/Config/Windows/Scalability.ini]
[2020.07.04-10.35.59:011][  0]LogConfig: Setting CVar [[foliage.DensityScale:1.0]]
[2020.07.04-10.35.59:011][  0]LogConfig: Setting CVar [[grass.DensityScale:1.0]]
[2020.07.04-10.35.59:011][  0]LogConfig: Applying CVar settings from Section [ShadingQuality@3] File [F:/UnrealTutorialLooman/CoOpGame/Saved/Config/Windows/Scalability.ini]
[2020.07.04-10.35.59:011][  0]LogConfig: Setting CVar [[r.HairStrands.SkyLighting.SampleCount:16]]
[2020.07.04-10.35.59:011][  0]LogConfig: Setting CVar [[r.HairStrands.SkyLighting.JitterIntegration:0]]
[2020.07.04-10.35.59:011][  0]LogConfig: Setting CVar [[r.HairStrands.SkyAO.SampleCount:16]]
[2020.07.04-10.35.59:011][  0]LogConfig: Setting CVar [[r.HairStrands.DeepShadow.SuperSampling:0]]
[2020.07.04-10.35.59:011][  0]LogConfig: Setting CVar [[r.HairStrands.VisibilityPPLL:0]]
[2020.07.04-10.35.59:011][  0]LogConfig: Setting CVar [[r.HairStrands.RasterizationScale:0.5]]
[2020.07.04-10.35.59:011][  0]LogConfig: Setting CVar [[r.HairStrands.VelocityRasterizationScale:1]]
[2020.07.04-10.35.59:011][  0]LogInit: Selected Device Profile: [Windows]
[2020.07.04-10.35.59:011][  0]LogInit: Applying CVar settings loaded from the selected device profile: [Windows]
[2020.07.04-10.35.59:011][  0]LogHAL: Display: Platform has ~ 16 GB [17088675840 / 17179869184 / 16], which maps to Larger [LargestMinGB=32, LargerMinGB=12, DefaultMinGB=8, SmallerMinGB=6, SmallestMinGB=0)
[2020.07.04-10.35.59:011][  0]LogInit: Going up to parent DeviceProfile []
[2020.07.04-10.35.59:011][  0]LogConfig: Applying CVar settings from Section [ViewDistanceQuality@3] File [F:/UnrealTutorialLooman/CoOpGame/Saved/Config/Windows/Scalability.ini]
[2020.07.04-10.35.59:011][  0]LogConfig: Setting CVar [[r.SkeletalMeshLODBias:0]]
[2020.07.04-10.35.59:011][  0]LogConfig: Setting CVar [[r.ViewDistanceScale:1.0]]
[2020.07.04-10.35.59:012][  0]LogConfig: Applying CVar settings from Section [AntiAliasingQuality@3] File [F:/UnrealTutorialLooman/CoOpGame/Saved/Config/Windows/Scalability.ini]
[2020.07.04-10.35.59:012][  0]LogConfig: Setting CVar [[r.PostProcessAAQuality:4]]
[2020.07.04-10.35.59:012][  0]LogConfig: Applying CVar settings from Section [ShadowQuality@3] File [F:/UnrealTutorialLooman/CoOpGame/Saved/Config/Windows/Scalability.ini]
[2020.07.04-10.35.59:012][  0]LogConfig: Setting CVar [[r.LightFunctionQuality:1]]
[2020.07.04-10.35.59:012][  0]LogConfig: Setting CVar [[r.ShadowQuality:5]]
[2020.07.04-10.35.59:012][  0]LogConfig: Setting CVar [[r.Shadow.CSM.MaxCascades:10]]
[2020.07.04-10.35.59:012][  0]LogConfig: Setting CVar [[r.Shadow.MaxResolution:2048]]
[2020.07.04-10.35.59:012][  0]LogConfig: Setting CVar [[r.Shadow.MaxCSMResolution:2048]]
[2020.07.04-10.35.59:012][  0]LogConfig: Setting CVar [[r.Shadow.RadiusThreshold:0.01]]
[2020.07.04-10.35.59:012][  0]LogConfig: Setting CVar [[r.Shadow.DistanceScale:1.0]]
[2020.07.04-10.35.59:012][  0]LogConfig: Setting CVar [[r.Shadow.CSM.TransitionScale:1.0]]
[2020.07.04-10.35.59:012][  0]LogConfig: Setting CVar [[r.Shadow.PreShadowResolutionFactor:1.0]]
[2020.07.04-10.35.59:012][  0]LogConfig: Setting CVar [[r.DistanceFieldShadowing:1]]
[2020.07.04-10.35.59:012][  0]LogConfig: Setting CVar [[r.DistanceFieldAO:1]]
[2020.07.04-10.35.59:012][  0]LogConfig: Setting CVar [[r.AOQuality:2]]
[2020.07.04-10.35.59:012][  0]LogConfig: Setting CVar [[r.VolumetricFog:1]]
[2020.07.04-10.35.59:012][  0]LogConfig: Setting CVar [[r.VolumetricFog.GridPixelSize:8]]
[2020.07.04-10.35.59:012][  0]LogConfig: Setting CVar [[r.VolumetricFog.GridSizeZ:128]]
[2020.07.04-10.35.59:012][  0]LogConfig: Setting CVar [[r.VolumetricFog.HistoryMissSupersampleCount:4]]
[2020.07.04-10.35.59:012][  0]LogConfig: Setting CVar [[r.LightMaxDrawDistanceScale:1]]
[2020.07.04-10.35.59:013][  0]LogConfig: Setting CVar [[r.CapsuleShadows:1]]
[2020.07.04-10.35.59:013][  0]LogConfig: Applying CVar settings from Section [PostProcessQuality@3] File [F:/UnrealTutorialLooman/CoOpGame/Saved/Config/Windows/Scalability.ini]
[2020.07.04-10.35.59:013][  0]LogConfig: Setting CVar [[r.MotionBlurQuality:4]]
[2020.07.04-10.35.59:013][  0]LogConfig: Setting CVar [[r.AmbientOcclusionMipLevelFactor:0.4]]
[2020.07.04-10.35.59:013][  0]LogConfig: Setting CVar [[r.AmbientOcclusionMaxQuality:100]]
[2020.07.04-10.35.59:013][  0]LogConfig: Setting CVar [[r.AmbientOcclusionLevels:-1]]
[2020.07.04-10.35.59:013][  0]LogConfig: Setting CVar [[r.AmbientOcclusionRadiusScale:1.0]]
[2020.07.04-10.35.59:013][  0]LogConfig: Setting CVar [[r.DepthOfFieldQuality:2]]
[2020.07.04-10.35.59:013][  0]LogConfig: Setting CVar [[r.RenderTargetPoolMin:400]]
[2020.07.04-10.35.59:013][  0]LogConfig: Setting CVar [[r.LensFlareQuality:2]]
[2020.07.04-10.35.59:013][  0]LogConfig: Setting CVar [[r.SceneColorFringeQuality:1]]
[2020.07.04-10.35.59:013][  0]LogConfig: Setting CVar [[r.EyeAdaptationQuality:2]]
[2020.07.04-10.35.59:013][  0]LogConfig: Setting CVar [[r.BloomQuality:5]]
[2020.07.04-10.35.59:013][  0]LogConfig: Setting CVar [[r.FastBlurThreshold:100]]
[2020.07.04-10.35.59:013][  0]LogConfig: Setting CVar [[r.Upscale.Quality:3]]
[2020.07.04-10.35.59:013][  0]LogConfig: Setting CVar [[r.Tonemapper.GrainQuantization:1]]
[2020.07.04-10.35.59:013][  0]LogConfig: Setting CVar [[r.LightShaftQuality:1]]
[2020.07.04-10.35.59:013][  0]LogConfig: Setting CVar [[r.Filter.SizeScale:1]]
[2020.07.04-10.35.59:013][  0]LogConfig: Setting CVar [[r.Tonemapper.Quality:5]]
[2020.07.04-10.35.59:013][  0]LogConfig: Setting CVar [[r.DOF.Gather.AccumulatorQuality:1        ; higher gathering accumulator quality]]
[2020.07.04-10.35.59:014][  0]LogConfig: Setting CVar [[r.DOF.Gather.PostfilterMethod:1          ; Median3x3 postfilering method]]
[2020.07.04-10.35.59:014][  0]LogConfig: Setting CVar [[r.DOF.Gather.EnableBokehSettings:0       ; no bokeh simulation when gathering]]
[2020.07.04-10.35.59:014][  0]LogConfig: Setting CVar [[r.DOF.Gather.RingCount:4                 ; medium number of samples when gathering]]
[2020.07.04-10.35.59:014][  0]LogConfig: Setting CVar [[r.DOF.Scatter.ForegroundCompositing:1    ; additive foreground scattering]]
[2020.07.04-10.35.59:014][  0]LogConfig: Setting CVar [[r.DOF.Scatter.BackgroundCompositing:2    ; additive background scattering]]
[2020.07.04-10.35.59:014][  0]LogConfig: Setting CVar [[r.DOF.Scatter.EnableBokehSettings:1      ; bokeh simulation when scattering]]
[2020.07.04-10.35.59:014][  0]LogConfig: Setting CVar [[r.DOF.Scatter.MaxSpriteRatio:0.1         ; only a maximum of 10% of scattered bokeh]]
[2020.07.04-10.35.59:014][  0]LogConfig: Setting CVar [[r.DOF.Recombine.Quality:1                ; cheap slight out of focus]]
[2020.07.04-10.35.59:014][  0]LogConfig: Setting CVar [[r.DOF.Recombine.EnableBokehSettings:0    ; no bokeh simulation on slight out of focus]]
[2020.07.04-10.35.59:014][  0]LogConfig: Setting CVar [[r.DOF.TemporalAAQuality:1                ; more stable temporal accumulation]]
[2020.07.04-10.35.59:014][  0]LogConfig: Setting CVar [[r.DOF.Kernel.MaxForegroundRadius:0.025]]
[2020.07.04-10.35.59:014][  0]LogConfig: Setting CVar [[r.DOF.Kernel.MaxBackgroundRadius:0.025]]
[2020.07.04-10.35.59:014][  0]LogConfig: Applying CVar settings from Section [TextureQuality@3] File [F:/UnrealTutorialLooman/CoOpGame/Saved/Config/Windows/Scalability.ini]
[2020.07.04-10.35.59:014][  0]LogConfig: Setting CVar [[r.Streaming.MipBias:0]]
[2020.07.04-10.35.59:014][  0]LogConfig: Setting CVar [[r.Streaming.AmortizeCPUToGPUCopy:0]]
[2020.07.04-10.35.59:014][  0]LogConfig: Setting CVar [[r.Streaming.MaxNumTexturesToStreamPerFrame:0]]
[2020.07.04-10.35.59:014][  0]LogConfig: Setting CVar [[r.Streaming.Boost:1]]
[2020.07.04-10.35.59:014][  0]LogConfig: Setting CVar [[r.MaxAnisotropy:8]]
[2020.07.04-10.35.59:014][  0]LogConfig: Setting CVar [[r.VT.MaxAnisotropy:8]]
[2020.07.04-10.35.59:014][  0]LogConfig: Setting CVar [[r.Streaming.LimitPoolSizeToVRAM:0]]
[2020.07.04-10.35.59:014][  0]LogConfig: Setting CVar [[r.Streaming.PoolSize:1000]]
[2020.07.04-10.35.59:014][  0]LogConfig: Setting CVar [[r.Streaming.MaxEffectiveScreenSize:0]]
[2020.07.04-10.35.59:015][  0]LogConfig: Applying CVar settings from Section [EffectsQuality@3] File [F:/UnrealTutorialLooman/CoOpGame/Saved/Config/Windows/Scalability.ini]
[2020.07.04-10.35.59:015][  0]LogConfig: Setting CVar [[r.TranslucencyLightingVolumeDim:64]]
[2020.07.04-10.35.59:015][  0]LogConfig: Setting CVar [[r.RefractionQuality:2]]
[2020.07.04-10.35.59:015][  0]LogConfig: Setting CVar [[r.SSR.Quality:3]]
[2020.07.04-10.35.59:015][  0]LogConfig: Setting CVar [[r.SSR.HalfResSceneColor:0]]
[2020.07.04-10.35.59:015][  0]LogConfig: Setting CVar [[r.SceneColorFormat:4]]
[2020.07.04-10.35.59:015][  0]LogConfig: Setting CVar [[r.DetailMode:2]]
[2020.07.04-10.35.59:015][  0]LogConfig: Setting CVar [[r.TranslucencyVolumeBlur:1]]
[2020.07.04-10.35.59:015][  0]LogConfig: Setting CVar [[r.MaterialQualityLevel:1 ; High quality]]
[2020.07.04-10.35.59:015][  0]LogConfig: Setting CVar [[r.SSS.Scale:1]]
[2020.07.04-10.35.59:015][  0]LogConfig: Setting CVar [[r.SSS.SampleSet:2]]
[2020.07.04-10.35.59:015][  0]LogConfig: Setting CVar [[r.SSS.Quality:1]]
[2020.07.04-10.35.59:015][  0]LogConfig: Setting CVar [[r.SSS.HalfRes:0]]
[2020.07.04-10.35.59:015][  0]LogConfig: Setting CVar [[r.SSGI.Quality:3]]
[2020.07.04-10.35.59:015][  0]LogConfig: Setting CVar [[r.EmitterSpawnRateScale:1.0]]
[2020.07.04-10.35.59:015][  0]LogConfig: Setting CVar [[r.ParticleLightQuality:2]]
[2020.07.04-10.35.59:015][  0]LogConfig: Setting CVar [[r.SkyAtmosphere.AerialPerspectiveLUT.FastApplyOnOpaque:1 ; Always have FastSkyLUT 1 in this case to avoid wrong sky]]
[2020.07.04-10.35.59:015][  0]LogConfig: Setting CVar [[r.SkyAtmosphere.AerialPerspectiveLUT.SampleCountPerSlice:1]]
[2020.07.04-10.35.59:015][  0]LogConfig: Setting CVar [[r.SkyAtmosphere.AerialPerspectiveLUT.DepthResolution:16.0]]
[2020.07.04-10.35.59:015][  0]LogConfig: Setting CVar [[r.SkyAtmosphere.FastSkyLUT:1]]
[2020.07.04-10.35.59:016][  0]LogConfig: Setting CVar [[r.SkyAtmosphere.FastSkyLUT.SampleCountMin:4.0]]
[2020.07.04-10.35.59:016][  0]LogConfig: Setting CVar [[r.SkyAtmosphere.FastSkyLUT.SampleCountMax:32.0]]
[2020.07.04-10.35.59:016][  0]LogConfig: Setting CVar [[r.SkyAtmosphere.SampleCountMin:4.0]]
[2020.07.04-10.35.59:016][  0]LogConfig: Setting CVar [[r.SkyAtmosphere.SampleCountMax:32.0]]
[2020.07.04-10.35.59:016][  0]LogConfig: Setting CVar [[r.SkyAtmosphere.TransmittanceLUT.UseSmallFormat:0]]
[2020.07.04-10.35.59:016][  0]LogConfig: Setting CVar [[r.SkyAtmosphere.TransmittanceLUT.SampleCount:10.0]]
[2020.07.04-10.35.59:016][  0]LogConfig: Setting CVar [[r.SkyAtmosphere.MultiScatteringLUT.SampleCount:15.0]]
[2020.07.04-10.35.59:016][  0]LogConfig: Applying CVar settings from Section [FoliageQuality@3] File [F:/UnrealTutorialLooman/CoOpGame/Saved/Config/Windows/Scalability.ini]
[2020.07.04-10.35.59:016][  0]LogConfig: Setting CVar [[foliage.DensityScale:1.0]]
[2020.07.04-10.35.59:016][  0]LogConfig: Setting CVar [[grass.DensityScale:1.0]]
[2020.07.04-10.35.59:016][  0]LogConfig: Applying CVar settings from Section [ShadingQuality@3] File [F:/UnrealTutorialLooman/CoOpGame/Saved/Config/Windows/Scalability.ini]
[2020.07.04-10.35.59:016][  0]LogConfig: Setting CVar [[r.HairStrands.SkyLighting.SampleCount:16]]
[2020.07.04-10.35.59:016][  0]LogConfig: Setting CVar [[r.HairStrands.SkyLighting.JitterIntegration:0]]
[2020.07.04-10.35.59:016][  0]LogConfig: Setting CVar [[r.HairStrands.SkyAO.SampleCount:16]]
[2020.07.04-10.35.59:016][  0]LogConfig: Setting CVar [[r.HairStrands.DeepShadow.SuperSampling:0]]
[2020.07.04-10.35.59:016][  0]LogConfig: Setting CVar [[r.HairStrands.VisibilityPPLL:0]]
[2020.07.04-10.35.59:016][  0]LogConfig: Setting CVar [[r.HairStrands.RasterizationScale:0.5]]
[2020.07.04-10.35.59:016][  0]LogConfig: Setting CVar [[r.HairStrands.VelocityRasterizationScale:1]]
[2020.07.04-10.35.59:016][  0]LogConfig: Applying CVar settings from Section [Startup] File [../../../Engine/Config/ConsoleVariables.ini]
[2020.07.04-10.35.59:017][  0]LogConfig: Setting CVar [[net.UseAdaptiveNetUpdateFrequency:0]]
[2020.07.04-10.35.59:017][  0]LogConfig: Setting CVar [[p.chaos.AllowCreatePhysxBodies:1]]
[2020.07.04-10.35.59:017][  0]LogConfig: Setting CVar [[fx.SkipVectorVMBackendOptimizations:1]]
[2020.07.04-10.35.59:017][  0]LogConfig: Applying CVar settings from Section [ConsoleVariables] File [F:/UnrealTutorialLooman/CoOpGame/Saved/Config/Windows/Engine.ini]
[2020.07.04-10.35.59:017][  0]LogInit: Computer: GOODPC1
[2020.07.04-10.35.59:017][  0]LogInit: User: geewi
[2020.07.04-10.35.59:017][  0]LogInit: CPU Page size=4096, Cores=6
[2020.07.04-10.35.59:017][  0]LogInit: High frequency timer resolution =10.000000 MHz
[2020.07.04-10.35.59:017][  0]LogMemory: Memory total: Physical=15.9GB (16GB approx)
[2020.07.04-10.35.59:017][  0]LogMemory: Platform Memory Stats for Windows
[2020.07.04-10.35.59:017][  0]LogMemory: Process Physical Memory: 121.92 MB used, 121.92 MB peak
[2020.07.04-10.35.59:017][  0]LogMemory: Process Virtual Memory: 116.45 MB used, 116.45 MB peak
[2020.07.04-10.35.59:017][  0]LogMemory: Physical Memory: 10327.47 MB used,  5969.56 MB free, 16297.03 MB total
[2020.07.04-10.35.59:017][  0]LogMemory: Virtual Memory: 5199.80 MB used,  134212528.00 MB free, 134217728.00 MB total
[2020.07.04-10.35.59:030][  0]LogWindows: WindowsPlatformFeatures enabled
[2020.07.04-10.35.59:177][  0]LogInit: Physics initialised using underlying interface: PhysX
[2020.07.04-10.35.59:178][  0]LogInit: Using OS detected language (en-US).
[2020.07.04-10.35.59:178][  0]LogInit: Using OS detected locale (en-US).
[2020.07.04-10.35.59:181][  0]LogTextLocalizationManager: No specific localization for 'en-US' exists, so the 'en' localization will be used.
[2020.07.04-10.35.59:432][  0]LogInit: Setting process to per monitor DPI aware
[2020.07.04-10.35.59:482][  0]LogSlate: New Slate User Created.  User Index 0, Is Virtual User: 0
[2020.07.04-10.35.59:483][  0]LogSlate: Slate User Registered.  User Index 0, Is Virtual User: 0
[2020.07.04-10.35.59:584][  0]LogD3D11RHI: D3D11 min allowed feature level: 11_0
[2020.07.04-10.35.59:585][  0]LogD3D11RHI: D3D11 max allowed feature level: 11_0
[2020.07.04-10.35.59:585][  0]LogD3D11RHI: D3D11 adapters:
[2020.07.04-10.35.59:670][  0]LogD3D11RHI:    0. 'NVIDIA GeForce GTX 1070' (Feature Level 11_0)
[2020.07.04-10.35.59:670][  0]LogD3D11RHI:       8088/0/8148 MB DedicatedVideo/DedicatedSystem/SharedSystem, Outputs:2, VendorId:0x10de
[2020.07.04-10.35.59:676][  0]LogD3D11RHI:    1. 'Microsoft Basic Render Driver' (Feature Level 11_0)
[2020.07.04-10.35.59:676][  0]LogD3D11RHI:       0/0/8148 MB DedicatedVideo/DedicatedSystem/SharedSystem, Outputs:0, VendorId:0x1414
[2020.07.04-10.35.59:676][  0]LogD3D11RHI: Chosen D3D11 Adapter: 0
[2020.07.04-10.35.59:686][  0]LogD3D11RHI: Creating new Direct3DDevice
[2020.07.04-10.35.59:686][  0]LogD3D11RHI:     GPU DeviceId: 0x1b81 (for the marketing name, search the web for "GPU Device Id")
[2020.07.04-10.35.59:686][  0]LogWindows: EnumDisplayDevices:
[2020.07.04-10.35.59:686][  0]LogWindows:    0. 'NVIDIA GeForce GTX 1070' (P:0 D:1)
[2020.07.04-10.35.59:686][  0]LogWindows:    1. 'NVIDIA GeForce GTX 1070' (P:1 D:1)
[2020.07.04-10.35.59:687][  0]LogWindows:    2. 'NVIDIA GeForce GTX 1070' (P:0 D:0)
[2020.07.04-10.35.59:687][  0]LogWindows:    3. 'NVIDIA GeForce GTX 1070' (P:0 D:0)
[2020.07.04-10.35.59:687][  0]LogWindows: DebugString: FoundDriverCount:4 
[2020.07.04-10.35.59:687][  0]LogD3D11RHI:     Adapter Name: NVIDIA GeForce GTX 1070
[2020.07.04-10.35.59:687][  0]LogD3D11RHI:   Driver Version: 445.75 (internal:26.21.14.4575, unified:445.75)
[2020.07.04-10.35.59:687][  0]LogD3D11RHI:      Driver Date: 3-17-2020
[2020.07.04-10.35.59:687][  0]LogRHI: Texture pool is 5661 MB (70% of 8088 MB)
[2020.07.04-10.35.59:744][  0]LogD3D11RHI: RHI has support for 64 bit atomics
[2020.07.04-10.35.59:748][  0]LogD3D11RHI: [Aftermath] Enabled and primed
[2020.07.04-10.35.59:748][  0]LogD3D11RHI: Async texture creation enabled
[2020.07.04-10.35.59:748][  0]LogD3D11RHI: Array index from any shader is supported
[2020.07.04-10.35.59:768][  0]LogD3D11RHI: GPU Timing Frequency: 1000.000000 (Debug: 2 1)
[2020.07.04-10.36.00:076][  0]LogTargetPlatformManager: Display: Loaded TargetPlatform 'AllDesktop'
[2020.07.04-10.36.00:102][  0]LogTargetPlatformManager: Display: Loaded TargetPlatform 'Android'
[2020.07.04-10.36.00:102][  0]LogTargetPlatformManager: Display: Loaded TargetPlatform 'Android_ASTC'
[2020.07.04-10.36.00:102][  0]LogTargetPlatformManager: Display: Loaded TargetPlatform 'Android_DXT'
[2020.07.04-10.36.00:102][  0]LogTargetPlatformManager: Display: Loaded TargetPlatform 'Android_ETC2'
[2020.07.04-10.36.00:102][  0]LogTargetPlatformManager: Display: Loaded TargetPlatform 'AndroidClient'
[2020.07.04-10.36.00:102][  0]LogTargetPlatformManager: Display: Loaded TargetPlatform 'Android_ASTCClient'
[2020.07.04-10.36.00:102][  0]LogTargetPlatformManager: Display: Loaded TargetPlatform 'Android_DXTClient'
[2020.07.04-10.36.00:102][  0]LogTargetPlatformManager: Display: Loaded TargetPlatform 'Android_ETC2Client'
[2020.07.04-10.36.00:102][  0]LogTargetPlatformManager: Display: Loaded TargetPlatform 'Android_Multi'
[2020.07.04-10.36.00:102][  0]LogTargetPlatformManager: Display: Loaded TargetPlatform 'Android_MultiClient'
[2020.07.04-10.36.00:133][  0]LogTargetPlatformManager: Display: Loaded TargetPlatform 'IOSClient'
[2020.07.04-10.36.00:133][  0]LogTargetPlatformManager: Display: Loaded TargetPlatform 'IOS'
[2020.07.04-10.36.00:145][  0]LogTargetPlatformManager: Display: Loaded TargetPlatform 'Linux'
[2020.07.04-10.36.00:157][  0]LogTargetPlatformManager: Display: Loaded TargetPlatform 'LinuxNoEditor'
[2020.07.04-10.36.00:169][  0]LogTargetPlatformManager: Display: Loaded TargetPlatform 'LinuxClient'
[2020.07.04-10.36.00:180][  0]LogTargetPlatformManager: Display: Loaded TargetPlatform 'LinuxServer'
[2020.07.04-10.36.00:191][  0]LogTargetPlatformManager: Display: Loaded TargetPlatform 'LinuxAArch64NoEditor'
[2020.07.04-10.36.00:202][  0]LogTargetPlatformManager: Display: Loaded TargetPlatform 'LinuxAArch64Client'
[2020.07.04-10.36.00:213][  0]LogTargetPlatformManager: Display: Loaded TargetPlatform 'LinuxAArch64Server'
[2020.07.04-10.36.00:244][  0]LogTargetPlatformManager: Display: Loaded TargetPlatform 'Lumin'
[2020.07.04-10.36.00:244][  0]LogTargetPlatformManager: Display: Loaded TargetPlatform 'LuminClient'
[2020.07.04-10.36.00:263][  0]LogTargetPlatformManager: Display: Loaded TargetPlatform 'TVOSClient'
[2020.07.04-10.36.00:263][  0]LogTargetPlatformManager: Display: Loaded TargetPlatform 'TVOS'
[2020.07.04-10.36.00:274][  0]LogTargetPlatformManager: Display: Loaded TargetPlatform 'WindowsNoEditor'
[2020.07.04-10.36.00:285][  0]LogTargetPlatformManager: Display: Loaded TargetPlatform 'Windows'
[2020.07.04-10.36.00:296][  0]LogTargetPlatformManager: Display: Loaded TargetPlatform 'WindowsClient'
[2020.07.04-10.36.00:308][  0]LogTargetPlatformManager: Display: Loaded TargetPlatform 'WindowsServer'
[2020.07.04-10.36.00:308][  0]LogTargetPlatformManager: Display: Building Assets For Windows
[2020.07.04-10.36.00:331][  0]LogAudioDebug: Display: Lib vorbis DLL was dynamically loaded.
[2020.07.04-10.36.00:426][  0]LogShaderCompilers: Guid format shader working directory is 2 characters bigger than the processId version (../../../../../UnrealTutorialLooman/CoOpGame/Intermediate/Shaders/WorkingDirectory/8620/).
[2020.07.04-10.36.00:426][  0]LogShaderCompilers: Cleaned the shader compiler working directory 'C:/Users/geewi/AppData/Local/Temp/UnrealShaderWorkingDir/D1D177B547C955D3D1E8D796849BBAED/'.
[2020.07.04-10.36.00:426][  0]LogXGEController: Cleaning working directory: C:/Users/geewi/AppData/Local/Temp/UnrealXGEWorkingDir/
[2020.07.04-10.36.00:427][  0]LogXGEController: Cannot use XGE Controller as Incredibuild is not installed on this machine.
[2020.07.04-10.36.00:427][  0]LogShaderCompilers: Cannot use XGE Shader Compiler as Incredibuild is not installed on this machine.
[2020.07.04-10.36.00:427][  0]LogShaderCompilers: Display: Using Local Shader Compiler.
[2020.07.04-10.36.01:272][  0]LogDerivedDataCache: Display: Max Cache Size: 512 MB
[2020.07.04-10.36.01:354][  0]LogDerivedDataCache: Loaded boot cache 0.08s 79MB C:/Users/geewi/AppData/Local/UnrealEngine/4.25/DerivedDataCache/Boot.ddc.
[2020.07.04-10.36.01:354][  0]LogDerivedDataCache: Display: Loaded Boot cache: C:/Users/geewi/AppData/Local/UnrealEngine/4.25/DerivedDataCache/Boot.ddc
[2020.07.04-10.36.01:354][  0]LogDerivedDataCache: FDerivedDataBackendGraph:  Pak pak cache file ../../../../../UnrealTutorialLooman/CoOpGame/DerivedDataCache/DDC.ddp not found, will not use a pak cache.
[2020.07.04-10.36.01:355][  0]LogDerivedDataCache: Unable to find inner node Pak for hierarchical cache Hierarchy.
[2020.07.04-10.36.01:355][  0]LogDerivedDataCache: FDerivedDataBackendGraph:  CompressedPak pak cache file ../../../../../UnrealTutorialLooman/CoOpGame/DerivedDataCache/Compressed.ddp not found, will not use a pak cache.
[2020.07.04-10.36.01:355][  0]LogDerivedDataCache: Unable to find inner node CompressedPak for hierarchical cache Hierarchy.
[2020.07.04-10.36.01:366][  0]LogDerivedDataCache: Display: Pak cache opened for reading ../../../Engine/DerivedDataCache/Compressed.ddp.
[2020.07.04-10.36.01:366][  0]LogDerivedDataCache: FDerivedDataBackendGraph:  EnterprisePak pak cache file ../../../Enterprise/DerivedDataCache/Compressed.ddp not found, will not use a pak cache.
[2020.07.04-10.36.01:367][  0]LogDerivedDataCache: Unable to find inner node EnterprisePak for hierarchical cache Hierarchy.
[2020.07.04-10.36.01:369][  0]LogDerivedDataCache: Using Local data cache path C:/Users/geewi/AppData/Local/UnrealEngine/Common/DerivedDataCache: Writable
[2020.07.04-10.36.01:369][  0]LogDerivedDataCache: Shared data cache path not found in *engine.ini, will not use an Shared cache.
[2020.07.04-10.36.01:369][  0]LogDerivedDataCache: Unable to find inner node Shared for hierarchical cache Hierarchy.
[2020.07.04-10.36.01:422][  0]LogSlate: Using FreeType 2.10.0
[2020.07.04-10.36.01:422][  0]LogSlate: SlateFontServices - WITH_FREETYPE: 1, WITH_HARFBUZZ: 1
[2020.07.04-10.36.01:452][  0]LogAssetRegistry: FAssetRegistry took 0.0061 seconds to start up
[2020.07.04-10.36.01:698][  0]LogInit: Selected Device Profile: [Windows]
[2020.07.04-10.36.01:840][  0]LogMeshReduction: Using QuadricMeshReduction for automatic static mesh reduction
[2020.07.04-10.36.01:840][  0]LogMeshReduction: Using SimplygonMeshReduction for automatic skeletal mesh reduction
[2020.07.04-10.36.01:840][  0]LogMeshReduction: Using ProxyLODMeshReduction for automatic mesh merging
[2020.07.04-10.36.01:840][  0]LogMeshReduction: No distributed automatic mesh merging module available
[2020.07.04-10.36.01:840][  0]LogMeshMerging: No distributed automatic mesh merging module available
[2020.07.04-10.36.01:860][  0]LogNetVersion: CoOpGame 1.0.0, NetCL: 13144385, EngineNetVer: 14, GameNetVer: 0 (Checksum: 2766024207)
[2020.07.04-10.36.02:335][  0]LogAISub: UAISubsystem::UAISubsystem AISubsystem (00000299CAF7C340), frame # 0
[2020.07.04-10.36.02:335][  0]LogAISub: UAISubsystem::UAISubsystem AIPerceptionSystem (00000299CAEE8A40), frame # 0
[2020.07.04-10.36.02:336][  0]LogAISub: UAISubsystem::UAISubsystem EnvQueryManager (00000299CAF05E00), frame # 0
[2020.07.04-10.36.02:384][  0]LogPackageLocalizationCache: Processed 19 localized package path(s) for 1 prioritized culture(s) in 0.040476 seconds
[2020.07.04-10.36.02:390][  0]LogUObjectArray: 15917 objects as part of root set at end of initial load.
[2020.07.04-10.36.02:390][  0]LogUObjectAllocator: 3965568 out of 0 bytes used by permanent object pool.
[2020.07.04-10.36.02:390][  0]LogUObjectArray: CloseDisregardForGC: 0/0 objects in disregard for GC pool
[2020.07.04-10.36.02:873][  0]LogTcpMessaging: Initializing TcpMessaging bridge
[2020.07.04-10.36.02:881][  0]LogUdpMessaging: Initializing bridge on interface 0.0.0.0:0 to multicast group 230.0.0.1:6666.
[2020.07.04-10.36.03:026][  0]SourceControl: Source control is disabled
[2020.07.04-10.36.03:026][  0]SourceControl: Source control is disabled
[2020.07.04-10.36.03:031][  0]SourceControl: Source control is disabled
[2020.07.04-10.36.03:040][  0]SourceControl: Source control is disabled
[2020.07.04-10.36.03:050][  0]SourceControl: Source control is disabled
[2020.07.04-10.36.03:411][  0]LogAndroidPermission: UAndroidPermissionCallbackProxy::GetInstance
[2020.07.04-10.36.03:443][  0]LogAudioCaptureCore: Display: No Audio Capture implementations found. Audio input will be silent.
[2020.07.04-10.36.03:443][  0]LogAudioCaptureCore: Display: No Audio Capture implementations found. Audio input will be silent.
[2020.07.04-10.36.03:509][  0]LogOcInput: OculusInput pre-init called
[2020.07.04-10.36.03:761][  0]LogEngine: Initializing Engine...
[2020.07.04-10.36.03:762][  0]LogHMD: Oculus plugin initialized. Version: 4.25.1-13594126+++UE4+Release-4.25, OVRPlugin: 1.44.0
[2020.07.04-10.36.03:763][  0]LogStats: UGameplayTagsManager::InitializeManager -  0.000 s
[2020.07.04-10.36.03:916][  0]LogInit: Initializing FReadOnlyCVARCache
[2020.07.04-10.36.03:926][  0]LogAIModule: Creating AISystem for world Untitled
[2020.07.04-10.36.03:926][  0]LogAISub: UAISubsystem::UAISubsystem EnvQueryManager (00000299CF3F5200), frame # 0
[2020.07.04-10.36.03:926][  0]LogAISub: UAISubsystem::UAISubsystem AIPerceptionSystem (00000299CF402FC0), frame # 0
[2020.07.04-10.36.03:951][  0]LogAudioMixer: Display: Audio Mixer Platform Settings:
[2020.07.04-10.36.03:951][  0]LogAudioMixer: Display: 	Sample Rate:						  48000
[2020.07.04-10.36.03:952][  0]LogAudioMixer: Display: 	Callback Buffer Frame Size Requested: 1024
[2020.07.04-10.36.03:952][  0]LogAudioMixer: Display: 	Callback Buffer Frame Size To Use:	  1024
[2020.07.04-10.36.03:952][  0]LogAudioMixer: Display: 	Number of buffers to queue:			  2
[2020.07.04-10.36.03:952][  0]LogAudioMixer: Display: 	Max Channels (voices):				  32
[2020.07.04-10.36.03:952][  0]LogAudioMixer: Display: 	Number of Async Source Workers:		  0
[2020.07.04-10.36.03:952][  0]LogAudio: Display: AudioDevice MaxSources: 32
[2020.07.04-10.36.03:952][  0]LogAudio: Display: Using built-in audio occlusion.
[2020.07.04-10.36.03:953][  0]LogAudioMixer: Display: Initializing audio mixer.
[2020.07.04-10.36.03:983][  0]LogAudioMixer: Display: 0: FrontLeft
[2020.07.04-10.36.03:983][  0]LogAudioMixer: Display: 1: FrontRight
[2020.07.04-10.36.04:051][  0]LogAudioMixer: Display: Using Audio Device SAMSUNG (NVIDIA High Definition Audio)
[2020.07.04-10.36.04:055][  0]LogAudioMixer: Display: Initializing Sound Submixes...
[2020.07.04-10.36.04:057][  0]LogAudioMixer: Display: Creating Master Submix 'MasterSubmixDefault'
[2020.07.04-10.36.04:057][  0]LogAudioMixer: Display: Creating Master Submix 'MasterReverbSubmixDefault'
[2020.07.04-10.36.04:058][  0]LogAudioMixer: Display: Creating Master Submix 'MasterEQSubmixDefault'
[2020.07.04-10.36.04:072][  0]LogInit: FAudioDevice initialized.
[2020.07.04-10.36.04:073][  0]LogNetVersion: Set ProjectVersion to 1.0.0.0. Version Checksum will be recalculated on next use.
[2020.07.04-10.36.04:252][  0]LogDerivedDataCache: Saved boot cache 0.18s 79MB C:/Users/geewi/AppData/Local/UnrealEngine/4.25/DerivedDataCache/Boot.ddc.
[2020.07.04-10.36.04:262][  0]LogInit: Texture streaming: Enabled
[2020.07.04-10.36.04:287][  0]LogEngineSessionManager: EngineSessionManager initialized
[2020.07.04-10.36.04:287][  0]LogEngineSessionManager: EngineSessionManager sent abnormal shutdown report. Type=Debugger, SessionId={CCAC5D54-41D7-8ECB-9D0F-628B581EBEBB}
[2020.07.04-10.36.04:287][  0]LogEditorSessionSummary: Verbose: Initializing EditorSessionSummaryWriter for editor session tracking
[2020.07.04-10.36.04:288][  0]LogEditorSessionSummary: EditorSessionSummaryWriter initialized
[2020.07.04-10.36.04:329][  0]LogInit: Transaction tracking system initialized
[2020.07.04-10.36.04:361][  0]BlueprintLog: New page: Editor Load
[2020.07.04-10.36.04:464][  0]LocalizationService: Localization service is disabled
[2020.07.04-10.36.04:648][  0]LogCook: Display: Max memory allowance for cook 16384mb min free memory 0mb
[2020.07.04-10.36.04:648][  0]LogCook: Display: Mobile HDR setting 1
[2020.07.04-10.36.04:819][  0]LogFileCache: Scanning file cache for directory 'F:/UnrealTutorialLooman/CoOpGame/Content/' took 0.00s
[2020.07.04-10.36.05:008][  0]SourceControl: Source control is disabled
[2020.07.04-10.36.05:008][  0]LogUnrealEdMisc: Loading editor; pre map load, took 9.293
[2020.07.04-10.36.05:008][  0]Cmd: MAP LOAD FILE="../../../../../UnrealTutorialLooman/CoOpGame/Content/Maps/MyMap.umap" TEMPLATE=0 SHOWPROGRESS=1 FEATURELEVEL=3
[2020.07.04-10.36.05:009][  0]LightingResults: New page: Lighting Build
[2020.07.04-10.36.05:009][  0]LogWorld: UWorld::CleanupWorld for Untitled, bSessionEnded=true, bCleanupResources=true
[2020.07.04-10.36.05:009][  0]LogSlate: InvalidateAllWidgets triggered.  All widgets were invalidated
[2020.07.04-10.36.05:010][  0]MapCheck: New page: Map Check
[2020.07.04-10.36.05:010][  0]LightingResults: New page: Lighting Build
[2020.07.04-10.36.05:019][  0]LogAISub: UAISubsystem::~UAISubsystem EnvQueryManager (00000299CF3F5200), frame # 0
[2020.07.04-10.36.05:019][  0]LogAISub: UAISubsystem::~UAISubsystem AIPerceptionSystem (00000299CF402FC0), frame # 0
[2020.07.04-10.36.05:020][  0]LogUObjectHash: Compacting FUObjectHashTables data took   0.76ms
[2020.07.04-10.36.05:489][  0]LogAIModule: Creating AISystem for world MyMap
[2020.07.04-10.36.05:490][  0]LogAISub: UAISubsystem::UAISubsystem EnvQueryManager (00000299BC8F0C00), frame # 0
[2020.07.04-10.36.05:490][  0]LogAISub: UAISubsystem::UAISubsystem AIPerceptionSystem (00000299BC96A5C0), frame # 0
[2020.07.04-10.36.05:503][  0]LogEditorServer: Finished looking for orphan Actors (0.000 secs)
[2020.07.04-10.36.05:516][  0]LogUObjectHash: Compacting FUObjectHashTables data took   1.15ms
[2020.07.04-10.36.05:516][  0]Cmd: MAP CHECKDEP NOCLEARLOG
[2020.07.04-10.36.05:517][  0]MapCheck: Map check complete: 0 Error(s), 0 Warning(s), took 0.137ms to complete.
[2020.07.04-10.36.05:517][  0]LogFileHelpers: Loading map 'MyMap' took 0.509
[2020.07.04-10.36.05:519][  0]LogUnrealEdMisc: Total Editor Startup Time, took 9.805
[2020.07.04-10.36.05:680][  0]LogSlate: Updating window title bar state: overlay mode, drag disabled, window buttons hidden, title bar hidden
[2020.07.04-10.36.05:689][  0]LogSlate: Updating window title bar state: overlay mode, drag disabled, window buttons hidden, title bar hidden
[2020.07.04-10.36.05:699][  0]LogSlate: Updating window title bar state: overlay mode, drag disabled, window buttons hidden, title bar hidden
[2020.07.04-10.36.05:708][  0]LogSlate: Updating window title bar state: overlay mode, drag disabled, window buttons hidden, title bar hidden
[2020.07.04-10.36.05:716][  0]LogCollectionManager: Loaded 0 collections in 0.000678 seconds
[2020.07.04-10.36.05:737][  0]LogFileCache: Scanning file cache for directory 'F:/UnrealTutorialLooman/CoOpGame/Saved/Collections/' took 0.00s
[2020.07.04-10.36.05:737][  0]LogFileCache: Scanning file cache for directory 'F:/UnrealTutorialLooman/CoOpGame/Content/Developers/geewi/Collections/' took 0.00s
[2020.07.04-10.36.05:737][  0]LogFileCache: Scanning file cache for directory 'F:/UnrealTutorialLooman/CoOpGame/Content/Collections/' took 0.00s
[2020.07.04-10.36.05:737][  0]LogContentBrowser: Native class hierarchy populated in 0.0097 seconds. Added 3445 classes and 827 folders.
[2020.07.04-10.36.05:742][  0]LogContentBrowser: Native class hierarchy updated for 'WidgetCarousel' in 0.0005 seconds. Added 0 classes and 0 folders.
[2020.07.04-10.36.05:781][  0]LogContentBrowser: Native class hierarchy updated for 'AddContentDialog' in 0.0004 seconds. Added 0 classes and 0 folders.
[2020.07.04-10.36.05:785][  0]LogContentBrowser: Native class hierarchy updated for 'SceneOutliner' in 0.0003 seconds. Added 2 classes and 0 folders.
[2020.07.04-10.36.05:912][  0]LogSlate: Took 0.000214 seconds to synchronously load lazily loaded font '../../../Engine/Content/Slate/Fonts/Roboto-Regular.ttf' (155K)
[2020.07.04-10.36.05:914][  0]LogSlate: Took 0.000203 seconds to synchronously load lazily loaded font '../../../Engine/Content/Slate/Fonts/Roboto-Bold.ttf' (160K)
[2020.07.04-10.36.05:919][  0]LogSlate: Took 0.000188 seconds to synchronously load lazily loaded font '../../../Engine/Content/Editor/Slate/Fonts/FontAwesome.ttf' (139K)
[2020.07.04-10.36.05:992][  0]LogRenderer: Reallocating scene render targets to support 1200x572 Format 10 NumSamples 1 (Frame:1).
[2020.07.04-10.36.06:115][  0]LogContentBrowser: Native class hierarchy updated for 'HierarchicalLODOutliner' in 0.0004 seconds. Added 0 classes and 0 folders.
[2020.07.04-10.36.06:115][  0]LogLoad: (Engine Initialization) Total time: 10.40 seconds
[2020.07.04-10.36.06:115][  0]LogLoad: (Engine Initialization) Total Blueprint compile time: 0.00 seconds
[2020.07.04-10.36.06:130][  0]LogOcInput: OculusInput is initialized
[2020.07.04-10.36.06:158][  0]LogAssetRegistry: Asset discovery search completed in 4.7089 seconds
[2020.07.04-10.36.06:164][  0]LogCollectionManager: Fixed up redirectors for 0 collections in 0.000004 seconds (updated 0 objects)
[2020.07.04-10.36.06:166][  0]LogContentStreaming: Texture pool size now 1000 MB
[2020.07.04-10.36.06:210][  0]LogSlate: Took 0.000126 seconds to synchronously load lazily loaded font '../../../Engine/Content/Slate/Fonts/Roboto-Light.ttf' (167K)
[2020.07.04-10.36.19:318][540]LogSlate: Took 0.000192 seconds to synchronously load lazily loaded font '../../../Engine/Content/Slate/Fonts/Roboto-Light.ttf' (167K)
[2020.07.04-10.36.19:344][540]Cmd: OBJ SAVEPACKAGE PACKAGE="/Game/Maps/MyMap" FILE="../../../../../UnrealTutorialLooman/CoOpGame/Content/Maps/MyMap.umap" SILENT=true AUTOSAVING=false KEEPDIRTY=false
[2020.07.04-10.36.19:353][540]LogUObjectHash: Compacting FUObjectHashTables data took   0.74ms
[2020.07.04-10.36.19:378][540]LogSavePackage: Moving '../../../../../UnrealTutorialLooman/CoOpGame/Saved/MyMapC7BA47A645B9D8DF6673969ECE3EFF84.tmp' to '../../../../../UnrealTutorialLooman/CoOpGame/Content/Maps/MyMap.umap'
[2020.07.04-10.36.19:408][540]Cmd: OBJ SAVEPACKAGE PACKAGE="/Game/Maps/MyMap_BuiltData" FILE="../../../../../UnrealTutorialLooman/CoOpGame/Content/Maps/MyMap_BuiltData.uasset" SILENT=true
[2020.07.04-10.36.19:423][540]LogSavePackage: Moving '../../../../../UnrealTutorialLooman/CoOpGame/Saved/MyMap_BuiltData1DDA3DBC447688F444D723953DA3C60A.tmp' to '../../../../../UnrealTutorialLooman/CoOpGame/Content/Maps/MyMap_BuiltData.uasset'
[2020.07.04-10.36.19:439][540]AssetCheck: New page: Asset Save: multiple assets
[2020.07.04-10.36.19:439][540]LogContentValidation: Display: Validating World /Game/Maps/MyMap.MyMap
[2020.07.04-10.36.19:439][540]LogContentValidation: Display: Validating MapBuildDataRegistry /Game/Maps/MyMap_BuiltData.MyMap_BuiltData
[2020.07.04-10.36.23:349][962]LogUObjectHash: Compacting FUObjectHashTables data took   0.28ms
[2020.07.04-10.36.27:195][290]LogTemp: Repeating last play command: Selected Viewport
[2020.07.04-10.36.27:222][290]LogPlayLevel: PlayLevel: No blueprints needed recompiling
[2020.07.04-10.36.27:222][290]LogHMD: Initializing OVRPlugin session
[2020.07.04-10.36.27:495][290]LogHMD: Allocating Oculus 3296 x 1776 rendertarget swapchain
[2020.07.04-10.36.27:498][290]PIE: New page: PIE session: MyMap (Jul 5, 2020, 6:36:27 AM)
[2020.07.04-10.36.27:508][290]LogOnline: OSS: Creating online subsystem instance for: NULL
[2020.07.04-10.36.27:514][290]LogOnline: OSS: TryLoadSubsystemAndSetDefault: Loaded subsystem for module [NULL]
[2020.07.04-10.36.27:516][290]LogPlayLevel: Creating play world package: /Game/Maps/UEDPIE_0_MyMap
[2020.07.04-10.36.27:525][290]LogPlayLevel: PIE: StaticDuplicateObject took: (0.008490s)
[2020.07.04-10.36.27:528][290]LogAIModule: Creating AISystem for world MyMap
[2020.07.04-10.36.27:528][290]LogAISub: UAISubsystem::UAISubsystem EnvQueryManager (00000299FA8A7E00), frame # 2290
[2020.07.04-10.36.27:528][290]LogAISub: UAISubsystem::UAISubsystem AIPerceptionSystem (00000299CEEDD800), frame # 2290
[2020.07.04-10.36.27:528][290]LogPlayLevel: PIE: World Init took: (0.002489s)
[2020.07.04-10.36.27:529][290]LogPlayLevel: PIE: Created PIE world by copying editor world from /Game/Maps/MyMap.MyMap to /Game/Maps/UEDPIE_0_MyMap.MyMap (0.011510s)
[2020.07.04-10.36.27:537][290]LogUObjectHash: Compacting FUObjectHashTables data took   0.65ms
[2020.07.04-10.36.27:541][290]LogAudioMixer: Display: Audio Mixer Platform Settings:
[2020.07.04-10.36.27:541][290]LogAudioMixer: Display: 	Sample Rate:						  48000
[2020.07.04-10.36.27:541][290]LogAudioMixer: Display: 	Callback Buffer Frame Size Requested: 1024
[2020.07.04-10.36.27:541][290]LogAudioMixer: Display: 	Callback Buffer Frame Size To Use:	  1024
[2020.07.04-10.36.27:542][290]LogAudioMixer: Display: 	Number of buffers to queue:			  2
[2020.07.04-10.36.27:542][290]LogAudioMixer: Display: 	Max Channels (voices):				  32
[2020.07.04-10.36.27:542][290]LogAudioMixer: Display: 	Number of Async Source Workers:		  0
[2020.07.04-10.36.27:542][290]LogAudio: Display: AudioDevice MaxSources: 32
[2020.07.04-10.36.27:542][290]LogAudio: Display: Using built-in audio occlusion.
[2020.07.04-10.36.27:542][290]LogAudioMixer: Display: Initializing audio mixer.
[2020.07.04-10.36.27:555][290]LogAudioMixer: Display: 0: FrontLeft
[2020.07.04-10.36.27:555][290]LogAudioMixer: Display: 1: FrontRight
[2020.07.04-10.36.27:607][290]LogAudioMixer: Display: Using Audio Device SAMSUNG (NVIDIA High Definition Audio)
[2020.07.04-10.36.27:607][290]LogAudioMixer: Display: Initializing Sound Submixes...
[2020.07.04-10.36.27:607][290]LogAudioMixer: Display: Creating Master Submix 'MasterSubmixDefault'
[2020.07.04-10.36.27:607][290]LogAudioMixer: Display: Creating Master Submix 'MasterReverbSubmixDefault'
[2020.07.04-10.36.27:608][290]LogAudioMixer: Display: Creating Master Submix 'MasterEQSubmixDefault'
[2020.07.04-10.36.27:636][290]LogInit: FAudioDevice initialized.
[2020.07.04-10.36.27:664][290]LogLoad: Game class is 'BP_TestGameMode_C'
[2020.07.04-10.36.27:682][290]LogWorld: Bringing World /Game/Maps/UEDPIE_0_MyMap.MyMap up for play (max tick rate 0) at 2020.07.04-20.36.27
[2020.07.04-10.36.27:691][290]LogWorld: Bringing up level for play took: 0.010541
[2020.07.04-10.36.27:694][290]LogOnline: OSS: Creating online subsystem instance for: :Context_4
[2020.07.04-10.36.27:725][290]LogContentBrowser: Native class hierarchy updated for 'MovieSceneCapture' in 0.0006 seconds. Added 20 classes and 0 folders.
[2020.07.04-10.36.27:751][290]LogNet: ReplicationDriverClass is null! Not using ReplicationDriver.
[2020.07.04-10.36.27:752][290]LogNetCore: DDoS detection status: detection enabled: 0 analytics enabled: 0
[2020.07.04-10.36.27:754][290]LogInit: WinSock: Socket queue. Rx: 131072 (config 131072) Tx: 131072 (config 131072)
[2020.07.04-10.36.27:755][290]LogNet: Created socket for bind address: 0.0.0.0 on port 17777
[2020.07.04-10.36.27:756][290]PacketHandlerLog: Loaded PacketHandler component: Engine.EngineHandlerComponentFactory (StatelessConnectHandlerComponent)
[2020.07.04-10.36.27:758][290]LogNet: GameNetDriver IpNetDriver_0 IpNetDriver listening on port 17777
[2020.07.04-10.36.27:790][290]LogBlueprintUserMessages: [BP_GameState_C_0] Server: Waiting to Start
[2020.07.04-10.36.27:792][290]PIE: Server logged in
[2020.07.04-10.36.27:794][290]PIE: Play in editor total start time 0.58 seconds.
[2020.07.04-10.36.27:865][291]LogBlueprintUserMessages: [BP_GameState_C_0] Server: Wave in Progress
[2020.07.04-10.36.30:114][359]LogBlueprintUserMessages: [BP_GameState_C_0] Server: Waiting to Complete
[2020.07.04-10.36.33:787][772]LogTemp: Health Changed: 80.0
[2020.07.04-10.36.33:788][772]LogTemp: Healh 80.0 of BP_TrackerBot_C_0
[2020.07.04-10.36.34:137][807]LogTemp: Health Changed: 60.0
[2020.07.04-10.36.34:137][807]LogTemp: Healh 60.0 of BP_TrackerBot_C_0
[2020.07.04-10.36.34:238][819]LogTemp: Health Changed: 40.0
[2020.07.04-10.36.34:239][819]LogTemp: Healh 40.0 of BP_TrackerBot_C_0
[2020.07.04-10.36.34:342][831]LogTemp: Health Changed: 20.0
[2020.07.04-10.36.34:342][831]LogTemp: Healh 20.0 of BP_TrackerBot_C_0
[2020.07.04-10.36.34:436][842]LogTemp: Health Changed: 0.0
[2020.07.04-10.36.34:436][842]LogTemp: Healh 0.0 of BP_TrackerBot_C_0
[2020.07.04-10.36.34:438][842]PIE: Warning: Invalid Simulate Options: Body (BP_TrackerBot_C_0.MeshComp TrackerBot) is set to simulate physics but Collision Enabled is incompatible
[2020.07.04-10.36.34:438][842]PIE: Warning: Invalid Simulate Options: Body (BP_TrackerBot_C_0.MeshComp TrackerBot) is set to simulate physics but Collision Enabled is incompatible
[2020.07.04-10.36.35:341][921]LogTemp: Health Changed: 80.0
[2020.07.04-10.36.35:342][921]LogTemp: Healh 80.0 of BP_TrackerBot_C_1
[2020.07.04-10.36.35:445][933]LogTemp: Health Changed: 60.0
[2020.07.04-10.36.35:445][933]LogTemp: Healh 60.0 of BP_TrackerBot_C_1
[2020.07.04-10.36.35:539][944]LogTemp: Health Changed: 40.0
[2020.07.04-10.36.35:539][944]LogTemp: Healh 40.0 of BP_TrackerBot_C_1
[2020.07.04-10.36.35:645][956]LogTemp: Health Changed: 20.0
[2020.07.04-10.36.35:645][956]LogTemp: Healh 20.0 of BP_TrackerBot_C_1
[2020.07.04-10.36.36:046][  2]LogTemp: Health Changed: 0.0
[2020.07.04-10.36.36:046][  2]LogTemp: Healh 0.0 of BP_TrackerBot_C_1
[2020.07.04-10.36.36:046][  2]PIE: Warning: Invalid Simulate Options: Body (BP_TrackerBot_C_1.MeshComp TrackerBot) is set to simulate physics but Collision Enabled is incompatible
[2020.07.04-10.36.36:047][  2]PIE: Warning: Invalid Simulate Options: Body (BP_TrackerBot_C_1.MeshComp TrackerBot) is set to simulate physics but Collision Enabled is incompatible
[2020.07.04-10.36.36:047][  2]LogTemp: Health Changed: 0.0
[2020.07.04-10.36.36:047][  2]LogTemp: Healh 0.0 of BP_TrackerBot_C_0
[2020.07.04-10.36.36:717][ 79]LogBlueprintUserMessages: [BP_GameState_C_0] Server: Wave Complete
[2020.07.04-10.36.36:717][ 79]LogBlueprintUserMessages: [BP_GameState_C_0] Server: Waiting to Start
[2020.07.04-10.36.36:726][ 80]LogBlueprintUserMessages: [BP_GameState_C_0] Server: Wave in Progress
[2020.07.04-10.36.39:734][426]LogBlueprintUserMessages: [BP_GameState_C_0] Server: Waiting to Complete
[2020.07.04-10.36.40:244][484]LogTemp: Health Changed: 80.0
[2020.07.04-10.36.40:244][484]LogTemp: Healh 80.0 of BP_TrackerBot_C_2
[2020.07.04-10.36.40:490][512]LogTemp: Health Changed: 60.0
[2020.07.04-10.36.40:490][512]LogTemp: Healh 60.0 of BP_TrackerBot_C_2
[2020.07.04-10.36.40:738][541]LogTemp: Health Changed: 40.0
[2020.07.04-10.36.40:739][541]LogTemp: Healh 40.0 of BP_TrackerBot_C_2
[2020.07.04-10.36.40:988][570]LogTemp: Health Changed: 20.0
[2020.07.04-10.36.40:988][570]LogTemp: Healh 20.0 of BP_TrackerBot_C_2
[2020.07.04-10.36.41:238][599]LogTemp: Health Changed: 0.0
[2020.07.04-10.36.41:239][599]LogTemp: Healh 0.0 of BP_TrackerBot_C_2
[2020.07.04-10.36.41:239][599]PIE: Warning: Invalid Simulate Options: Body (BP_TrackerBot_C_2.MeshComp TrackerBot) is set to simulate physics but Collision Enabled is incompatible
[2020.07.04-10.36.41:239][599]PIE: Warning: Invalid Simulate Options: Body (BP_TrackerBot_C_2.MeshComp TrackerBot) is set to simulate physics but Collision Enabled is incompatible
[2020.07.04-10.36.41:239][599]LogTemp: Health Changed: 0.0
[2020.07.04-10.36.41:240][599]LogTemp: Healh 0.0 of BP_TrackerBot_C_3
[2020.07.04-10.36.41:240][599]PIE: Warning: Invalid Simulate Options: Body (BP_TrackerBot_C_3.MeshComp TrackerBot) is set to simulate physics but Collision Enabled is incompatible
[2020.07.04-10.36.41:240][599]PIE: Warning: Invalid Simulate Options: Body (BP_TrackerBot_C_3.MeshComp TrackerBot) is set to simulate physics but Collision Enabled is incompatible
[2020.07.04-10.36.41:487][627]LogTemp: Health Changed: 0.0
[2020.07.04-10.36.41:487][627]LogTemp: Healh 0.0 of BP_TrackerBot_C_2
[2020.07.04-10.36.41:734][655]LogTemp: Health Changed: 0.0
[2020.07.04-10.36.41:734][655]LogTemp: Healh 0.0 of BP_TrackerBot_C_2
[2020.07.04-10.36.41:986][684]LogTemp: Health Changed: 0.0
[2020.07.04-10.36.41:986][684]LogTemp: Healh 0.0 of BP_TrackerBot_C_2
[2020.07.04-10.36.42:235][713]LogTemp: Health Changed: 0.0
[2020.07.04-10.36.42:235][713]LogTemp: Healh 0.0 of BP_TrackerBot_C_2
[2020.07.04-10.36.42:489][742]LogTemp: Health Changed: 0.0
[2020.07.04-10.36.42:489][742]LogTemp: Healh 0.0 of BP_TrackerBot_C_2
[2020.07.04-10.36.42:737][771]LogTemp: Health Changed: 0.0
[2020.07.04-10.36.42:738][771]LogTemp: Healh 0.0 of BP_TrackerBot_C_2
[2020.07.04-10.36.42:985][799]LogTemp: Health Changed: 0.0
[2020.07.04-10.36.42:985][799]LogTemp: Healh 0.0 of BP_TrackerBot_C_2
[2020.07.04-10.36.43:243][828]LogTemp: Health Changed: 0.0
[2020.07.04-10.36.43:243][828]LogTemp: Healh 0.0 of BP_TrackerBot_C_2
[2020.07.04-10.36.43:243][828]LogTemp: Health Changed: 80.0
[2020.07.04-10.36.43:244][828]LogTemp: Healh 80.0 of BP_TrackerBot_C_4
[2020.07.04-10.36.43:342][839]LogTemp: Health Changed: 60.0
[2020.07.04-10.36.43:342][839]LogTemp: Healh 60.0 of BP_TrackerBot_C_4
[2020.07.04-10.36.43:439][850]LogTemp: Health Changed: 40.0
[2020.07.04-10.36.43:439][850]LogTemp: Healh 40.0 of BP_TrackerBot_C_4
[2020.07.04-10.36.43:591][867]LogTemp: Health Changed: 20.0
[2020.07.04-10.36.43:591][867]LogTemp: Healh 20.0 of BP_TrackerBot_C_4
[2020.07.04-10.36.43:836][895]LogTemp: Health Changed: 0.0
[2020.07.04-10.36.43:836][895]LogTemp: Healh 0.0 of BP_TrackerBot_C_4
[2020.07.04-10.36.43:837][895]PIE: Warning: Invalid Simulate Options: Body (BP_TrackerBot_C_4.MeshComp TrackerBot) is set to simulate physics but Collision Enabled is incompatible
[2020.07.04-10.36.43:837][895]PIE: Warning: Invalid Simulate Options: Body (BP_TrackerBot_C_4.MeshComp TrackerBot) is set to simulate physics but Collision Enabled is incompatible
[2020.07.04-10.36.43:837][895]LogTemp: Health Changed: 0.0
[2020.07.04-10.36.44:084][923]LogTemp: Health Changed: 0.0
[2020.07.04-10.36.44:085][923]LogTemp: Healh 0.0 of BP_TrackerBot_C_4
[2020.07.04-10.36.44:332][952]LogTemp: Health Changed: 0.0
[2020.07.04-10.36.44:332][952]LogTemp: Healh 0.0 of BP_TrackerBot_C_4
[2020.07.04-10.36.44:584][981]LogTemp: Health Changed: 0.0
[2020.07.04-10.36.44:584][981]LogTemp: Healh 0.0 of BP_TrackerBot_C_4
[2020.07.04-10.36.44:714][996]LogBlueprintUserMessages: [BP_GameState_C_0] Server: Waiting to Complete
[2020.07.04-10.36.44:714][996]LogBlueprintUserMessages: [BP_GameState_C_0] Server: Game Over
[2020.07.04-10.36.44:835][ 10]LogTemp: Health Changed: 0.0
[2020.07.04-10.36.44:836][ 10]LogTemp: Healh 0.0 of BP_TrackerBot_C_4
[2020.07.04-10.36.45:004][ 26]LogOnlineSession: Warning: OSS: No game present to leave for session (GameSession)
[2020.07.04-10.36.45:006][ 26]LogSlate: Updating window title bar state: overlay mode, drag disabled, window buttons hidden, title bar hidden
[2020.07.04-10.36.45:006][ 26]LogWorld: BeginTearingDown for /Game/Maps/UEDPIE_0_MyMap
[2020.07.04-10.36.45:008][ 26]LogWorld: UWorld::CleanupWorld for MyMap, bSessionEnded=true, bCleanupResources=true
[2020.07.04-10.36.45:010][ 26]LogSlate: InvalidateAllWidgets triggered.  All widgets were invalidated
[2020.07.04-10.36.45:028][ 26]LogNet: World NetDriver shutdown IpNetDriver_0 [GameNetDriver]
[2020.07.04-10.36.45:028][ 26]LogNet: DestroyNamedNetDriver IpNetDriver_0 [GameNetDriver]
[2020.07.04-10.36.45:029][ 26]LogExit: GameNetDriver IpNetDriver_0 shut down
[2020.07.04-10.36.45:031][ 26]LogPlayLevel: Display: Shutting down PIE online subsystems
[2020.07.04-10.36.45:035][ 26]LogSlate: InvalidateAllWidgets triggered.  All widgets were invalidated
[2020.07.04-10.36.45:045][ 26]LogSlate: Updating window title bar state: overlay mode, drag disabled, window buttons hidden, title bar hidden
[2020.07.04-10.36.45:123][ 26]LogAISub: UAISubsystem::~UAISubsystem AIPerceptionSystem (00000299CEEDD800), frame # 4026
[2020.07.04-10.36.45:124][ 26]LogAISub: UAISubsystem::~UAISubsystem EnvQueryManager (00000299FA8A7E00), frame # 4026
[2020.07.04-10.36.45:128][ 26]LogUObjectHash: Compacting FUObjectHashTables data took   1.01ms
[2020.07.04-10.36.45:288][ 26]LogSlate: Took 0.000108 seconds to synchronously load lazily loaded font '../../../Engine/Content/Slate/Fonts/DroidSansMono.ttf' (77K)
[2020.07.04-10.36.45:306][ 27]LogPlayLevel: Display: Destroying online subsystem :Context_4
[2020.07.04-10.36.50:658][325]LogSlate: Window 'Message Log' being destroyed
[2020.07.04-10.36.50:664][325]LogSlate: Window 'Message Log' being destroyed
[2020.07.04-10.37.52:905][162]Cmd: OBJ SAVEPACKAGE PACKAGE="/Game/Maps/MyMap" FILE="../../../../../UnrealTutorialLooman/CoOpGame/Content/Maps/MyMap.umap" SILENT=true AUTOSAVING=false KEEPDIRTY=false
[2020.07.04-10.37.52:915][162]LogUObjectHash: Compacting FUObjectHashTables data took   0.77ms
[2020.07.04-10.37.52:941][162]LogSavePackage: Moving '../../../../../UnrealTutorialLooman/CoOpGame/Saved/MyMap405C886544514E841421D4A51E14551C.tmp' to '../../../../../UnrealTutorialLooman/CoOpGame/Content/Maps/MyMap.umap'
[2020.07.04-10.37.52:970][162]Cmd: OBJ SAVEPACKAGE PACKAGE="/Game/Maps/MyMap_BuiltData" FILE="../../../../../UnrealTutorialLooman/CoOpGame/Content/Maps/MyMap_BuiltData.uasset" SILENT=true
[2020.07.04-10.37.52:983][162]LogSavePackage: Moving '../../../../../UnrealTutorialLooman/CoOpGame/Saved/MyMap_BuiltDataD8D4F98E426B447EB554AEA57DAF1E92.tmp' to '../../../../../UnrealTutorialLooman/CoOpGame/Content/Maps/MyMap_BuiltData.uasset'
[2020.07.04-10.37.53:000][162]AssetCheck: New page: Asset Save: multiple assets
[2020.07.04-10.37.53:000][162]LogContentValidation: Display: Validating World /Game/Maps/MyMap.MyMap
[2020.07.04-10.37.53:000][162]LogContentValidation: Display: Validating MapBuildDataRegistry /Game/Maps/MyMap_BuiltData.MyMap_BuiltData
[2020.07.04-10.38.34:028][205]LogSlate: WidgetSwitcher ('None') active index changed to -1
[2020.07.04-10.38.34:028][205]LogSlate: WidgetSwitcher ('None') active index changed to 0
[2020.07.04-10.38.34:087][205]LogSlate: Took 0.000169 seconds to synchronously load lazily loaded font '../../../Engine/Content/Slate/Fonts/Roboto-BoldCondensed.ttf' (158K)
[2020.07.04-10.38.44:126][344]LogSlate: WidgetSwitcher ('None') active index changed to 1
[2020.07.04-10.38.51:565][177]Candidate modules for hot reload:
[2020.07.04-10.38.51:565][177]  CoOpGame
[2020.07.04-10.38.51:565][177]Launching UnrealBuildTool... [F:/UnrealEngine/UE_4.25/Engine/Binaries/DotNET/UnrealBuildTool.exe  -ModuleWithSuffix=CoOpGame,2364 CoOpGameEditor Win64 Development -Project="F:/UnrealTutorialLooman/CoOpGame/CoOpGame.uproject" "F:/UnrealTutorialLooman/CoOpGame/CoOpGame.uproject"  -IgnoreJunk]
[2020.07.04-10.39.04:107][177]CompilerResultsLog: New page: Compilation - Jul 5, 2020, 6:39:04 AM
[2020.07.04-10.39.04:107][177]CompilerResultsLog: Using 'git status' to determine working set for adaptive non-unity build (F:\UnrealTutorialLooman).
[2020.07.04-10.39.04:107][177]CompilerResultsLog: Invalidating makefile for CoOpGameEditor (source file added)
[2020.07.04-10.39.04:107][177]CompilerResultsLog: Parsing headers for CoOpGameEditor
[2020.07.04-10.39.04:107][177]CompilerResultsLog:   Running UnrealHeaderTool "F:\UnrealTutorialLooman\CoOpGame\CoOpGame.uproject" "F:\UnrealTutorialLooman\CoOpGame\Intermediate\Build\Win64\CoOpGameEditor\Development\CoOpGameEditor.uhtmanifest" -LogCmds="loginit warning, logexit warning, logdatabase error" -Unattended -WarningsAsErrors -abslog="C:\Users\geewi\AppData\Local\UnrealBuildTool\Log_UHT.txt" -installed
[2020.07.04-10.39.04:108][177]CompilerResultsLog: Reflection code generated for CoOpGameEditor in 5.7389541 seconds
[2020.07.04-10.39.04:108][177]CompilerResultsLog: Building CoOpGameEditor...
[2020.07.04-10.39.04:108][177]CompilerResultsLog: Using Visual Studio 2019 14.26.28805 toolchain (F:\Visual Studio\VC\Tools\MSVC\14.26.28801) and Windows 10.0.18362.0 SDK (C:\Program Files (x86)\Windows Kits\10).
[2020.07.04-10.39.04:108][177]CompilerResultsLog: Building 7 actions with 6 processes...
[2020.07.04-10.39.04:108][177]CompilerResultsLog:   [1/7] CoOpGame.init.gen.cpp
[2020.07.04-10.39.04:108][177]CompilerResultsLog:   [2/7] SPlayerState.cpp
[2020.07.04-10.39.04:109][177]CompilerResultsLog:   [3/7] SPlayerState.gen.cpp
[2020.07.04-10.39.04:109][177]CompilerResultsLog:   [4/7] SGameMode.cpp
[2020.07.04-10.39.04:109][177]CompilerResultsLog:   F:\UnrealTutorialLooman\CoOpGame\Source\CoOpGame\Private\SGameMode.cpp(85): warning C4996: 'UWorld::GetPawnIterator': The PawnIterator is an inefficient mechanism for iterating pawns. Please use TActorIterator<PawnType> instead. Please update your code to the new API before upgrading to the next release, otherwise your project will no longer compile.
[2020.07.04-10.39.04:109][177]CompilerResultsLog:   [5/7] UE4Editor-CoOpGame-2364.lib
[2020.07.04-10.39.04:109][177]CompilerResultsLog:      Creating library F:\UnrealTutorialLooman\CoOpGame\Intermediate\Build\Win64\UE4Editor\Development\CoOpGame\UE4Editor-CoOpGame-2364.lib and object F:\UnrealTutorialLooman\CoOpGame\Intermediate\Build\Win64\UE4Editor\Development\CoOpGame\UE4Editor-CoOpGame-2364.exp
[2020.07.04-10.39.04:109][177]CompilerResultsLog:   [6/7] UE4Editor-CoOpGame-2364.dll
[2020.07.04-10.39.04:109][177]CompilerResultsLog:      Creating library F:\UnrealTutorialLooman\CoOpGame\Intermediate\Build\Win64\UE4Editor\Development\CoOpGame\UE4Editor-CoOpGame-2364.suppressed.lib and object F:\UnrealTutorialLooman\CoOpGame\Intermediate\Build\Win64\UE4Editor\Development\CoOpGame\UE4Editor-CoOpGame-2364.suppressed.exp
[2020.07.04-10.39.04:110][177]CompilerResultsLog:   [7/7] CoOpGameEditor.target
[2020.07.04-10.39.04:110][177]CompilerResultsLog: Total time in Parallel executor: 3.93 seconds
[2020.07.04-10.39.04:110][177]CompilerResultsLog: Total execution time: 12.45 seconds
[2020.07.04-10.39.04:110][177]LogMainFrame: MainFrame: Module compiling took 12.551 seconds
[2020.07.04-10.39.04:133][177]LogClass: Could not find existing class SPlayerState in package /Script/CoOpGame for HotReload, assuming new class
[2020.07.04-10.39.04:137][177]LogClass: EWaveState HotReload.
[2020.07.04-10.39.04:138][177]LogClass: HitscanTrace HotReload.
[2020.07.04-10.39.04:147][177]LogContentBrowser: Native class hierarchy updated for 'CoOpGame' in 0.0004 seconds. Added 12 classes and 4 folders.
[2020.07.04-10.39.04:149][177]Display: HotReload successful (19 functions remapped  1 scriptstructs remapped)
[2020.07.04-10.39.04:220][177]LogContentBrowser: Native class hierarchy populated in 0.0107 seconds. Added 3446 classes and 827 folders.
[2020.07.04-10.39.04:220][177]Display: HotReload took 12.7s.
[2020.07.04-10.39.04:220][177]Warning: HotReload operation took 12.7s.
[2020.07.04-10.39.04:464][177]LogVSAccessor: Warning: Couldn't goto line number '1' in 'F:/UnrealTutorialLooman/CoOpGame/Source/CoOpGame/Public/SPlayerState.h'
[2020.07.04-10.39.04:466][177]LogVSAccessor: Warning: Couldn't open file 'F:/UnrealTutorialLooman/CoOpGame/Source/CoOpGame/Private/SPlayerState.cpp'.
[2020.07.04-10.39.04:473][177]LogSlate: Window 'Add C++ Class' being destroyed
[2020.07.04-10.39.04:485][177]LogHotReload: New module detected: UE4Editor-CoOpGame-2364.dll
[2020.07.04-10.39.04:589][178]LogHotReload: Starting Hot-Reload from IDE
[2020.07.04-10.39.04:832][178]LogContentBrowser: Native class hierarchy updated for 'CoOpGame' in 0.0006 seconds. Added 12 classes and 4 folders.
[2020.07.04-10.39.04:835][178]Display: HotReload successful (0 functions remapped  1 scriptstructs remapped)
[2020.07.04-10.39.04:853][178]LogContentBrowser: Native class hierarchy populated in 0.0103 seconds. Added 3446 classes and 827 folders.
[2020.07.04-10.39.04:858][178]Display: HotReload took  0.3s.
[2020.07.04-10.39.49:805][313]LogAudioMixer: Display: Audio Buffer Underrun detected.
[2020.07.04-10.39.59:870][343]LogAudioMixer: Display: Audio Buffer Underrun detected.
[2020.07.04-10.40.26:380][422]LogAudioMixer: Display: Audio Buffer Underrun detected.
[2020.07.04-10.40.32:745][441]LogAudioMixer: Display: Audio Buffer Underrun detected.
[2020.07.04-10.41.12:086][558]LogAudioMixer: Display: Audio Buffer Underrun detected.
[2020.07.04-10.41.30:479][613]LogAudioMixer: Display: Audio Buffer Underrun detected.
[2020.07.04-10.42.08:034][725]LogAudioMixer: Display: Audio Buffer Underrun detected.
[2020.07.04-10.43.01:239][884]LogAudioMixer: Display: Audio Buffer Underrun detected.
