Log file open, 06/29/20 15:00:23
LogInit: Display: Running engine for game: CoOpGame
LogPlatformFile: Not using cached read wrapper
LogTaskGraph: Started task graph with 5 named threads and 23 total threads with 3 sets of task threads.
LogStats: Stats thread started at 2.055008
LogD3D11RHI: Loaded GFSDK_Aftermath_Lib.x64.dll
LogICUInternationalization: ICU TimeZone Detection - Raw Offset: +10:00, Platform Override: ''
LogPluginManager: Mounting plugin Paper2D
LogPluginManager: Mounting plugin AISupport
LogPluginManager: Mounting plugin LightPropagationVolume
LogPluginManager: Mounting plugin CameraShakePreviewer
LogPluginManager: Mounting plugin ActorLayerUtilities
LogPluginManager: Mounting plugin AnimationSharing
LogPluginManager: Mounting plugin CLionSourceCodeAccess
LogPluginManager: Mounting plugin CodeLiteSourceCodeAccess
LogPluginManager: Mounting plugin GitSourceControl
LogPluginManager: Mounting plugin KDevelopSourceCodeAccess
LogPluginManager: Mounting plugin NullSourceCodeAccess
LogPluginManager: Mounting plugin PerforceSourceControl
LogPluginManager: Mounting plugin PlasticSourceControl
LogPluginManager: Mounting plugin RiderSourceCodeAccess
LogPluginManager: Mounting plugin SubversionSourceControl
LogPluginManager: Mounting plugin UObjectPlugin
LogPluginManager: Mounting plugin VisualStudioCodeSourceCodeAccess
LogPluginManager: Mounting plugin VisualStudioSourceCodeAccess
LogPluginManager: Mounting plugin XCodeSourceCodeAccess
LogPluginManager: Mounting plugin AssetManagerEditor
LogPluginManager: Mounting plugin CryptoKeys
LogPluginManager: Mounting plugin CurveEditorTools
LogPluginManager: Mounting plugin DataValidation
LogPluginManager: Mounting plugin EditorScriptingUtilities
LogPluginManager: Mounting plugin FacialAnimation
LogPluginManager: Mounting plugin GameplayTagsEditor
LogPluginManager: Mounting plugin GeometryMode
LogPluginManager: Mounting plugin MacGraphicsSwitching
LogPluginManager: Mounting plugin MaterialAnalyzer
LogPluginManager: Mounting plugin MobileLauncherProfileWizard
LogPluginManager: Mounting plugin PluginBrowser
LogPluginManager: Mounting plugin SpeedTreeImporter
LogPluginManager: Mounting plugin DatasmithContent
LogPluginManager: Mounting plugin VariantManagerContent
LogPluginManager: Mounting plugin AlembicImporter
LogPluginManager: Mounting plugin AutomationUtils
LogPluginManager: Mounting plugin BackChannel
LogPluginManager: Mounting plugin ChaosCloth
LogPluginManager: Mounting plugin ChaosClothEditor
LogPluginManager: Mounting plugin ChaosEditor
LogPluginManager: Mounting plugin ChaosNiagara
LogPluginManager: Mounting plugin ChaosSolverPlugin
LogPluginManager: Mounting plugin CharacterAI
LogPluginManager: Mounting plugin GeometryCache
LogPluginManager: Mounting plugin GeometryCollectionPlugin
LogPluginManager: Mounting plugin GeometryProcessing
LogPluginManager: Mounting plugin PlanarCut
LogPluginManager: Mounting plugin PlatformCrypto
LogPluginManager: Mounting plugin ProxyLODPlugin
LogPluginManager: Mounting plugin SkeletalReduction
LogPluginManager: Mounting plugin Niagara
LogPluginManager: Mounting plugin MagicLeap
LogPluginManager: Mounting plugin MagicLeapLightEstimation
LogPluginManager: Mounting plugin MagicLeapMedia
LogPluginManager: Mounting plugin MagicLeapPassableWorld
LogPluginManager: Mounting plugin MLSDK
LogPluginManager: Mounting plugin AndroidMedia
LogPluginManager: Mounting plugin AvfMedia
LogPluginManager: Mounting plugin ImgMedia
LogPluginManager: Mounting plugin MediaCompositing
LogPluginManager: Mounting plugin MediaPlayerEditor
LogPluginManager: Mounting plugin WebMMedia
LogPluginManager: Mounting plugin WmfMedia
LogPluginManager: Mounting plugin MeshPainting
LogPluginManager: Mounting plugin TcpMessaging
LogPluginManager: Mounting plugin UdpMessaging
LogPluginManager: Mounting plugin ActorSequence
LogPluginManager: Mounting plugin LevelSequenceEditor
LogPluginManager: Mounting plugin MatineeToLevelSequence
LogPluginManager: Mounting plugin MovieRenderPipeline
LogPluginManager: Mounting plugin TemplateSequence
LogPluginManager: Mounting plugin NetcodeUnitTest
LogPluginManager: Mounting plugin NUTUnrealEngine4
LogPluginManager: Mounting plugin OnlineSubsystemGooglePlay
LogPluginManager: Mounting plugin OnlineSubsystemIOS
LogPluginManager: Mounting plugin OnlineSubsystem
LogPluginManager: Mounting plugin OnlineSubsystemNull
LogPluginManager: Mounting plugin OnlineSubsystemUtils
LogPluginManager: Mounting plugin LauncherChunkInstaller
LogPluginManager: Mounting plugin AndroidDeviceProfileSelector
LogPluginManager: Mounting plugin AndroidMoviePlayer
LogPluginManager: Mounting plugin AndroidPermission
LogPluginManager: Mounting plugin AppleImageUtils
LogPluginManager: Mounting plugin AppleMoviePlayer
LogPluginManager: Mounting plugin ArchVisCharacter
LogPluginManager: Mounting plugin AssetTags
LogPluginManager: Mounting plugin AudioCapture
LogPluginManager: Mounting plugin CableComponent
LogPluginManager: Mounting plugin CustomMeshComponent
LogPluginManager: Mounting plugin EditableMesh
LogPluginManager: Mounting plugin ExampleDeviceProfileSelector
LogPluginManager: Mounting plugin GoogleCloudMessaging
LogPluginManager: Mounting plugin GooglePAD
LogPluginManager: Mounting plugin IOSDeviceProfileSelector
LogPluginManager: Mounting plugin LinuxDeviceProfileSelector
LogPluginManager: Mounting plugin LocationServicesBPLibrary
LogPluginManager: Mounting plugin MobilePatchingUtils
LogPluginManager: Mounting plugin OculusVR
LogPluginManager: Mounting plugin PhysXVehicles
LogPluginManager: Mounting plugin PostSplashScreen
LogPluginManager: Mounting plugin ProceduralMeshComponent
LogPluginManager: Mounting plugin RuntimePhysXCooking
LogPluginManager: Mounting plugin SignificanceManager
LogPluginManager: Mounting plugin SoundFields
LogPluginManager: Mounting plugin SteamVR
LogPluginManager: Mounting plugin Synthesis
LogPluginManager: Mounting plugin WebMMoviePlayer
LogPluginManager: Mounting plugin WindowsMoviePlayer
LogPluginManager: Mounting plugin ScreenshotTools
LogInit: Using libcurl 7.55.1-DEV
LogInit:  - built for x86_64-pc-win32
LogInit:  - supports SSL with OpenSSL/1.1.1
LogInit:  - supports HTTP deflate (compression) using libz 1.2.8
LogInit:  - other features:
LogInit:      CURL_VERSION_SSL
LogInit:      CURL_VERSION_LIBZ
LogInit:      CURL_VERSION_IPV6
LogInit:      CURL_VERSION_ASYNCHDNS
LogInit:      CURL_VERSION_LARGEFILE
LogInit:      CURL_VERSION_IDN
LogInit:  CurlRequestOptions (configurable via config and command line):
LogInit:  - bVerifyPeer = true  - Libcurl will verify peer certificate
LogInit:  - bUseHttpProxy = false  - Libcurl will NOT use HTTP proxy
LogInit:  - bDontReuseConnections = false  - Libcurl will reuse connections
LogInit:  - MaxHostConnections = 16  - Libcurl will limit the number of connections to a host
LogInit:  - LocalHostAddr = Default
LogInit:  - BufferSize = 65536
LogOnline: OSS: Creating online subsystem instance for: NULL
LogInit: WinSock: version 1.1 (2.2), MaxSocks=32767, MaxUdp=65467
LogOnline: OSS: TryLoadSubsystemAndSetDefault: Loaded subsystem for module [NULL]
LogOculusPluginWrapper: OculusPlugin initialized successfully
LogHMD: Failed initializing OVRPlugin 1.44.0
LogInit: Build: ++UE4+Release-4.25-CL-13594126
LogInit: Engine Version: 4.25.1-13594126+++UE4+Release-4.25
LogInit: Compatible Engine Version: 4.25.0-13144385+++UE4+Release-4.25
LogInit: Net CL: 13144385
LogInit: OS: Windows 10 (Release 1909) (), CPU: AMD Ryzen 7 3750H with Radeon Vega Mobile Gfx  , GPU: AMD Radeon(TM) RX Vega 10 Graphics
LogInit: Compiled (64-bit): Jun  2 2020 02:10:36
LogInit: Compiled with Visual C++: 19.24.28315.00
LogInit: Build Configuration: Development
LogInit: Branch Name: ++UE4+Release-4.25
LogInit: Command Line:  -skipcompile
LogInit: Base Directory: C:/Program Files/Epic Games/UE_4.25/Engine/Binaries/Win64/
LogInit: Allocator: TBB
LogInit: Installed Engine Build: 1
LogDevObjectVersion: Number of dev versions registered: 26
LogDevObjectVersion:   Dev-Blueprints (B0D832E4-1F89-4F0D-ACCF-7EB736FD4AA2): 10
LogDevObjectVersion:   Dev-Build (E1C64328-A22C-4D53-A36C-8E866417BD8C): 0
LogDevObjectVersion:   Dev-Core (375EC13C-06E4-48FB-B500-84F0262A717E): 4
LogDevObjectVersion:   Dev-Editor (E4B068ED-F494-42E9-A231-DA0B2E46BB41): 38
LogDevObjectVersion:   Dev-Framework (CFFC743F-43B0-4480-9391-14DF171D2073): 37
LogDevObjectVersion:   Dev-Mobile (B02B49B5-BB20-44E9-A304-32B752E40360): 2
LogDevObjectVersion:   Dev-Networking (A4E4105C-59A1-49B5-A7C5-40C4547EDFEE): 0
LogDevObjectVersion:   Dev-Online (39C831C9-5AE6-47DC-9A44-9C173E1C8E7C): 0
LogDevObjectVersion:   Dev-Physics (78F01B33-EBEA-4F98-B9B4-84EACCB95AA2): 4
LogDevObjectVersion:   Dev-Platform (6631380F-2D4D-43E0-8009-CF276956A95A): 0
LogDevObjectVersion:   Dev-Rendering (12F88B9F-8875-4AFC-A67C-D90C383ABD29): 43
LogDevObjectVersion:   Dev-Sequencer (7B5AE74C-D270-4C10-A958-57980B212A5A): 12
LogDevObjectVersion:   Dev-VR (D7296918-1DD6-4BDD-9DE2-64A83CC13884): 3
LogDevObjectVersion:   Dev-LoadTimes (C2A15278-BFE7-4AFE-6C17-90FF531DF755): 1
LogDevObjectVersion:   Private-Geometry (6EACA3D4-40EC-4CC1-B786-8BED09428FC5): 3
LogDevObjectVersion:   Dev-AnimPhys (29E575DD-E0A3-4627-9D10-D276232CDCEA): 17
LogDevObjectVersion:   Dev-Anim (AF43A65D-7FD3-4947-9873-3E8ED9C1BB05): 7
LogDevObjectVersion:   Dev-ReflectionCapture (6B266CEC-1EC7-4B8F-A30B-E4D90942FC07): 1
LogDevObjectVersion:   Dev-Automation (0DF73D61-A23F-47EA-B727-89E90C41499A): 1
LogDevObjectVersion:   FortniteMain (601D1886-AC64-4F84-AA16-D3DE0DEAC7D6): 31
LogDevObjectVersion:   Dev-Enterprise (9DFFBCD6-494F-0158-E221-12823C92A888): 10
LogDevObjectVersion:   Dev-Niagara (F2AED0AC-9AFE-416F-8664-AA7FFA26D6FC): 1
LogDevObjectVersion:   Dev-Destruction (174F1F0B-B4C6-45A5-B13F-2EE8D0FB917D): 10
LogDevObjectVersion:   Dev-Physics-Ext (35F94A83-E258-406C-A318-09F59610247C): 37
LogDevObjectVersion:   Dev-PhysicsMaterial-Chaos (B68FC16E-8B1B-42E2-B453-215C058844FE): 1
LogDevObjectVersion:   Dev-CineCamera (B2E18506-4273-CFC2-A54E-F4BB758BBA07): 1
LogInit: Presizing for max 25165824 objects, including 0 objects not considered by GC, pre-allocating 0 bytes for permanent pool.
LogConfig: Applying CVar settings from Section [/Script/Engine.StreamingSettings] File [C:/UnrealTutorialLooman/UnrealTutorialLooman/CoOpGame/Saved/Config/Windows/Engine.ini]
LogConfig: Setting CVar [[s.MinBulkDataSizeForAsyncLoading:131072]]
LogConfig: Setting CVar [[s.AsyncLoadingThreadEnabled:0]]
LogConfig: Setting CVar [[s.EventDrivenLoaderEnabled:1]]
LogConfig: Setting CVar [[s.WarnIfTimeLimitExceeded:0]]
LogConfig: Setting CVar [[s.TimeLimitExceededMultiplier:1.5]]
LogConfig: Setting CVar [[s.TimeLimitExceededMinTime:0.005]]
LogConfig: Setting CVar [[s.UseBackgroundLevelStreaming:1]]
LogConfig: Setting CVar [[s.PriorityAsyncLoadingExtraTime:15.0]]
LogConfig: Setting CVar [[s.LevelStreamingActorsUpdateTimeLimit:5.0]]
LogConfig: Setting CVar [[s.PriorityLevelStreamingActorsUpdateExtraTime:5.0]]
LogConfig: Setting CVar [[s.LevelStreamingComponentsRegistrationGranularity:10]]
LogConfig: Setting CVar [[s.UnregisterComponentsTimeLimit:1.0]]
LogConfig: Setting CVar [[s.LevelStreamingComponentsUnregistrationGranularity:5]]
LogConfig: Setting CVar [[s.FlushStreamingOnExit:1]]
LogInit: Object subsystem initialized
LogConfig: Setting CVar [[con.DebugEarlyDefault:1]]
LogConfig: Setting CVar [[r.setres:1280x720]]
[2020.06.29-05.00.24:541][  0]LogConfig: Setting CVar [[r.VSync:0]]
[2020.06.29-05.00.24:541][  0]LogConfig: Setting CVar [[r.RHICmdBypass:0]]
[2020.06.29-05.00.24:541][  0]LogConfig: Applying CVar settings from Section [/Script/Engine.RendererSettings] File [C:/UnrealTutorialLooman/UnrealTutorialLooman/CoOpGame/Saved/Config/Windows/Engine.ini]
[2020.06.29-05.00.24:542][  0]LogConfig: Setting CVar [[r.GPUCrashDebugging:0]]
[2020.06.29-05.00.24:542][  0]LogConfig: Applying CVar settings from Section [/Script/Engine.RendererOverrideSettings] File [C:/UnrealTutorialLooman/UnrealTutorialLooman/CoOpGame/Saved/Config/Windows/Engine.ini]
[2020.06.29-05.00.24:542][  0]LogConfig: Applying CVar settings from Section [/Script/Engine.StreamingSettings] File [C:/UnrealTutorialLooman/UnrealTutorialLooman/CoOpGame/Saved/Config/Windows/Engine.ini]
[2020.06.29-05.00.24:542][  0]LogConfig: Setting CVar [[s.MinBulkDataSizeForAsyncLoading:131072]]
[2020.06.29-05.00.24:542][  0]LogConfig: Setting CVar [[s.AsyncLoadingThreadEnabled:0]]
[2020.06.29-05.00.24:542][  0]LogConfig: Setting CVar [[s.EventDrivenLoaderEnabled:1]]
[2020.06.29-05.00.24:542][  0]LogConfig: Setting CVar [[s.WarnIfTimeLimitExceeded:0]]
[2020.06.29-05.00.24:542][  0]LogConfig: Setting CVar [[s.TimeLimitExceededMultiplier:1.5]]
[2020.06.29-05.00.24:542][  0]LogConfig: Setting CVar [[s.TimeLimitExceededMinTime:0.005]]
[2020.06.29-05.00.24:542][  0]LogConfig: Setting CVar [[s.UseBackgroundLevelStreaming:1]]
[2020.06.29-05.00.24:542][  0]LogConfig: Setting CVar [[s.PriorityAsyncLoadingExtraTime:15.0]]
[2020.06.29-05.00.24:542][  0]LogConfig: Setting CVar [[s.LevelStreamingActorsUpdateTimeLimit:5.0]]
[2020.06.29-05.00.24:542][  0]LogConfig: Setting CVar [[s.PriorityLevelStreamingActorsUpdateExtraTime:5.0]]
[2020.06.29-05.00.24:542][  0]LogConfig: Setting CVar [[s.LevelStreamingComponentsRegistrationGranularity:10]]
[2020.06.29-05.00.24:542][  0]LogConfig: Setting CVar [[s.UnregisterComponentsTimeLimit:1.0]]
[2020.06.29-05.00.24:542][  0]LogConfig: Setting CVar [[s.LevelStreamingComponentsUnregistrationGranularity:5]]
[2020.06.29-05.00.24:542][  0]LogConfig: Setting CVar [[s.FlushStreamingOnExit:1]]
[2020.06.29-05.00.24:542][  0]LogConfig: Applying CVar settings from Section [/Script/Engine.GarbageCollectionSettings] File [C:/UnrealTutorialLooman/UnrealTutorialLooman/CoOpGame/Saved/Config/Windows/Engine.ini]
[2020.06.29-05.00.24:542][  0]LogConfig: Setting CVar [[gc.MaxObjectsNotConsideredByGC:1]]
[2020.06.29-05.00.24:542][  0]LogConfig: Setting CVar [[gc.SizeOfPermanentObjectPool:0]]
[2020.06.29-05.00.24:543][  0]LogConfig: Setting CVar [[gc.FlushStreamingOnGC:0]]
[2020.06.29-05.00.24:543][  0]LogConfig: Setting CVar [[gc.NumRetriesBeforeForcingGC:10]]
[2020.06.29-05.00.24:543][  0]LogConfig: Setting CVar [[gc.AllowParallelGC:1]]
[2020.06.29-05.00.24:543][  0]LogConfig: Setting CVar [[gc.TimeBetweenPurgingPendingKillObjects:61.1]]
[2020.06.29-05.00.24:543][  0]LogConfig: Setting CVar [[gc.MaxObjectsInEditor:25165824]]
[2020.06.29-05.00.24:543][  0]LogConfig: Setting CVar [[gc.IncrementalBeginDestroyEnabled:1]]
[2020.06.29-05.00.24:543][  0]LogConfig: Setting CVar [[gc.CreateGCClusters:1]]
[2020.06.29-05.00.24:543][  0]LogConfig: Setting CVar [[gc.MinGCClusterSize:5]]
[2020.06.29-05.00.24:543][  0]LogConfig: Setting CVar [[gc.ActorClusteringEnabled:0]]
[2020.06.29-05.00.24:543][  0]LogConfig: Setting CVar [[gc.BlueprintClusteringEnabled:0]]
[2020.06.29-05.00.24:543][  0]LogConfig: Setting CVar [[gc.UseDisregardForGCOnDedicatedServers:0]]
[2020.06.29-05.00.24:543][  0]LogConfig: Applying CVar settings from Section [/Script/Engine.NetworkSettings] File [C:/UnrealTutorialLooman/UnrealTutorialLooman/CoOpGame/Saved/Config/Windows/Engine.ini]
[2020.06.29-05.00.24:543][  0]LogConfig: Applying CVar settings from Section [/Script/UnrealEd.CookerSettings] File [C:/UnrealTutorialLooman/UnrealTutorialLooman/CoOpGame/Saved/Config/Windows/Engine.ini]
[2020.06.29-05.00.24:549][  0]LogConfig: Applying CVar settings from Section [ViewDistanceQuality@3] File [C:/UnrealTutorialLooman/UnrealTutorialLooman/CoOpGame/Saved/Config/Windows/Scalability.ini]
[2020.06.29-05.00.24:549][  0]LogConfig: Setting CVar [[r.SkeletalMeshLODBias:0]]
[2020.06.29-05.00.24:549][  0]LogConfig: Setting CVar [[r.ViewDistanceScale:1.0]]
[2020.06.29-05.00.24:549][  0]LogConfig: Applying CVar settings from Section [AntiAliasingQuality@3] File [C:/UnrealTutorialLooman/UnrealTutorialLooman/CoOpGame/Saved/Config/Windows/Scalability.ini]
[2020.06.29-05.00.24:549][  0]LogConfig: Setting CVar [[r.PostProcessAAQuality:4]]
[2020.06.29-05.00.24:549][  0]LogConfig: Applying CVar settings from Section [ShadowQuality@3] File [C:/UnrealTutorialLooman/UnrealTutorialLooman/CoOpGame/Saved/Config/Windows/Scalability.ini]
[2020.06.29-05.00.24:549][  0]LogConfig: Setting CVar [[r.LightFunctionQuality:1]]
[2020.06.29-05.00.24:549][  0]LogConfig: Setting CVar [[r.ShadowQuality:5]]
[2020.06.29-05.00.24:550][  0]LogConfig: Setting CVar [[r.Shadow.CSM.MaxCascades:10]]
[2020.06.29-05.00.24:550][  0]LogConfig: Setting CVar [[r.Shadow.MaxResolution:2048]]
[2020.06.29-05.00.24:550][  0]LogConfig: Setting CVar [[r.Shadow.MaxCSMResolution:2048]]
[2020.06.29-05.00.24:550][  0]LogConfig: Setting CVar [[r.Shadow.RadiusThreshold:0.01]]
[2020.06.29-05.00.24:550][  0]LogConfig: Setting CVar [[r.Shadow.DistanceScale:1.0]]
[2020.06.29-05.00.24:550][  0]LogConfig: Setting CVar [[r.Shadow.CSM.TransitionScale:1.0]]
[2020.06.29-05.00.24:550][  0]LogConfig: Setting CVar [[r.Shadow.PreShadowResolutionFactor:1.0]]
[2020.06.29-05.00.24:550][  0]LogConfig: Setting CVar [[r.DistanceFieldShadowing:1]]
[2020.06.29-05.00.24:550][  0]LogConfig: Setting CVar [[r.DistanceFieldAO:1]]
[2020.06.29-05.00.24:550][  0]LogConfig: Setting CVar [[r.AOQuality:2]]
[2020.06.29-05.00.24:550][  0]LogConfig: Setting CVar [[r.VolumetricFog:1]]
[2020.06.29-05.00.24:550][  0]LogConfig: Setting CVar [[r.VolumetricFog.GridPixelSize:8]]
[2020.06.29-05.00.24:550][  0]LogConfig: Setting CVar [[r.VolumetricFog.GridSizeZ:128]]
[2020.06.29-05.00.24:550][  0]LogConfig: Setting CVar [[r.VolumetricFog.HistoryMissSupersampleCount:4]]
[2020.06.29-05.00.24:550][  0]LogConfig: Setting CVar [[r.LightMaxDrawDistanceScale:1]]
[2020.06.29-05.00.24:550][  0]LogConfig: Setting CVar [[r.CapsuleShadows:1]]
[2020.06.29-05.00.24:550][  0]LogConfig: Applying CVar settings from Section [PostProcessQuality@3] File [C:/UnrealTutorialLooman/UnrealTutorialLooman/CoOpGame/Saved/Config/Windows/Scalability.ini]
[2020.06.29-05.00.24:550][  0]LogConfig: Setting CVar [[r.MotionBlurQuality:4]]
[2020.06.29-05.00.24:550][  0]LogConfig: Setting CVar [[r.AmbientOcclusionMipLevelFactor:0.4]]
[2020.06.29-05.00.24:551][  0]LogConfig: Setting CVar [[r.AmbientOcclusionMaxQuality:100]]
[2020.06.29-05.00.24:551][  0]LogConfig: Setting CVar [[r.AmbientOcclusionLevels:-1]]
[2020.06.29-05.00.24:551][  0]LogConfig: Setting CVar [[r.AmbientOcclusionRadiusScale:1.0]]
[2020.06.29-05.00.24:551][  0]LogConfig: Setting CVar [[r.DepthOfFieldQuality:2]]
[2020.06.29-05.00.24:551][  0]LogConfig: Setting CVar [[r.RenderTargetPoolMin:400]]
[2020.06.29-05.00.24:551][  0]LogConfig: Setting CVar [[r.LensFlareQuality:2]]
[2020.06.29-05.00.24:551][  0]LogConfig: Setting CVar [[r.SceneColorFringeQuality:1]]
[2020.06.29-05.00.24:551][  0]LogConfig: Setting CVar [[r.EyeAdaptationQuality:2]]
[2020.06.29-05.00.24:551][  0]LogConfig: Setting CVar [[r.BloomQuality:5]]
[2020.06.29-05.00.24:551][  0]LogConfig: Setting CVar [[r.FastBlurThreshold:100]]
[2020.06.29-05.00.24:551][  0]LogConfig: Setting CVar [[r.Upscale.Quality:3]]
[2020.06.29-05.00.24:551][  0]LogConfig: Setting CVar [[r.Tonemapper.GrainQuantization:1]]
[2020.06.29-05.00.24:551][  0]LogConfig: Setting CVar [[r.LightShaftQuality:1]]
[2020.06.29-05.00.24:551][  0]LogConfig: Setting CVar [[r.Filter.SizeScale:1]]
[2020.06.29-05.00.24:551][  0]LogConfig: Setting CVar [[r.Tonemapper.Quality:5]]
[2020.06.29-05.00.24:551][  0]LogConfig: Setting CVar [[r.DOF.Gather.AccumulatorQuality:1        ; higher gathering accumulator quality]]
[2020.06.29-05.00.24:551][  0]LogConfig: Setting CVar [[r.DOF.Gather.PostfilterMethod:1          ; Median3x3 postfilering method]]
[2020.06.29-05.00.24:551][  0]LogConfig: Setting CVar [[r.DOF.Gather.EnableBokehSettings:0       ; no bokeh simulation when gathering]]
[2020.06.29-05.00.24:551][  0]LogConfig: Setting CVar [[r.DOF.Gather.RingCount:4                 ; medium number of samples when gathering]]
[2020.06.29-05.00.24:552][  0]LogConfig: Setting CVar [[r.DOF.Scatter.ForegroundCompositing:1    ; additive foreground scattering]]
[2020.06.29-05.00.24:552][  0]LogConfig: Setting CVar [[r.DOF.Scatter.BackgroundCompositing:2    ; additive background scattering]]
[2020.06.29-05.00.24:552][  0]LogConfig: Setting CVar [[r.DOF.Scatter.EnableBokehSettings:1      ; bokeh simulation when scattering]]
[2020.06.29-05.00.24:552][  0]LogConfig: Setting CVar [[r.DOF.Scatter.MaxSpriteRatio:0.1         ; only a maximum of 10% of scattered bokeh]]
[2020.06.29-05.00.24:552][  0]LogConfig: Setting CVar [[r.DOF.Recombine.Quality:1                ; cheap slight out of focus]]
[2020.06.29-05.00.24:552][  0]LogConfig: Setting CVar [[r.DOF.Recombine.EnableBokehSettings:0    ; no bokeh simulation on slight out of focus]]
[2020.06.29-05.00.24:552][  0]LogConfig: Setting CVar [[r.DOF.TemporalAAQuality:1                ; more stable temporal accumulation]]
[2020.06.29-05.00.24:552][  0]LogConfig: Setting CVar [[r.DOF.Kernel.MaxForegroundRadius:0.025]]
[2020.06.29-05.00.24:552][  0]LogConfig: Setting CVar [[r.DOF.Kernel.MaxBackgroundRadius:0.025]]
[2020.06.29-05.00.24:552][  0]LogConfig: Applying CVar settings from Section [TextureQuality@3] File [C:/UnrealTutorialLooman/UnrealTutorialLooman/CoOpGame/Saved/Config/Windows/Scalability.ini]
[2020.06.29-05.00.24:552][  0]LogConfig: Setting CVar [[r.Streaming.MipBias:0]]
[2020.06.29-05.00.24:552][  0]LogConfig: Setting CVar [[r.Streaming.AmortizeCPUToGPUCopy:0]]
[2020.06.29-05.00.24:552][  0]LogConfig: Setting CVar [[r.Streaming.MaxNumTexturesToStreamPerFrame:0]]
[2020.06.29-05.00.24:552][  0]LogConfig: Setting CVar [[r.Streaming.Boost:1]]
[2020.06.29-05.00.24:552][  0]LogConfig: Setting CVar [[r.MaxAnisotropy:8]]
[2020.06.29-05.00.24:552][  0]LogConfig: Setting CVar [[r.VT.MaxAnisotropy:8]]
[2020.06.29-05.00.24:552][  0]LogConfig: Setting CVar [[r.Streaming.LimitPoolSizeToVRAM:0]]
[2020.06.29-05.00.24:552][  0]LogConfig: Setting CVar [[r.Streaming.PoolSize:1000]]
[2020.06.29-05.00.24:552][  0]LogConfig: Setting CVar [[r.Streaming.MaxEffectiveScreenSize:0]]
[2020.06.29-05.00.24:553][  0]LogConfig: Applying CVar settings from Section [EffectsQuality@3] File [C:/UnrealTutorialLooman/UnrealTutorialLooman/CoOpGame/Saved/Config/Windows/Scalability.ini]
[2020.06.29-05.00.24:553][  0]LogConfig: Setting CVar [[r.TranslucencyLightingVolumeDim:64]]
[2020.06.29-05.00.24:553][  0]LogConfig: Setting CVar [[r.RefractionQuality:2]]
[2020.06.29-05.00.24:553][  0]LogConfig: Setting CVar [[r.SSR.Quality:3]]
[2020.06.29-05.00.24:553][  0]LogConfig: Setting CVar [[r.SSR.HalfResSceneColor:0]]
[2020.06.29-05.00.24:553][  0]LogConfig: Setting CVar [[r.SceneColorFormat:4]]
[2020.06.29-05.00.24:553][  0]LogConfig: Setting CVar [[r.DetailMode:2]]
[2020.06.29-05.00.24:553][  0]LogConfig: Setting CVar [[r.TranslucencyVolumeBlur:1]]
[2020.06.29-05.00.24:553][  0]LogConfig: Setting CVar [[r.MaterialQualityLevel:1 ; High quality]]
[2020.06.29-05.00.24:553][  0]LogConfig: Setting CVar [[r.SSS.Scale:1]]
[2020.06.29-05.00.24:553][  0]LogConfig: Setting CVar [[r.SSS.SampleSet:2]]
[2020.06.29-05.00.24:553][  0]LogConfig: Setting CVar [[r.SSS.Quality:1]]
[2020.06.29-05.00.24:553][  0]LogConfig: Setting CVar [[r.SSS.HalfRes:0]]
[2020.06.29-05.00.24:553][  0]LogConfig: Setting CVar [[r.SSGI.Quality:3]]
[2020.06.29-05.00.24:553][  0]LogConfig: Setting CVar [[r.EmitterSpawnRateScale:1.0]]
[2020.06.29-05.00.24:553][  0]LogConfig: Setting CVar [[r.ParticleLightQuality:2]]
[2020.06.29-05.00.24:553][  0]LogConfig: Setting CVar [[r.SkyAtmosphere.AerialPerspectiveLUT.FastApplyOnOpaque:1 ; Always have FastSkyLUT 1 in this case to avoid wrong sky]]
[2020.06.29-05.00.24:553][  0]LogConfig: Setting CVar [[r.SkyAtmosphere.AerialPerspectiveLUT.SampleCountPerSlice:1]]
[2020.06.29-05.00.24:553][  0]LogConfig: Setting CVar [[r.SkyAtmosphere.AerialPerspectiveLUT.DepthResolution:16.0]]
[2020.06.29-05.00.24:553][  0]LogConfig: Setting CVar [[r.SkyAtmosphere.FastSkyLUT:1]]
[2020.06.29-05.00.24:554][  0]LogConfig: Setting CVar [[r.SkyAtmosphere.FastSkyLUT.SampleCountMin:4.0]]
[2020.06.29-05.00.24:554][  0]LogConfig: Setting CVar [[r.SkyAtmosphere.FastSkyLUT.SampleCountMax:32.0]]
[2020.06.29-05.00.24:554][  0]LogConfig: Setting CVar [[r.SkyAtmosphere.SampleCountMin:4.0]]
[2020.06.29-05.00.24:554][  0]LogConfig: Setting CVar [[r.SkyAtmosphere.SampleCountMax:32.0]]
[2020.06.29-05.00.24:554][  0]LogConfig: Setting CVar [[r.SkyAtmosphere.TransmittanceLUT.UseSmallFormat:0]]
[2020.06.29-05.00.24:554][  0]LogConfig: Setting CVar [[r.SkyAtmosphere.TransmittanceLUT.SampleCount:10.0]]
[2020.06.29-05.00.24:554][  0]LogConfig: Setting CVar [[r.SkyAtmosphere.MultiScatteringLUT.SampleCount:15.0]]
[2020.06.29-05.00.24:554][  0]LogConfig: Applying CVar settings from Section [FoliageQuality@3] File [C:/UnrealTutorialLooman/UnrealTutorialLooman/CoOpGame/Saved/Config/Windows/Scalability.ini]
[2020.06.29-05.00.24:554][  0]LogConfig: Setting CVar [[foliage.DensityScale:1.0]]
[2020.06.29-05.00.24:554][  0]LogConfig: Setting CVar [[grass.DensityScale:1.0]]
[2020.06.29-05.00.24:554][  0]LogConfig: Applying CVar settings from Section [ShadingQuality@3] File [C:/UnrealTutorialLooman/UnrealTutorialLooman/CoOpGame/Saved/Config/Windows/Scalability.ini]
[2020.06.29-05.00.24:554][  0]LogConfig: Setting CVar [[r.HairStrands.SkyLighting.SampleCount:16]]
[2020.06.29-05.00.24:554][  0]LogConfig: Setting CVar [[r.HairStrands.SkyLighting.JitterIntegration:0]]
[2020.06.29-05.00.24:554][  0]LogConfig: Setting CVar [[r.HairStrands.SkyAO.SampleCount:16]]
[2020.06.29-05.00.24:554][  0]LogConfig: Setting CVar [[r.HairStrands.DeepShadow.SuperSampling:0]]
[2020.06.29-05.00.24:554][  0]LogConfig: Setting CVar [[r.HairStrands.VisibilityPPLL:0]]
[2020.06.29-05.00.24:554][  0]LogConfig: Setting CVar [[r.HairStrands.RasterizationScale:0.5]]
[2020.06.29-05.00.24:554][  0]LogConfig: Setting CVar [[r.HairStrands.VelocityRasterizationScale:1]]
[2020.06.29-05.00.24:554][  0]LogInit: Selected Device Profile: [Windows]
[2020.06.29-05.00.24:555][  0]LogInit: Applying CVar settings loaded from the selected device profile: [Windows]
[2020.06.29-05.00.24:555][  0]LogHAL: Display: Platform has ~ 16 GB [16978178048 / 17179869184 / 16], which maps to Larger [LargestMinGB=32, LargerMinGB=12, DefaultMinGB=8, SmallerMinGB=6, SmallestMinGB=0)
[2020.06.29-05.00.24:555][  0]LogInit: Going up to parent DeviceProfile []
[2020.06.29-05.00.24:555][  0]LogConfig: Applying CVar settings from Section [ViewDistanceQuality@3] File [C:/UnrealTutorialLooman/UnrealTutorialLooman/CoOpGame/Saved/Config/Windows/Scalability.ini]
[2020.06.29-05.00.24:555][  0]LogConfig: Setting CVar [[r.SkeletalMeshLODBias:0]]
[2020.06.29-05.00.24:555][  0]LogConfig: Setting CVar [[r.ViewDistanceScale:1.0]]
[2020.06.29-05.00.24:555][  0]LogConfig: Applying CVar settings from Section [AntiAliasingQuality@3] File [C:/UnrealTutorialLooman/UnrealTutorialLooman/CoOpGame/Saved/Config/Windows/Scalability.ini]
[2020.06.29-05.00.24:555][  0]LogConfig: Setting CVar [[r.PostProcessAAQuality:4]]
[2020.06.29-05.00.24:555][  0]LogConfig: Applying CVar settings from Section [ShadowQuality@3] File [C:/UnrealTutorialLooman/UnrealTutorialLooman/CoOpGame/Saved/Config/Windows/Scalability.ini]
[2020.06.29-05.00.24:555][  0]LogConfig: Setting CVar [[r.LightFunctionQuality:1]]
[2020.06.29-05.00.24:555][  0]LogConfig: Setting CVar [[r.ShadowQuality:5]]
[2020.06.29-05.00.24:555][  0]LogConfig: Setting CVar [[r.Shadow.CSM.MaxCascades:10]]
[2020.06.29-05.00.24:555][  0]LogConfig: Setting CVar [[r.Shadow.MaxResolution:2048]]
[2020.06.29-05.00.24:555][  0]LogConfig: Setting CVar [[r.Shadow.MaxCSMResolution:2048]]
[2020.06.29-05.00.24:555][  0]LogConfig: Setting CVar [[r.Shadow.RadiusThreshold:0.01]]
[2020.06.29-05.00.24:555][  0]LogConfig: Setting CVar [[r.Shadow.DistanceScale:1.0]]
[2020.06.29-05.00.24:555][  0]LogConfig: Setting CVar [[r.Shadow.CSM.TransitionScale:1.0]]
[2020.06.29-05.00.24:555][  0]LogConfig: Setting CVar [[r.Shadow.PreShadowResolutionFactor:1.0]]
[2020.06.29-05.00.24:555][  0]LogConfig: Setting CVar [[r.DistanceFieldShadowing:1]]
[2020.06.29-05.00.24:556][  0]LogConfig: Setting CVar [[r.DistanceFieldAO:1]]
[2020.06.29-05.00.24:556][  0]LogConfig: Setting CVar [[r.AOQuality:2]]
[2020.06.29-05.00.24:556][  0]LogConfig: Setting CVar [[r.VolumetricFog:1]]
[2020.06.29-05.00.24:556][  0]LogConfig: Setting CVar [[r.VolumetricFog.GridPixelSize:8]]
[2020.06.29-05.00.24:556][  0]LogConfig: Setting CVar [[r.VolumetricFog.GridSizeZ:128]]
[2020.06.29-05.00.24:556][  0]LogConfig: Setting CVar [[r.VolumetricFog.HistoryMissSupersampleCount:4]]
[2020.06.29-05.00.24:556][  0]LogConfig: Setting CVar [[r.LightMaxDrawDistanceScale:1]]
[2020.06.29-05.00.24:556][  0]LogConfig: Setting CVar [[r.CapsuleShadows:1]]
[2020.06.29-05.00.24:556][  0]LogConfig: Applying CVar settings from Section [PostProcessQuality@3] File [C:/UnrealTutorialLooman/UnrealTutorialLooman/CoOpGame/Saved/Config/Windows/Scalability.ini]
[2020.06.29-05.00.24:556][  0]LogConfig: Setting CVar [[r.MotionBlurQuality:4]]
[2020.06.29-05.00.24:556][  0]LogConfig: Setting CVar [[r.AmbientOcclusionMipLevelFactor:0.4]]
[2020.06.29-05.00.24:556][  0]LogConfig: Setting CVar [[r.AmbientOcclusionMaxQuality:100]]
[2020.06.29-05.00.24:556][  0]LogConfig: Setting CVar [[r.AmbientOcclusionLevels:-1]]
[2020.06.29-05.00.24:556][  0]LogConfig: Setting CVar [[r.AmbientOcclusionRadiusScale:1.0]]
[2020.06.29-05.00.24:556][  0]LogConfig: Setting CVar [[r.DepthOfFieldQuality:2]]
[2020.06.29-05.00.24:556][  0]LogConfig: Setting CVar [[r.RenderTargetPoolMin:400]]
[2020.06.29-05.00.24:556][  0]LogConfig: Setting CVar [[r.LensFlareQuality:2]]
[2020.06.29-05.00.24:556][  0]LogConfig: Setting CVar [[r.SceneColorFringeQuality:1]]
[2020.06.29-05.00.24:556][  0]LogConfig: Setting CVar [[r.EyeAdaptationQuality:2]]
[2020.06.29-05.00.24:556][  0]LogConfig: Setting CVar [[r.BloomQuality:5]]
[2020.06.29-05.00.24:556][  0]LogConfig: Setting CVar [[r.FastBlurThreshold:100]]
[2020.06.29-05.00.24:557][  0]LogConfig: Setting CVar [[r.Upscale.Quality:3]]
[2020.06.29-05.00.24:557][  0]LogConfig: Setting CVar [[r.Tonemapper.GrainQuantization:1]]
[2020.06.29-05.00.24:557][  0]LogConfig: Setting CVar [[r.LightShaftQuality:1]]
[2020.06.29-05.00.24:557][  0]LogConfig: Setting CVar [[r.Filter.SizeScale:1]]
[2020.06.29-05.00.24:557][  0]LogConfig: Setting CVar [[r.Tonemapper.Quality:5]]
[2020.06.29-05.00.24:557][  0]LogConfig: Setting CVar [[r.DOF.Gather.AccumulatorQuality:1        ; higher gathering accumulator quality]]
[2020.06.29-05.00.24:557][  0]LogConfig: Setting CVar [[r.DOF.Gather.PostfilterMethod:1          ; Median3x3 postfilering method]]
[2020.06.29-05.00.24:557][  0]LogConfig: Setting CVar [[r.DOF.Gather.EnableBokehSettings:0       ; no bokeh simulation when gathering]]
[2020.06.29-05.00.24:557][  0]LogConfig: Setting CVar [[r.DOF.Gather.RingCount:4                 ; medium number of samples when gathering]]
[2020.06.29-05.00.24:557][  0]LogConfig: Setting CVar [[r.DOF.Scatter.ForegroundCompositing:1    ; additive foreground scattering]]
[2020.06.29-05.00.24:557][  0]LogConfig: Setting CVar [[r.DOF.Scatter.BackgroundCompositing:2    ; additive background scattering]]
[2020.06.29-05.00.24:557][  0]LogConfig: Setting CVar [[r.DOF.Scatter.EnableBokehSettings:1      ; bokeh simulation when scattering]]
[2020.06.29-05.00.24:557][  0]LogConfig: Setting CVar [[r.DOF.Scatter.MaxSpriteRatio:0.1         ; only a maximum of 10% of scattered bokeh]]
[2020.06.29-05.00.24:557][  0]LogConfig: Setting CVar [[r.DOF.Recombine.Quality:1                ; cheap slight out of focus]]
[2020.06.29-05.00.24:557][  0]LogConfig: Setting CVar [[r.DOF.Recombine.EnableBokehSettings:0    ; no bokeh simulation on slight out of focus]]
[2020.06.29-05.00.24:557][  0]LogConfig: Setting CVar [[r.DOF.TemporalAAQuality:1                ; more stable temporal accumulation]]
[2020.06.29-05.00.24:557][  0]LogConfig: Setting CVar [[r.DOF.Kernel.MaxForegroundRadius:0.025]]
[2020.06.29-05.00.24:557][  0]LogConfig: Setting CVar [[r.DOF.Kernel.MaxBackgroundRadius:0.025]]
[2020.06.29-05.00.24:557][  0]LogConfig: Applying CVar settings from Section [TextureQuality@3] File [C:/UnrealTutorialLooman/UnrealTutorialLooman/CoOpGame/Saved/Config/Windows/Scalability.ini]
[2020.06.29-05.00.24:558][  0]LogConfig: Setting CVar [[r.Streaming.MipBias:0]]
[2020.06.29-05.00.24:558][  0]LogConfig: Setting CVar [[r.Streaming.AmortizeCPUToGPUCopy:0]]
[2020.06.29-05.00.24:558][  0]LogConfig: Setting CVar [[r.Streaming.MaxNumTexturesToStreamPerFrame:0]]
[2020.06.29-05.00.24:558][  0]LogConfig: Setting CVar [[r.Streaming.Boost:1]]
[2020.06.29-05.00.24:558][  0]LogConfig: Setting CVar [[r.MaxAnisotropy:8]]
[2020.06.29-05.00.24:558][  0]LogConfig: Setting CVar [[r.VT.MaxAnisotropy:8]]
[2020.06.29-05.00.24:558][  0]LogConfig: Setting CVar [[r.Streaming.LimitPoolSizeToVRAM:0]]
[2020.06.29-05.00.24:558][  0]LogConfig: Setting CVar [[r.Streaming.PoolSize:1000]]
[2020.06.29-05.00.24:558][  0]LogConfig: Setting CVar [[r.Streaming.MaxEffectiveScreenSize:0]]
[2020.06.29-05.00.24:558][  0]LogConfig: Applying CVar settings from Section [EffectsQuality@3] File [C:/UnrealTutorialLooman/UnrealTutorialLooman/CoOpGame/Saved/Config/Windows/Scalability.ini]
[2020.06.29-05.00.24:558][  0]LogConfig: Setting CVar [[r.TranslucencyLightingVolumeDim:64]]
[2020.06.29-05.00.24:558][  0]LogConfig: Setting CVar [[r.RefractionQuality:2]]
[2020.06.29-05.00.24:558][  0]LogConfig: Setting CVar [[r.SSR.Quality:3]]
[2020.06.29-05.00.24:558][  0]LogConfig: Setting CVar [[r.SSR.HalfResSceneColor:0]]
[2020.06.29-05.00.24:558][  0]LogConfig: Setting CVar [[r.SceneColorFormat:4]]
[2020.06.29-05.00.24:558][  0]LogConfig: Setting CVar [[r.DetailMode:2]]
[2020.06.29-05.00.24:558][  0]LogConfig: Setting CVar [[r.TranslucencyVolumeBlur:1]]
[2020.06.29-05.00.24:558][  0]LogConfig: Setting CVar [[r.MaterialQualityLevel:1 ; High quality]]
[2020.06.29-05.00.24:558][  0]LogConfig: Setting CVar [[r.SSS.Scale:1]]
[2020.06.29-05.00.24:558][  0]LogConfig: Setting CVar [[r.SSS.SampleSet:2]]
[2020.06.29-05.00.24:559][  0]LogConfig: Setting CVar [[r.SSS.Quality:1]]
[2020.06.29-05.00.24:559][  0]LogConfig: Setting CVar [[r.SSS.HalfRes:0]]
[2020.06.29-05.00.24:559][  0]LogConfig: Setting CVar [[r.SSGI.Quality:3]]
[2020.06.29-05.00.24:559][  0]LogConfig: Setting CVar [[r.EmitterSpawnRateScale:1.0]]
[2020.06.29-05.00.24:559][  0]LogConfig: Setting CVar [[r.ParticleLightQuality:2]]
[2020.06.29-05.00.24:559][  0]LogConfig: Setting CVar [[r.SkyAtmosphere.AerialPerspectiveLUT.FastApplyOnOpaque:1 ; Always have FastSkyLUT 1 in this case to avoid wrong sky]]
[2020.06.29-05.00.24:559][  0]LogConfig: Setting CVar [[r.SkyAtmosphere.AerialPerspectiveLUT.SampleCountPerSlice:1]]
[2020.06.29-05.00.24:559][  0]LogConfig: Setting CVar [[r.SkyAtmosphere.AerialPerspectiveLUT.DepthResolution:16.0]]
[2020.06.29-05.00.24:559][  0]LogConfig: Setting CVar [[r.SkyAtmosphere.FastSkyLUT:1]]
[2020.06.29-05.00.24:559][  0]LogConfig: Setting CVar [[r.SkyAtmosphere.FastSkyLUT.SampleCountMin:4.0]]
[2020.06.29-05.00.24:559][  0]LogConfig: Setting CVar [[r.SkyAtmosphere.FastSkyLUT.SampleCountMax:32.0]]
[2020.06.29-05.00.24:559][  0]LogConfig: Setting CVar [[r.SkyAtmosphere.SampleCountMin:4.0]]
[2020.06.29-05.00.24:559][  0]LogConfig: Setting CVar [[r.SkyAtmosphere.SampleCountMax:32.0]]
[2020.06.29-05.00.24:559][  0]LogConfig: Setting CVar [[r.SkyAtmosphere.TransmittanceLUT.UseSmallFormat:0]]
[2020.06.29-05.00.24:559][  0]LogConfig: Setting CVar [[r.SkyAtmosphere.TransmittanceLUT.SampleCount:10.0]]
[2020.06.29-05.00.24:559][  0]LogConfig: Setting CVar [[r.SkyAtmosphere.MultiScatteringLUT.SampleCount:15.0]]
[2020.06.29-05.00.24:559][  0]LogConfig: Applying CVar settings from Section [FoliageQuality@3] File [C:/UnrealTutorialLooman/UnrealTutorialLooman/CoOpGame/Saved/Config/Windows/Scalability.ini]
[2020.06.29-05.00.24:559][  0]LogConfig: Setting CVar [[foliage.DensityScale:1.0]]
[2020.06.29-05.00.24:559][  0]LogConfig: Setting CVar [[grass.DensityScale:1.0]]
[2020.06.29-05.00.24:560][  0]LogConfig: Applying CVar settings from Section [ShadingQuality@3] File [C:/UnrealTutorialLooman/UnrealTutorialLooman/CoOpGame/Saved/Config/Windows/Scalability.ini]
[2020.06.29-05.00.24:560][  0]LogConfig: Setting CVar [[r.HairStrands.SkyLighting.SampleCount:16]]
[2020.06.29-05.00.24:560][  0]LogConfig: Setting CVar [[r.HairStrands.SkyLighting.JitterIntegration:0]]
[2020.06.29-05.00.24:560][  0]LogConfig: Setting CVar [[r.HairStrands.SkyAO.SampleCount:16]]
[2020.06.29-05.00.24:560][  0]LogConfig: Setting CVar [[r.HairStrands.DeepShadow.SuperSampling:0]]
[2020.06.29-05.00.24:560][  0]LogConfig: Setting CVar [[r.HairStrands.VisibilityPPLL:0]]
[2020.06.29-05.00.24:560][  0]LogConfig: Setting CVar [[r.HairStrands.RasterizationScale:0.5]]
[2020.06.29-05.00.24:560][  0]LogConfig: Setting CVar [[r.HairStrands.VelocityRasterizationScale:1]]
[2020.06.29-05.00.24:560][  0]LogConfig: Applying CVar settings from Section [Startup] File [../../../Engine/Config/ConsoleVariables.ini]
[2020.06.29-05.00.24:561][  0]LogConfig: Setting CVar [[net.UseAdaptiveNetUpdateFrequency:0]]
[2020.06.29-05.00.24:561][  0]LogConfig: Setting CVar [[p.chaos.AllowCreatePhysxBodies:1]]
[2020.06.29-05.00.24:561][  0]LogConfig: Setting CVar [[fx.SkipVectorVMBackendOptimizations:1]]
[2020.06.29-05.00.24:561][  0]LogConfig: Applying CVar settings from Section [ConsoleVariables] File [C:/UnrealTutorialLooman/UnrealTutorialLooman/CoOpGame/Saved/Config/Windows/Engine.ini]
[2020.06.29-05.00.24:561][  0]LogInit: Computer: LAPTOP-JIFFIFRG
[2020.06.29-05.00.24:561][  0]LogInit: User: AlexLaptop
[2020.06.29-05.00.24:561][  0]LogInit: CPU Page size=4096, Cores=4
[2020.06.29-05.00.24:561][  0]LogInit: High frequency timer resolution =10.000000 MHz
[2020.06.29-05.00.24:562][  0]LogMemory: Memory total: Physical=15.8GB (16GB approx)
[2020.06.29-05.00.24:562][  0]LogMemory: Platform Memory Stats for Windows
[2020.06.29-05.00.24:562][  0]LogMemory: Process Physical Memory: 118.25 MB used, 118.25 MB peak
[2020.06.29-05.00.24:562][  0]LogMemory: Process Virtual Memory: 108.00 MB used, 108.00 MB peak
[2020.06.29-05.00.24:562][  0]LogMemory: Physical Memory: 8499.02 MB used,  7692.64 MB free, 16191.65 MB total
[2020.06.29-05.00.24:562][  0]LogMemory: Virtual Memory: 5193.73 MB used,  134212536.00 MB free, 134217728.00 MB total
[2020.06.29-05.00.24:575][  0]LogWindows: WindowsPlatformFeatures enabled
[2020.06.29-05.00.24:834][  0]LogInit: Physics initialised using underlying interface: PhysX
[2020.06.29-05.00.24:836][  0]LogInit: Using OS detected language (en-US).
[2020.06.29-05.00.24:836][  0]LogInit: Using OS detected locale (en-AU).
[2020.06.29-05.00.24:840][  0]LogTextLocalizationManager: No specific localization for 'en-US' exists, so the 'en' localization will be used.
[2020.06.29-05.00.25:069][  0]LogInit: Setting process to per monitor DPI aware
[2020.06.29-05.00.25:147][  0]LogSlate: New Slate User Created.  User Index 0, Is Virtual User: 0
[2020.06.29-05.00.25:147][  0]LogSlate: Slate User Registered.  User Index 0, Is Virtual User: 0
[2020.06.29-05.00.30:702][  0]LogHMD: Failed to initialize OpenVR with code 108
[2020.06.29-05.00.30:702][  0]LogD3D11RHI: D3D11 min allowed feature level: 11_0
[2020.06.29-05.00.30:702][  0]LogD3D11RHI: D3D11 max allowed feature level: 11_0
[2020.06.29-05.00.30:702][  0]LogD3D11RHI: D3D11 adapters:
[2020.06.29-05.00.30:819][  0]LogD3D11RHI:    0. 'NVIDIA GeForce RTX 2060' (Feature Level 11_0)
[2020.06.29-05.00.30:819][  0]LogD3D11RHI:       5980/0/8095 MB DedicatedVideo/DedicatedSystem/SharedSystem, Outputs:2, VendorId:0x10de
[2020.06.29-05.00.30:868][  0]LogD3D11RHI:    1. 'AMD Radeon(TM) RX Vega 10 Graphics' (Feature Level 11_0)
[2020.06.29-05.00.30:868][  0]LogD3D11RHI:       112/0/8095 MB DedicatedVideo/DedicatedSystem/SharedSystem, Outputs:0, VendorId:0x1002
[2020.06.29-05.00.30:876][  0]LogD3D11RHI:    2. 'Microsoft Basic Render Driver' (Feature Level 11_0)
[2020.06.29-05.00.30:876][  0]LogD3D11RHI:       0/0/8095 MB DedicatedVideo/DedicatedSystem/SharedSystem, Outputs:0, VendorId:0x1414
[2020.06.29-05.00.30:876][  0]LogD3D11RHI: Chosen D3D11 Adapter: 0
[2020.06.29-05.00.30:902][  0]LogD3D11RHI: Creating new Direct3DDevice
[2020.06.29-05.00.30:902][  0]LogD3D11RHI:     GPU DeviceId: 0x1f11 (for the marketing name, search the web for "GPU Device Id")
[2020.06.29-05.00.30:902][  0]LogWindows: EnumDisplayDevices:
[2020.06.29-05.00.30:903][  0]LogWindows:    0. 'AMD Radeon(TM) RX Vega 10 Graphics' (P:1 D:1)
[2020.06.29-05.00.30:903][  0]LogWindows:    1. 'AMD Radeon(TM) RX Vega 10 Graphics' (P:0 D:0)
[2020.06.29-05.00.30:904][  0]LogWindows:    2. 'AMD Radeon(TM) RX Vega 10 Graphics' (P:0 D:0)
[2020.06.29-05.00.30:904][  0]LogWindows:    3. 'NVIDIA GeForce RTX 2060' (P:0 D:1)
[2020.06.29-05.00.30:904][  0]LogWindows: DebugString: PrimaryIsNotTheChoosenAdapter PrimaryIsNotTheChoosenAdapter PrimaryIsNotTheChoosenAdapter 
[2020.06.29-05.00.30:904][  0]LogD3D11RHI:     Adapter Name: NVIDIA GeForce RTX 2060
[2020.06.29-05.00.30:904][  0]LogD3D11RHI:   Driver Version: 441.41 (internal:26.21.14.4141, unified:441.41)
[2020.06.29-05.00.30:905][  0]LogD3D11RHI:      Driver Date: 11-20-2019
[2020.06.29-05.00.30:905][  0]LogRHI: Texture pool is 4186 MB (70% of 5980 MB)
[2020.06.29-05.00.30:984][  0]LogD3D11RHI: RHI has support for 64 bit atomics
[2020.06.29-05.00.30:988][  0]LogD3D11RHI: [Aftermath] Enabled and primed
[2020.06.29-05.00.30:988][  0]LogD3D11RHI: Async texture creation enabled
[2020.06.29-05.00.30:988][  0]LogD3D11RHI: Array index from any shader is supported
[2020.06.29-05.00.31:020][  0]LogD3D11RHI: GPU Timing Frequency: 1000.000000 (Debug: 2 1)
[2020.06.29-05.00.31:374][  0]LogTargetPlatformManager: Display: Loaded TargetPlatform 'AllDesktop'
[2020.06.29-05.00.31:410][  0]LogTargetPlatformManager: Display: Loaded TargetPlatform 'Android'
[2020.06.29-05.00.31:410][  0]LogTargetPlatformManager: Display: Loaded TargetPlatform 'Android_ASTC'
[2020.06.29-05.00.31:411][  0]LogTargetPlatformManager: Display: Loaded TargetPlatform 'Android_DXT'
[2020.06.29-05.00.31:411][  0]LogTargetPlatformManager: Display: Loaded TargetPlatform 'Android_ETC2'
[2020.06.29-05.00.31:411][  0]LogTargetPlatformManager: Display: Loaded TargetPlatform 'AndroidClient'
[2020.06.29-05.00.31:411][  0]LogTargetPlatformManager: Display: Loaded TargetPlatform 'Android_ASTCClient'
[2020.06.29-05.00.31:411][  0]LogTargetPlatformManager: Display: Loaded TargetPlatform 'Android_DXTClient'
[2020.06.29-05.00.31:411][  0]LogTargetPlatformManager: Display: Loaded TargetPlatform 'Android_ETC2Client'
[2020.06.29-05.00.31:411][  0]LogTargetPlatformManager: Display: Loaded TargetPlatform 'Android_Multi'
[2020.06.29-05.00.31:411][  0]LogTargetPlatformManager: Display: Loaded TargetPlatform 'Android_MultiClient'
[2020.06.29-05.00.31:457][  0]LogTargetPlatformManager: Display: Loaded TargetPlatform 'IOSClient'
[2020.06.29-05.00.31:457][  0]LogTargetPlatformManager: Display: Loaded TargetPlatform 'IOS'
[2020.06.29-05.00.31:474][  0]LogTargetPlatformManager: Display: Loaded TargetPlatform 'Linux'
[2020.06.29-05.00.31:489][  0]LogTargetPlatformManager: Display: Loaded TargetPlatform 'LinuxNoEditor'
[2020.06.29-05.00.31:507][  0]LogTargetPlatformManager: Display: Loaded TargetPlatform 'LinuxClient'
[2020.06.29-05.00.31:525][  0]LogTargetPlatformManager: Display: Loaded TargetPlatform 'LinuxServer'
[2020.06.29-05.00.31:547][  0]LogTargetPlatformManager: Display: Loaded TargetPlatform 'LinuxAArch64NoEditor'
[2020.06.29-05.00.31:566][  0]LogTargetPlatformManager: Display: Loaded TargetPlatform 'LinuxAArch64Client'
[2020.06.29-05.00.31:581][  0]LogTargetPlatformManager: Display: Loaded TargetPlatform 'LinuxAArch64Server'
[2020.06.29-05.00.31:618][  0]LogTargetPlatformManager: Display: Loaded TargetPlatform 'Lumin'
[2020.06.29-05.00.31:618][  0]LogTargetPlatformManager: Display: Loaded TargetPlatform 'LuminClient'
[2020.06.29-05.00.31:645][  0]LogTargetPlatformManager: Display: Loaded TargetPlatform 'TVOSClient'
[2020.06.29-05.00.31:645][  0]LogTargetPlatformManager: Display: Loaded TargetPlatform 'TVOS'
[2020.06.29-05.00.31:663][  0]LogTargetPlatformManager: Display: Loaded TargetPlatform 'WindowsNoEditor'
[2020.06.29-05.00.31:682][  0]LogTargetPlatformManager: Display: Loaded TargetPlatform 'Windows'
[2020.06.29-05.00.31:697][  0]LogTargetPlatformManager: Display: Loaded TargetPlatform 'WindowsClient'
[2020.06.29-05.00.31:714][  0]LogTargetPlatformManager: Display: Loaded TargetPlatform 'WindowsServer'
[2020.06.29-05.00.31:714][  0]LogTargetPlatformManager: Display: Building Assets For Windows
[2020.06.29-05.00.31:736][  0]LogAudioDebug: Display: Lib vorbis DLL was dynamically loaded.
[2020.06.29-05.00.31:871][  0]LogShaderCompilers: Guid format shader working directory is -18 characters bigger than the processId version (../../../../../../UnrealTutorialLooman/UnrealTutorialLooman/CoOpGame/Intermediate/Shaders/WorkingDirectory/20396/).
[2020.06.29-05.00.31:871][  0]LogShaderCompilers: Cleaned the shader compiler working directory 'C:/Users/AlexLaptop/AppData/Local/Temp/UnrealShaderWorkingDir/E93FE8224070AB39A79413B6579942F0/'.
[2020.06.29-05.00.31:872][  0]LogXGEController: Cleaning working directory: C:/Users/AlexLaptop/AppData/Local/Temp/UnrealXGEWorkingDir/
[2020.06.29-05.00.31:873][  0]LogXGEController: Cannot use XGE Controller as Incredibuild is not installed on this machine.
[2020.06.29-05.00.31:873][  0]LogShaderCompilers: Cannot use XGE Shader Compiler as Incredibuild is not installed on this machine.
[2020.06.29-05.00.31:873][  0]LogShaderCompilers: Display: Using Local Shader Compiler.
[2020.06.29-05.00.32:888][  0]LogDerivedDataCache: Display: Max Cache Size: 512 MB
[2020.06.29-05.00.32:948][  0]LogDerivedDataCache: Loaded boot cache 0.06s 79MB C:/Users/AlexLaptop/AppData/Local/UnrealEngine/4.25/DerivedDataCache/Boot.ddc.
[2020.06.29-05.00.32:948][  0]LogDerivedDataCache: Display: Loaded Boot cache: C:/Users/AlexLaptop/AppData/Local/UnrealEngine/4.25/DerivedDataCache/Boot.ddc
[2020.06.29-05.00.32:949][  0]LogDerivedDataCache: FDerivedDataBackendGraph:  Pak pak cache file ../../../../../../UnrealTutorialLooman/UnrealTutorialLooman/CoOpGame/DerivedDataCache/DDC.ddp not found, will not use a pak cache.
[2020.06.29-05.00.32:949][  0]LogDerivedDataCache: Unable to find inner node Pak for hierarchical cache Hierarchy.
[2020.06.29-05.00.32:949][  0]LogDerivedDataCache: FDerivedDataBackendGraph:  CompressedPak pak cache file ../../../../../../UnrealTutorialLooman/UnrealTutorialLooman/CoOpGame/DerivedDataCache/Compressed.ddp not found, will not use a pak cache.
[2020.06.29-05.00.32:949][  0]LogDerivedDataCache: Unable to find inner node CompressedPak for hierarchical cache Hierarchy.
[2020.06.29-05.00.32:963][  0]LogDerivedDataCache: Display: Pak cache opened for reading ../../../Engine/DerivedDataCache/Compressed.ddp.
[2020.06.29-05.00.32:964][  0]LogDerivedDataCache: FDerivedDataBackendGraph:  EnterprisePak pak cache file ../../../Enterprise/DerivedDataCache/Compressed.ddp not found, will not use a pak cache.
[2020.06.29-05.00.32:964][  0]LogDerivedDataCache: Unable to find inner node EnterprisePak for hierarchical cache Hierarchy.
[2020.06.29-05.00.32:967][  0]LogDerivedDataCache: Using Local data cache path C:/Users/AlexLaptop/AppData/Local/UnrealEngine/Common/DerivedDataCache: Writable
[2020.06.29-05.00.32:967][  0]LogDerivedDataCache: Shared data cache path not found in *engine.ini, will not use an Shared cache.
[2020.06.29-05.00.32:967][  0]LogDerivedDataCache: Unable to find inner node Shared for hierarchical cache Hierarchy.
[2020.06.29-05.00.33:032][  0]LogSlate: Using FreeType 2.10.0
[2020.06.29-05.00.33:032][  0]LogSlate: SlateFontServices - WITH_FREETYPE: 1, WITH_HARFBUZZ: 1
[2020.06.29-05.00.33:066][  0]LogAssetRegistry: FAssetRegistry took 0.0064 seconds to start up
[2020.06.29-05.00.33:410][  0]LogInit: Selected Device Profile: [Windows]
[2020.06.29-05.00.33:559][  0]LogMeshReduction: Using QuadricMeshReduction for automatic static mesh reduction
[2020.06.29-05.00.33:559][  0]LogMeshReduction: Using SimplygonMeshReduction for automatic skeletal mesh reduction
[2020.06.29-05.00.33:559][  0]LogMeshReduction: Using ProxyLODMeshReduction for automatic mesh merging
[2020.06.29-05.00.33:559][  0]LogMeshReduction: No distributed automatic mesh merging module available
[2020.06.29-05.00.33:559][  0]LogMeshMerging: No distributed automatic mesh merging module available
[2020.06.29-05.00.33:580][  0]LogNetVersion: CoOpGame 1.0.0, NetCL: 13144385, EngineNetVer: 14, GameNetVer: 0 (Checksum: 2766024207)
[2020.06.29-05.00.34:070][  0]LogAISub: UAISubsystem::UAISubsystem AISubsystem (0000019FC4378380), frame # 0
[2020.06.29-05.00.34:070][  0]LogAISub: UAISubsystem::UAISubsystem AIPerceptionSystem (0000019FC42C91C0), frame # 0
[2020.06.29-05.00.34:072][  0]LogAISub: UAISubsystem::UAISubsystem EnvQueryManager (0000019FC4319E00), frame # 0
[2020.06.29-05.00.34:163][  0]LogPackageLocalizationCache: Processed 19 localized package path(s) for 1 prioritized culture(s) in 0.082295 seconds
[2020.06.29-05.00.34:171][  0]LogUObjectArray: 15917 objects as part of root set at end of initial load.
[2020.06.29-05.00.34:171][  0]LogUObjectAllocator: 3965568 out of 0 bytes used by permanent object pool.
[2020.06.29-05.00.34:171][  0]LogUObjectArray: CloseDisregardForGC: 0/0 objects in disregard for GC pool
[2020.06.29-05.00.34:805][  0]LogTcpMessaging: Initializing TcpMessaging bridge
[2020.06.29-05.00.34:814][  0]LogUdpMessaging: Initializing bridge on interface 0.0.0.0:0 to multicast group 230.0.0.1:6666.
[2020.06.29-05.00.35:002][  0]SourceControl: Source control is disabled
[2020.06.29-05.00.35:002][  0]SourceControl: Source control is disabled
[2020.06.29-05.00.35:009][  0]SourceControl: Source control is disabled
[2020.06.29-05.00.35:015][  0]SourceControl: Source control is disabled
[2020.06.29-05.00.35:031][  0]SourceControl: Source control is disabled
[2020.06.29-05.00.35:458][  0]LogAndroidPermission: UAndroidPermissionCallbackProxy::GetInstance
[2020.06.29-05.00.35:498][  0]LogAudioCaptureCore: Display: No Audio Capture implementations found. Audio input will be silent.
[2020.06.29-05.00.35:498][  0]LogAudioCaptureCore: Display: No Audio Capture implementations found. Audio input will be silent.
[2020.06.29-05.00.35:574][  0]LogOcInput: OculusInput pre-init called
[2020.06.29-05.00.35:866][  0]LogEngine: Initializing Engine...
[2020.06.29-05.00.35:962][  0]LogHMD: Failed to initialize OpenVR with code 108
[2020.06.29-05.00.35:962][  0]LogMagicLeap: Warning: VR disabled because ZI is not enabled.  To enable, in the editor, Edit -> Project Settings -> Plugins -> Magic Leap Plugin -> Enable Zero Iteration
[2020.06.29-05.00.35:963][  0]LogStats: UGameplayTagsManager::InitializeManager -  0.000 s
[2020.06.29-05.00.36:117][  0]LogInit: Initializing FReadOnlyCVARCache
[2020.06.29-05.00.36:128][  0]LogAIModule: Creating AISystem for world Untitled
[2020.06.29-05.00.36:128][  0]LogAISub: UAISubsystem::UAISubsystem EnvQueryManager (0000019FC706BC00), frame # 0
[2020.06.29-05.00.36:128][  0]LogAISub: UAISubsystem::UAISubsystem AIPerceptionSystem (0000019FC70E9800), frame # 0
[2020.06.29-05.00.36:136][  0]LogAudioMixer: Display: Audio Mixer Platform Settings:
[2020.06.29-05.00.36:136][  0]LogAudioMixer: Display: 	Sample Rate:						  48000
[2020.06.29-05.00.36:136][  0]LogAudioMixer: Display: 	Callback Buffer Frame Size Requested: 1024
[2020.06.29-05.00.36:136][  0]LogAudioMixer: Display: 	Callback Buffer Frame Size To Use:	  1024
[2020.06.29-05.00.36:136][  0]LogAudioMixer: Display: 	Number of buffers to queue:			  2
[2020.06.29-05.00.36:137][  0]LogAudioMixer: Display: 	Max Channels (voices):				  32
[2020.06.29-05.00.36:137][  0]LogAudioMixer: Display: 	Number of Async Source Workers:		  0
[2020.06.29-05.00.36:137][  0]LogAudio: Display: AudioDevice MaxSources: 32
[2020.06.29-05.00.36:137][  0]LogAudio: Display: Using built-in audio occlusion.
[2020.06.29-05.00.36:137][  0]LogAudioMixer: Display: Initializing audio mixer.
[2020.06.29-05.00.36:158][  0]LogAudioMixer: Display: 0: FrontLeft
[2020.06.29-05.00.36:158][  0]LogAudioMixer: Display: 1: FrontRight
[2020.06.29-05.00.36:267][  0]LogAudioMixer: Display: Using Audio Device Speakers (Realtek(R) Audio)
[2020.06.29-05.00.36:267][  0]LogAudioMixer: Display: Initializing Sound Submixes...
[2020.06.29-05.00.36:270][  0]LogAudioMixer: Display: Creating Master Submix 'MasterSubmixDefault'
[2020.06.29-05.00.36:271][  0]LogAudioMixer: Display: Creating Master Submix 'MasterReverbSubmixDefault'
[2020.06.29-05.00.36:272][  0]LogAudioMixer: Display: Creating Master Submix 'MasterEQSubmixDefault'
[2020.06.29-05.00.36:274][  0]LogInit: FAudioDevice initialized.
[2020.06.29-05.00.36:274][  0]LogNetVersion: Set ProjectVersion to 1.0.0.0. Version Checksum will be recalculated on next use.
[2020.06.29-05.00.36:337][  0]LogDerivedDataCache: Saved boot cache 0.06s 79MB C:/Users/AlexLaptop/AppData/Local/UnrealEngine/4.25/DerivedDataCache/Boot.ddc.
[2020.06.29-05.00.36:343][  0]LogInit: Texture streaming: Enabled
[2020.06.29-05.00.36:371][  0]LogEngineSessionManager: EngineSessionManager initialized
[2020.06.29-05.00.36:372][  0]LogEditorSessionSummary: Verbose: Initializing EditorSessionSummaryWriter for editor session tracking
[2020.06.29-05.00.36:374][  0]LogEditorSessionSummary: EditorSessionSummaryWriter initialized
[2020.06.29-05.00.36:453][  0]LogInit: Transaction tracking system initialized
[2020.06.29-05.00.36:495][  0]BlueprintLog: New page: Editor Load
[2020.06.29-05.00.36:627][  0]LocalizationService: Localization service is disabled
[2020.06.29-05.00.36:876][  0]LogCook: Display: Max memory allowance for cook 16384mb min free memory 0mb
[2020.06.29-05.00.36:876][  0]LogCook: Display: Mobile HDR setting 1
[2020.06.29-05.00.37:111][  0]LogFileCache: Scanning file cache for directory 'C:/UnrealTutorialLooman/UnrealTutorialLooman/CoOpGame/Content/' took 0.01s
[2020.06.29-05.00.37:339][  0]SourceControl: Source control is disabled
[2020.06.29-05.00.37:340][  0]LogUnrealEdMisc: Loading editor; pre map load, took 17.229
[2020.06.29-05.00.37:340][  0]Cmd: MAP LOAD FILE="../../../../../../UnrealTutorialLooman/UnrealTutorialLooman/CoOpGame/Content/Maps/MyMap.umap" TEMPLATE=0 SHOWPROGRESS=1 FEATURELEVEL=3
[2020.06.29-05.00.37:340][  0]LightingResults: New page: Lighting Build
[2020.06.29-05.00.37:342][  0]LogWorld: UWorld::CleanupWorld for Untitled, bSessionEnded=true, bCleanupResources=true
[2020.06.29-05.00.37:342][  0]LogSlate: InvalidateAllWidgets triggered.  All widgets were invalidated
[2020.06.29-05.00.37:342][  0]MapCheck: New page: Map Check
[2020.06.29-05.00.37:342][  0]LightingResults: New page: Lighting Build
[2020.06.29-05.00.37:351][  0]LogAISub: UAISubsystem::~UAISubsystem EnvQueryManager (0000019FC706BC00), frame # 0
[2020.06.29-05.00.37:352][  0]LogAISub: UAISubsystem::~UAISubsystem AIPerceptionSystem (0000019FC70E9800), frame # 0
[2020.06.29-05.00.37:353][  0]LogUObjectHash: Compacting FUObjectHashTables data took   1.00ms
[2020.06.29-05.00.37:706][  0]LogAIModule: Creating AISystem for world MyMap
[2020.06.29-05.00.37:706][  0]LogAISub: UAISubsystem::UAISubsystem EnvQueryManager (0000019FB6F18600), frame # 0
[2020.06.29-05.00.37:706][  0]LogAISub: UAISubsystem::UAISubsystem AIPerceptionSystem (0000019FBAD2DE40), frame # 0
[2020.06.29-05.00.37:720][  0]LogEditorServer: Finished looking for orphan Actors (0.000 secs)
[2020.06.29-05.00.37:733][  0]LogUObjectHash: Compacting FUObjectHashTables data took   1.01ms
[2020.06.29-05.00.37:733][  0]Cmd: MAP CHECKDEP NOCLEARLOG
[2020.06.29-05.00.37:734][  0]MapCheck: Map check complete: 0 Error(s), 0 Warning(s), took 0.253ms to complete.
[2020.06.29-05.00.37:734][  0]LogFileHelpers: Loading map 'MyMap' took 0.394
[2020.06.29-05.00.37:737][  0]LogUnrealEdMisc: Total Editor Startup Time, took 17.627
[2020.06.29-05.00.37:888][  0]LogSlate: Updating window title bar state: overlay mode, drag disabled, window buttons hidden, title bar hidden
[2020.06.29-05.00.37:897][  0]LogSlate: Updating window title bar state: overlay mode, drag disabled, window buttons hidden, title bar hidden
[2020.06.29-05.00.37:905][  0]LogSlate: Updating window title bar state: overlay mode, drag disabled, window buttons hidden, title bar hidden
[2020.06.29-05.00.37:913][  0]LogSlate: Updating window title bar state: overlay mode, drag disabled, window buttons hidden, title bar hidden
[2020.06.29-05.00.37:924][  0]LogCollectionManager: Loaded 0 collections in 0.002313 seconds
[2020.06.29-05.00.37:946][  0]LogFileCache: Scanning file cache for directory 'C:/UnrealTutorialLooman/UnrealTutorialLooman/CoOpGame/Saved/Collections/' took 0.00s
[2020.06.29-05.00.37:946][  0]LogFileCache: Scanning file cache for directory 'C:/UnrealTutorialLooman/UnrealTutorialLooman/CoOpGame/Content/Developers/AlexLaptop/Collections/' took 0.00s
[2020.06.29-05.00.37:946][  0]LogFileCache: Scanning file cache for directory 'C:/UnrealTutorialLooman/UnrealTutorialLooman/CoOpGame/Content/Collections/' took 0.00s
[2020.06.29-05.00.37:946][  0]LogContentBrowser: Native class hierarchy populated in 0.0120 seconds. Added 3432 classes and 825 folders.
[2020.06.29-05.00.37:950][  0]LogContentBrowser: Native class hierarchy updated for 'WidgetCarousel' in 0.0004 seconds. Added 0 classes and 0 folders.
[2020.06.29-05.00.38:013][  0]LogContentBrowser: Native class hierarchy updated for 'AddContentDialog' in 0.0005 seconds. Added 0 classes and 0 folders.
[2020.06.29-05.00.38:017][  0]LogContentBrowser: Native class hierarchy updated for 'SceneOutliner' in 0.0004 seconds. Added 2 classes and 0 folders.
[2020.06.29-05.00.38:044][  0]LogSlate: Took 0.000275 seconds to synchronously load lazily loaded font '../../../Engine/Content/Slate/Fonts/Roboto-Regular.ttf' (155K)
[2020.06.29-05.00.38:047][  0]LogSlate: Took 0.000393 seconds to synchronously load lazily loaded font '../../../Engine/Content/Slate/Fonts/Roboto-Bold.ttf' (160K)
[2020.06.29-05.00.38:056][  0]LogSlate: Took 0.000303 seconds to synchronously load lazily loaded font '../../../Engine/Content/Editor/Slate/Fonts/FontAwesome.ttf' (139K)
[2020.06.29-05.00.38:057][  0]LogSlate: Took 0.000205 seconds to synchronously load lazily loaded font '../../../Engine/Content/Slate/Fonts/DroidSansMono.ttf' (77K)
[2020.06.29-05.00.38:172][  0]LogRenderer: Reallocating scene render targets to support 1036x432 Format 10 NumSamples 1 (Frame:1).
[2020.06.29-05.00.38:307][  0]LogContentBrowser: Native class hierarchy updated for 'HierarchicalLODOutliner' in 0.0006 seconds. Added 0 classes and 0 folders.
[2020.06.29-05.00.38:308][  0]LogLoad: (Engine Initialization) Total time: 18.20 seconds
[2020.06.29-05.00.38:308][  0]LogLoad: (Engine Initialization) Total Blueprint compile time: 0.00 seconds
[2020.06.29-05.00.38:359][  0]LogAssetRegistry: Asset discovery search completed in 5.2977 seconds
[2020.06.29-05.00.38:365][  0]LogCollectionManager: Fixed up redirectors for 0 collections in 0.000003 seconds (updated 0 objects)
[2020.06.29-05.00.38:367][  0]LogContentStreaming: Texture pool size now 1000 MB
[2020.06.29-05.00.41:864][204]LogSlate: Took 0.000217 seconds to synchronously load lazily loaded font '../../../Engine/Content/Slate/Fonts/Roboto-Light.ttf' (167K)
[2020.06.29-05.00.41:876][204]LogAssetEditorSubsystem: Opening Asset editor for Blueprint /Game/Blueprints/BP_PlayerPawn.BP_PlayerPawn
[2020.06.29-05.00.42:142][204]LogContentBrowser: Native class hierarchy updated for 'BlueprintGraph' in 0.0008 seconds. Added 125 classes and 0 folders.
[2020.06.29-05.00.43:245][204]LogSlate: Took 0.000261 seconds to synchronously load lazily loaded font '../../../Engine/Content/Slate/Fonts/Roboto-BoldCondensed.ttf' (158K)
[2020.06.29-05.00.43:311][205]LogSlate: Took 0.000228 seconds to synchronously load lazily loaded font '../../../Engine/Content/Slate/Fonts/Roboto-Italic.ttf' (157K)
[2020.06.29-05.00.46:741][404]LogSlate: Window 'BP_PlayerPawn' being destroyed
[2020.06.29-05.00.46:748][404]LogSlate: Window 'BP_PlayerPawn' being destroyed
[2020.06.29-05.00.46:749][404]LogWorld: UWorld::CleanupWorld for World_0, bSessionEnded=true, bCleanupResources=true
[2020.06.29-05.00.46:749][404]LogSlate: InvalidateAllWidgets triggered.  All widgets were invalidated
[2020.06.29-05.01.41:114][664]Candidate modules for hot reload:
[2020.06.29-05.01.41:114][664]  CoOpGame
[2020.06.29-05.01.41:114][664]Launching UnrealBuildTool... [C:/Program Files/Epic Games/UE_4.25/Engine/Binaries/DotNET/UnrealBuildTool.exe  -ModuleWithSuffix=CoOpGame,3281 CoOpGameEditor Win64 Development -Project="C:/UnrealTutorialLooman/UnrealTutorialLooman/CoOpGame/CoOpGame.uproject" "C:/UnrealTutorialLooman/UnrealTutorialLooman/CoOpGame/CoOpGame.uproject"  -IgnoreJunk]
[2020.06.29-05.01.41:119][664]Warning: Starting HotReload took  0.0s.
[2020.06.29-05.01.51:512][274]CompilerResultsLog: New page: Compilation - 30 Jun 2020, 1:01:51 am
[2020.06.29-05.01.51:512][274]CompilerResultsLog: Using 'git status' to determine working set for adaptive non-unity build (C:\UnrealTutorialLooman\UnrealTutorialLooman).
[2020.06.29-05.01.51:512][274]CompilerResultsLog: Parsing headers for CoOpGameEditor
[2020.06.29-05.01.51:512][274]CompilerResultsLog:   Running UnrealHeaderTool "C:\UnrealTutorialLooman\UnrealTutorialLooman\CoOpGame\CoOpGame.uproject" "C:\UnrealTutorialLooman\UnrealTutorialLooman\CoOpGame\Intermediate\Build\Win64\CoOpGameEditor\Development\CoOpGameEditor.uhtmanifest" -LogCmds="loginit warning, logexit warning, logdatabase error" -Unattended -WarningsAsErrors -abslog="C:\Users\AlexLaptop\AppData\Local\UnrealBuildTool\Log_UHT.txt" -installed
[2020.06.29-05.01.51:512][274]CompilerResultsLog: Reflection code generated for CoOpGameEditor in 6.9448565 seconds
[2020.06.29-05.01.51:513][274]CompilerResultsLog: Building CoOpGameEditor...
[2020.06.29-05.01.51:513][274]CompilerResultsLog: Using Visual Studio 2019 14.26.28806 toolchain (C:\Program Files (x86)\Microsoft Visual Studio\2019\Community\VC\Tools\MSVC\14.26.28801) and Windows 10.0.18362.0 SDK (C:\Program Files (x86)\Windows Kits\10).
[2020.06.29-05.01.51:513][274]CompilerResultsLog: Building 6 actions with 8 processes...
[2020.06.29-05.01.51:513][274]CompilerResultsLog:   [1/6] CoOpGame.init.gen.cpp
[2020.06.29-05.01.51:513][274]CompilerResultsLog:   [2/6] SHealthComp.cpp
[2020.06.29-05.01.51:513][274]CompilerResultsLog:   [3/6] SHealthComp.gen.cpp
[2020.06.29-05.01.51:513][274]CompilerResultsLog:   [4/6] UE4Editor-CoOpGame-3281.lib
[2020.06.29-05.01.51:513][274]CompilerResultsLog:      Creating library C:\UnrealTutorialLooman\UnrealTutorialLooman\CoOpGame\Intermediate\Build\Win64\UE4Editor\Development\CoOpGame\UE4Editor-CoOpGame-3281.lib and object C:\UnrealTutorialLooman\UnrealTutorialLooman\CoOpGame\Intermediate\Build\Win64\UE4Editor\Development\CoOpGame\UE4Editor-CoOpGame-3281.exp
[2020.06.29-05.01.51:513][274]CompilerResultsLog:   [5/6] UE4Editor-CoOpGame-3281.dll
[2020.06.29-05.01.51:514][274]CompilerResultsLog:      Creating library C:\UnrealTutorialLooman\UnrealTutorialLooman\CoOpGame\Intermediate\Build\Win64\UE4Editor\Development\CoOpGame\UE4Editor-CoOpGame-3281.suppressed.lib and object C:\UnrealTutorialLooman\UnrealTutorialLooman\CoOpGame\Intermediate\Build\Win64\UE4Editor\Development\CoOpGame\UE4Editor-CoOpGame-3281.suppressed.exp
[2020.06.29-05.01.51:514][274]CompilerResultsLog:   [6/6] CoOpGameEditor.target
[2020.06.29-05.01.51:514][274]CompilerResultsLog: Total time in Parallel executor: 2.06 seconds
[2020.06.29-05.01.51:514][274]CompilerResultsLog: Total execution time: 10.26 seconds
[2020.06.29-05.01.51:514][274]LogMainFrame: MainFrame: Module compiling took 10.406 seconds
[2020.06.29-05.01.51:557][274]LogClass: Could not find existing class SHealthComp in package /Script/CoOpGame for HotReload, assuming new class
[2020.06.29-05.01.51:557][274]LogClass: Function HandleTakeAnyDamage is new.
[2020.06.29-05.01.51:572][274]LogHotReload: Re-instancing SHealthComp after hot-reload.
[2020.06.29-05.01.51:589][274]LogContentBrowser: Native class hierarchy updated for 'CoOpGame' in 0.0005 seconds. Added 5 classes and 4 folders.
[2020.06.29-05.01.51:593][274]Display: HotReload successful (4 functions remapped  0 scriptstructs remapped)
[2020.06.29-05.01.51:706][274]LogContentBrowser: Native class hierarchy populated in 0.0138 seconds. Added 3432 classes and 825 folders.
[2020.06.29-05.01.51:706][274]Display: HotReload took 10.6s.
[2020.06.29-05.02.38:877][ 80]LogTemp: Repeating last play command: Selected Viewport
[2020.06.29-05.02.38:907][ 80]LogPlayLevel: PlayLevel: No blueprints needed recompiling
[2020.06.29-05.02.38:907][ 80]PIE: New page: PIE session: MyMap (30 Jun 2020, 1:02:38 am)
[2020.06.29-05.02.38:909][ 80]LogOnline: OSS: Creating online subsystem instance for: NULL
[2020.06.29-05.02.38:912][ 80]LogOnline: OSS: TryLoadSubsystemAndSetDefault: Loaded subsystem for module [NULL]
[2020.06.29-05.02.38:912][ 80]LogPlayLevel: Creating play world package: /Game/Maps/UEDPIE_0_MyMap
[2020.06.29-05.02.38:916][ 80]LogPlayLevel: PIE: StaticDuplicateObject took: (0.004201s)
[2020.06.29-05.02.38:921][ 80]LogAIModule: Creating AISystem for world MyMap
[2020.06.29-05.02.38:921][ 80]LogAISub: UAISubsystem::UAISubsystem EnvQueryManager (0000019FFAF02000), frame # 4080
[2020.06.29-05.02.38:921][ 80]LogAISub: UAISubsystem::UAISubsystem AIPerceptionSystem (0000019FFAEE7D80), frame # 4080
[2020.06.29-05.02.38:922][ 80]LogPlayLevel: PIE: World Init took: (0.005210s)
[2020.06.29-05.02.38:922][ 80]LogPlayLevel: PIE: Created PIE world by copying editor world from /Game/Maps/MyMap.MyMap to /Game/Maps/UEDPIE_0_MyMap.MyMap (0.009899s)
[2020.06.29-05.02.39:011][ 80]LogUObjectHash: Compacting FUObjectHashTables data took   5.09ms
[2020.06.29-05.02.39:014][ 80]LogAudioMixer: Display: Audio Mixer Platform Settings:
[2020.06.29-05.02.39:014][ 80]LogAudioMixer: Display: 	Sample Rate:						  48000
[2020.06.29-05.02.39:014][ 80]LogAudioMixer: Display: 	Callback Buffer Frame Size Requested: 1024
[2020.06.29-05.02.39:014][ 80]LogAudioMixer: Display: 	Callback Buffer Frame Size To Use:	  1024
[2020.06.29-05.02.39:014][ 80]LogAudioMixer: Display: 	Number of buffers to queue:			  2
[2020.06.29-05.02.39:015][ 80]LogAudioMixer: Display: 	Max Channels (voices):				  32
[2020.06.29-05.02.39:015][ 80]LogAudioMixer: Display: 	Number of Async Source Workers:		  0
[2020.06.29-05.02.39:015][ 80]LogAudio: Display: AudioDevice MaxSources: 32
[2020.06.29-05.02.39:015][ 80]LogAudio: Display: Using built-in audio occlusion.
[2020.06.29-05.02.39:016][ 80]LogAudioMixer: Display: Initializing audio mixer.
[2020.06.29-05.02.39:021][ 80]LogAudioMixer: Display: 0: FrontLeft
[2020.06.29-05.02.39:021][ 80]LogAudioMixer: Display: 1: FrontRight
[2020.06.29-05.02.39:102][ 80]LogAudioMixer: Display: Using Audio Device Speakers (Realtek(R) Audio)
[2020.06.29-05.02.39:103][ 80]LogAudioMixer: Display: Initializing Sound Submixes...
[2020.06.29-05.02.39:103][ 80]LogAudioMixer: Display: Creating Master Submix 'MasterSubmixDefault'
[2020.06.29-05.02.39:103][ 80]LogAudioMixer: Display: Creating Master Submix 'MasterReverbSubmixDefault'
[2020.06.29-05.02.39:104][ 80]LogAudioMixer: Display: Creating Master Submix 'MasterEQSubmixDefault'
[2020.06.29-05.02.39:122][ 80]LogInit: FAudioDevice initialized.
[2020.06.29-05.02.39:133][ 80]LogLoad: Game class is 'GameModeBase'
[2020.06.29-05.02.39:136][ 80]LogWorld: Bringing World /Game/Maps/UEDPIE_0_MyMap.MyMap up for play (max tick rate 60) at 2020.06.29-15.02.39
[2020.06.29-05.02.39:137][ 80]LogWorld: Bringing up level for play took: 0.002786
[2020.06.29-05.02.39:137][ 80]LogOnline: OSS: Creating online subsystem instance for: :Context_2
[2020.06.29-05.02.39:184][ 80]LogContentBrowser: Native class hierarchy updated for 'MovieSceneCapture' in 0.0005 seconds. Added 20 classes and 0 folders.
[2020.06.29-05.02.39:187][ 80]PIE: Server logged in
[2020.06.29-05.02.39:189][ 80]PIE: Play in editor total start time 0.287 seconds.
[2020.06.29-05.02.40:813][155]LogTemp: Health Changed: 80.0
[2020.06.29-05.02.41:230][180]LogTemp: Health Changed: 60.0
[2020.06.29-05.02.41:680][207]LogTemp: Health Changed: 40.0
[2020.06.29-05.02.42:030][228]LogTemp: Health Changed: 20.0
[2020.06.29-05.02.42:880][279]LogBlueprintUserMessages: [BP_TargetDummy_2] 20.0
[2020.06.29-05.02.44:030][348]LogTemp: Health Changed: 0.0
[2020.06.29-05.02.44:364][368]LogTemp: Health Changed: 0.0
[2020.06.29-05.02.44:596][382]LogTemp: Health Changed: 0.0
[2020.06.29-05.02.44:946][403]LogTemp: Health Changed: 0.0
[2020.06.29-05.02.45:597][442]LogBlueprintUserMessages: [BP_TargetDummy_2] 20.0
[2020.06.29-05.02.46:230][480]LogBlueprintUserMessages: [BP_TargetDummy_2] 20.0
[2020.06.29-05.02.46:630][504]LogBlueprintUserMessages: [BP_TargetDummy_2] 20.0
[2020.06.29-05.03.18:838][ 36]LogAssetEditorSubsystem: Opening Asset editor for Blueprint /Game/Blueprints/BP_PlayerPawn.BP_PlayerPawn
[2020.06.29-05.03.24:867][336]LogSlate: Window 'BP_PlayerPawn' being destroyed
[2020.06.29-05.03.24:878][336]LogSlate: Window 'BP_PlayerPawn' being destroyed
[2020.06.29-05.03.24:879][336]LogWorld: UWorld::CleanupWorld for World_1, bSessionEnded=true, bCleanupResources=true
[2020.06.29-05.03.24:880][336]LogSlate: InvalidateAllWidgets triggered.  All widgets were invalidated
[2020.06.29-05.03.25:905][392]LogSlate: Updating window title bar state: overlay mode, drag disabled, window buttons hidden, title bar hidden
[2020.06.29-05.03.25:905][392]LogWorld: BeginTearingDown for /Game/Maps/UEDPIE_0_MyMap
[2020.06.29-05.03.25:906][392]LogWorld: UWorld::CleanupWorld for MyMap, bSessionEnded=true, bCleanupResources=true
[2020.06.29-05.03.25:906][392]LogSlate: InvalidateAllWidgets triggered.  All widgets were invalidated
[2020.06.29-05.03.25:926][392]LogPlayLevel: Display: Shutting down PIE online subsystems
[2020.06.29-05.03.25:933][392]LogSlate: InvalidateAllWidgets triggered.  All widgets were invalidated
[2020.06.29-05.03.25:958][392]LogSlate: Updating window title bar state: overlay mode, drag disabled, window buttons hidden, title bar hidden
[2020.06.29-05.03.26:074][392]LogAISub: UAISubsystem::~UAISubsystem EnvQueryManager (0000019FFAF02000), frame # 5392
[2020.06.29-05.03.26:074][392]LogAISub: UAISubsystem::~UAISubsystem AIPerceptionSystem (0000019FFAEE7D80), frame # 5392
[2020.06.29-05.03.26:126][392]LogUObjectHash: Compacting FUObjectHashTables data took   4.78ms
[2020.06.29-05.03.26:174][393]LogPlayLevel: Display: Destroying online subsystem :Context_2
[2020.06.29-05.03.27:123][448]LogAssetEditorSubsystem: Opening Asset editor for Blueprint /Game/Blueprints/BP_PlayerPawn.BP_PlayerPawn
[2020.06.29-05.04.11:242][964]BlueprintLog: New page: Compile BP_PlayerPawn
[2020.06.29-05.04.11:330][964]LogUObjectHash: Compacting FUObjectHashTables data took   3.53ms
[2020.06.29-05.04.11:418][964]Cmd: OBJ SAVEPACKAGE PACKAGE="/Game/Blueprints/BP_PlayerPawn" FILE="../../../../../../UnrealTutorialLooman/UnrealTutorialLooman/CoOpGame/Content/Blueprints/BP_PlayerPawn.uasset" SILENT=true
[2020.06.29-05.04.11:471][964]LogSavePackage: Moving '../../../../../../UnrealTutorialLooman/UnrealTutorialLooman/CoOpGame/Saved/BP_PlayerPawnF1EDE4044A5AFE4DF4E4498F263012E9.tmp' to '../../../../../../UnrealTutorialLooman/UnrealTutorialLooman/CoOpGame/Content/Blueprints/BP_PlayerPawn.uasset'
[2020.06.29-05.04.11:494][964]AssetCheck: New page: Asset Save: BP_PlayerPawn
[2020.06.29-05.04.11:495][964]LogContentValidation: Display: Validating Blueprint /Game/Blueprints/BP_PlayerPawn.BP_PlayerPawn
[2020.06.29-05.04.12:582][ 27]LogSlate: Window 'BP_PlayerPawn' being destroyed
[2020.06.29-05.04.12:587][ 27]LogSlate: Window 'BP_PlayerPawn' being destroyed
[2020.06.29-05.04.12:588][ 27]LogWorld: UWorld::CleanupWorld for World_2, bSessionEnded=true, bCleanupResources=true
[2020.06.29-05.04.12:588][ 27]LogSlate: InvalidateAllWidgets triggered.  All widgets were invalidated
[2020.06.29-05.04.13:621][ 84]LogTemp: Repeating last play command: Selected Viewport
[2020.06.29-05.04.13:651][ 84]LogPlayLevel: PlayLevel: No blueprints needed recompiling
[2020.06.29-05.04.13:651][ 84]PIE: New page: PIE session: MyMap (30 Jun 2020, 1:04:13 am)
[2020.06.29-05.04.13:651][ 84]LogPlayLevel: Creating play world package: /Game/Maps/UEDPIE_0_MyMap
[2020.06.29-05.04.13:655][ 84]LogPlayLevel: PIE: StaticDuplicateObject took: (0.003769s)
[2020.06.29-05.04.13:657][ 84]LogAIModule: Creating AISystem for world MyMap
[2020.06.29-05.04.13:657][ 84]LogAISub: UAISubsystem::UAISubsystem EnvQueryManager (0000019FF5FA2000), frame # 8084
[2020.06.29-05.04.13:657][ 84]LogAISub: UAISubsystem::UAISubsystem AIPerceptionSystem (0000019FF89D8CC0), frame # 8084
[2020.06.29-05.04.13:658][ 84]LogPlayLevel: PIE: World Init took: (0.002367s)
[2020.06.29-05.04.13:658][ 84]LogPlayLevel: PIE: Created PIE world by copying editor world from /Game/Maps/MyMap.MyMap to /Game/Maps/UEDPIE_0_MyMap.MyMap (0.006553s)
[2020.06.29-05.04.13:678][ 84]LogUObjectHash: Compacting FUObjectHashTables data took   2.79ms
[2020.06.29-05.04.13:680][ 84]LogAudioMixer: Display: Audio Mixer Platform Settings:
[2020.06.29-05.04.13:680][ 84]LogAudioMixer: Display: 	Sample Rate:						  48000
[2020.06.29-05.04.13:680][ 84]LogAudioMixer: Display: 	Callback Buffer Frame Size Requested: 1024
[2020.06.29-05.04.13:680][ 84]LogAudioMixer: Display: 	Callback Buffer Frame Size To Use:	  1024
[2020.06.29-05.04.13:680][ 84]LogAudioMixer: Display: 	Number of buffers to queue:			  2
[2020.06.29-05.04.13:680][ 84]LogAudioMixer: Display: 	Max Channels (voices):				  32
[2020.06.29-05.04.13:680][ 84]LogAudioMixer: Display: 	Number of Async Source Workers:		  0
[2020.06.29-05.04.13:680][ 84]LogAudio: Display: AudioDevice MaxSources: 32
[2020.06.29-05.04.13:681][ 84]LogAudio: Display: Using built-in audio occlusion.
[2020.06.29-05.04.13:681][ 84]LogAudioMixer: Display: Initializing audio mixer.
[2020.06.29-05.04.13:686][ 84]LogAudioMixer: Display: 0: FrontLeft
[2020.06.29-05.04.13:686][ 84]LogAudioMixer: Display: 1: FrontRight
[2020.06.29-05.04.13:780][ 84]LogAudioMixer: Display: Using Audio Device Speakers (Realtek(R) Audio)
[2020.06.29-05.04.13:780][ 84]LogAudioMixer: Display: Initializing Sound Submixes...
[2020.06.29-05.04.13:781][ 84]LogAudioMixer: Display: Creating Master Submix 'MasterSubmixDefault'
[2020.06.29-05.04.13:781][ 84]LogAudioMixer: Display: Creating Master Submix 'MasterReverbSubmixDefault'
[2020.06.29-05.04.13:782][ 84]LogAudioMixer: Display: Creating Master Submix 'MasterEQSubmixDefault'
[2020.06.29-05.04.13:815][ 84]LogInit: FAudioDevice initialized.
[2020.06.29-05.04.13:832][ 84]LogLoad: Game class is 'GameModeBase'
[2020.06.29-05.04.13:837][ 84]LogWorld: Bringing World /Game/Maps/UEDPIE_0_MyMap.MyMap up for play (max tick rate 60) at 2020.06.29-15.04.13
[2020.06.29-05.04.13:839][ 84]LogWorld: Bringing up level for play took: 0.005523
[2020.06.29-05.04.13:839][ 84]LogOnline: OSS: Creating online subsystem instance for: :Context_6
[2020.06.29-05.04.13:845][ 84]PIE: Server logged in
[2020.06.29-05.04.13:847][ 84]PIE: Play in editor total start time 0.2 seconds.
[2020.06.29-05.04.15:474][180]LogTemp: Health Changed: 80.0
[2020.06.29-05.04.16:174][222]LogTemp: Health Changed: 60.0
[2020.06.29-05.04.21:274][528]LogTemp: Health Changed: 40.0
[2020.06.29-05.04.21:891][565]LogTemp: Health Changed: 20.0
[2020.06.29-05.04.23:205][642]LogSlate: Updating window title bar state: overlay mode, drag disabled, window buttons hidden, title bar hidden
[2020.06.29-05.04.23:205][642]LogWorld: BeginTearingDown for /Game/Maps/UEDPIE_0_MyMap
[2020.06.29-05.04.23:206][642]LogWorld: UWorld::CleanupWorld for MyMap, bSessionEnded=true, bCleanupResources=true
[2020.06.29-05.04.23:206][642]LogSlate: InvalidateAllWidgets triggered.  All widgets were invalidated
[2020.06.29-05.04.23:224][642]LogPlayLevel: Display: Shutting down PIE online subsystems
[2020.06.29-05.04.23:228][642]LogSlate: InvalidateAllWidgets triggered.  All widgets were invalidated
[2020.06.29-05.04.23:247][642]LogSlate: Updating window title bar state: overlay mode, drag disabled, window buttons hidden, title bar hidden
[2020.06.29-05.04.23:314][642]LogAISub: UAISubsystem::~UAISubsystem AIPerceptionSystem (0000019FF89D8CC0), frame # 8642
[2020.06.29-05.04.23:314][642]LogAISub: UAISubsystem::~UAISubsystem EnvQueryManager (0000019FF5FA2000), frame # 8642
[2020.06.29-05.04.23:316][642]LogUObjectHash: Compacting FUObjectHashTables data took   1.86ms
[2020.06.29-05.04.23:359][643]LogPlayLevel: Display: Destroying online subsystem :Context_6
[2020.06.29-05.04.27:752][732]LogAssetEditorSubsystem: Opening Asset editor for Blueprint /Game/Blueprints/BP_PlayerPawn.BP_PlayerPawn
[2020.06.29-05.04.37:016][152]LogSlate: Window 'Color Picker' being destroyed
[2020.06.29-05.04.37:943][207]BlueprintLog: New page: Compile BP_PlayerPawn
[2020.06.29-05.04.37:993][207]LogUObjectHash: Compacting FUObjectHashTables data took   2.58ms
[2020.06.29-05.04.38:056][207]Cmd: OBJ SAVEPACKAGE PACKAGE="/Game/Blueprints/BP_PlayerPawn" FILE="../../../../../../UnrealTutorialLooman/UnrealTutorialLooman/CoOpGame/Content/Blueprints/BP_PlayerPawn.uasset" SILENT=true
[2020.06.29-05.04.38:092][207]LogSavePackage: Moving '../../../../../../UnrealTutorialLooman/UnrealTutorialLooman/CoOpGame/Saved/BP_PlayerPawnDDEE9B1849D1D2BB727057BE902DD151.tmp' to '../../../../../../UnrealTutorialLooman/UnrealTutorialLooman/CoOpGame/Content/Blueprints/BP_PlayerPawn.uasset'
[2020.06.29-05.04.38:108][207]AssetCheck: New page: Asset Save: BP_PlayerPawn
[2020.06.29-05.04.38:108][207]LogContentValidation: Display: Validating Blueprint /Game/Blueprints/BP_PlayerPawn.BP_PlayerPawn
[2020.06.29-05.04.39:078][264]LogSlate: Window 'BP_PlayerPawn' being destroyed
[2020.06.29-05.04.39:083][264]LogSlate: Window 'BP_PlayerPawn' being destroyed
[2020.06.29-05.04.39:084][264]LogWorld: UWorld::CleanupWorld for World_4, bSessionEnded=true, bCleanupResources=true
[2020.06.29-05.04.39:084][264]LogSlate: InvalidateAllWidgets triggered.  All widgets were invalidated
[2020.06.29-05.04.40:154][325]LogTemp: Repeating last play command: Selected Viewport
[2020.06.29-05.04.40:181][325]LogPlayLevel: PlayLevel: No blueprints needed recompiling
[2020.06.29-05.04.40:181][325]PIE: New page: PIE session: MyMap (30 Jun 2020, 1:04:40 am)
[2020.06.29-05.04.40:204][325]LogPlayLevel: Creating play world package: /Game/Maps/UEDPIE_0_MyMap
[2020.06.29-05.04.40:207][325]LogPlayLevel: PIE: StaticDuplicateObject took: (0.003614s)
[2020.06.29-05.04.40:209][325]LogAIModule: Creating AISystem for world MyMap
[2020.06.29-05.04.40:209][325]LogAISub: UAISubsystem::UAISubsystem EnvQueryManager (0000019FF8329200), frame # 9325
[2020.06.29-05.04.40:209][325]LogAISub: UAISubsystem::UAISubsystem AIPerceptionSystem (0000019FBADBA340), frame # 9325
[2020.06.29-05.04.40:210][325]LogPlayLevel: PIE: World Init took: (0.002122s)
[2020.06.29-05.04.40:210][325]LogPlayLevel: PIE: Created PIE world by copying editor world from /Game/Maps/MyMap.MyMap to /Game/Maps/UEDPIE_0_MyMap.MyMap (0.006277s)
[2020.06.29-05.04.40:231][325]LogUObjectHash: Compacting FUObjectHashTables data took   2.17ms
[2020.06.29-05.04.40:233][325]LogAudioMixer: Display: Audio Mixer Platform Settings:
[2020.06.29-05.04.40:233][325]LogAudioMixer: Display: 	Sample Rate:						  48000
[2020.06.29-05.04.40:233][325]LogAudioMixer: Display: 	Callback Buffer Frame Size Requested: 1024
[2020.06.29-05.04.40:233][325]LogAudioMixer: Display: 	Callback Buffer Frame Size To Use:	  1024
[2020.06.29-05.04.40:233][325]LogAudioMixer: Display: 	Number of buffers to queue:			  2
[2020.06.29-05.04.40:233][325]LogAudioMixer: Display: 	Max Channels (voices):				  32
[2020.06.29-05.04.40:233][325]LogAudioMixer: Display: 	Number of Async Source Workers:		  0
[2020.06.29-05.04.40:233][325]LogAudio: Display: AudioDevice MaxSources: 32
[2020.06.29-05.04.40:234][325]LogAudio: Display: Using built-in audio occlusion.
[2020.06.29-05.04.40:234][325]LogAudioMixer: Display: Initializing audio mixer.
[2020.06.29-05.04.40:238][325]LogAudioMixer: Display: 0: FrontLeft
[2020.06.29-05.04.40:238][325]LogAudioMixer: Display: 1: FrontRight
[2020.06.29-05.04.40:313][325]LogAudioMixer: Display: Using Audio Device Speakers (Realtek(R) Audio)
[2020.06.29-05.04.40:314][325]LogAudioMixer: Display: Initializing Sound Submixes...
[2020.06.29-05.04.40:314][325]LogAudioMixer: Display: Creating Master Submix 'MasterSubmixDefault'
[2020.06.29-05.04.40:314][325]LogAudioMixer: Display: Creating Master Submix 'MasterReverbSubmixDefault'
[2020.06.29-05.04.40:315][325]LogAudioMixer: Display: Creating Master Submix 'MasterEQSubmixDefault'
[2020.06.29-05.04.40:337][325]LogInit: FAudioDevice initialized.
[2020.06.29-05.04.40:350][325]LogLoad: Game class is 'GameModeBase'
[2020.06.29-05.04.40:352][325]LogWorld: Bringing World /Game/Maps/UEDPIE_0_MyMap.MyMap up for play (max tick rate 60) at 2020.06.29-15.04.40
[2020.06.29-05.04.40:353][325]LogWorld: Bringing up level for play took: 0.002986
[2020.06.29-05.04.40:354][325]LogOnline: OSS: Creating online subsystem instance for: :Context_8
[2020.06.29-05.04.40:358][325]PIE: Server logged in
[2020.06.29-05.04.40:359][325]PIE: Play in editor total start time 0.182 seconds.
[2020.06.29-05.04.41:930][418]LogTemp: Health Changed: 80.0
[2020.06.29-05.04.42:830][472]LogTemp: Health Changed: 60.0
[2020.06.29-05.04.43:281][499]LogTemp: Health Changed: 40.0
[2020.06.29-05.04.44:930][598]LogTemp: Health Changed: 20.0
[2020.06.29-05.04.46:259][677]LogBlueprintUserMessages: [BP_TargetDummy_2] 20.0
[2020.06.29-05.04.47:243][736]LogTemp: Health Changed: 0.0
[2020.06.29-05.04.49:359][863]LogTemp: Health Changed: 0.0
[2020.06.29-05.04.50:965][957]LogSlate: Updating window title bar state: overlay mode, drag disabled, window buttons hidden, title bar hidden
[2020.06.29-05.04.50:965][957]LogWorld: BeginTearingDown for /Game/Maps/UEDPIE_0_MyMap
[2020.06.29-05.04.50:965][957]LogWorld: UWorld::CleanupWorld for MyMap, bSessionEnded=true, bCleanupResources=true
[2020.06.29-05.04.50:966][957]LogSlate: InvalidateAllWidgets triggered.  All widgets were invalidated
[2020.06.29-05.04.50:982][957]LogPlayLevel: Display: Shutting down PIE online subsystems
[2020.06.29-05.04.50:985][957]LogSlate: InvalidateAllWidgets triggered.  All widgets were invalidated
[2020.06.29-05.04.51:063][957]LogSlate: Updating window title bar state: overlay mode, drag disabled, window buttons hidden, title bar hidden
[2020.06.29-05.04.51:064][957]LogAISub: UAISubsystem::~UAISubsystem AIPerceptionSystem (0000019FBADBA340), frame # 9957
[2020.06.29-05.04.51:065][957]LogAISub: UAISubsystem::~UAISubsystem EnvQueryManager (0000019FF8329200), frame # 9957
[2020.06.29-05.04.51:068][957]LogUObjectHash: Compacting FUObjectHashTables data took   2.26ms
[2020.06.29-05.04.51:107][958]LogPlayLevel: Display: Destroying online subsystem :Context_8
[2020.06.29-05.05.23:581][372]LogTemp: Repeating last play command: Selected Viewport
[2020.06.29-05.05.23:613][372]LogPlayLevel: PlayLevel: No blueprints needed recompiling
[2020.06.29-05.05.23:613][372]PIE: New page: PIE session: MyMap (30 Jun 2020, 1:05:23 am)
[2020.06.29-05.05.23:614][372]LogPlayLevel: Creating play world package: /Game/Maps/UEDPIE_0_MyMap
[2020.06.29-05.05.23:620][372]LogPlayLevel: PIE: StaticDuplicateObject took: (0.006121s)
[2020.06.29-05.05.23:622][372]LogAIModule: Creating AISystem for world MyMap
[2020.06.29-05.05.23:622][372]LogAISub: UAISubsystem::UAISubsystem EnvQueryManager (0000019FF547E600), frame # 10372
[2020.06.29-05.05.23:622][372]LogAISub: UAISubsystem::UAISubsystem AIPerceptionSystem (0000019FF96AFC40), frame # 10372
[2020.06.29-05.05.23:623][372]LogPlayLevel: PIE: World Init took: (0.002610s)
[2020.06.29-05.05.23:623][372]LogPlayLevel: PIE: Created PIE world by copying editor world from /Game/Maps/MyMap.MyMap to /Game/Maps/UEDPIE_0_MyMap.MyMap (0.009807s)
[2020.06.29-05.05.23:647][372]LogUObjectHash: Compacting FUObjectHashTables data took   2.72ms
[2020.06.29-05.05.23:649][372]LogAudioMixer: Display: Audio Mixer Platform Settings:
[2020.06.29-05.05.23:650][372]LogAudioMixer: Display: 	Sample Rate:						  48000
[2020.06.29-05.05.23:650][372]LogAudioMixer: Display: 	Callback Buffer Frame Size Requested: 1024
[2020.06.29-05.05.23:650][372]LogAudioMixer: Display: 	Callback Buffer Frame Size To Use:	  1024
[2020.06.29-05.05.23:650][372]LogAudioMixer: Display: 	Number of buffers to queue:			  2
[2020.06.29-05.05.23:650][372]LogAudioMixer: Display: 	Max Channels (voices):				  32
[2020.06.29-05.05.23:650][372]LogAudioMixer: Display: 	Number of Async Source Workers:		  0
[2020.06.29-05.05.23:650][372]LogAudio: Display: AudioDevice MaxSources: 32
[2020.06.29-05.05.23:651][372]LogAudio: Display: Using built-in audio occlusion.
[2020.06.29-05.05.23:651][372]LogAudioMixer: Display: Initializing audio mixer.
[2020.06.29-05.05.23:656][372]LogAudioMixer: Display: 0: FrontLeft
[2020.06.29-05.05.23:657][372]LogAudioMixer: Display: 1: FrontRight
[2020.06.29-05.05.23:768][372]LogAudioMixer: Display: Using Audio Device Speakers (Realtek(R) Audio)
[2020.06.29-05.05.23:768][372]LogAudioMixer: Display: Initializing Sound Submixes...
[2020.06.29-05.05.23:769][372]LogAudioMixer: Display: Creating Master Submix 'MasterSubmixDefault'
[2020.06.29-05.05.23:769][372]LogAudioMixer: Display: Creating Master Submix 'MasterReverbSubmixDefault'
[2020.06.29-05.05.23:770][372]LogAudioMixer: Display: Creating Master Submix 'MasterEQSubmixDefault'
[2020.06.29-05.05.23:800][372]LogInit: FAudioDevice initialized.
[2020.06.29-05.05.23:817][372]LogLoad: Game class is 'GameModeBase'
[2020.06.29-05.05.23:821][372]LogWorld: Bringing World /Game/Maps/UEDPIE_0_MyMap.MyMap up for play (max tick rate 60) at 2020.06.29-15.05.23
[2020.06.29-05.05.23:822][372]LogWorld: Bringing up level for play took: 0.003670
[2020.06.29-05.05.23:822][372]LogOnline: OSS: Creating online subsystem instance for: :Context_9
[2020.06.29-05.05.23:829][372]PIE: Server logged in
[2020.06.29-05.05.23:830][372]PIE: Play in editor total start time 0.219 seconds.
[2020.06.29-05.05.27:649][600]LogTemp: Health Changed: 20.0
[2020.06.29-05.05.28:365][643]LogTemp: Health Changed: 0.0
[2020.06.29-05.05.29:499][711]LogBlueprintUserMessages: [BP_TargetDummy_2] 20.0
[2020.06.29-05.05.30:016][742]LogBlueprintUserMessages: [BP_TargetDummy_2] 20.0
[2020.06.29-05.05.30:982][800]LogTemp: Health Changed: 0.0
[2020.06.29-05.05.31:316][820]LogTemp: Health Changed: 0.0
[2020.06.29-05.05.31:716][844]LogTemp: Health Changed: 0.0
[2020.06.29-05.05.33:315][938]LogSlate: Updating window title bar state: overlay mode, drag disabled, window buttons hidden, title bar hidden
[2020.06.29-05.05.33:315][938]LogWorld: BeginTearingDown for /Game/Maps/UEDPIE_0_MyMap
[2020.06.29-05.05.33:315][938]LogWorld: UWorld::CleanupWorld for MyMap, bSessionEnded=true, bCleanupResources=true
[2020.06.29-05.05.33:316][938]LogSlate: InvalidateAllWidgets triggered.  All widgets were invalidated
[2020.06.29-05.05.33:333][938]LogPlayLevel: Display: Shutting down PIE online subsystems
[2020.06.29-05.05.33:337][938]LogSlate: InvalidateAllWidgets triggered.  All widgets were invalidated
[2020.06.29-05.05.33:359][938]LogSlate: Updating window title bar state: overlay mode, drag disabled, window buttons hidden, title bar hidden
[2020.06.29-05.05.33:423][938]LogAISub: UAISubsystem::~UAISubsystem AIPerceptionSystem (0000019FF96AFC40), frame # 10938
[2020.06.29-05.05.33:423][938]LogAISub: UAISubsystem::~UAISubsystem EnvQueryManager (0000019FF547E600), frame # 10938
[2020.06.29-05.05.33:426][938]LogUObjectHash: Compacting FUObjectHashTables data took   2.81ms
[2020.06.29-05.05.33:469][939]LogPlayLevel: Display: Destroying online subsystem :Context_9
[2020.06.29-05.11.31:332][266]LogAudioMixer: Display: Audio Buffer Underrun detected.
[2020.06.29-05.11.55:998][338]LogUObjectHash: Compacting FUObjectHashTables data took   2.57ms
[2020.06.29-05.11.56:050][338]LogSavePackage: Moving '../../../../../../UnrealTutorialLooman/UnrealTutorialLooman/CoOpGame/Saved/MyMap_Auto14F245B3F4EBFDE0AB1E1B0AEE4FE25D6.tmp' to '../../../../../../UnrealTutorialLooman/UnrealTutorialLooman/CoOpGame/Saved/Autosaves/Game/Maps/MyMap_Auto1.umap'
[2020.06.29-05.11.56:054][338]LogFileHelpers: Editor autosave (incl. sublevels) for '/Game/Maps/MyMap' took 0.081
[2020.06.29-05.11.56:054][338]LogFileHelpers: Editor autosave (incl. sublevels) for all levels took 0.081
