Log file open, 06/29/20 21:12:49
LogInit: Display: Running engine for game: CoOpGame
LogPlatformFile: Not using cached read wrapper
LogTaskGraph: Started task graph with 5 named threads and 20 total threads with 3 sets of task threads.
LogStats: Stats thread started at 1.787728
LogD3D11RHI: Loaded GFSDK_Aftermath_Lib.x64.dll
LogICUInternationalization: ICU TimeZone Detection - Raw Offset: +10:00, Platform Override: ''
LogPluginManager: Mounting plugin Paper2D
LogPluginManager: Mounting plugin AISupport
LogPluginManager: Mounting plugin LightPropagationVolume
LogPluginManager: Mounting plugin CameraShakePreviewer
LogPluginManager: Mounting plugin ActorLayerUtilities
LogPluginManager: Mounting plugin AnimationSharing
LogPluginManager: Mounting plugin CLionSourceCodeAccess
LogPluginManager: Mounting plugin CodeLiteSourceCodeAccess
LogPluginManager: Mounting plugin GitSourceControl
LogPluginManager: Mounting plugin KDevelopSourceCodeAccess
LogPluginManager: Mounting plugin NullSourceCodeAccess
LogPluginManager: Mounting plugin PerforceSourceControl
LogPluginManager: Mounting plugin PlasticSourceControl
LogPluginManager: Mounting plugin RiderSourceCodeAccess
LogPluginManager: Mounting plugin SubversionSourceControl
LogPluginManager: Mounting plugin UObjectPlugin
LogPluginManager: Mounting plugin VisualStudioCodeSourceCodeAccess
LogPluginManager: Mounting plugin VisualStudioSourceCodeAccess
LogPluginManager: Mounting plugin XCodeSourceCodeAccess
LogPluginManager: Mounting plugin AssetManagerEditor
LogPluginManager: Mounting plugin CryptoKeys
LogPluginManager: Mounting plugin CurveEditorTools
LogPluginManager: Mounting plugin DataValidation
LogPluginManager: Mounting plugin EditorScriptingUtilities
LogPluginManager: Mounting plugin FacialAnimation
LogPluginManager: Mounting plugin GameplayTagsEditor
LogPluginManager: Mounting plugin GeometryMode
LogPluginManager: Mounting plugin MacGraphicsSwitching
LogPluginManager: Mounting plugin MaterialAnalyzer
LogPluginManager: Mounting plugin MobileLauncherProfileWizard
LogPluginManager: Mounting plugin PluginBrowser
LogPluginManager: Mounting plugin SpeedTreeImporter
LogPluginManager: Mounting plugin DatasmithContent
LogPluginManager: Mounting plugin VariantManagerContent
LogPluginManager: Mounting plugin AlembicImporter
LogPluginManager: Mounting plugin AutomationUtils
LogPluginManager: Mounting plugin BackChannel
LogPluginManager: Mounting plugin ChaosCloth
LogPluginManager: Mounting plugin ChaosClothEditor
LogPluginManager: Mounting plugin ChaosEditor
LogPluginManager: Mounting plugin ChaosNiagara
LogPluginManager: Mounting plugin ChaosSolverPlugin
LogPluginManager: Mounting plugin CharacterAI
LogPluginManager: Mounting plugin GeometryCache
LogPluginManager: Mounting plugin GeometryCollectionPlugin
LogPluginManager: Mounting plugin GeometryProcessing
LogPluginManager: Mounting plugin PlanarCut
LogPluginManager: Mounting plugin PlatformCrypto
LogPluginManager: Mounting plugin ProxyLODPlugin
LogPluginManager: Mounting plugin SkeletalReduction
LogPluginManager: Mounting plugin Niagara
LogPluginManager: Mounting plugin MagicLeap
LogPluginManager: Mounting plugin MagicLeapLightEstimation
LogPluginManager: Mounting plugin MagicLeapMedia
LogPluginManager: Mounting plugin MagicLeapPassableWorld
LogPluginManager: Mounting plugin MLSDK
LogPluginManager: Mounting plugin AndroidMedia
LogPluginManager: Mounting plugin AvfMedia
LogPluginManager: Mounting plugin ImgMedia
LogPluginManager: Mounting plugin MediaCompositing
LogPluginManager: Mounting plugin MediaPlayerEditor
LogPluginManager: Mounting plugin WebMMedia
LogPluginManager: Mounting plugin WmfMedia
LogPluginManager: Mounting plugin MeshPainting
LogPluginManager: Mounting plugin TcpMessaging
LogPluginManager: Mounting plugin UdpMessaging
LogPluginManager: Mounting plugin ActorSequence
LogPluginManager: Mounting plugin LevelSequenceEditor
LogPluginManager: Mounting plugin MatineeToLevelSequence
LogPluginManager: Mounting plugin MovieRenderPipeline
LogPluginManager: Mounting plugin TemplateSequence
LogPluginManager: Mounting plugin NetcodeUnitTest
LogPluginManager: Mounting plugin NUTUnrealEngine4
LogPluginManager: Mounting plugin OnlineSubsystemGooglePlay
LogPluginManager: Mounting plugin OnlineSubsystemIOS
LogPluginManager: Mounting plugin OnlineSubsystem
LogPluginManager: Mounting plugin OnlineSubsystemNull
LogPluginManager: Mounting plugin OnlineSubsystemUtils
LogPluginManager: Mounting plugin LauncherChunkInstaller
LogPluginManager: Mounting plugin AndroidDeviceProfileSelector
LogPluginManager: Mounting plugin AndroidMoviePlayer
LogPluginManager: Mounting plugin AndroidPermission
LogPluginManager: Mounting plugin AppleImageUtils
LogPluginManager: Mounting plugin AppleMoviePlayer
LogPluginManager: Mounting plugin ArchVisCharacter
LogPluginManager: Mounting plugin AssetTags
LogPluginManager: Mounting plugin AudioCapture
LogPluginManager: Mounting plugin CableComponent
LogPluginManager: Mounting plugin CustomMeshComponent
LogPluginManager: Mounting plugin EditableMesh
LogPluginManager: Mounting plugin ExampleDeviceProfileSelector
LogPluginManager: Mounting plugin GoogleCloudMessaging
LogPluginManager: Mounting plugin GooglePAD
LogPluginManager: Mounting plugin IOSDeviceProfileSelector
LogPluginManager: Mounting plugin LinuxDeviceProfileSelector
LogPluginManager: Mounting plugin LocationServicesBPLibrary
LogPluginManager: Mounting plugin MobilePatchingUtils
LogPluginManager: Mounting plugin OculusVR
LogPluginManager: Mounting plugin PhysXVehicles
LogPluginManager: Mounting plugin PostSplashScreen
LogPluginManager: Mounting plugin ProceduralMeshComponent
LogPluginManager: Mounting plugin RuntimePhysXCooking
LogPluginManager: Mounting plugin SignificanceManager
LogPluginManager: Mounting plugin SoundFields
LogPluginManager: Mounting plugin SteamVR
LogPluginManager: Mounting plugin Synthesis
LogPluginManager: Mounting plugin WebMMoviePlayer
LogPluginManager: Mounting plugin WindowsMoviePlayer
LogPluginManager: Mounting plugin ScreenshotTools
LogInit: Using libcurl 7.55.1-DEV
LogInit:  - built for x86_64-pc-win32
LogInit:  - supports SSL with OpenSSL/1.1.1
LogInit:  - supports HTTP deflate (compression) using libz 1.2.8
LogInit:  - other features:
LogInit:      CURL_VERSION_SSL
LogInit:      CURL_VERSION_LIBZ
LogInit:      CURL_VERSION_IPV6
LogInit:      CURL_VERSION_ASYNCHDNS
LogInit:      CURL_VERSION_LARGEFILE
LogInit:      CURL_VERSION_IDN
LogInit:  CurlRequestOptions (configurable via config and command line):
LogInit:  - bVerifyPeer = true  - Libcurl will verify peer certificate
LogInit:  - bUseHttpProxy = false  - Libcurl will NOT use HTTP proxy
LogInit:  - bDontReuseConnections = false  - Libcurl will reuse connections
LogInit:  - MaxHostConnections = 16  - Libcurl will limit the number of connections to a host
LogInit:  - LocalHostAddr = Default
LogInit:  - BufferSize = 65536
LogOnline: OSS: Creating online subsystem instance for: NULL
LogInit: WinSock: version 1.1 (2.2), MaxSocks=32767, MaxUdp=65467
LogOnline: OSS: TryLoadSubsystemAndSetDefault: Loaded subsystem for module [NULL]
LogOculusPluginWrapper: OculusPlugin initialized successfully
LogInit: Build: ++UE4+Release-4.25-CL-13594126
LogInit: Engine Version: 4.25.1-13594126+++UE4+Release-4.25
LogInit: Compatible Engine Version: 4.25.0-13144385+++UE4+Release-4.25
LogInit: Net CL: 13144385
LogInit: OS: Windows 10 (Release 1903) (), CPU: Intel(R) Core(TM) i5-8400 CPU @ 2.80GHz, GPU: NVIDIA GeForce GTX 1070
LogInit: Compiled (64-bit): Jun  2 2020 02:10:36
LogInit: Compiled with Visual C++: 19.24.28315.00
LogInit: Build Configuration: Development
LogInit: Branch Name: ++UE4+Release-4.25
LogInit: Command Line:  -skipcompile
LogInit: Base Directory: F:/UnrealEngine/UE_4.25/Engine/Binaries/Win64/
LogInit: Allocator: TBB
LogInit: Installed Engine Build: 1
LogDevObjectVersion: Number of dev versions registered: 26
LogDevObjectVersion:   Dev-Blueprints (B0D832E4-1F89-4F0D-ACCF-7EB736FD4AA2): 10
LogDevObjectVersion:   Dev-Build (E1C64328-A22C-4D53-A36C-8E866417BD8C): 0
LogDevObjectVersion:   Dev-Core (375EC13C-06E4-48FB-B500-84F0262A717E): 4
LogDevObjectVersion:   Dev-Editor (E4B068ED-F494-42E9-A231-DA0B2E46BB41): 38
LogDevObjectVersion:   Dev-Framework (CFFC743F-43B0-4480-9391-14DF171D2073): 37
LogDevObjectVersion:   Dev-Mobile (B02B49B5-BB20-44E9-A304-32B752E40360): 2
LogDevObjectVersion:   Dev-Networking (A4E4105C-59A1-49B5-A7C5-40C4547EDFEE): 0
LogDevObjectVersion:   Dev-Online (39C831C9-5AE6-47DC-9A44-9C173E1C8E7C): 0
LogDevObjectVersion:   Dev-Physics (78F01B33-EBEA-4F98-B9B4-84EACCB95AA2): 4
LogDevObjectVersion:   Dev-Platform (6631380F-2D4D-43E0-8009-CF276956A95A): 0
LogDevObjectVersion:   Dev-Rendering (12F88B9F-8875-4AFC-A67C-D90C383ABD29): 43
LogDevObjectVersion:   Dev-Sequencer (7B5AE74C-D270-4C10-A958-57980B212A5A): 12
LogDevObjectVersion:   Dev-VR (D7296918-1DD6-4BDD-9DE2-64A83CC13884): 3
LogDevObjectVersion:   Dev-LoadTimes (C2A15278-BFE7-4AFE-6C17-90FF531DF755): 1
LogDevObjectVersion:   Private-Geometry (6EACA3D4-40EC-4CC1-B786-8BED09428FC5): 3
LogDevObjectVersion:   Dev-AnimPhys (29E575DD-E0A3-4627-9D10-D276232CDCEA): 17
LogDevObjectVersion:   Dev-Anim (AF43A65D-7FD3-4947-9873-3E8ED9C1BB05): 7
LogDevObjectVersion:   Dev-ReflectionCapture (6B266CEC-1EC7-4B8F-A30B-E4D90942FC07): 1
LogDevObjectVersion:   Dev-Automation (0DF73D61-A23F-47EA-B727-89E90C41499A): 1
LogDevObjectVersion:   FortniteMain (601D1886-AC64-4F84-AA16-D3DE0DEAC7D6): 31
LogDevObjectVersion:   Dev-Enterprise (9DFFBCD6-494F-0158-E221-12823C92A888): 10
LogDevObjectVersion:   Dev-Niagara (F2AED0AC-9AFE-416F-8664-AA7FFA26D6FC): 1
LogDevObjectVersion:   Dev-Destruction (174F1F0B-B4C6-45A5-B13F-2EE8D0FB917D): 10
LogDevObjectVersion:   Dev-Physics-Ext (35F94A83-E258-406C-A318-09F59610247C): 37
LogDevObjectVersion:   Dev-PhysicsMaterial-Chaos (B68FC16E-8B1B-42E2-B453-215C058844FE): 1
LogDevObjectVersion:   Dev-CineCamera (B2E18506-4273-CFC2-A54E-F4BB758BBA07): 1
LogInit: Presizing for max 25165824 objects, including 0 objects not considered by GC, pre-allocating 0 bytes for permanent pool.
LogConfig: Applying CVar settings from Section [/Script/Engine.StreamingSettings] File [F:/UnrealTutorialLooman/CoOpGame/Saved/Config/Windows/Engine.ini]
LogConfig: Setting CVar [[s.MinBulkDataSizeForAsyncLoading:131072]]
LogConfig: Setting CVar [[s.AsyncLoadingThreadEnabled:0]]
LogConfig: Setting CVar [[s.EventDrivenLoaderEnabled:1]]
LogConfig: Setting CVar [[s.WarnIfTimeLimitExceeded:0]]
LogConfig: Setting CVar [[s.TimeLimitExceededMultiplier:1.5]]
LogConfig: Setting CVar [[s.TimeLimitExceededMinTime:0.005]]
LogConfig: Setting CVar [[s.UseBackgroundLevelStreaming:1]]
LogConfig: Setting CVar [[s.PriorityAsyncLoadingExtraTime:15.0]]
LogConfig: Setting CVar [[s.LevelStreamingActorsUpdateTimeLimit:5.0]]
LogConfig: Setting CVar [[s.PriorityLevelStreamingActorsUpdateExtraTime:5.0]]
LogConfig: Setting CVar [[s.LevelStreamingComponentsRegistrationGranularity:10]]
LogConfig: Setting CVar [[s.UnregisterComponentsTimeLimit:1.0]]
LogConfig: Setting CVar [[s.LevelStreamingComponentsUnregistrationGranularity:5]]
LogConfig: Setting CVar [[s.FlushStreamingOnExit:1]]
LogInit: Object subsystem initialized
LogConfig: Setting CVar [[con.DebugEarlyDefault:1]]
LogConfig: Setting CVar [[r.setres:1280x720]]
[2020.06.29-11.12.49:954][  0]LogConfig: Setting CVar [[r.VSync:0]]
[2020.06.29-11.12.49:954][  0]LogConfig: Setting CVar [[r.RHICmdBypass:0]]
[2020.06.29-11.12.49:954][  0]LogConfig: Applying CVar settings from Section [/Script/Engine.RendererSettings] File [F:/UnrealTutorialLooman/CoOpGame/Saved/Config/Windows/Engine.ini]
[2020.06.29-11.12.49:954][  0]LogConfig: Setting CVar [[r.GPUCrashDebugging:0]]
[2020.06.29-11.12.49:954][  0]LogConfig: Applying CVar settings from Section [/Script/Engine.RendererOverrideSettings] File [F:/UnrealTutorialLooman/CoOpGame/Saved/Config/Windows/Engine.ini]
[2020.06.29-11.12.49:954][  0]LogConfig: Applying CVar settings from Section [/Script/Engine.StreamingSettings] File [F:/UnrealTutorialLooman/CoOpGame/Saved/Config/Windows/Engine.ini]
[2020.06.29-11.12.49:954][  0]LogConfig: Setting CVar [[s.MinBulkDataSizeForAsyncLoading:131072]]
[2020.06.29-11.12.49:954][  0]LogConfig: Setting CVar [[s.AsyncLoadingThreadEnabled:0]]
[2020.06.29-11.12.49:954][  0]LogConfig: Setting CVar [[s.EventDrivenLoaderEnabled:1]]
[2020.06.29-11.12.49:954][  0]LogConfig: Setting CVar [[s.WarnIfTimeLimitExceeded:0]]
[2020.06.29-11.12.49:954][  0]LogConfig: Setting CVar [[s.TimeLimitExceededMultiplier:1.5]]
[2020.06.29-11.12.49:954][  0]LogConfig: Setting CVar [[s.TimeLimitExceededMinTime:0.005]]
[2020.06.29-11.12.49:954][  0]LogConfig: Setting CVar [[s.UseBackgroundLevelStreaming:1]]
[2020.06.29-11.12.49:954][  0]LogConfig: Setting CVar [[s.PriorityAsyncLoadingExtraTime:15.0]]
[2020.06.29-11.12.49:954][  0]LogConfig: Setting CVar [[s.LevelStreamingActorsUpdateTimeLimit:5.0]]
[2020.06.29-11.12.49:954][  0]LogConfig: Setting CVar [[s.PriorityLevelStreamingActorsUpdateExtraTime:5.0]]
[2020.06.29-11.12.49:954][  0]LogConfig: Setting CVar [[s.LevelStreamingComponentsRegistrationGranularity:10]]
[2020.06.29-11.12.49:955][  0]LogConfig: Setting CVar [[s.UnregisterComponentsTimeLimit:1.0]]
[2020.06.29-11.12.49:955][  0]LogConfig: Setting CVar [[s.LevelStreamingComponentsUnregistrationGranularity:5]]
[2020.06.29-11.12.49:955][  0]LogConfig: Setting CVar [[s.FlushStreamingOnExit:1]]
[2020.06.29-11.12.49:955][  0]LogConfig: Applying CVar settings from Section [/Script/Engine.GarbageCollectionSettings] File [F:/UnrealTutorialLooman/CoOpGame/Saved/Config/Windows/Engine.ini]
[2020.06.29-11.12.49:955][  0]LogConfig: Setting CVar [[gc.MaxObjectsNotConsideredByGC:1]]
[2020.06.29-11.12.49:955][  0]LogConfig: Setting CVar [[gc.SizeOfPermanentObjectPool:0]]
[2020.06.29-11.12.49:955][  0]LogConfig: Setting CVar [[gc.FlushStreamingOnGC:0]]
[2020.06.29-11.12.49:955][  0]LogConfig: Setting CVar [[gc.NumRetriesBeforeForcingGC:10]]
[2020.06.29-11.12.49:955][  0]LogConfig: Setting CVar [[gc.AllowParallelGC:1]]
[2020.06.29-11.12.49:955][  0]LogConfig: Setting CVar [[gc.TimeBetweenPurgingPendingKillObjects:61.1]]
[2020.06.29-11.12.49:955][  0]LogConfig: Setting CVar [[gc.MaxObjectsInEditor:25165824]]
[2020.06.29-11.12.49:955][  0]LogConfig: Setting CVar [[gc.IncrementalBeginDestroyEnabled:1]]
[2020.06.29-11.12.49:955][  0]LogConfig: Setting CVar [[gc.CreateGCClusters:1]]
[2020.06.29-11.12.49:955][  0]LogConfig: Setting CVar [[gc.MinGCClusterSize:5]]
[2020.06.29-11.12.49:955][  0]LogConfig: Setting CVar [[gc.ActorClusteringEnabled:0]]
[2020.06.29-11.12.49:955][  0]LogConfig: Setting CVar [[gc.BlueprintClusteringEnabled:0]]
[2020.06.29-11.12.49:955][  0]LogConfig: Setting CVar [[gc.UseDisregardForGCOnDedicatedServers:0]]
[2020.06.29-11.12.49:955][  0]LogConfig: Applying CVar settings from Section [/Script/Engine.NetworkSettings] File [F:/UnrealTutorialLooman/CoOpGame/Saved/Config/Windows/Engine.ini]
[2020.06.29-11.12.49:955][  0]LogConfig: Applying CVar settings from Section [/Script/UnrealEd.CookerSettings] File [F:/UnrealTutorialLooman/CoOpGame/Saved/Config/Windows/Engine.ini]
[2020.06.29-11.12.49:962][  0]LogConfig: Applying CVar settings from Section [ViewDistanceQuality@3] File [F:/UnrealTutorialLooman/CoOpGame/Saved/Config/Windows/Scalability.ini]
[2020.06.29-11.12.49:962][  0]LogConfig: Setting CVar [[r.SkeletalMeshLODBias:0]]
[2020.06.29-11.12.49:962][  0]LogConfig: Setting CVar [[r.ViewDistanceScale:1.0]]
[2020.06.29-11.12.49:962][  0]LogConfig: Applying CVar settings from Section [AntiAliasingQuality@3] File [F:/UnrealTutorialLooman/CoOpGame/Saved/Config/Windows/Scalability.ini]
[2020.06.29-11.12.49:962][  0]LogConfig: Setting CVar [[r.PostProcessAAQuality:4]]
[2020.06.29-11.12.49:962][  0]LogConfig: Applying CVar settings from Section [ShadowQuality@3] File [F:/UnrealTutorialLooman/CoOpGame/Saved/Config/Windows/Scalability.ini]
[2020.06.29-11.12.49:962][  0]LogConfig: Setting CVar [[r.LightFunctionQuality:1]]
[2020.06.29-11.12.49:962][  0]LogConfig: Setting CVar [[r.ShadowQuality:5]]
[2020.06.29-11.12.49:962][  0]LogConfig: Setting CVar [[r.Shadow.CSM.MaxCascades:10]]
[2020.06.29-11.12.49:962][  0]LogConfig: Setting CVar [[r.Shadow.MaxResolution:2048]]
[2020.06.29-11.12.49:962][  0]LogConfig: Setting CVar [[r.Shadow.MaxCSMResolution:2048]]
[2020.06.29-11.12.49:962][  0]LogConfig: Setting CVar [[r.Shadow.RadiusThreshold:0.01]]
[2020.06.29-11.12.49:962][  0]LogConfig: Setting CVar [[r.Shadow.DistanceScale:1.0]]
[2020.06.29-11.12.49:962][  0]LogConfig: Setting CVar [[r.Shadow.CSM.TransitionScale:1.0]]
[2020.06.29-11.12.49:963][  0]LogConfig: Setting CVar [[r.Shadow.PreShadowResolutionFactor:1.0]]
[2020.06.29-11.12.49:963][  0]LogConfig: Setting CVar [[r.DistanceFieldShadowing:1]]
[2020.06.29-11.12.49:963][  0]LogConfig: Setting CVar [[r.DistanceFieldAO:1]]
[2020.06.29-11.12.49:963][  0]LogConfig: Setting CVar [[r.AOQuality:2]]
[2020.06.29-11.12.49:963][  0]LogConfig: Setting CVar [[r.VolumetricFog:1]]
[2020.06.29-11.12.49:963][  0]LogConfig: Setting CVar [[r.VolumetricFog.GridPixelSize:8]]
[2020.06.29-11.12.49:963][  0]LogConfig: Setting CVar [[r.VolumetricFog.GridSizeZ:128]]
[2020.06.29-11.12.49:963][  0]LogConfig: Setting CVar [[r.VolumetricFog.HistoryMissSupersampleCount:4]]
[2020.06.29-11.12.49:963][  0]LogConfig: Setting CVar [[r.LightMaxDrawDistanceScale:1]]
[2020.06.29-11.12.49:963][  0]LogConfig: Setting CVar [[r.CapsuleShadows:1]]
[2020.06.29-11.12.49:963][  0]LogConfig: Applying CVar settings from Section [PostProcessQuality@3] File [F:/UnrealTutorialLooman/CoOpGame/Saved/Config/Windows/Scalability.ini]
[2020.06.29-11.12.49:963][  0]LogConfig: Setting CVar [[r.MotionBlurQuality:4]]
[2020.06.29-11.12.49:963][  0]LogConfig: Setting CVar [[r.AmbientOcclusionMipLevelFactor:0.4]]
[2020.06.29-11.12.49:963][  0]LogConfig: Setting CVar [[r.AmbientOcclusionMaxQuality:100]]
[2020.06.29-11.12.49:963][  0]LogConfig: Setting CVar [[r.AmbientOcclusionLevels:-1]]
[2020.06.29-11.12.49:963][  0]LogConfig: Setting CVar [[r.AmbientOcclusionRadiusScale:1.0]]
[2020.06.29-11.12.49:963][  0]LogConfig: Setting CVar [[r.DepthOfFieldQuality:2]]
[2020.06.29-11.12.49:963][  0]LogConfig: Setting CVar [[r.RenderTargetPoolMin:400]]
[2020.06.29-11.12.49:963][  0]LogConfig: Setting CVar [[r.LensFlareQuality:2]]
[2020.06.29-11.12.49:963][  0]LogConfig: Setting CVar [[r.SceneColorFringeQuality:1]]
[2020.06.29-11.12.49:963][  0]LogConfig: Setting CVar [[r.EyeAdaptationQuality:2]]
[2020.06.29-11.12.49:964][  0]LogConfig: Setting CVar [[r.BloomQuality:5]]
[2020.06.29-11.12.49:964][  0]LogConfig: Setting CVar [[r.FastBlurThreshold:100]]
[2020.06.29-11.12.49:964][  0]LogConfig: Setting CVar [[r.Upscale.Quality:3]]
[2020.06.29-11.12.49:964][  0]LogConfig: Setting CVar [[r.Tonemapper.GrainQuantization:1]]
[2020.06.29-11.12.49:964][  0]LogConfig: Setting CVar [[r.LightShaftQuality:1]]
[2020.06.29-11.12.49:964][  0]LogConfig: Setting CVar [[r.Filter.SizeScale:1]]
[2020.06.29-11.12.49:964][  0]LogConfig: Setting CVar [[r.Tonemapper.Quality:5]]
[2020.06.29-11.12.49:964][  0]LogConfig: Setting CVar [[r.DOF.Gather.AccumulatorQuality:1        ; higher gathering accumulator quality]]
[2020.06.29-11.12.49:964][  0]LogConfig: Setting CVar [[r.DOF.Gather.PostfilterMethod:1          ; Median3x3 postfilering method]]
[2020.06.29-11.12.49:964][  0]LogConfig: Setting CVar [[r.DOF.Gather.EnableBokehSettings:0       ; no bokeh simulation when gathering]]
[2020.06.29-11.12.49:964][  0]LogConfig: Setting CVar [[r.DOF.Gather.RingCount:4                 ; medium number of samples when gathering]]
[2020.06.29-11.12.49:964][  0]LogConfig: Setting CVar [[r.DOF.Scatter.ForegroundCompositing:1    ; additive foreground scattering]]
[2020.06.29-11.12.49:964][  0]LogConfig: Setting CVar [[r.DOF.Scatter.BackgroundCompositing:2    ; additive background scattering]]
[2020.06.29-11.12.49:964][  0]LogConfig: Setting CVar [[r.DOF.Scatter.EnableBokehSettings:1      ; bokeh simulation when scattering]]
[2020.06.29-11.12.49:964][  0]LogConfig: Setting CVar [[r.DOF.Scatter.MaxSpriteRatio:0.1         ; only a maximum of 10% of scattered bokeh]]
[2020.06.29-11.12.49:964][  0]LogConfig: Setting CVar [[r.DOF.Recombine.Quality:1                ; cheap slight out of focus]]
[2020.06.29-11.12.49:964][  0]LogConfig: Setting CVar [[r.DOF.Recombine.EnableBokehSettings:0    ; no bokeh simulation on slight out of focus]]
[2020.06.29-11.12.49:964][  0]LogConfig: Setting CVar [[r.DOF.TemporalAAQuality:1                ; more stable temporal accumulation]]
[2020.06.29-11.12.49:964][  0]LogConfig: Setting CVar [[r.DOF.Kernel.MaxForegroundRadius:0.025]]
[2020.06.29-11.12.49:964][  0]LogConfig: Setting CVar [[r.DOF.Kernel.MaxBackgroundRadius:0.025]]
[2020.06.29-11.12.49:964][  0]LogConfig: Applying CVar settings from Section [TextureQuality@3] File [F:/UnrealTutorialLooman/CoOpGame/Saved/Config/Windows/Scalability.ini]
[2020.06.29-11.12.49:964][  0]LogConfig: Setting CVar [[r.Streaming.MipBias:0]]
[2020.06.29-11.12.49:964][  0]LogConfig: Setting CVar [[r.Streaming.AmortizeCPUToGPUCopy:0]]
[2020.06.29-11.12.49:964][  0]LogConfig: Setting CVar [[r.Streaming.MaxNumTexturesToStreamPerFrame:0]]
[2020.06.29-11.12.49:965][  0]LogConfig: Setting CVar [[r.Streaming.Boost:1]]
[2020.06.29-11.12.49:965][  0]LogConfig: Setting CVar [[r.MaxAnisotropy:8]]
[2020.06.29-11.12.49:965][  0]LogConfig: Setting CVar [[r.VT.MaxAnisotropy:8]]
[2020.06.29-11.12.49:965][  0]LogConfig: Setting CVar [[r.Streaming.LimitPoolSizeToVRAM:0]]
[2020.06.29-11.12.49:965][  0]LogConfig: Setting CVar [[r.Streaming.PoolSize:1000]]
[2020.06.29-11.12.49:965][  0]LogConfig: Setting CVar [[r.Streaming.MaxEffectiveScreenSize:0]]
[2020.06.29-11.12.49:965][  0]LogConfig: Applying CVar settings from Section [EffectsQuality@3] File [F:/UnrealTutorialLooman/CoOpGame/Saved/Config/Windows/Scalability.ini]
[2020.06.29-11.12.49:965][  0]LogConfig: Setting CVar [[r.TranslucencyLightingVolumeDim:64]]
[2020.06.29-11.12.49:965][  0]LogConfig: Setting CVar [[r.RefractionQuality:2]]
[2020.06.29-11.12.49:965][  0]LogConfig: Setting CVar [[r.SSR.Quality:3]]
[2020.06.29-11.12.49:965][  0]LogConfig: Setting CVar [[r.SSR.HalfResSceneColor:0]]
[2020.06.29-11.12.49:965][  0]LogConfig: Setting CVar [[r.SceneColorFormat:4]]
[2020.06.29-11.12.49:965][  0]LogConfig: Setting CVar [[r.DetailMode:2]]
[2020.06.29-11.12.49:965][  0]LogConfig: Setting CVar [[r.TranslucencyVolumeBlur:1]]
[2020.06.29-11.12.49:965][  0]LogConfig: Setting CVar [[r.MaterialQualityLevel:1 ; High quality]]
[2020.06.29-11.12.49:965][  0]LogConfig: Setting CVar [[r.SSS.Scale:1]]
[2020.06.29-11.12.49:965][  0]LogConfig: Setting CVar [[r.SSS.SampleSet:2]]
[2020.06.29-11.12.49:965][  0]LogConfig: Setting CVar [[r.SSS.Quality:1]]
[2020.06.29-11.12.49:965][  0]LogConfig: Setting CVar [[r.SSS.HalfRes:0]]
[2020.06.29-11.12.49:965][  0]LogConfig: Setting CVar [[r.SSGI.Quality:3]]
[2020.06.29-11.12.49:965][  0]LogConfig: Setting CVar [[r.EmitterSpawnRateScale:1.0]]
[2020.06.29-11.12.49:965][  0]LogConfig: Setting CVar [[r.ParticleLightQuality:2]]
[2020.06.29-11.12.49:965][  0]LogConfig: Setting CVar [[r.SkyAtmosphere.AerialPerspectiveLUT.FastApplyOnOpaque:1 ; Always have FastSkyLUT 1 in this case to avoid wrong sky]]
[2020.06.29-11.12.49:965][  0]LogConfig: Setting CVar [[r.SkyAtmosphere.AerialPerspectiveLUT.SampleCountPerSlice:1]]
[2020.06.29-11.12.49:966][  0]LogConfig: Setting CVar [[r.SkyAtmosphere.AerialPerspectiveLUT.DepthResolution:16.0]]
[2020.06.29-11.12.49:966][  0]LogConfig: Setting CVar [[r.SkyAtmosphere.FastSkyLUT:1]]
[2020.06.29-11.12.49:966][  0]LogConfig: Setting CVar [[r.SkyAtmosphere.FastSkyLUT.SampleCountMin:4.0]]
[2020.06.29-11.12.49:966][  0]LogConfig: Setting CVar [[r.SkyAtmosphere.FastSkyLUT.SampleCountMax:32.0]]
[2020.06.29-11.12.49:966][  0]LogConfig: Setting CVar [[r.SkyAtmosphere.SampleCountMin:4.0]]
[2020.06.29-11.12.49:966][  0]LogConfig: Setting CVar [[r.SkyAtmosphere.SampleCountMax:32.0]]
[2020.06.29-11.12.49:966][  0]LogConfig: Setting CVar [[r.SkyAtmosphere.TransmittanceLUT.UseSmallFormat:0]]
[2020.06.29-11.12.49:966][  0]LogConfig: Setting CVar [[r.SkyAtmosphere.TransmittanceLUT.SampleCount:10.0]]
[2020.06.29-11.12.49:966][  0]LogConfig: Setting CVar [[r.SkyAtmosphere.MultiScatteringLUT.SampleCount:15.0]]
[2020.06.29-11.12.49:966][  0]LogConfig: Applying CVar settings from Section [FoliageQuality@3] File [F:/UnrealTutorialLooman/CoOpGame/Saved/Config/Windows/Scalability.ini]
[2020.06.29-11.12.49:966][  0]LogConfig: Setting CVar [[foliage.DensityScale:1.0]]
[2020.06.29-11.12.49:966][  0]LogConfig: Setting CVar [[grass.DensityScale:1.0]]
[2020.06.29-11.12.49:966][  0]LogConfig: Applying CVar settings from Section [ShadingQuality@3] File [F:/UnrealTutorialLooman/CoOpGame/Saved/Config/Windows/Scalability.ini]
[2020.06.29-11.12.49:966][  0]LogConfig: Setting CVar [[r.HairStrands.SkyLighting.SampleCount:16]]
[2020.06.29-11.12.49:966][  0]LogConfig: Setting CVar [[r.HairStrands.SkyLighting.JitterIntegration:0]]
[2020.06.29-11.12.49:966][  0]LogConfig: Setting CVar [[r.HairStrands.SkyAO.SampleCount:16]]
[2020.06.29-11.12.49:966][  0]LogConfig: Setting CVar [[r.HairStrands.DeepShadow.SuperSampling:0]]
[2020.06.29-11.12.49:966][  0]LogConfig: Setting CVar [[r.HairStrands.VisibilityPPLL:0]]
[2020.06.29-11.12.49:966][  0]LogConfig: Setting CVar [[r.HairStrands.RasterizationScale:0.5]]
[2020.06.29-11.12.49:967][  0]LogConfig: Setting CVar [[r.HairStrands.VelocityRasterizationScale:1]]
[2020.06.29-11.12.49:967][  0]LogInit: Selected Device Profile: [Windows]
[2020.06.29-11.12.49:967][  0]LogInit: Applying CVar settings loaded from the selected device profile: [Windows]
[2020.06.29-11.12.49:967][  0]LogHAL: Display: Platform has ~ 16 GB [17088675840 / 17179869184 / 16], which maps to Larger [LargestMinGB=32, LargerMinGB=12, DefaultMinGB=8, SmallerMinGB=6, SmallestMinGB=0)
[2020.06.29-11.12.49:967][  0]LogInit: Going up to parent DeviceProfile []
[2020.06.29-11.12.49:967][  0]LogConfig: Applying CVar settings from Section [ViewDistanceQuality@3] File [F:/UnrealTutorialLooman/CoOpGame/Saved/Config/Windows/Scalability.ini]
[2020.06.29-11.12.49:967][  0]LogConfig: Setting CVar [[r.SkeletalMeshLODBias:0]]
[2020.06.29-11.12.49:967][  0]LogConfig: Setting CVar [[r.ViewDistanceScale:1.0]]
[2020.06.29-11.12.49:967][  0]LogConfig: Applying CVar settings from Section [AntiAliasingQuality@3] File [F:/UnrealTutorialLooman/CoOpGame/Saved/Config/Windows/Scalability.ini]
[2020.06.29-11.12.49:967][  0]LogConfig: Setting CVar [[r.PostProcessAAQuality:4]]
[2020.06.29-11.12.49:967][  0]LogConfig: Applying CVar settings from Section [ShadowQuality@3] File [F:/UnrealTutorialLooman/CoOpGame/Saved/Config/Windows/Scalability.ini]
[2020.06.29-11.12.49:967][  0]LogConfig: Setting CVar [[r.LightFunctionQuality:1]]
[2020.06.29-11.12.49:967][  0]LogConfig: Setting CVar [[r.ShadowQuality:5]]
[2020.06.29-11.12.49:967][  0]LogConfig: Setting CVar [[r.Shadow.CSM.MaxCascades:10]]
[2020.06.29-11.12.49:967][  0]LogConfig: Setting CVar [[r.Shadow.MaxResolution:2048]]
[2020.06.29-11.12.49:967][  0]LogConfig: Setting CVar [[r.Shadow.MaxCSMResolution:2048]]
[2020.06.29-11.12.49:967][  0]LogConfig: Setting CVar [[r.Shadow.RadiusThreshold:0.01]]
[2020.06.29-11.12.49:967][  0]LogConfig: Setting CVar [[r.Shadow.DistanceScale:1.0]]
[2020.06.29-11.12.49:967][  0]LogConfig: Setting CVar [[r.Shadow.CSM.TransitionScale:1.0]]
[2020.06.29-11.12.49:968][  0]LogConfig: Setting CVar [[r.Shadow.PreShadowResolutionFactor:1.0]]
[2020.06.29-11.12.49:968][  0]LogConfig: Setting CVar [[r.DistanceFieldShadowing:1]]
[2020.06.29-11.12.49:968][  0]LogConfig: Setting CVar [[r.DistanceFieldAO:1]]
[2020.06.29-11.12.49:968][  0]LogConfig: Setting CVar [[r.AOQuality:2]]
[2020.06.29-11.12.49:968][  0]LogConfig: Setting CVar [[r.VolumetricFog:1]]
[2020.06.29-11.12.49:968][  0]LogConfig: Setting CVar [[r.VolumetricFog.GridPixelSize:8]]
[2020.06.29-11.12.49:968][  0]LogConfig: Setting CVar [[r.VolumetricFog.GridSizeZ:128]]
[2020.06.29-11.12.49:968][  0]LogConfig: Setting CVar [[r.VolumetricFog.HistoryMissSupersampleCount:4]]
[2020.06.29-11.12.49:968][  0]LogConfig: Setting CVar [[r.LightMaxDrawDistanceScale:1]]
[2020.06.29-11.12.49:968][  0]LogConfig: Setting CVar [[r.CapsuleShadows:1]]
[2020.06.29-11.12.49:968][  0]LogConfig: Applying CVar settings from Section [PostProcessQuality@3] File [F:/UnrealTutorialLooman/CoOpGame/Saved/Config/Windows/Scalability.ini]
[2020.06.29-11.12.49:968][  0]LogConfig: Setting CVar [[r.MotionBlurQuality:4]]
[2020.06.29-11.12.49:968][  0]LogConfig: Setting CVar [[r.AmbientOcclusionMipLevelFactor:0.4]]
[2020.06.29-11.12.49:968][  0]LogConfig: Setting CVar [[r.AmbientOcclusionMaxQuality:100]]
[2020.06.29-11.12.49:968][  0]LogConfig: Setting CVar [[r.AmbientOcclusionLevels:-1]]
[2020.06.29-11.12.49:968][  0]LogConfig: Setting CVar [[r.AmbientOcclusionRadiusScale:1.0]]
[2020.06.29-11.12.49:968][  0]LogConfig: Setting CVar [[r.DepthOfFieldQuality:2]]
[2020.06.29-11.12.49:968][  0]LogConfig: Setting CVar [[r.RenderTargetPoolMin:400]]
[2020.06.29-11.12.49:968][  0]LogConfig: Setting CVar [[r.LensFlareQuality:2]]
[2020.06.29-11.12.49:968][  0]LogConfig: Setting CVar [[r.SceneColorFringeQuality:1]]
[2020.06.29-11.12.49:968][  0]LogConfig: Setting CVar [[r.EyeAdaptationQuality:2]]
[2020.06.29-11.12.49:969][  0]LogConfig: Setting CVar [[r.BloomQuality:5]]
[2020.06.29-11.12.49:969][  0]LogConfig: Setting CVar [[r.FastBlurThreshold:100]]
[2020.06.29-11.12.49:969][  0]LogConfig: Setting CVar [[r.Upscale.Quality:3]]
[2020.06.29-11.12.49:969][  0]LogConfig: Setting CVar [[r.Tonemapper.GrainQuantization:1]]
[2020.06.29-11.12.49:969][  0]LogConfig: Setting CVar [[r.LightShaftQuality:1]]
[2020.06.29-11.12.49:969][  0]LogConfig: Setting CVar [[r.Filter.SizeScale:1]]
[2020.06.29-11.12.49:969][  0]LogConfig: Setting CVar [[r.Tonemapper.Quality:5]]
[2020.06.29-11.12.49:969][  0]LogConfig: Setting CVar [[r.DOF.Gather.AccumulatorQuality:1        ; higher gathering accumulator quality]]
[2020.06.29-11.12.49:969][  0]LogConfig: Setting CVar [[r.DOF.Gather.PostfilterMethod:1          ; Median3x3 postfilering method]]
[2020.06.29-11.12.49:969][  0]LogConfig: Setting CVar [[r.DOF.Gather.EnableBokehSettings:0       ; no bokeh simulation when gathering]]
[2020.06.29-11.12.49:969][  0]LogConfig: Setting CVar [[r.DOF.Gather.RingCount:4                 ; medium number of samples when gathering]]
[2020.06.29-11.12.49:969][  0]LogConfig: Setting CVar [[r.DOF.Scatter.ForegroundCompositing:1    ; additive foreground scattering]]
[2020.06.29-11.12.49:969][  0]LogConfig: Setting CVar [[r.DOF.Scatter.BackgroundCompositing:2    ; additive background scattering]]
[2020.06.29-11.12.49:969][  0]LogConfig: Setting CVar [[r.DOF.Scatter.EnableBokehSettings:1      ; bokeh simulation when scattering]]
[2020.06.29-11.12.49:969][  0]LogConfig: Setting CVar [[r.DOF.Scatter.MaxSpriteRatio:0.1         ; only a maximum of 10% of scattered bokeh]]
[2020.06.29-11.12.49:969][  0]LogConfig: Setting CVar [[r.DOF.Recombine.Quality:1                ; cheap slight out of focus]]
[2020.06.29-11.12.49:969][  0]LogConfig: Setting CVar [[r.DOF.Recombine.EnableBokehSettings:0    ; no bokeh simulation on slight out of focus]]
[2020.06.29-11.12.49:969][  0]LogConfig: Setting CVar [[r.DOF.TemporalAAQuality:1                ; more stable temporal accumulation]]
[2020.06.29-11.12.49:970][  0]LogConfig: Setting CVar [[r.DOF.Kernel.MaxForegroundRadius:0.025]]
[2020.06.29-11.12.49:970][  0]LogConfig: Setting CVar [[r.DOF.Kernel.MaxBackgroundRadius:0.025]]
[2020.06.29-11.12.49:970][  0]LogConfig: Applying CVar settings from Section [TextureQuality@3] File [F:/UnrealTutorialLooman/CoOpGame/Saved/Config/Windows/Scalability.ini]
[2020.06.29-11.12.49:970][  0]LogConfig: Setting CVar [[r.Streaming.MipBias:0]]
[2020.06.29-11.12.49:970][  0]LogConfig: Setting CVar [[r.Streaming.AmortizeCPUToGPUCopy:0]]
[2020.06.29-11.12.49:970][  0]LogConfig: Setting CVar [[r.Streaming.MaxNumTexturesToStreamPerFrame:0]]
[2020.06.29-11.12.49:970][  0]LogConfig: Setting CVar [[r.Streaming.Boost:1]]
[2020.06.29-11.12.49:970][  0]LogConfig: Setting CVar [[r.MaxAnisotropy:8]]
[2020.06.29-11.12.49:970][  0]LogConfig: Setting CVar [[r.VT.MaxAnisotropy:8]]
[2020.06.29-11.12.49:970][  0]LogConfig: Setting CVar [[r.Streaming.LimitPoolSizeToVRAM:0]]
[2020.06.29-11.12.49:970][  0]LogConfig: Setting CVar [[r.Streaming.PoolSize:1000]]
[2020.06.29-11.12.49:970][  0]LogConfig: Setting CVar [[r.Streaming.MaxEffectiveScreenSize:0]]
[2020.06.29-11.12.49:970][  0]LogConfig: Applying CVar settings from Section [EffectsQuality@3] File [F:/UnrealTutorialLooman/CoOpGame/Saved/Config/Windows/Scalability.ini]
[2020.06.29-11.12.49:970][  0]LogConfig: Setting CVar [[r.TranslucencyLightingVolumeDim:64]]
[2020.06.29-11.12.49:970][  0]LogConfig: Setting CVar [[r.RefractionQuality:2]]
[2020.06.29-11.12.49:970][  0]LogConfig: Setting CVar [[r.SSR.Quality:3]]
[2020.06.29-11.12.49:970][  0]LogConfig: Setting CVar [[r.SSR.HalfResSceneColor:0]]
[2020.06.29-11.12.49:970][  0]LogConfig: Setting CVar [[r.SceneColorFormat:4]]
[2020.06.29-11.12.49:970][  0]LogConfig: Setting CVar [[r.DetailMode:2]]
[2020.06.29-11.12.49:970][  0]LogConfig: Setting CVar [[r.TranslucencyVolumeBlur:1]]
[2020.06.29-11.12.49:970][  0]LogConfig: Setting CVar [[r.MaterialQualityLevel:1 ; High quality]]
[2020.06.29-11.12.49:970][  0]LogConfig: Setting CVar [[r.SSS.Scale:1]]
[2020.06.29-11.12.49:970][  0]LogConfig: Setting CVar [[r.SSS.SampleSet:2]]
[2020.06.29-11.12.49:971][  0]LogConfig: Setting CVar [[r.SSS.Quality:1]]
[2020.06.29-11.12.49:971][  0]LogConfig: Setting CVar [[r.SSS.HalfRes:0]]
[2020.06.29-11.12.49:971][  0]LogConfig: Setting CVar [[r.SSGI.Quality:3]]
[2020.06.29-11.12.49:971][  0]LogConfig: Setting CVar [[r.EmitterSpawnRateScale:1.0]]
[2020.06.29-11.12.49:971][  0]LogConfig: Setting CVar [[r.ParticleLightQuality:2]]
[2020.06.29-11.12.49:971][  0]LogConfig: Setting CVar [[r.SkyAtmosphere.AerialPerspectiveLUT.FastApplyOnOpaque:1 ; Always have FastSkyLUT 1 in this case to avoid wrong sky]]
[2020.06.29-11.12.49:971][  0]LogConfig: Setting CVar [[r.SkyAtmosphere.AerialPerspectiveLUT.SampleCountPerSlice:1]]
[2020.06.29-11.12.49:971][  0]LogConfig: Setting CVar [[r.SkyAtmosphere.AerialPerspectiveLUT.DepthResolution:16.0]]
[2020.06.29-11.12.49:971][  0]LogConfig: Setting CVar [[r.SkyAtmosphere.FastSkyLUT:1]]
[2020.06.29-11.12.49:971][  0]LogConfig: Setting CVar [[r.SkyAtmosphere.FastSkyLUT.SampleCountMin:4.0]]
[2020.06.29-11.12.49:971][  0]LogConfig: Setting CVar [[r.SkyAtmosphere.FastSkyLUT.SampleCountMax:32.0]]
[2020.06.29-11.12.49:971][  0]LogConfig: Setting CVar [[r.SkyAtmosphere.SampleCountMin:4.0]]
[2020.06.29-11.12.49:971][  0]LogConfig: Setting CVar [[r.SkyAtmosphere.SampleCountMax:32.0]]
[2020.06.29-11.12.49:971][  0]LogConfig: Setting CVar [[r.SkyAtmosphere.TransmittanceLUT.UseSmallFormat:0]]
[2020.06.29-11.12.49:971][  0]LogConfig: Setting CVar [[r.SkyAtmosphere.TransmittanceLUT.SampleCount:10.0]]
[2020.06.29-11.12.49:971][  0]LogConfig: Setting CVar [[r.SkyAtmosphere.MultiScatteringLUT.SampleCount:15.0]]
[2020.06.29-11.12.49:971][  0]LogConfig: Applying CVar settings from Section [FoliageQuality@3] File [F:/UnrealTutorialLooman/CoOpGame/Saved/Config/Windows/Scalability.ini]
[2020.06.29-11.12.49:971][  0]LogConfig: Setting CVar [[foliage.DensityScale:1.0]]
[2020.06.29-11.12.49:971][  0]LogConfig: Setting CVar [[grass.DensityScale:1.0]]
[2020.06.29-11.12.49:971][  0]LogConfig: Applying CVar settings from Section [ShadingQuality@3] File [F:/UnrealTutorialLooman/CoOpGame/Saved/Config/Windows/Scalability.ini]
[2020.06.29-11.12.49:971][  0]LogConfig: Setting CVar [[r.HairStrands.SkyLighting.SampleCount:16]]
[2020.06.29-11.12.49:971][  0]LogConfig: Setting CVar [[r.HairStrands.SkyLighting.JitterIntegration:0]]
[2020.06.29-11.12.49:972][  0]LogConfig: Setting CVar [[r.HairStrands.SkyAO.SampleCount:16]]
[2020.06.29-11.12.49:972][  0]LogConfig: Setting CVar [[r.HairStrands.DeepShadow.SuperSampling:0]]
[2020.06.29-11.12.49:972][  0]LogConfig: Setting CVar [[r.HairStrands.VisibilityPPLL:0]]
[2020.06.29-11.12.49:972][  0]LogConfig: Setting CVar [[r.HairStrands.RasterizationScale:0.5]]
[2020.06.29-11.12.49:972][  0]LogConfig: Setting CVar [[r.HairStrands.VelocityRasterizationScale:1]]
[2020.06.29-11.12.49:972][  0]LogConfig: Applying CVar settings from Section [Startup] File [../../../Engine/Config/ConsoleVariables.ini]
[2020.06.29-11.12.49:972][  0]LogConfig: Setting CVar [[net.UseAdaptiveNetUpdateFrequency:0]]
[2020.06.29-11.12.49:972][  0]LogConfig: Setting CVar [[p.chaos.AllowCreatePhysxBodies:1]]
[2020.06.29-11.12.49:972][  0]LogConfig: Setting CVar [[fx.SkipVectorVMBackendOptimizations:1]]
[2020.06.29-11.12.49:972][  0]LogConfig: Applying CVar settings from Section [ConsoleVariables] File [F:/UnrealTutorialLooman/CoOpGame/Saved/Config/Windows/Engine.ini]
[2020.06.29-11.12.49:972][  0]LogInit: Computer: GOODPC1
[2020.06.29-11.12.49:972][  0]LogInit: User: geewi
[2020.06.29-11.12.49:972][  0]LogInit: CPU Page size=4096, Cores=6
[2020.06.29-11.12.49:972][  0]LogInit: High frequency timer resolution =10.000000 MHz
[2020.06.29-11.12.49:973][  0]LogMemory: Memory total: Physical=15.9GB (16GB approx)
[2020.06.29-11.12.49:973][  0]LogMemory: Platform Memory Stats for Windows
[2020.06.29-11.12.49:973][  0]LogMemory: Process Physical Memory: 121.96 MB used, 121.96 MB peak
[2020.06.29-11.12.49:973][  0]LogMemory: Process Virtual Memory: 110.62 MB used, 110.62 MB peak
[2020.06.29-11.12.49:973][  0]LogMemory: Physical Memory: 10956.43 MB used,  5340.61 MB free, 16297.03 MB total
[2020.06.29-11.12.49:973][  0]LogMemory: Virtual Memory: 5193.86 MB used,  134212536.00 MB free, 134217728.00 MB total
[2020.06.29-11.12.49:986][  0]LogWindows: WindowsPlatformFeatures enabled
[2020.06.29-11.12.50:178][  0]LogInit: Physics initialised using underlying interface: PhysX
[2020.06.29-11.12.50:179][  0]LogInit: Using OS detected language (en-US).
[2020.06.29-11.12.50:180][  0]LogInit: Using OS detected locale (en-US).
[2020.06.29-11.12.50:182][  0]LogTextLocalizationManager: No specific localization for 'en-US' exists, so the 'en' localization will be used.
[2020.06.29-11.12.50:436][  0]LogInit: Setting process to per monitor DPI aware
[2020.06.29-11.12.50:491][  0]LogSlate: New Slate User Created.  User Index 0, Is Virtual User: 0
[2020.06.29-11.12.50:491][  0]LogSlate: Slate User Registered.  User Index 0, Is Virtual User: 0
[2020.06.29-11.12.50:597][  0]LogD3D11RHI: D3D11 min allowed feature level: 11_0
[2020.06.29-11.12.50:597][  0]LogD3D11RHI: D3D11 max allowed feature level: 11_0
[2020.06.29-11.12.50:597][  0]LogD3D11RHI: D3D11 adapters:
[2020.06.29-11.12.50:688][  0]LogD3D11RHI:    0. 'NVIDIA GeForce GTX 1070' (Feature Level 11_0)
[2020.06.29-11.12.50:688][  0]LogD3D11RHI:       8088/0/8148 MB DedicatedVideo/DedicatedSystem/SharedSystem, Outputs:2, VendorId:0x10de
[2020.06.29-11.12.50:694][  0]LogD3D11RHI:    1. 'Microsoft Basic Render Driver' (Feature Level 11_0)
[2020.06.29-11.12.50:695][  0]LogD3D11RHI:       0/0/8148 MB DedicatedVideo/DedicatedSystem/SharedSystem, Outputs:0, VendorId:0x1414
[2020.06.29-11.12.50:695][  0]LogD3D11RHI: Chosen D3D11 Adapter: 0
[2020.06.29-11.12.50:706][  0]LogD3D11RHI: Creating new Direct3DDevice
[2020.06.29-11.12.50:706][  0]LogD3D11RHI:     GPU DeviceId: 0x1b81 (for the marketing name, search the web for "GPU Device Id")
[2020.06.29-11.12.50:706][  0]LogWindows: EnumDisplayDevices:
[2020.06.29-11.12.50:706][  0]LogWindows:    0. 'NVIDIA GeForce GTX 1070' (P:0 D:1)
[2020.06.29-11.12.50:707][  0]LogWindows:    1. 'NVIDIA GeForce GTX 1070' (P:1 D:1)
[2020.06.29-11.12.50:707][  0]LogWindows:    2. 'NVIDIA GeForce GTX 1070' (P:0 D:0)
[2020.06.29-11.12.50:707][  0]LogWindows:    3. 'NVIDIA GeForce GTX 1070' (P:0 D:0)
[2020.06.29-11.12.50:708][  0]LogWindows: DebugString: FoundDriverCount:4 
[2020.06.29-11.12.50:708][  0]LogD3D11RHI:     Adapter Name: NVIDIA GeForce GTX 1070
[2020.06.29-11.12.50:708][  0]LogD3D11RHI:   Driver Version: 445.75 (internal:26.21.14.4575, unified:445.75)
[2020.06.29-11.12.50:708][  0]LogD3D11RHI:      Driver Date: 3-17-2020
[2020.06.29-11.12.50:708][  0]LogRHI: Texture pool is 5661 MB (70% of 8088 MB)
[2020.06.29-11.12.50:768][  0]LogD3D11RHI: RHI has support for 64 bit atomics
[2020.06.29-11.12.50:772][  0]LogD3D11RHI: [Aftermath] Enabled and primed
[2020.06.29-11.12.50:772][  0]LogD3D11RHI: Async texture creation enabled
[2020.06.29-11.12.50:772][  0]LogD3D11RHI: Array index from any shader is supported
[2020.06.29-11.12.50:792][  0]LogD3D11RHI: GPU Timing Frequency: 1000.000000 (Debug: 2 1)
[2020.06.29-11.12.51:088][  0]LogTargetPlatformManager: Display: Loaded TargetPlatform 'AllDesktop'
[2020.06.29-11.12.51:114][  0]LogTargetPlatformManager: Display: Loaded TargetPlatform 'Android'
[2020.06.29-11.12.51:114][  0]LogTargetPlatformManager: Display: Loaded TargetPlatform 'Android_ASTC'
[2020.06.29-11.12.51:114][  0]LogTargetPlatformManager: Display: Loaded TargetPlatform 'Android_DXT'
[2020.06.29-11.12.51:114][  0]LogTargetPlatformManager: Display: Loaded TargetPlatform 'Android_ETC2'
[2020.06.29-11.12.51:115][  0]LogTargetPlatformManager: Display: Loaded TargetPlatform 'AndroidClient'
[2020.06.29-11.12.51:115][  0]LogTargetPlatformManager: Display: Loaded TargetPlatform 'Android_ASTCClient'
[2020.06.29-11.12.51:115][  0]LogTargetPlatformManager: Display: Loaded TargetPlatform 'Android_DXTClient'
[2020.06.29-11.12.51:115][  0]LogTargetPlatformManager: Display: Loaded TargetPlatform 'Android_ETC2Client'
[2020.06.29-11.12.51:115][  0]LogTargetPlatformManager: Display: Loaded TargetPlatform 'Android_Multi'
[2020.06.29-11.12.51:115][  0]LogTargetPlatformManager: Display: Loaded TargetPlatform 'Android_MultiClient'
[2020.06.29-11.12.51:152][  0]LogTargetPlatformManager: Display: Loaded TargetPlatform 'IOSClient'
[2020.06.29-11.12.51:152][  0]LogTargetPlatformManager: Display: Loaded TargetPlatform 'IOS'
[2020.06.29-11.12.51:163][  0]LogTargetPlatformManager: Display: Loaded TargetPlatform 'Linux'
[2020.06.29-11.12.51:175][  0]LogTargetPlatformManager: Display: Loaded TargetPlatform 'LinuxNoEditor'
[2020.06.29-11.12.51:185][  0]LogTargetPlatformManager: Display: Loaded TargetPlatform 'LinuxClient'
[2020.06.29-11.12.51:196][  0]LogTargetPlatformManager: Display: Loaded TargetPlatform 'LinuxServer'
[2020.06.29-11.12.51:209][  0]LogTargetPlatformManager: Display: Loaded TargetPlatform 'LinuxAArch64NoEditor'
[2020.06.29-11.12.51:220][  0]LogTargetPlatformManager: Display: Loaded TargetPlatform 'LinuxAArch64Client'
[2020.06.29-11.12.51:231][  0]LogTargetPlatformManager: Display: Loaded TargetPlatform 'LinuxAArch64Server'
[2020.06.29-11.12.51:261][  0]LogTargetPlatformManager: Display: Loaded TargetPlatform 'Lumin'
[2020.06.29-11.12.51:261][  0]LogTargetPlatformManager: Display: Loaded TargetPlatform 'LuminClient'
[2020.06.29-11.12.51:278][  0]LogTargetPlatformManager: Display: Loaded TargetPlatform 'TVOSClient'
[2020.06.29-11.12.51:279][  0]LogTargetPlatformManager: Display: Loaded TargetPlatform 'TVOS'
[2020.06.29-11.12.51:289][  0]LogTargetPlatformManager: Display: Loaded TargetPlatform 'WindowsNoEditor'
[2020.06.29-11.12.51:302][  0]LogTargetPlatformManager: Display: Loaded TargetPlatform 'Windows'
[2020.06.29-11.12.51:313][  0]LogTargetPlatformManager: Display: Loaded TargetPlatform 'WindowsClient'
[2020.06.29-11.12.51:324][  0]LogTargetPlatformManager: Display: Loaded TargetPlatform 'WindowsServer'
[2020.06.29-11.12.51:324][  0]LogTargetPlatformManager: Display: Building Assets For Windows
[2020.06.29-11.12.51:340][  0]LogAudioDebug: Display: Lib vorbis DLL was dynamically loaded.
[2020.06.29-11.12.51:427][  0]LogShaderCompilers: Guid format shader working directory is 1 characters bigger than the processId version (../../../../../UnrealTutorialLooman/CoOpGame/Intermediate/Shaders/WorkingDirectory/10396/).
[2020.06.29-11.12.51:427][  0]LogShaderCompilers: Cleaned the shader compiler working directory 'C:/Users/geewi/AppData/Local/Temp/UnrealShaderWorkingDir/8A16354D429E0CC6B061D4B6D2C8B8A7/'.
[2020.06.29-11.12.51:428][  0]LogXGEController: Cleaning working directory: C:/Users/geewi/AppData/Local/Temp/UnrealXGEWorkingDir/
[2020.06.29-11.12.51:428][  0]LogXGEController: Cannot use XGE Controller as Incredibuild is not installed on this machine.
[2020.06.29-11.12.51:428][  0]LogShaderCompilers: Cannot use XGE Shader Compiler as Incredibuild is not installed on this machine.
[2020.06.29-11.12.51:428][  0]LogShaderCompilers: Display: Using Local Shader Compiler.
[2020.06.29-11.12.52:251][  0]LogDerivedDataCache: Display: Max Cache Size: 512 MB
[2020.06.29-11.12.52:332][  0]LogDerivedDataCache: Loaded boot cache 0.08s 79MB C:/Users/geewi/AppData/Local/UnrealEngine/4.25/DerivedDataCache/Boot.ddc.
[2020.06.29-11.12.52:332][  0]LogDerivedDataCache: Display: Loaded Boot cache: C:/Users/geewi/AppData/Local/UnrealEngine/4.25/DerivedDataCache/Boot.ddc
[2020.06.29-11.12.52:332][  0]LogDerivedDataCache: FDerivedDataBackendGraph:  Pak pak cache file ../../../../../UnrealTutorialLooman/CoOpGame/DerivedDataCache/DDC.ddp not found, will not use a pak cache.
[2020.06.29-11.12.52:332][  0]LogDerivedDataCache: Unable to find inner node Pak for hierarchical cache Hierarchy.
[2020.06.29-11.12.52:332][  0]LogDerivedDataCache: FDerivedDataBackendGraph:  CompressedPak pak cache file ../../../../../UnrealTutorialLooman/CoOpGame/DerivedDataCache/Compressed.ddp not found, will not use a pak cache.
[2020.06.29-11.12.52:332][  0]LogDerivedDataCache: Unable to find inner node CompressedPak for hierarchical cache Hierarchy.
[2020.06.29-11.12.52:343][  0]LogDerivedDataCache: Display: Pak cache opened for reading ../../../Engine/DerivedDataCache/Compressed.ddp.
[2020.06.29-11.12.52:343][  0]LogDerivedDataCache: FDerivedDataBackendGraph:  EnterprisePak pak cache file ../../../Enterprise/DerivedDataCache/Compressed.ddp not found, will not use a pak cache.
[2020.06.29-11.12.52:343][  0]LogDerivedDataCache: Unable to find inner node EnterprisePak for hierarchical cache Hierarchy.
[2020.06.29-11.12.52:346][  0]LogDerivedDataCache: Using Local data cache path C:/Users/geewi/AppData/Local/UnrealEngine/Common/DerivedDataCache: Writable
[2020.06.29-11.12.52:346][  0]LogDerivedDataCache: Shared data cache path not found in *engine.ini, will not use an Shared cache.
[2020.06.29-11.12.52:346][  0]LogDerivedDataCache: Unable to find inner node Shared for hierarchical cache Hierarchy.
[2020.06.29-11.12.52:398][  0]LogSlate: Using FreeType 2.10.0
[2020.06.29-11.12.52:398][  0]LogSlate: SlateFontServices - WITH_FREETYPE: 1, WITH_HARFBUZZ: 1
[2020.06.29-11.12.52:430][  0]LogAssetRegistry: FAssetRegistry took 0.0063 seconds to start up
[2020.06.29-11.12.52:668][  0]LogInit: Selected Device Profile: [Windows]
[2020.06.29-11.12.52:808][  0]LogMeshReduction: Using QuadricMeshReduction for automatic static mesh reduction
[2020.06.29-11.12.52:808][  0]LogMeshReduction: Using SimplygonMeshReduction for automatic skeletal mesh reduction
[2020.06.29-11.12.52:808][  0]LogMeshReduction: Using ProxyLODMeshReduction for automatic mesh merging
[2020.06.29-11.12.52:808][  0]LogMeshReduction: No distributed automatic mesh merging module available
[2020.06.29-11.12.52:808][  0]LogMeshMerging: No distributed automatic mesh merging module available
[2020.06.29-11.12.52:829][  0]LogNetVersion: CoOpGame 1.0.0, NetCL: 13144385, EngineNetVer: 14, GameNetVer: 0 (Checksum: 2766024207)
[2020.06.29-11.12.53:295][  0]LogAISub: UAISubsystem::UAISubsystem AISubsystem (000002877B504280), frame # 0
[2020.06.29-11.12.53:295][  0]LogAISub: UAISubsystem::UAISubsystem AIPerceptionSystem (000002877B47CA40), frame # 0
[2020.06.29-11.12.53:297][  0]LogAISub: UAISubsystem::UAISubsystem EnvQueryManager (000002877B4A5E00), frame # 0
[2020.06.29-11.12.53:345][  0]LogPackageLocalizationCache: Processed 19 localized package path(s) for 1 prioritized culture(s) in 0.041365 seconds
[2020.06.29-11.12.53:352][  0]LogUObjectArray: 15917 objects as part of root set at end of initial load.
[2020.06.29-11.12.53:352][  0]LogUObjectAllocator: 3965568 out of 0 bytes used by permanent object pool.
[2020.06.29-11.12.53:352][  0]LogUObjectArray: CloseDisregardForGC: 0/0 objects in disregard for GC pool
[2020.06.29-11.12.53:817][  0]LogTcpMessaging: Initializing TcpMessaging bridge
[2020.06.29-11.12.53:825][  0]LogUdpMessaging: Initializing bridge on interface 0.0.0.0:0 to multicast group 230.0.0.1:6666.
[2020.06.29-11.12.53:965][  0]SourceControl: Source control is disabled
[2020.06.29-11.12.53:965][  0]SourceControl: Source control is disabled
[2020.06.29-11.12.53:970][  0]SourceControl: Source control is disabled
[2020.06.29-11.12.53:974][  0]SourceControl: Source control is disabled
[2020.06.29-11.12.53:985][  0]SourceControl: Source control is disabled
[2020.06.29-11.12.54:337][  0]LogAndroidPermission: UAndroidPermissionCallbackProxy::GetInstance
[2020.06.29-11.12.54:368][  0]LogAudioCaptureCore: Display: No Audio Capture implementations found. Audio input will be silent.
[2020.06.29-11.12.54:368][  0]LogAudioCaptureCore: Display: No Audio Capture implementations found. Audio input will be silent.
[2020.06.29-11.12.54:433][  0]LogOcInput: OculusInput pre-init called
[2020.06.29-11.12.54:680][  0]LogEngine: Initializing Engine...
[2020.06.29-11.12.54:682][  0]LogHMD: Oculus plugin initialized. Version: 4.25.1-13594126+++UE4+Release-4.25, OVRPlugin: 1.44.0
[2020.06.29-11.12.54:683][  0]LogStats: UGameplayTagsManager::InitializeManager -  0.000 s
[2020.06.29-11.12.54:832][  0]LogInit: Initializing FReadOnlyCVARCache
[2020.06.29-11.12.54:841][  0]LogAIModule: Creating AISystem for world Untitled
[2020.06.29-11.12.54:841][  0]LogAISub: UAISubsystem::UAISubsystem EnvQueryManager (000002877D3D1E00), frame # 0
[2020.06.29-11.12.54:842][  0]LogAISub: UAISubsystem::UAISubsystem AIPerceptionSystem (000002877D3ABB00), frame # 0
[2020.06.29-11.12.54:866][  0]LogAudioMixer: Display: Audio Mixer Platform Settings:
[2020.06.29-11.12.54:867][  0]LogAudioMixer: Display: 	Sample Rate:						  48000
[2020.06.29-11.12.54:867][  0]LogAudioMixer: Display: 	Callback Buffer Frame Size Requested: 1024
[2020.06.29-11.12.54:867][  0]LogAudioMixer: Display: 	Callback Buffer Frame Size To Use:	  1024
[2020.06.29-11.12.54:867][  0]LogAudioMixer: Display: 	Number of buffers to queue:			  2
[2020.06.29-11.12.54:867][  0]LogAudioMixer: Display: 	Max Channels (voices):				  32
[2020.06.29-11.12.54:867][  0]LogAudioMixer: Display: 	Number of Async Source Workers:		  0
[2020.06.29-11.12.54:867][  0]LogAudio: Display: AudioDevice MaxSources: 32
[2020.06.29-11.12.54:868][  0]LogAudio: Display: Using built-in audio occlusion.
[2020.06.29-11.12.54:868][  0]LogAudioMixer: Display: Initializing audio mixer.
[2020.06.29-11.12.54:897][  0]LogAudioMixer: Display: 0: FrontLeft
[2020.06.29-11.12.54:897][  0]LogAudioMixer: Display: 1: FrontRight
[2020.06.29-11.12.55:946][  0]LogAudioMixer: Display: Using Audio Device Headphones (SOUNDPEATS TrueWings  Stereo)
[2020.06.29-11.12.55:949][  0]LogAudioMixer: Display: Initializing Sound Submixes...
[2020.06.29-11.12.55:951][  0]LogAudioMixer: Display: Creating Master Submix 'MasterSubmixDefault'
[2020.06.29-11.12.55:951][  0]LogAudioMixer: Display: Creating Master Submix 'MasterReverbSubmixDefault'
[2020.06.29-11.12.55:953][  0]LogAudioMixer: Display: Creating Master Submix 'MasterEQSubmixDefault'
[2020.06.29-11.12.55:955][  0]LogInit: FAudioDevice initialized.
[2020.06.29-11.12.55:956][  0]LogNetVersion: Set ProjectVersion to 1.0.0.0. Version Checksum will be recalculated on next use.
[2020.06.29-11.12.56:137][  0]LogDerivedDataCache: Saved boot cache 0.18s 79MB C:/Users/geewi/AppData/Local/UnrealEngine/4.25/DerivedDataCache/Boot.ddc.
[2020.06.29-11.12.56:141][  0]LogInit: Texture streaming: Enabled
[2020.06.29-11.12.56:165][  0]LogEngineSessionManager: EngineSessionManager initialized
[2020.06.29-11.12.56:165][  0]LogEditorSessionSummary: Verbose: Initializing EditorSessionSummaryWriter for editor session tracking
[2020.06.29-11.12.56:167][  0]LogEditorSessionSummary: EditorSessionSummaryWriter initialized
[2020.06.29-11.12.56:205][  0]LogInit: Transaction tracking system initialized
[2020.06.29-11.12.56:236][  0]BlueprintLog: New page: Editor Load
[2020.06.29-11.12.56:335][  0]LocalizationService: Localization service is disabled
[2020.06.29-11.12.56:515][  0]LogCook: Display: Max memory allowance for cook 16384mb min free memory 0mb
[2020.06.29-11.12.56:516][  0]LogCook: Display: Mobile HDR setting 1
[2020.06.29-11.12.56:681][  0]LogFileCache: Scanning file cache for directory 'F:/UnrealTutorialLooman/CoOpGame/Content/' took 0.00s
[2020.06.29-11.12.56:878][  0]SourceControl: Source control is disabled
[2020.06.29-11.12.56:879][  0]LogUnrealEdMisc: Loading editor; pre map load, took 10.067
[2020.06.29-11.12.56:879][  0]Cmd: MAP LOAD FILE="../../../../../UnrealTutorialLooman/CoOpGame/Content/Maps/MyMap.umap" TEMPLATE=0 SHOWPROGRESS=1 FEATURELEVEL=3
[2020.06.29-11.12.56:879][  0]LightingResults: New page: Lighting Build
[2020.06.29-11.12.56:880][  0]LogWorld: UWorld::CleanupWorld for Untitled, bSessionEnded=true, bCleanupResources=true
[2020.06.29-11.12.56:880][  0]LogSlate: InvalidateAllWidgets triggered.  All widgets were invalidated
[2020.06.29-11.12.56:880][  0]MapCheck: New page: Map Check
[2020.06.29-11.12.56:880][  0]LightingResults: New page: Lighting Build
[2020.06.29-11.12.56:890][  0]LogAISub: UAISubsystem::~UAISubsystem EnvQueryManager (000002877D3D1E00), frame # 0
[2020.06.29-11.12.56:890][  0]LogAISub: UAISubsystem::~UAISubsystem AIPerceptionSystem (000002877D3ABB00), frame # 0
[2020.06.29-11.12.56:891][  0]LogUObjectHash: Compacting FUObjectHashTables data took   0.88ms
[2020.06.29-11.12.57:200][  0]LogAIModule: Creating AISystem for world MyMap
[2020.06.29-11.12.57:200][  0]LogAISub: UAISubsystem::UAISubsystem EnvQueryManager (000002870B3AE400), frame # 0
[2020.06.29-11.12.57:200][  0]LogAISub: UAISubsystem::UAISubsystem AIPerceptionSystem (000002870C86F740), frame # 0
[2020.06.29-11.12.57:214][  0]LogEditorServer: Finished looking for orphan Actors (0.000 secs)
[2020.06.29-11.12.57:227][  0]LogUObjectHash: Compacting FUObjectHashTables data took   1.26ms
[2020.06.29-11.12.57:228][  0]Cmd: MAP CHECKDEP NOCLEARLOG
[2020.06.29-11.12.57:228][  0]MapCheck: Map check complete: 0 Error(s), 0 Warning(s), took 0.136ms to complete.
[2020.06.29-11.12.57:228][  0]LogFileHelpers: Loading map 'MyMap' took 0.350
[2020.06.29-11.12.57:231][  0]LogUnrealEdMisc: Total Editor Startup Time, took 10.419
[2020.06.29-11.12.57:395][  0]LogSlate: Updating window title bar state: overlay mode, drag disabled, window buttons hidden, title bar hidden
[2020.06.29-11.12.57:405][  0]LogSlate: Updating window title bar state: overlay mode, drag disabled, window buttons hidden, title bar hidden
[2020.06.29-11.12.57:414][  0]LogSlate: Updating window title bar state: overlay mode, drag disabled, window buttons hidden, title bar hidden
[2020.06.29-11.12.57:423][  0]LogSlate: Updating window title bar state: overlay mode, drag disabled, window buttons hidden, title bar hidden
[2020.06.29-11.12.57:431][  0]LogCollectionManager: Loaded 0 collections in 0.000747 seconds
[2020.06.29-11.12.57:457][  0]LogFileCache: Scanning file cache for directory 'F:/UnrealTutorialLooman/CoOpGame/Saved/Collections/' took 0.00s
[2020.06.29-11.12.57:457][  0]LogFileCache: Scanning file cache for directory 'F:/UnrealTutorialLooman/CoOpGame/Content/Developers/geewi/Collections/' took 0.00s
[2020.06.29-11.12.57:457][  0]LogFileCache: Scanning file cache for directory 'F:/UnrealTutorialLooman/CoOpGame/Content/Collections/' took 0.00s
[2020.06.29-11.12.57:457][  0]LogContentBrowser: Native class hierarchy populated in 0.0102 seconds. Added 3432 classes and 825 folders.
[2020.06.29-11.12.57:462][  0]LogContentBrowser: Native class hierarchy updated for 'WidgetCarousel' in 0.0005 seconds. Added 0 classes and 0 folders.
[2020.06.29-11.12.57:502][  0]LogContentBrowser: Native class hierarchy updated for 'AddContentDialog' in 0.0005 seconds. Added 0 classes and 0 folders.
[2020.06.29-11.12.57:507][  0]LogContentBrowser: Native class hierarchy updated for 'SceneOutliner' in 0.0004 seconds. Added 2 classes and 0 folders.
[2020.06.29-11.12.57:631][  0]LogSlate: Took 0.000204 seconds to synchronously load lazily loaded font '../../../Engine/Content/Slate/Fonts/Roboto-Regular.ttf' (155K)
[2020.06.29-11.12.57:633][  0]LogSlate: Took 0.000161 seconds to synchronously load lazily loaded font '../../../Engine/Content/Slate/Fonts/Roboto-Bold.ttf' (160K)
[2020.06.29-11.12.57:638][  0]LogSlate: Took 0.000192 seconds to synchronously load lazily loaded font '../../../Engine/Content/Editor/Slate/Fonts/FontAwesome.ttf' (139K)
[2020.06.29-11.12.57:712][  0]LogRenderer: Reallocating scene render targets to support 1200x572 Format 10 NumSamples 1 (Frame:1).
[2020.06.29-11.12.57:830][  0]LogContentBrowser: Native class hierarchy updated for 'HierarchicalLODOutliner' in 0.0004 seconds. Added 0 classes and 0 folders.
[2020.06.29-11.12.57:831][  0]LogLoad: (Engine Initialization) Total time: 11.02 seconds
[2020.06.29-11.12.57:831][  0]LogLoad: (Engine Initialization) Total Blueprint compile time: 0.00 seconds
[2020.06.29-11.12.57:843][  0]LogOcInput: OculusInput is initialized
[2020.06.29-11.12.57:869][  0]LogAssetRegistry: Asset discovery search completed in 5.4435 seconds
[2020.06.29-11.12.57:875][  0]LogCollectionManager: Fixed up redirectors for 0 collections in 0.000004 seconds (updated 0 objects)
[2020.06.29-11.12.57:877][  0]LogContentStreaming: Texture pool size now 1000 MB
[2020.06.29-11.13.00:459][283]LogTemp: Repeating last play command: Selected Viewport
[2020.06.29-11.13.00:473][283]LogPlayLevel: PlayLevel: No blueprints needed recompiling
[2020.06.29-11.13.00:473][283]LogHMD: Initializing OVRPlugin session
[2020.06.29-11.13.00:654][283]LogHMD: Allocating Oculus 3296 x 1776 rendertarget swapchain
[2020.06.29-11.13.00:655][283]PIE: New page: PIE session: MyMap (Jun 30, 2020, 7:13:00 AM)
[2020.06.29-11.13.00:657][283]LogOnline: OSS: Creating online subsystem instance for: NULL
[2020.06.29-11.13.00:661][283]LogOnline: OSS: TryLoadSubsystemAndSetDefault: Loaded subsystem for module [NULL]
[2020.06.29-11.13.00:661][283]LogPlayLevel: Creating play world package: /Game/Maps/UEDPIE_0_MyMap
[2020.06.29-11.13.00:665][283]LogPlayLevel: PIE: StaticDuplicateObject took: (0.004329s)
[2020.06.29-11.13.00:667][283]LogAIModule: Creating AISystem for world MyMap
[2020.06.29-11.13.00:667][283]LogAISub: UAISubsystem::UAISubsystem EnvQueryManager (000002871B69BE00), frame # 283
[2020.06.29-11.13.00:667][283]LogAISub: UAISubsystem::UAISubsystem AIPerceptionSystem (000002870CA85800), frame # 283
[2020.06.29-11.13.00:667][283]LogPlayLevel: PIE: World Init took: (0.001611s)
[2020.06.29-11.13.00:667][283]LogPlayLevel: PIE: Created PIE world by copying editor world from /Game/Maps/MyMap.MyMap to /Game/Maps/UEDPIE_0_MyMap.MyMap (0.006435s)
[2020.06.29-11.13.00:675][283]LogUObjectHash: Compacting FUObjectHashTables data took   0.82ms
[2020.06.29-11.13.00:678][283]LogAudioMixer: Display: Audio Mixer Platform Settings:
[2020.06.29-11.13.00:678][283]LogAudioMixer: Display: 	Sample Rate:						  48000
[2020.06.29-11.13.00:678][283]LogAudioMixer: Display: 	Callback Buffer Frame Size Requested: 1024
[2020.06.29-11.13.00:678][283]LogAudioMixer: Display: 	Callback Buffer Frame Size To Use:	  1024
[2020.06.29-11.13.00:678][283]LogAudioMixer: Display: 	Number of buffers to queue:			  2
[2020.06.29-11.13.00:678][283]LogAudioMixer: Display: 	Max Channels (voices):				  32
[2020.06.29-11.13.00:678][283]LogAudioMixer: Display: 	Number of Async Source Workers:		  0
[2020.06.29-11.13.00:678][283]LogAudio: Display: AudioDevice MaxSources: 32
[2020.06.29-11.13.00:679][283]LogAudio: Display: Using built-in audio occlusion.
[2020.06.29-11.13.00:679][283]LogAudioMixer: Display: Initializing audio mixer.
[2020.06.29-11.13.00:694][283]LogAudioMixer: Display: 0: FrontLeft
[2020.06.29-11.13.00:694][283]LogAudioMixer: Display: 1: FrontRight
