Log file open, 07/03/20 14:44:51
LogInit: Display: Running engine for game: CoOpGame
LogPlatformFile: Not using cached read wrapper
LogTaskGraph: Started task graph with 5 named threads and 23 total threads with 3 sets of task threads.
LogStats: Stats thread started at 4.155587
LogD3D11RHI: Loaded GFSDK_Aftermath_Lib.x64.dll
LogICUInternationalization: ICU TimeZone Detection - Raw Offset: +10:00, Platform Override: ''
LogPluginManager: Mounting plugin Paper2D
LogPluginManager: Mounting plugin AISupport
LogPluginManager: Mounting plugin LightPropagationVolume
LogPluginManager: Mounting plugin CameraShakePreviewer
LogPluginManager: Mounting plugin ActorLayerUtilities
LogPluginManager: Mounting plugin AnimationSharing
LogPluginManager: Mounting plugin CLionSourceCodeAccess
LogPluginManager: Mounting plugin CodeLiteSourceCodeAccess
LogPluginManager: Mounting plugin GitSourceControl
LogPluginManager: Mounting plugin KDevelopSourceCodeAccess
LogPluginManager: Mounting plugin NullSourceCodeAccess
LogPluginManager: Mounting plugin PerforceSourceControl
LogPluginManager: Mounting plugin PlasticSourceControl
LogPluginManager: Mounting plugin RiderSourceCodeAccess
LogPluginManager: Mounting plugin SubversionSourceControl
LogPluginManager: Mounting plugin UObjectPlugin
LogPluginManager: Mounting plugin VisualStudioCodeSourceCodeAccess
LogPluginManager: Mounting plugin VisualStudioSourceCodeAccess
LogPluginManager: Mounting plugin XCodeSourceCodeAccess
LogPluginManager: Mounting plugin AssetManagerEditor
LogPluginManager: Mounting plugin CryptoKeys
LogPluginManager: Mounting plugin CurveEditorTools
LogPluginManager: Mounting plugin DataValidation
LogPluginManager: Mounting plugin EditorScriptingUtilities
LogPluginManager: Mounting plugin FacialAnimation
LogPluginManager: Mounting plugin GameplayTagsEditor
LogPluginManager: Mounting plugin GeometryMode
LogPluginManager: Mounting plugin MacGraphicsSwitching
LogPluginManager: Mounting plugin MaterialAnalyzer
LogPluginManager: Mounting plugin MobileLauncherProfileWizard
LogPluginManager: Mounting plugin PluginBrowser
LogPluginManager: Mounting plugin SpeedTreeImporter
LogPluginManager: Mounting plugin DatasmithContent
LogPluginManager: Mounting plugin VariantManagerContent
LogPluginManager: Mounting plugin AlembicImporter
LogPluginManager: Mounting plugin AutomationUtils
LogPluginManager: Mounting plugin BackChannel
LogPluginManager: Mounting plugin ChaosCloth
LogPluginManager: Mounting plugin ChaosClothEditor
LogPluginManager: Mounting plugin ChaosEditor
LogPluginManager: Mounting plugin ChaosNiagara
LogPluginManager: Mounting plugin ChaosSolverPlugin
LogPluginManager: Mounting plugin CharacterAI
LogPluginManager: Mounting plugin GeometryCache
LogPluginManager: Mounting plugin GeometryCollectionPlugin
LogPluginManager: Mounting plugin GeometryProcessing
LogPluginManager: Mounting plugin PlanarCut
LogPluginManager: Mounting plugin PlatformCrypto
LogPluginManager: Mounting plugin ProxyLODPlugin
LogPluginManager: Mounting plugin SkeletalReduction
LogPluginManager: Mounting plugin Niagara
LogPluginManager: Mounting plugin MagicLeap
LogPluginManager: Mounting plugin MagicLeapLightEstimation
LogPluginManager: Mounting plugin MagicLeapMedia
LogPluginManager: Mounting plugin MagicLeapPassableWorld
LogPluginManager: Mounting plugin MLSDK
LogPluginManager: Mounting plugin AndroidMedia
LogPluginManager: Mounting plugin AvfMedia
LogPluginManager: Mounting plugin ImgMedia
LogPluginManager: Mounting plugin MediaCompositing
LogPluginManager: Mounting plugin MediaPlayerEditor
LogPluginManager: Mounting plugin WebMMedia
LogPluginManager: Mounting plugin WmfMedia
LogPluginManager: Mounting plugin MeshPainting
LogPluginManager: Mounting plugin TcpMessaging
LogPluginManager: Mounting plugin UdpMessaging
LogPluginManager: Mounting plugin ActorSequence
LogPluginManager: Mounting plugin LevelSequenceEditor
LogPluginManager: Mounting plugin MatineeToLevelSequence
LogPluginManager: Mounting plugin MovieRenderPipeline
LogPluginManager: Mounting plugin TemplateSequence
LogPluginManager: Mounting plugin NetcodeUnitTest
LogPluginManager: Mounting plugin NUTUnrealEngine4
LogPluginManager: Mounting plugin OnlineSubsystemGooglePlay
LogPluginManager: Mounting plugin OnlineSubsystemIOS
LogPluginManager: Mounting plugin OnlineSubsystem
LogPluginManager: Mounting plugin OnlineSubsystemNull
LogPluginManager: Mounting plugin OnlineSubsystemUtils
LogPluginManager: Mounting plugin LauncherChunkInstaller
LogPluginManager: Mounting plugin AndroidDeviceProfileSelector
LogPluginManager: Mounting plugin AndroidMoviePlayer
LogPluginManager: Mounting plugin AndroidPermission
LogPluginManager: Mounting plugin AppleImageUtils
LogPluginManager: Mounting plugin AppleMoviePlayer
LogPluginManager: Mounting plugin ArchVisCharacter
LogPluginManager: Mounting plugin AssetTags
LogPluginManager: Mounting plugin AudioCapture
LogPluginManager: Mounting plugin CableComponent
LogPluginManager: Mounting plugin CustomMeshComponent
LogPluginManager: Mounting plugin EditableMesh
LogPluginManager: Mounting plugin ExampleDeviceProfileSelector
LogPluginManager: Mounting plugin GoogleCloudMessaging
LogPluginManager: Mounting plugin GooglePAD
LogPluginManager: Mounting plugin IOSDeviceProfileSelector
LogPluginManager: Mounting plugin LinuxDeviceProfileSelector
LogPluginManager: Mounting plugin LocationServicesBPLibrary
LogPluginManager: Mounting plugin MobilePatchingUtils
LogPluginManager: Mounting plugin OculusVR
LogPluginManager: Mounting plugin PhysXVehicles
LogPluginManager: Mounting plugin PostSplashScreen
LogPluginManager: Mounting plugin ProceduralMeshComponent
LogPluginManager: Mounting plugin RuntimePhysXCooking
LogPluginManager: Mounting plugin SignificanceManager
LogPluginManager: Mounting plugin SoundFields
LogPluginManager: Mounting plugin SteamVR
LogPluginManager: Mounting plugin Synthesis
LogPluginManager: Mounting plugin WebMMoviePlayer
LogPluginManager: Mounting plugin WindowsMoviePlayer
LogPluginManager: Mounting plugin ScreenshotTools
LogInit: Using libcurl 7.55.1-DEV
LogInit:  - built for x86_64-pc-win32
LogInit:  - supports SSL with OpenSSL/1.1.1
LogInit:  - supports HTTP deflate (compression) using libz 1.2.8
LogInit:  - other features:
LogInit:      CURL_VERSION_SSL
LogInit:      CURL_VERSION_LIBZ
LogInit:      CURL_VERSION_IPV6
LogInit:      CURL_VERSION_ASYNCHDNS
LogInit:      CURL_VERSION_LARGEFILE
LogInit:      CURL_VERSION_IDN
LogInit:  CurlRequestOptions (configurable via config and command line):
LogInit:  - bVerifyPeer = true  - Libcurl will verify peer certificate
LogInit:  - bUseHttpProxy = false  - Libcurl will NOT use HTTP proxy
LogInit:  - bDontReuseConnections = false  - Libcurl will reuse connections
LogInit:  - MaxHostConnections = 16  - Libcurl will limit the number of connections to a host
LogInit:  - LocalHostAddr = Default
LogInit:  - BufferSize = 65536
LogOnline: OSS: Creating online subsystem instance for: NULL
LogInit: WinSock: version 1.1 (2.2), MaxSocks=32767, MaxUdp=65467
LogOnline: OSS: TryLoadSubsystemAndSetDefault: Loaded subsystem for module [NULL]
LogOculusPluginWrapper: OculusPlugin initialized successfully
LogHMD: Failed initializing OVRPlugin 1.44.0
LogInit: Build: ++UE4+Release-4.25-CL-13594126
LogInit: Engine Version: 4.25.1-13594126+++UE4+Release-4.25
LogInit: Compatible Engine Version: 4.25.0-13144385+++UE4+Release-4.25
LogInit: Net CL: 13144385
LogInit: OS: Windows 10 (Release 1909) (), CPU: AMD Ryzen 7 3750H with Radeon Vega Mobile Gfx  , GPU: AMD Radeon(TM) RX Vega 10 Graphics
LogInit: Compiled (64-bit): Jun  2 2020 02:10:36
LogInit: Compiled with Visual C++: 19.24.28315.00
LogInit: Build Configuration: Development
LogInit: Branch Name: ++UE4+Release-4.25
LogInit: Command Line:  -skipcompile
LogInit: Base Directory: C:/Program Files/Epic Games/UE_4.25/Engine/Binaries/Win64/
LogInit: Allocator: TBB
LogInit: Installed Engine Build: 1
LogDevObjectVersion: Number of dev versions registered: 26
LogDevObjectVersion:   Dev-Blueprints (B0D832E4-1F89-4F0D-ACCF-7EB736FD4AA2): 10
LogDevObjectVersion:   Dev-Build (E1C64328-A22C-4D53-A36C-8E866417BD8C): 0
LogDevObjectVersion:   Dev-Core (375EC13C-06E4-48FB-B500-84F0262A717E): 4
LogDevObjectVersion:   Dev-Editor (E4B068ED-F494-42E9-A231-DA0B2E46BB41): 38
LogDevObjectVersion:   Dev-Framework (CFFC743F-43B0-4480-9391-14DF171D2073): 37
LogDevObjectVersion:   Dev-Mobile (B02B49B5-BB20-44E9-A304-32B752E40360): 2
LogDevObjectVersion:   Dev-Networking (A4E4105C-59A1-49B5-A7C5-40C4547EDFEE): 0
LogDevObjectVersion:   Dev-Online (39C831C9-5AE6-47DC-9A44-9C173E1C8E7C): 0
LogDevObjectVersion:   Dev-Physics (78F01B33-EBEA-4F98-B9B4-84EACCB95AA2): 4
LogDevObjectVersion:   Dev-Platform (6631380F-2D4D-43E0-8009-CF276956A95A): 0
LogDevObjectVersion:   Dev-Rendering (12F88B9F-8875-4AFC-A67C-D90C383ABD29): 43
LogDevObjectVersion:   Dev-Sequencer (7B5AE74C-D270-4C10-A958-57980B212A5A): 12
LogDevObjectVersion:   Dev-VR (D7296918-1DD6-4BDD-9DE2-64A83CC13884): 3
LogDevObjectVersion:   Dev-LoadTimes (C2A15278-BFE7-4AFE-6C17-90FF531DF755): 1
LogDevObjectVersion:   Private-Geometry (6EACA3D4-40EC-4CC1-B786-8BED09428FC5): 3
LogDevObjectVersion:   Dev-AnimPhys (29E575DD-E0A3-4627-9D10-D276232CDCEA): 17
LogDevObjectVersion:   Dev-Anim (AF43A65D-7FD3-4947-9873-3E8ED9C1BB05): 7
LogDevObjectVersion:   Dev-ReflectionCapture (6B266CEC-1EC7-4B8F-A30B-E4D90942FC07): 1
LogDevObjectVersion:   Dev-Automation (0DF73D61-A23F-47EA-B727-89E90C41499A): 1
LogDevObjectVersion:   FortniteMain (601D1886-AC64-4F84-AA16-D3DE0DEAC7D6): 31
LogDevObjectVersion:   Dev-Enterprise (9DFFBCD6-494F-0158-E221-12823C92A888): 10
LogDevObjectVersion:   Dev-Niagara (F2AED0AC-9AFE-416F-8664-AA7FFA26D6FC): 1
LogDevObjectVersion:   Dev-Destruction (174F1F0B-B4C6-45A5-B13F-2EE8D0FB917D): 10
LogDevObjectVersion:   Dev-Physics-Ext (35F94A83-E258-406C-A318-09F59610247C): 37
LogDevObjectVersion:   Dev-PhysicsMaterial-Chaos (B68FC16E-8B1B-42E2-B453-215C058844FE): 1
LogDevObjectVersion:   Dev-CineCamera (B2E18506-4273-CFC2-A54E-F4BB758BBA07): 1
LogInit: Presizing for max 25165824 objects, including 0 objects not considered by GC, pre-allocating 0 bytes for permanent pool.
LogConfig: Applying CVar settings from Section [/Script/Engine.StreamingSettings] File [C:/UnrealTutorialLooman/UnrealTutorialLooman/CoOpGame/Saved/Config/Windows/Engine.ini]
LogConfig: Setting CVar [[s.MinBulkDataSizeForAsyncLoading:131072]]
LogConfig: Setting CVar [[s.AsyncLoadingThreadEnabled:0]]
LogConfig: Setting CVar [[s.EventDrivenLoaderEnabled:1]]
LogConfig: Setting CVar [[s.WarnIfTimeLimitExceeded:0]]
LogConfig: Setting CVar [[s.TimeLimitExceededMultiplier:1.5]]
LogConfig: Setting CVar [[s.TimeLimitExceededMinTime:0.005]]
LogConfig: Setting CVar [[s.UseBackgroundLevelStreaming:1]]
LogConfig: Setting CVar [[s.PriorityAsyncLoadingExtraTime:15.0]]
LogConfig: Setting CVar [[s.LevelStreamingActorsUpdateTimeLimit:5.0]]
LogConfig: Setting CVar [[s.PriorityLevelStreamingActorsUpdateExtraTime:5.0]]
LogConfig: Setting CVar [[s.LevelStreamingComponentsRegistrationGranularity:10]]
LogConfig: Setting CVar [[s.UnregisterComponentsTimeLimit:1.0]]
LogConfig: Setting CVar [[s.LevelStreamingComponentsUnregistrationGranularity:5]]
LogConfig: Setting CVar [[s.FlushStreamingOnExit:1]]
LogInit: Object subsystem initialized
LogConfig: Setting CVar [[con.DebugEarlyDefault:1]]
LogConfig: Setting CVar [[r.setres:1280x720]]
[2020.07.03-04.44.53:728][  0]LogConfig: Setting CVar [[r.VSync:0]]
[2020.07.03-04.44.53:728][  0]LogConfig: Setting CVar [[r.RHICmdBypass:0]]
[2020.07.03-04.44.53:729][  0]LogConfig: Applying CVar settings from Section [/Script/Engine.RendererSettings] File [C:/UnrealTutorialLooman/UnrealTutorialLooman/CoOpGame/Saved/Config/Windows/Engine.ini]
[2020.07.03-04.44.53:729][  0]LogConfig: Setting CVar [[r.GPUCrashDebugging:0]]
[2020.07.03-04.44.53:729][  0]LogConfig: Applying CVar settings from Section [/Script/Engine.RendererOverrideSettings] File [C:/UnrealTutorialLooman/UnrealTutorialLooman/CoOpGame/Saved/Config/Windows/Engine.ini]
[2020.07.03-04.44.53:729][  0]LogConfig: Applying CVar settings from Section [/Script/Engine.StreamingSettings] File [C:/UnrealTutorialLooman/UnrealTutorialLooman/CoOpGame/Saved/Config/Windows/Engine.ini]
[2020.07.03-04.44.53:729][  0]LogConfig: Setting CVar [[s.MinBulkDataSizeForAsyncLoading:131072]]
[2020.07.03-04.44.53:729][  0]LogConfig: Setting CVar [[s.AsyncLoadingThreadEnabled:0]]
[2020.07.03-04.44.53:729][  0]LogConfig: Setting CVar [[s.EventDrivenLoaderEnabled:1]]
[2020.07.03-04.44.53:729][  0]LogConfig: Setting CVar [[s.WarnIfTimeLimitExceeded:0]]
[2020.07.03-04.44.53:729][  0]LogConfig: Setting CVar [[s.TimeLimitExceededMultiplier:1.5]]
[2020.07.03-04.44.53:730][  0]LogConfig: Setting CVar [[s.TimeLimitExceededMinTime:0.005]]
[2020.07.03-04.44.53:730][  0]LogConfig: Setting CVar [[s.UseBackgroundLevelStreaming:1]]
[2020.07.03-04.44.53:730][  0]LogConfig: Setting CVar [[s.PriorityAsyncLoadingExtraTime:15.0]]
[2020.07.03-04.44.53:730][  0]LogConfig: Setting CVar [[s.LevelStreamingActorsUpdateTimeLimit:5.0]]
[2020.07.03-04.44.53:730][  0]LogConfig: Setting CVar [[s.PriorityLevelStreamingActorsUpdateExtraTime:5.0]]
[2020.07.03-04.44.53:730][  0]LogConfig: Setting CVar [[s.LevelStreamingComponentsRegistrationGranularity:10]]
[2020.07.03-04.44.53:730][  0]LogConfig: Setting CVar [[s.UnregisterComponentsTimeLimit:1.0]]
[2020.07.03-04.44.53:730][  0]LogConfig: Setting CVar [[s.LevelStreamingComponentsUnregistrationGranularity:5]]
[2020.07.03-04.44.53:730][  0]LogConfig: Setting CVar [[s.FlushStreamingOnExit:1]]
[2020.07.03-04.44.53:730][  0]LogConfig: Applying CVar settings from Section [/Script/Engine.GarbageCollectionSettings] File [C:/UnrealTutorialLooman/UnrealTutorialLooman/CoOpGame/Saved/Config/Windows/Engine.ini]
[2020.07.03-04.44.53:730][  0]LogConfig: Setting CVar [[gc.MaxObjectsNotConsideredByGC:1]]
[2020.07.03-04.44.53:731][  0]LogConfig: Setting CVar [[gc.SizeOfPermanentObjectPool:0]]
[2020.07.03-04.44.53:731][  0]LogConfig: Setting CVar [[gc.FlushStreamingOnGC:0]]
[2020.07.03-04.44.53:731][  0]LogConfig: Setting CVar [[gc.NumRetriesBeforeForcingGC:10]]
[2020.07.03-04.44.53:731][  0]LogConfig: Setting CVar [[gc.AllowParallelGC:1]]
[2020.07.03-04.44.53:731][  0]LogConfig: Setting CVar [[gc.TimeBetweenPurgingPendingKillObjects:61.1]]
[2020.07.03-04.44.53:731][  0]LogConfig: Setting CVar [[gc.MaxObjectsInEditor:25165824]]
[2020.07.03-04.44.53:731][  0]LogConfig: Setting CVar [[gc.IncrementalBeginDestroyEnabled:1]]
[2020.07.03-04.44.53:731][  0]LogConfig: Setting CVar [[gc.CreateGCClusters:1]]
[2020.07.03-04.44.53:731][  0]LogConfig: Setting CVar [[gc.MinGCClusterSize:5]]
[2020.07.03-04.44.53:731][  0]LogConfig: Setting CVar [[gc.ActorClusteringEnabled:0]]
[2020.07.03-04.44.53:731][  0]LogConfig: Setting CVar [[gc.BlueprintClusteringEnabled:0]]
[2020.07.03-04.44.53:731][  0]LogConfig: Setting CVar [[gc.UseDisregardForGCOnDedicatedServers:0]]
[2020.07.03-04.44.53:732][  0]LogConfig: Applying CVar settings from Section [/Script/Engine.NetworkSettings] File [C:/UnrealTutorialLooman/UnrealTutorialLooman/CoOpGame/Saved/Config/Windows/Engine.ini]
[2020.07.03-04.44.53:732][  0]LogConfig: Applying CVar settings from Section [/Script/UnrealEd.CookerSettings] File [C:/UnrealTutorialLooman/UnrealTutorialLooman/CoOpGame/Saved/Config/Windows/Engine.ini]
[2020.07.03-04.44.53:741][  0]LogConfig: Applying CVar settings from Section [ViewDistanceQuality@3] File [C:/UnrealTutorialLooman/UnrealTutorialLooman/CoOpGame/Saved/Config/Windows/Scalability.ini]
[2020.07.03-04.44.53:741][  0]LogConfig: Setting CVar [[r.SkeletalMeshLODBias:0]]
[2020.07.03-04.44.53:741][  0]LogConfig: Setting CVar [[r.ViewDistanceScale:1.0]]
[2020.07.03-04.44.53:741][  0]LogConfig: Applying CVar settings from Section [AntiAliasingQuality@3] File [C:/UnrealTutorialLooman/UnrealTutorialLooman/CoOpGame/Saved/Config/Windows/Scalability.ini]
[2020.07.03-04.44.53:741][  0]LogConfig: Setting CVar [[r.PostProcessAAQuality:4]]
[2020.07.03-04.44.53:741][  0]LogConfig: Applying CVar settings from Section [ShadowQuality@3] File [C:/UnrealTutorialLooman/UnrealTutorialLooman/CoOpGame/Saved/Config/Windows/Scalability.ini]
[2020.07.03-04.44.53:741][  0]LogConfig: Setting CVar [[r.LightFunctionQuality:1]]
[2020.07.03-04.44.53:741][  0]LogConfig: Setting CVar [[r.ShadowQuality:5]]
[2020.07.03-04.44.53:741][  0]LogConfig: Setting CVar [[r.Shadow.CSM.MaxCascades:10]]
[2020.07.03-04.44.53:741][  0]LogConfig: Setting CVar [[r.Shadow.MaxResolution:2048]]
[2020.07.03-04.44.53:741][  0]LogConfig: Setting CVar [[r.Shadow.MaxCSMResolution:2048]]
[2020.07.03-04.44.53:742][  0]LogConfig: Setting CVar [[r.Shadow.RadiusThreshold:0.01]]
[2020.07.03-04.44.53:742][  0]LogConfig: Setting CVar [[r.Shadow.DistanceScale:1.0]]
[2020.07.03-04.44.53:742][  0]LogConfig: Setting CVar [[r.Shadow.CSM.TransitionScale:1.0]]
[2020.07.03-04.44.53:742][  0]LogConfig: Setting CVar [[r.Shadow.PreShadowResolutionFactor:1.0]]
[2020.07.03-04.44.53:742][  0]LogConfig: Setting CVar [[r.DistanceFieldShadowing:1]]
[2020.07.03-04.44.53:742][  0]LogConfig: Setting CVar [[r.DistanceFieldAO:1]]
[2020.07.03-04.44.53:742][  0]LogConfig: Setting CVar [[r.AOQuality:2]]
[2020.07.03-04.44.53:742][  0]LogConfig: Setting CVar [[r.VolumetricFog:1]]
[2020.07.03-04.44.53:742][  0]LogConfig: Setting CVar [[r.VolumetricFog.GridPixelSize:8]]
[2020.07.03-04.44.53:742][  0]LogConfig: Setting CVar [[r.VolumetricFog.GridSizeZ:128]]
[2020.07.03-04.44.53:742][  0]LogConfig: Setting CVar [[r.VolumetricFog.HistoryMissSupersampleCount:4]]
[2020.07.03-04.44.53:742][  0]LogConfig: Setting CVar [[r.LightMaxDrawDistanceScale:1]]
[2020.07.03-04.44.53:743][  0]LogConfig: Setting CVar [[r.CapsuleShadows:1]]
[2020.07.03-04.44.53:743][  0]LogConfig: Applying CVar settings from Section [PostProcessQuality@3] File [C:/UnrealTutorialLooman/UnrealTutorialLooman/CoOpGame/Saved/Config/Windows/Scalability.ini]
[2020.07.03-04.44.53:743][  0]LogConfig: Setting CVar [[r.MotionBlurQuality:4]]
[2020.07.03-04.44.53:743][  0]LogConfig: Setting CVar [[r.AmbientOcclusionMipLevelFactor:0.4]]
[2020.07.03-04.44.53:743][  0]LogConfig: Setting CVar [[r.AmbientOcclusionMaxQuality:100]]
[2020.07.03-04.44.53:743][  0]LogConfig: Setting CVar [[r.AmbientOcclusionLevels:-1]]
[2020.07.03-04.44.53:743][  0]LogConfig: Setting CVar [[r.AmbientOcclusionRadiusScale:1.0]]
[2020.07.03-04.44.53:743][  0]LogConfig: Setting CVar [[r.DepthOfFieldQuality:2]]
[2020.07.03-04.44.53:744][  0]LogConfig: Setting CVar [[r.RenderTargetPoolMin:400]]
[2020.07.03-04.44.53:744][  0]LogConfig: Setting CVar [[r.LensFlareQuality:2]]
[2020.07.03-04.44.53:744][  0]LogConfig: Setting CVar [[r.SceneColorFringeQuality:1]]
[2020.07.03-04.44.53:744][  0]LogConfig: Setting CVar [[r.EyeAdaptationQuality:2]]
[2020.07.03-04.44.53:744][  0]LogConfig: Setting CVar [[r.BloomQuality:5]]
[2020.07.03-04.44.53:744][  0]LogConfig: Setting CVar [[r.FastBlurThreshold:100]]
[2020.07.03-04.44.53:744][  0]LogConfig: Setting CVar [[r.Upscale.Quality:3]]
[2020.07.03-04.44.53:745][  0]LogConfig: Setting CVar [[r.Tonemapper.GrainQuantization:1]]
[2020.07.03-04.44.53:745][  0]LogConfig: Setting CVar [[r.LightShaftQuality:1]]
[2020.07.03-04.44.53:745][  0]LogConfig: Setting CVar [[r.Filter.SizeScale:1]]
[2020.07.03-04.44.53:745][  0]LogConfig: Setting CVar [[r.Tonemapper.Quality:5]]
[2020.07.03-04.44.53:745][  0]LogConfig: Setting CVar [[r.DOF.Gather.AccumulatorQuality:1        ; higher gathering accumulator quality]]
[2020.07.03-04.44.53:745][  0]LogConfig: Setting CVar [[r.DOF.Gather.PostfilterMethod:1          ; Median3x3 postfilering method]]
[2020.07.03-04.44.53:745][  0]LogConfig: Setting CVar [[r.DOF.Gather.EnableBokehSettings:0       ; no bokeh simulation when gathering]]
[2020.07.03-04.44.53:745][  0]LogConfig: Setting CVar [[r.DOF.Gather.RingCount:4                 ; medium number of samples when gathering]]
[2020.07.03-04.44.53:745][  0]LogConfig: Setting CVar [[r.DOF.Scatter.ForegroundCompositing:1    ; additive foreground scattering]]
[2020.07.03-04.44.53:746][  0]LogConfig: Setting CVar [[r.DOF.Scatter.BackgroundCompositing:2    ; additive background scattering]]
[2020.07.03-04.44.53:746][  0]LogConfig: Setting CVar [[r.DOF.Scatter.EnableBokehSettings:1      ; bokeh simulation when scattering]]
[2020.07.03-04.44.53:746][  0]LogConfig: Setting CVar [[r.DOF.Scatter.MaxSpriteRatio:0.1         ; only a maximum of 10% of scattered bokeh]]
[2020.07.03-04.44.53:746][  0]LogConfig: Setting CVar [[r.DOF.Recombine.Quality:1                ; cheap slight out of focus]]
[2020.07.03-04.44.53:746][  0]LogConfig: Setting CVar [[r.DOF.Recombine.EnableBokehSettings:0    ; no bokeh simulation on slight out of focus]]
[2020.07.03-04.44.53:746][  0]LogConfig: Setting CVar [[r.DOF.TemporalAAQuality:1                ; more stable temporal accumulation]]
[2020.07.03-04.44.53:746][  0]LogConfig: Setting CVar [[r.DOF.Kernel.MaxForegroundRadius:0.025]]
[2020.07.03-04.44.53:746][  0]LogConfig: Setting CVar [[r.DOF.Kernel.MaxBackgroundRadius:0.025]]
[2020.07.03-04.44.53:746][  0]LogConfig: Applying CVar settings from Section [TextureQuality@3] File [C:/UnrealTutorialLooman/UnrealTutorialLooman/CoOpGame/Saved/Config/Windows/Scalability.ini]
[2020.07.03-04.44.53:747][  0]LogConfig: Setting CVar [[r.Streaming.MipBias:0]]
[2020.07.03-04.44.53:747][  0]LogConfig: Setting CVar [[r.Streaming.AmortizeCPUToGPUCopy:0]]
[2020.07.03-04.44.53:747][  0]LogConfig: Setting CVar [[r.Streaming.MaxNumTexturesToStreamPerFrame:0]]
[2020.07.03-04.44.53:747][  0]LogConfig: Setting CVar [[r.Streaming.Boost:1]]
[2020.07.03-04.44.53:747][  0]LogConfig: Setting CVar [[r.MaxAnisotropy:8]]
[2020.07.03-04.44.53:747][  0]LogConfig: Setting CVar [[r.VT.MaxAnisotropy:8]]
[2020.07.03-04.44.53:747][  0]LogConfig: Setting CVar [[r.Streaming.LimitPoolSizeToVRAM:0]]
[2020.07.03-04.44.53:747][  0]LogConfig: Setting CVar [[r.Streaming.PoolSize:1000]]
[2020.07.03-04.44.53:747][  0]LogConfig: Setting CVar [[r.Streaming.MaxEffectiveScreenSize:0]]
[2020.07.03-04.44.53:747][  0]LogConfig: Applying CVar settings from Section [EffectsQuality@3] File [C:/UnrealTutorialLooman/UnrealTutorialLooman/CoOpGame/Saved/Config/Windows/Scalability.ini]
[2020.07.03-04.44.53:748][  0]LogConfig: Setting CVar [[r.TranslucencyLightingVolumeDim:64]]
[2020.07.03-04.44.53:748][  0]LogConfig: Setting CVar [[r.RefractionQuality:2]]
[2020.07.03-04.44.53:748][  0]LogConfig: Setting CVar [[r.SSR.Quality:3]]
[2020.07.03-04.44.53:748][  0]LogConfig: Setting CVar [[r.SSR.HalfResSceneColor:0]]
[2020.07.03-04.44.53:748][  0]LogConfig: Setting CVar [[r.SceneColorFormat:4]]
[2020.07.03-04.44.53:748][  0]LogConfig: Setting CVar [[r.DetailMode:2]]
[2020.07.03-04.44.53:748][  0]LogConfig: Setting CVar [[r.TranslucencyVolumeBlur:1]]
[2020.07.03-04.44.53:748][  0]LogConfig: Setting CVar [[r.MaterialQualityLevel:1 ; High quality]]
[2020.07.03-04.44.53:748][  0]LogConfig: Setting CVar [[r.SSS.Scale:1]]
[2020.07.03-04.44.53:748][  0]LogConfig: Setting CVar [[r.SSS.SampleSet:2]]
[2020.07.03-04.44.53:748][  0]LogConfig: Setting CVar [[r.SSS.Quality:1]]
[2020.07.03-04.44.53:748][  0]LogConfig: Setting CVar [[r.SSS.HalfRes:0]]
[2020.07.03-04.44.53:748][  0]LogConfig: Setting CVar [[r.SSGI.Quality:3]]
[2020.07.03-04.44.53:748][  0]LogConfig: Setting CVar [[r.EmitterSpawnRateScale:1.0]]
[2020.07.03-04.44.53:749][  0]LogConfig: Setting CVar [[r.ParticleLightQuality:2]]
[2020.07.03-04.44.53:749][  0]LogConfig: Setting CVar [[r.SkyAtmosphere.AerialPerspectiveLUT.FastApplyOnOpaque:1 ; Always have FastSkyLUT 1 in this case to avoid wrong sky]]
[2020.07.03-04.44.53:749][  0]LogConfig: Setting CVar [[r.SkyAtmosphere.AerialPerspectiveLUT.SampleCountPerSlice:1]]
[2020.07.03-04.44.53:749][  0]LogConfig: Setting CVar [[r.SkyAtmosphere.AerialPerspectiveLUT.DepthResolution:16.0]]
[2020.07.03-04.44.53:749][  0]LogConfig: Setting CVar [[r.SkyAtmosphere.FastSkyLUT:1]]
[2020.07.03-04.44.53:749][  0]LogConfig: Setting CVar [[r.SkyAtmosphere.FastSkyLUT.SampleCountMin:4.0]]
[2020.07.03-04.44.53:749][  0]LogConfig: Setting CVar [[r.SkyAtmosphere.FastSkyLUT.SampleCountMax:32.0]]
[2020.07.03-04.44.53:749][  0]LogConfig: Setting CVar [[r.SkyAtmosphere.SampleCountMin:4.0]]
[2020.07.03-04.44.53:749][  0]LogConfig: Setting CVar [[r.SkyAtmosphere.SampleCountMax:32.0]]
[2020.07.03-04.44.53:749][  0]LogConfig: Setting CVar [[r.SkyAtmosphere.TransmittanceLUT.UseSmallFormat:0]]
[2020.07.03-04.44.53:749][  0]LogConfig: Setting CVar [[r.SkyAtmosphere.TransmittanceLUT.SampleCount:10.0]]
[2020.07.03-04.44.53:749][  0]LogConfig: Setting CVar [[r.SkyAtmosphere.MultiScatteringLUT.SampleCount:15.0]]
[2020.07.03-04.44.53:749][  0]LogConfig: Applying CVar settings from Section [FoliageQuality@3] File [C:/UnrealTutorialLooman/UnrealTutorialLooman/CoOpGame/Saved/Config/Windows/Scalability.ini]
[2020.07.03-04.44.53:750][  0]LogConfig: Setting CVar [[foliage.DensityScale:1.0]]
[2020.07.03-04.44.53:750][  0]LogConfig: Setting CVar [[grass.DensityScale:1.0]]
[2020.07.03-04.44.53:750][  0]LogConfig: Applying CVar settings from Section [ShadingQuality@3] File [C:/UnrealTutorialLooman/UnrealTutorialLooman/CoOpGame/Saved/Config/Windows/Scalability.ini]
[2020.07.03-04.44.53:750][  0]LogConfig: Setting CVar [[r.HairStrands.SkyLighting.SampleCount:16]]
[2020.07.03-04.44.53:750][  0]LogConfig: Setting CVar [[r.HairStrands.SkyLighting.JitterIntegration:0]]
[2020.07.03-04.44.53:750][  0]LogConfig: Setting CVar [[r.HairStrands.SkyAO.SampleCount:16]]
[2020.07.03-04.44.53:750][  0]LogConfig: Setting CVar [[r.HairStrands.DeepShadow.SuperSampling:0]]
[2020.07.03-04.44.53:750][  0]LogConfig: Setting CVar [[r.HairStrands.VisibilityPPLL:0]]
[2020.07.03-04.44.53:750][  0]LogConfig: Setting CVar [[r.HairStrands.RasterizationScale:0.5]]
[2020.07.03-04.44.53:750][  0]LogConfig: Setting CVar [[r.HairStrands.VelocityRasterizationScale:1]]
[2020.07.03-04.44.53:751][  0]LogInit: Selected Device Profile: [Windows]
[2020.07.03-04.44.53:751][  0]LogInit: Applying CVar settings loaded from the selected device profile: [Windows]
[2020.07.03-04.44.53:753][  0]LogHAL: Display: Platform has ~ 16 GB [16978178048 / 17179869184 / 16], which maps to Larger [LargestMinGB=32, LargerMinGB=12, DefaultMinGB=8, SmallerMinGB=6, SmallestMinGB=0)
[2020.07.03-04.44.53:753][  0]LogInit: Going up to parent DeviceProfile []
[2020.07.03-04.44.53:754][  0]LogConfig: Applying CVar settings from Section [ViewDistanceQuality@3] File [C:/UnrealTutorialLooman/UnrealTutorialLooman/CoOpGame/Saved/Config/Windows/Scalability.ini]
[2020.07.03-04.44.53:754][  0]LogConfig: Setting CVar [[r.SkeletalMeshLODBias:0]]
[2020.07.03-04.44.53:754][  0]LogConfig: Setting CVar [[r.ViewDistanceScale:1.0]]
[2020.07.03-04.44.53:754][  0]LogConfig: Applying CVar settings from Section [AntiAliasingQuality@3] File [C:/UnrealTutorialLooman/UnrealTutorialLooman/CoOpGame/Saved/Config/Windows/Scalability.ini]
[2020.07.03-04.44.53:754][  0]LogConfig: Setting CVar [[r.PostProcessAAQuality:4]]
[2020.07.03-04.44.53:754][  0]LogConfig: Applying CVar settings from Section [ShadowQuality@3] File [C:/UnrealTutorialLooman/UnrealTutorialLooman/CoOpGame/Saved/Config/Windows/Scalability.ini]
[2020.07.03-04.44.53:754][  0]LogConfig: Setting CVar [[r.LightFunctionQuality:1]]
[2020.07.03-04.44.53:754][  0]LogConfig: Setting CVar [[r.ShadowQuality:5]]
[2020.07.03-04.44.53:754][  0]LogConfig: Setting CVar [[r.Shadow.CSM.MaxCascades:10]]
[2020.07.03-04.44.53:754][  0]LogConfig: Setting CVar [[r.Shadow.MaxResolution:2048]]
[2020.07.03-04.44.53:754][  0]LogConfig: Setting CVar [[r.Shadow.MaxCSMResolution:2048]]
[2020.07.03-04.44.53:754][  0]LogConfig: Setting CVar [[r.Shadow.RadiusThreshold:0.01]]
[2020.07.03-04.44.53:754][  0]LogConfig: Setting CVar [[r.Shadow.DistanceScale:1.0]]
[2020.07.03-04.44.53:755][  0]LogConfig: Setting CVar [[r.Shadow.CSM.TransitionScale:1.0]]
[2020.07.03-04.44.53:755][  0]LogConfig: Setting CVar [[r.Shadow.PreShadowResolutionFactor:1.0]]
[2020.07.03-04.44.53:755][  0]LogConfig: Setting CVar [[r.DistanceFieldShadowing:1]]
[2020.07.03-04.44.53:755][  0]LogConfig: Setting CVar [[r.DistanceFieldAO:1]]
[2020.07.03-04.44.53:755][  0]LogConfig: Setting CVar [[r.AOQuality:2]]
[2020.07.03-04.44.53:755][  0]LogConfig: Setting CVar [[r.VolumetricFog:1]]
[2020.07.03-04.44.53:755][  0]LogConfig: Setting CVar [[r.VolumetricFog.GridPixelSize:8]]
[2020.07.03-04.44.53:755][  0]LogConfig: Setting CVar [[r.VolumetricFog.GridSizeZ:128]]
[2020.07.03-04.44.53:755][  0]LogConfig: Setting CVar [[r.VolumetricFog.HistoryMissSupersampleCount:4]]
[2020.07.03-04.44.53:755][  0]LogConfig: Setting CVar [[r.LightMaxDrawDistanceScale:1]]
[2020.07.03-04.44.53:755][  0]LogConfig: Setting CVar [[r.CapsuleShadows:1]]
[2020.07.03-04.44.53:755][  0]LogConfig: Applying CVar settings from Section [PostProcessQuality@3] File [C:/UnrealTutorialLooman/UnrealTutorialLooman/CoOpGame/Saved/Config/Windows/Scalability.ini]
[2020.07.03-04.44.53:755][  0]LogConfig: Setting CVar [[r.MotionBlurQuality:4]]
[2020.07.03-04.44.53:755][  0]LogConfig: Setting CVar [[r.AmbientOcclusionMipLevelFactor:0.4]]
[2020.07.03-04.44.53:755][  0]LogConfig: Setting CVar [[r.AmbientOcclusionMaxQuality:100]]
[2020.07.03-04.44.53:756][  0]LogConfig: Setting CVar [[r.AmbientOcclusionLevels:-1]]
[2020.07.03-04.44.53:756][  0]LogConfig: Setting CVar [[r.AmbientOcclusionRadiusScale:1.0]]
[2020.07.03-04.44.53:756][  0]LogConfig: Setting CVar [[r.DepthOfFieldQuality:2]]
[2020.07.03-04.44.53:756][  0]LogConfig: Setting CVar [[r.RenderTargetPoolMin:400]]
[2020.07.03-04.44.53:756][  0]LogConfig: Setting CVar [[r.LensFlareQuality:2]]
[2020.07.03-04.44.53:756][  0]LogConfig: Setting CVar [[r.SceneColorFringeQuality:1]]
[2020.07.03-04.44.53:756][  0]LogConfig: Setting CVar [[r.EyeAdaptationQuality:2]]
[2020.07.03-04.44.53:756][  0]LogConfig: Setting CVar [[r.BloomQuality:5]]
[2020.07.03-04.44.53:756][  0]LogConfig: Setting CVar [[r.FastBlurThreshold:100]]
[2020.07.03-04.44.53:756][  0]LogConfig: Setting CVar [[r.Upscale.Quality:3]]
[2020.07.03-04.44.53:756][  0]LogConfig: Setting CVar [[r.Tonemapper.GrainQuantization:1]]
[2020.07.03-04.44.53:756][  0]LogConfig: Setting CVar [[r.LightShaftQuality:1]]
[2020.07.03-04.44.53:756][  0]LogConfig: Setting CVar [[r.Filter.SizeScale:1]]
[2020.07.03-04.44.53:757][  0]LogConfig: Setting CVar [[r.Tonemapper.Quality:5]]
[2020.07.03-04.44.53:757][  0]LogConfig: Setting CVar [[r.DOF.Gather.AccumulatorQuality:1        ; higher gathering accumulator quality]]
[2020.07.03-04.44.53:757][  0]LogConfig: Setting CVar [[r.DOF.Gather.PostfilterMethod:1          ; Median3x3 postfilering method]]
[2020.07.03-04.44.53:757][  0]LogConfig: Setting CVar [[r.DOF.Gather.EnableBokehSettings:0       ; no bokeh simulation when gathering]]
[2020.07.03-04.44.53:757][  0]LogConfig: Setting CVar [[r.DOF.Gather.RingCount:4                 ; medium number of samples when gathering]]
[2020.07.03-04.44.53:757][  0]LogConfig: Setting CVar [[r.DOF.Scatter.ForegroundCompositing:1    ; additive foreground scattering]]
[2020.07.03-04.44.53:757][  0]LogConfig: Setting CVar [[r.DOF.Scatter.BackgroundCompositing:2    ; additive background scattering]]
[2020.07.03-04.44.53:757][  0]LogConfig: Setting CVar [[r.DOF.Scatter.EnableBokehSettings:1      ; bokeh simulation when scattering]]
[2020.07.03-04.44.53:757][  0]LogConfig: Setting CVar [[r.DOF.Scatter.MaxSpriteRatio:0.1         ; only a maximum of 10% of scattered bokeh]]
[2020.07.03-04.44.53:757][  0]LogConfig: Setting CVar [[r.DOF.Recombine.Quality:1                ; cheap slight out of focus]]
[2020.07.03-04.44.53:757][  0]LogConfig: Setting CVar [[r.DOF.Recombine.EnableBokehSettings:0    ; no bokeh simulation on slight out of focus]]
[2020.07.03-04.44.53:757][  0]LogConfig: Setting CVar [[r.DOF.TemporalAAQuality:1                ; more stable temporal accumulation]]
[2020.07.03-04.44.53:757][  0]LogConfig: Setting CVar [[r.DOF.Kernel.MaxForegroundRadius:0.025]]
[2020.07.03-04.44.53:757][  0]LogConfig: Setting CVar [[r.DOF.Kernel.MaxBackgroundRadius:0.025]]
[2020.07.03-04.44.53:757][  0]LogConfig: Applying CVar settings from Section [TextureQuality@3] File [C:/UnrealTutorialLooman/UnrealTutorialLooman/CoOpGame/Saved/Config/Windows/Scalability.ini]
[2020.07.03-04.44.53:758][  0]LogConfig: Setting CVar [[r.Streaming.MipBias:0]]
[2020.07.03-04.44.53:758][  0]LogConfig: Setting CVar [[r.Streaming.AmortizeCPUToGPUCopy:0]]
[2020.07.03-04.44.53:758][  0]LogConfig: Setting CVar [[r.Streaming.MaxNumTexturesToStreamPerFrame:0]]
[2020.07.03-04.44.53:758][  0]LogConfig: Setting CVar [[r.Streaming.Boost:1]]
[2020.07.03-04.44.53:758][  0]LogConfig: Setting CVar [[r.MaxAnisotropy:8]]
[2020.07.03-04.44.53:758][  0]LogConfig: Setting CVar [[r.VT.MaxAnisotropy:8]]
[2020.07.03-04.44.53:758][  0]LogConfig: Setting CVar [[r.Streaming.LimitPoolSizeToVRAM:0]]
[2020.07.03-04.44.53:758][  0]LogConfig: Setting CVar [[r.Streaming.PoolSize:1000]]
[2020.07.03-04.44.53:758][  0]LogConfig: Setting CVar [[r.Streaming.MaxEffectiveScreenSize:0]]
[2020.07.03-04.44.53:758][  0]LogConfig: Applying CVar settings from Section [EffectsQuality@3] File [C:/UnrealTutorialLooman/UnrealTutorialLooman/CoOpGame/Saved/Config/Windows/Scalability.ini]
[2020.07.03-04.44.53:758][  0]LogConfig: Setting CVar [[r.TranslucencyLightingVolumeDim:64]]
[2020.07.03-04.44.53:758][  0]LogConfig: Setting CVar [[r.RefractionQuality:2]]
[2020.07.03-04.44.53:758][  0]LogConfig: Setting CVar [[r.SSR.Quality:3]]
[2020.07.03-04.44.53:758][  0]LogConfig: Setting CVar [[r.SSR.HalfResSceneColor:0]]
[2020.07.03-04.44.53:758][  0]LogConfig: Setting CVar [[r.SceneColorFormat:4]]
[2020.07.03-04.44.53:759][  0]LogConfig: Setting CVar [[r.DetailMode:2]]
[2020.07.03-04.44.53:759][  0]LogConfig: Setting CVar [[r.TranslucencyVolumeBlur:1]]
[2020.07.03-04.44.53:759][  0]LogConfig: Setting CVar [[r.MaterialQualityLevel:1 ; High quality]]
[2020.07.03-04.44.53:759][  0]LogConfig: Setting CVar [[r.SSS.Scale:1]]
[2020.07.03-04.44.53:759][  0]LogConfig: Setting CVar [[r.SSS.SampleSet:2]]
[2020.07.03-04.44.53:759][  0]LogConfig: Setting CVar [[r.SSS.Quality:1]]
[2020.07.03-04.44.53:759][  0]LogConfig: Setting CVar [[r.SSS.HalfRes:0]]
[2020.07.03-04.44.53:759][  0]LogConfig: Setting CVar [[r.SSGI.Quality:3]]
[2020.07.03-04.44.53:759][  0]LogConfig: Setting CVar [[r.EmitterSpawnRateScale:1.0]]
[2020.07.03-04.44.53:759][  0]LogConfig: Setting CVar [[r.ParticleLightQuality:2]]
[2020.07.03-04.44.53:759][  0]LogConfig: Setting CVar [[r.SkyAtmosphere.AerialPerspectiveLUT.FastApplyOnOpaque:1 ; Always have FastSkyLUT 1 in this case to avoid wrong sky]]
[2020.07.03-04.44.53:759][  0]LogConfig: Setting CVar [[r.SkyAtmosphere.AerialPerspectiveLUT.SampleCountPerSlice:1]]
[2020.07.03-04.44.53:759][  0]LogConfig: Setting CVar [[r.SkyAtmosphere.AerialPerspectiveLUT.DepthResolution:16.0]]
[2020.07.03-04.44.53:759][  0]LogConfig: Setting CVar [[r.SkyAtmosphere.FastSkyLUT:1]]
[2020.07.03-04.44.53:759][  0]LogConfig: Setting CVar [[r.SkyAtmosphere.FastSkyLUT.SampleCountMin:4.0]]
[2020.07.03-04.44.53:759][  0]LogConfig: Setting CVar [[r.SkyAtmosphere.FastSkyLUT.SampleCountMax:32.0]]
[2020.07.03-04.44.53:760][  0]LogConfig: Setting CVar [[r.SkyAtmosphere.SampleCountMin:4.0]]
[2020.07.03-04.44.53:760][  0]LogConfig: Setting CVar [[r.SkyAtmosphere.SampleCountMax:32.0]]
[2020.07.03-04.44.53:760][  0]LogConfig: Setting CVar [[r.SkyAtmosphere.TransmittanceLUT.UseSmallFormat:0]]
[2020.07.03-04.44.53:760][  0]LogConfig: Setting CVar [[r.SkyAtmosphere.TransmittanceLUT.SampleCount:10.0]]
[2020.07.03-04.44.53:760][  0]LogConfig: Setting CVar [[r.SkyAtmosphere.MultiScatteringLUT.SampleCount:15.0]]
[2020.07.03-04.44.53:760][  0]LogConfig: Applying CVar settings from Section [FoliageQuality@3] File [C:/UnrealTutorialLooman/UnrealTutorialLooman/CoOpGame/Saved/Config/Windows/Scalability.ini]
[2020.07.03-04.44.53:760][  0]LogConfig: Setting CVar [[foliage.DensityScale:1.0]]
[2020.07.03-04.44.53:760][  0]LogConfig: Setting CVar [[grass.DensityScale:1.0]]
[2020.07.03-04.44.53:761][  0]LogConfig: Applying CVar settings from Section [ShadingQuality@3] File [C:/UnrealTutorialLooman/UnrealTutorialLooman/CoOpGame/Saved/Config/Windows/Scalability.ini]
[2020.07.03-04.44.53:761][  0]LogConfig: Setting CVar [[r.HairStrands.SkyLighting.SampleCount:16]]
[2020.07.03-04.44.53:761][  0]LogConfig: Setting CVar [[r.HairStrands.SkyLighting.JitterIntegration:0]]
[2020.07.03-04.44.53:761][  0]LogConfig: Setting CVar [[r.HairStrands.SkyAO.SampleCount:16]]
[2020.07.03-04.44.53:761][  0]LogConfig: Setting CVar [[r.HairStrands.DeepShadow.SuperSampling:0]]
[2020.07.03-04.44.53:761][  0]LogConfig: Setting CVar [[r.HairStrands.VisibilityPPLL:0]]
[2020.07.03-04.44.53:761][  0]LogConfig: Setting CVar [[r.HairStrands.RasterizationScale:0.5]]
[2020.07.03-04.44.53:762][  0]LogConfig: Setting CVar [[r.HairStrands.VelocityRasterizationScale:1]]
[2020.07.03-04.44.53:762][  0]LogConfig: Applying CVar settings from Section [Startup] File [../../../Engine/Config/ConsoleVariables.ini]
[2020.07.03-04.44.53:763][  0]LogConfig: Setting CVar [[net.UseAdaptiveNetUpdateFrequency:0]]
[2020.07.03-04.44.53:763][  0]LogConfig: Setting CVar [[p.chaos.AllowCreatePhysxBodies:1]]
[2020.07.03-04.44.53:763][  0]LogConfig: Setting CVar [[fx.SkipVectorVMBackendOptimizations:1]]
[2020.07.03-04.44.53:763][  0]LogConfig: Applying CVar settings from Section [ConsoleVariables] File [C:/UnrealTutorialLooman/UnrealTutorialLooman/CoOpGame/Saved/Config/Windows/Engine.ini]
[2020.07.03-04.44.53:766][  0]LogInit: Computer: LAPTOP-JIFFIFRG
[2020.07.03-04.44.53:766][  0]LogInit: User: AlexLaptop
[2020.07.03-04.44.53:766][  0]LogInit: CPU Page size=4096, Cores=4
[2020.07.03-04.44.53:766][  0]LogInit: High frequency timer resolution =10.000000 MHz
[2020.07.03-04.44.53:766][  0]LogMemory: Memory total: Physical=15.8GB (16GB approx)
[2020.07.03-04.44.53:767][  0]LogMemory: Platform Memory Stats for Windows
[2020.07.03-04.44.53:767][  0]LogMemory: Process Physical Memory: 118.75 MB used, 118.76 MB peak
[2020.07.03-04.44.53:767][  0]LogMemory: Process Virtual Memory: 107.98 MB used, 107.98 MB peak
[2020.07.03-04.44.53:767][  0]LogMemory: Physical Memory: 10524.14 MB used,  5667.52 MB free, 16191.65 MB total
[2020.07.03-04.44.53:767][  0]LogMemory: Virtual Memory: 5193.73 MB used,  134212536.00 MB free, 134217728.00 MB total
[2020.07.03-04.44.53:787][  0]LogWindows: WindowsPlatformFeatures enabled
[2020.07.03-04.44.54:655][  0]LogInit: Physics initialised using underlying interface: PhysX
[2020.07.03-04.44.54:658][  0]LogInit: Using OS detected language (en-US).
[2020.07.03-04.44.54:658][  0]LogInit: Using OS detected locale (en-AU).
[2020.07.03-04.44.54:691][  0]LogTextLocalizationManager: No specific localization for 'en-US' exists, so the 'en' localization will be used.
[2020.07.03-04.44.55:306][  0]LogInit: Setting process to per monitor DPI aware
[2020.07.03-04.44.55:548][  0]LogSlate: New Slate User Created.  User Index 0, Is Virtual User: 0
[2020.07.03-04.44.55:548][  0]LogSlate: Slate User Registered.  User Index 0, Is Virtual User: 0
[2020.07.03-04.45.08:470][  0]LogHMD: Failed to initialize OpenVR with code 108
[2020.07.03-04.45.08:470][  0]LogD3D11RHI: D3D11 min allowed feature level: 11_0
[2020.07.03-04.45.08:470][  0]LogD3D11RHI: D3D11 max allowed feature level: 11_0
[2020.07.03-04.45.08:471][  0]LogD3D11RHI: D3D11 adapters:
[2020.07.03-04.45.08:829][  0]LogD3D11RHI:    0. 'NVIDIA GeForce RTX 2060' (Feature Level 11_0)
[2020.07.03-04.45.08:829][  0]LogD3D11RHI:       5980/0/8095 MB DedicatedVideo/DedicatedSystem/SharedSystem, Outputs:2, VendorId:0x10de
[2020.07.03-04.45.08:932][  0]LogD3D11RHI:    1. 'AMD Radeon(TM) RX Vega 10 Graphics' (Feature Level 11_0)
[2020.07.03-04.45.08:932][  0]LogD3D11RHI:       112/0/8095 MB DedicatedVideo/DedicatedSystem/SharedSystem, Outputs:0, VendorId:0x1002
[2020.07.03-04.45.08:947][  0]LogD3D11RHI:    2. 'Microsoft Basic Render Driver' (Feature Level 11_0)
[2020.07.03-04.45.08:948][  0]LogD3D11RHI:       0/0/8095 MB DedicatedVideo/DedicatedSystem/SharedSystem, Outputs:0, VendorId:0x1414
[2020.07.03-04.45.08:957][  0]LogD3D11RHI:    3. 'Microsoft Basic Render Driver' (Feature Level 11_0)
[2020.07.03-04.45.08:957][  0]LogD3D11RHI:       0/0/8095 MB DedicatedVideo/DedicatedSystem/SharedSystem, Outputs:0, VendorId:0x1414
[2020.07.03-04.45.08:957][  0]LogD3D11RHI: Chosen D3D11 Adapter: 0
[2020.07.03-04.45.09:002][  0]LogD3D11RHI: Creating new Direct3DDevice
[2020.07.03-04.45.09:002][  0]LogD3D11RHI:     GPU DeviceId: 0x1f11 (for the marketing name, search the web for "GPU Device Id")
[2020.07.03-04.45.09:003][  0]LogWindows: EnumDisplayDevices:
[2020.07.03-04.45.09:003][  0]LogWindows:    0. 'AMD Radeon(TM) RX Vega 10 Graphics' (P:1 D:1)
[2020.07.03-04.45.09:004][  0]LogWindows:    1. 'AMD Radeon(TM) RX Vega 10 Graphics' (P:0 D:0)
[2020.07.03-04.45.09:005][  0]LogWindows:    2. 'AMD Radeon(TM) RX Vega 10 Graphics' (P:0 D:0)
[2020.07.03-04.45.09:007][  0]LogWindows:    3. 'NVIDIA GeForce RTX 2060' (P:0 D:0)
[2020.07.03-04.45.09:008][  0]LogWindows:    4. 'DisplayLink USB Device' (P:0 D:1)
[2020.07.03-04.45.09:009][  0]LogWindows: DebugString: PrimaryIsNotTheChoosenAdapter PrimaryIsNotTheChoosenAdapter PrimaryIsNotTheChoosenAdapter GetVideoDriverDetailsInvalid PrimaryIsNotTheChoosenAdapter 
[2020.07.03-04.45.09:009][  0]LogD3D11RHI:     Adapter Name: NVIDIA GeForce RTX 2060
[2020.07.03-04.45.09:010][  0]LogD3D11RHI:   Driver Version: 441.41 (internal:26.21.14.4141, unified:441.41)
[2020.07.03-04.45.09:010][  0]LogD3D11RHI:      Driver Date: 11-20-2019
[2020.07.03-04.45.09:010][  0]LogRHI: Texture pool is 4186 MB (70% of 5980 MB)
[2020.07.03-04.45.09:154][  0]LogD3D11RHI: RHI has support for 64 bit atomics
[2020.07.03-04.45.09:165][  0]LogD3D11RHI: [Aftermath] Enabled and primed
[2020.07.03-04.45.09:166][  0]LogD3D11RHI: Async texture creation enabled
[2020.07.03-04.45.09:166][  0]LogD3D11RHI: Array index from any shader is supported
[2020.07.03-04.45.09:260][  0]LogD3D11RHI: GPU Timing Frequency: 1000.000000 (Debug: 2 1)
[2020.07.03-04.45.09:942][  0]LogTargetPlatformManager: Display: Loaded TargetPlatform 'AllDesktop'
[2020.07.03-04.45.09:994][  0]LogTargetPlatformManager: Display: Loaded TargetPlatform 'Android'
[2020.07.03-04.45.09:994][  0]LogTargetPlatformManager: Display: Loaded TargetPlatform 'Android_ASTC'
[2020.07.03-04.45.09:994][  0]LogTargetPlatformManager: Display: Loaded TargetPlatform 'Android_DXT'
[2020.07.03-04.45.09:994][  0]LogTargetPlatformManager: Display: Loaded TargetPlatform 'Android_ETC2'
[2020.07.03-04.45.09:995][  0]LogTargetPlatformManager: Display: Loaded TargetPlatform 'AndroidClient'
[2020.07.03-04.45.09:995][  0]LogTargetPlatformManager: Display: Loaded TargetPlatform 'Android_ASTCClient'
[2020.07.03-04.45.09:995][  0]LogTargetPlatformManager: Display: Loaded TargetPlatform 'Android_DXTClient'
[2020.07.03-04.45.09:995][  0]LogTargetPlatformManager: Display: Loaded TargetPlatform 'Android_ETC2Client'
[2020.07.03-04.45.09:995][  0]LogTargetPlatformManager: Display: Loaded TargetPlatform 'Android_Multi'
[2020.07.03-04.45.09:995][  0]LogTargetPlatformManager: Display: Loaded TargetPlatform 'Android_MultiClient'
[2020.07.03-04.45.10:083][  0]LogTargetPlatformManager: Display: Loaded TargetPlatform 'IOSClient'
[2020.07.03-04.45.10:083][  0]LogTargetPlatformManager: Display: Loaded TargetPlatform 'IOS'
[2020.07.03-04.45.10:130][  0]LogTargetPlatformManager: Display: Loaded TargetPlatform 'Linux'
[2020.07.03-04.45.10:159][  0]LogTargetPlatformManager: Display: Loaded TargetPlatform 'LinuxNoEditor'
[2020.07.03-04.45.10:188][  0]LogTargetPlatformManager: Display: Loaded TargetPlatform 'LinuxClient'
[2020.07.03-04.45.10:218][  0]LogTargetPlatformManager: Display: Loaded TargetPlatform 'LinuxServer'
[2020.07.03-04.45.10:246][  0]LogTargetPlatformManager: Display: Loaded TargetPlatform 'LinuxAArch64NoEditor'
[2020.07.03-04.45.10:271][  0]LogTargetPlatformManager: Display: Loaded TargetPlatform 'LinuxAArch64Client'
[2020.07.03-04.45.10:298][  0]LogTargetPlatformManager: Display: Loaded TargetPlatform 'LinuxAArch64Server'
[2020.07.03-04.45.10:386][  0]LogTargetPlatformManager: Display: Loaded TargetPlatform 'Lumin'
[2020.07.03-04.45.10:386][  0]LogTargetPlatformManager: Display: Loaded TargetPlatform 'LuminClient'
[2020.07.03-04.45.10:425][  0]LogTargetPlatformManager: Display: Loaded TargetPlatform 'TVOSClient'
[2020.07.03-04.45.10:425][  0]LogTargetPlatformManager: Display: Loaded TargetPlatform 'TVOS'
[2020.07.03-04.45.10:450][  0]LogTargetPlatformManager: Display: Loaded TargetPlatform 'WindowsNoEditor'
[2020.07.03-04.45.10:472][  0]LogTargetPlatformManager: Display: Loaded TargetPlatform 'Windows'
[2020.07.03-04.45.10:496][  0]LogTargetPlatformManager: Display: Loaded TargetPlatform 'WindowsClient'
[2020.07.03-04.45.10:523][  0]LogTargetPlatformManager: Display: Loaded TargetPlatform 'WindowsServer'
[2020.07.03-04.45.10:523][  0]LogTargetPlatformManager: Display: Building Assets For Windows
[2020.07.03-04.45.10:641][  0]LogAudioDebug: Display: Lib vorbis DLL was dynamically loaded.
[2020.07.03-04.45.11:059][  0]LogShaderCompilers: Guid format shader working directory is -18 characters bigger than the processId version (../../../../../../UnrealTutorialLooman/UnrealTutorialLooman/CoOpGame/Intermediate/Shaders/WorkingDirectory/15184/).
[2020.07.03-04.45.11:059][  0]LogShaderCompilers: Cleaned the shader compiler working directory 'C:/Users/AlexLaptop/AppData/Local/Temp/UnrealShaderWorkingDir/6BF1548D4B122D45503799BCCF5E77DC/'.
[2020.07.03-04.45.11:061][  0]LogXGEController: Cleaning working directory: C:/Users/AlexLaptop/AppData/Local/Temp/UnrealXGEWorkingDir/
[2020.07.03-04.45.11:062][  0]LogXGEController: Cannot use XGE Controller as Incredibuild is not installed on this machine.
[2020.07.03-04.45.11:062][  0]LogShaderCompilers: Cannot use XGE Shader Compiler as Incredibuild is not installed on this machine.
[2020.07.03-04.45.11:062][  0]LogShaderCompilers: Display: Using Local Shader Compiler.
[2020.07.03-04.45.17:270][  0]LogDerivedDataCache: Display: Max Cache Size: 512 MB
[2020.07.03-04.45.17:422][  0]LogDerivedDataCache: Loaded boot cache 0.15s 79MB C:/Users/AlexLaptop/AppData/Local/UnrealEngine/4.25/DerivedDataCache/Boot.ddc.
[2020.07.03-04.45.17:423][  0]LogDerivedDataCache: Display: Loaded Boot cache: C:/Users/AlexLaptop/AppData/Local/UnrealEngine/4.25/DerivedDataCache/Boot.ddc
[2020.07.03-04.45.17:423][  0]LogDerivedDataCache: FDerivedDataBackendGraph:  Pak pak cache file ../../../../../../UnrealTutorialLooman/UnrealTutorialLooman/CoOpGame/DerivedDataCache/DDC.ddp not found, will not use a pak cache.
[2020.07.03-04.45.17:423][  0]LogDerivedDataCache: Unable to find inner node Pak for hierarchical cache Hierarchy.
[2020.07.03-04.45.17:423][  0]LogDerivedDataCache: FDerivedDataBackendGraph:  CompressedPak pak cache file ../../../../../../UnrealTutorialLooman/UnrealTutorialLooman/CoOpGame/DerivedDataCache/Compressed.ddp not found, will not use a pak cache.
[2020.07.03-04.45.17:423][  0]LogDerivedDataCache: Unable to find inner node CompressedPak for hierarchical cache Hierarchy.
[2020.07.03-04.45.17:460][  0]LogDerivedDataCache: Display: Pak cache opened for reading ../../../Engine/DerivedDataCache/Compressed.ddp.
[2020.07.03-04.45.17:461][  0]LogDerivedDataCache: FDerivedDataBackendGraph:  EnterprisePak pak cache file ../../../Enterprise/DerivedDataCache/Compressed.ddp not found, will not use a pak cache.
[2020.07.03-04.45.17:461][  0]LogDerivedDataCache: Unable to find inner node EnterprisePak for hierarchical cache Hierarchy.
[2020.07.03-04.45.17:466][  0]LogDerivedDataCache: Using Local data cache path C:/Users/AlexLaptop/AppData/Local/UnrealEngine/Common/DerivedDataCache: Writable
[2020.07.03-04.45.17:466][  0]LogDerivedDataCache: Shared data cache path not found in *engine.ini, will not use an Shared cache.
[2020.07.03-04.45.17:466][  0]LogDerivedDataCache: Unable to find inner node Shared for hierarchical cache Hierarchy.
[2020.07.03-04.45.17:541][  0]LogSlate: Using FreeType 2.10.0
[2020.07.03-04.45.17:577][  0]LogSlate: SlateFontServices - WITH_FREETYPE: 1, WITH_HARFBUZZ: 1
[2020.07.03-04.45.17:680][  0]LogAssetRegistry: FAssetRegistry took 0.0082 seconds to start up
[2020.07.03-04.45.18:387][  0]LogInit: Selected Device Profile: [Windows]
[2020.07.03-04.45.18:860][  0]LogMeshReduction: Using QuadricMeshReduction for automatic static mesh reduction
[2020.07.03-04.45.18:860][  0]LogMeshReduction: Using SimplygonMeshReduction for automatic skeletal mesh reduction
[2020.07.03-04.45.18:860][  0]LogMeshReduction: Using ProxyLODMeshReduction for automatic mesh merging
[2020.07.03-04.45.18:860][  0]LogMeshReduction: No distributed automatic mesh merging module available
[2020.07.03-04.45.18:861][  0]LogMeshMerging: No distributed automatic mesh merging module available
[2020.07.03-04.45.18:954][  0]LogNetVersion: CoOpGame 1.0.0, NetCL: 13144385, EngineNetVer: 14, GameNetVer: 0 (Checksum: 2766024207)
[2020.07.03-04.45.21:216][  0]LogAISub: UAISubsystem::UAISubsystem AISubsystem (000001C75B4DDF80), frame # 0
[2020.07.03-04.45.21:216][  0]LogAISub: UAISubsystem::UAISubsystem AIPerceptionSystem (000001C75B374540), frame # 0
[2020.07.03-04.45.21:221][  0]LogAISub: UAISubsystem::UAISubsystem EnvQueryManager (000001C75B3A1C00), frame # 0
[2020.07.03-04.45.21:400][  0]LogPackageLocalizationCache: Processed 19 localized package path(s) for 1 prioritized culture(s) in 0.138167 seconds
[2020.07.03-04.45.21:411][  0]LogUObjectArray: 15917 objects as part of root set at end of initial load.
[2020.07.03-04.45.21:411][  0]LogUObjectAllocator: 3965568 out of 0 bytes used by permanent object pool.
[2020.07.03-04.45.21:411][  0]LogUObjectArray: CloseDisregardForGC: 0/0 objects in disregard for GC pool
[2020.07.03-04.45.22:797][  0]LogTcpMessaging: Initializing TcpMessaging bridge
[2020.07.03-04.45.22:812][  0]LogUdpMessaging: Initializing bridge on interface 0.0.0.0:0 to multicast group 230.0.0.1:6666.
[2020.07.03-04.45.23:142][  0]SourceControl: Source control is disabled
[2020.07.03-04.45.23:143][  0]SourceControl: Source control is disabled
[2020.07.03-04.45.23:159][  0]SourceControl: Source control is disabled
[2020.07.03-04.45.23:172][  0]SourceControl: Source control is disabled
[2020.07.03-04.45.23:192][  0]SourceControl: Source control is disabled
[2020.07.03-04.45.24:015][  0]LogAndroidPermission: UAndroidPermissionCallbackProxy::GetInstance
[2020.07.03-04.45.24:082][  0]LogAudioCaptureCore: Display: No Audio Capture implementations found. Audio input will be silent.
[2020.07.03-04.45.24:082][  0]LogAudioCaptureCore: Display: No Audio Capture implementations found. Audio input will be silent.
[2020.07.03-04.45.24:258][  0]LogOcInput: OculusInput pre-init called
[2020.07.03-04.45.24:870][  0]LogEngine: Initializing Engine...
[2020.07.03-04.45.30:284][  0]LogHMD: Failed to initialize OpenVR with code 108
[2020.07.03-04.45.30:284][  0]LogMagicLeap: Warning: VR disabled because ZI is not enabled.  To enable, in the editor, Edit -> Project Settings -> Plugins -> Magic Leap Plugin -> Enable Zero Iteration
[2020.07.03-04.45.30:289][  0]LogStats: UGameplayTagsManager::InitializeManager -  0.002 s
[2020.07.03-04.45.30:522][  0]LogInit: Initializing FReadOnlyCVARCache
[2020.07.03-04.45.30:567][  0]LogAIModule: Creating AISystem for world Untitled
[2020.07.03-04.45.30:568][  0]LogAISub: UAISubsystem::UAISubsystem EnvQueryManager (000001C755771800), frame # 0
[2020.07.03-04.45.30:568][  0]LogAISub: UAISubsystem::UAISubsystem AIPerceptionSystem (000001C7557B5440), frame # 0
[2020.07.03-04.45.30:588][  0]LogAudioMixer: Display: Audio Mixer Platform Settings:
[2020.07.03-04.45.30:588][  0]LogAudioMixer: Display: 	Sample Rate:						  48000
[2020.07.03-04.45.30:588][  0]LogAudioMixer: Display: 	Callback Buffer Frame Size Requested: 1024
[2020.07.03-04.45.30:588][  0]LogAudioMixer: Display: 	Callback Buffer Frame Size To Use:	  1024
[2020.07.03-04.45.30:589][  0]LogAudioMixer: Display: 	Number of buffers to queue:			  2
[2020.07.03-04.45.30:589][  0]LogAudioMixer: Display: 	Max Channels (voices):				  32
[2020.07.03-04.45.30:589][  0]LogAudioMixer: Display: 	Number of Async Source Workers:		  0
[2020.07.03-04.45.30:589][  0]LogAudio: Display: AudioDevice MaxSources: 32
[2020.07.03-04.45.30:591][  0]LogAudio: Display: Using built-in audio occlusion.
[2020.07.03-04.45.30:591][  0]LogAudioMixer: Display: Initializing audio mixer.
[2020.07.03-04.45.30:630][  0]LogAudioMixer: Display: 0: FrontLeft
[2020.07.03-04.45.30:631][  0]LogAudioMixer: Display: 1: FrontRight
[2020.07.03-04.45.30:745][  0]LogAudioMixer: Display: Using Audio Device Headphones (SOUNDPEATS TrueWings  Stereo)
[2020.07.03-04.45.30:747][  0]LogAudioMixer: Display: Initializing Sound Submixes...
[2020.07.03-04.45.30:751][  0]LogAudioMixer: Display: Creating Master Submix 'MasterSubmixDefault'
[2020.07.03-04.45.30:751][  0]LogAudioMixer: Display: Creating Master Submix 'MasterReverbSubmixDefault'
[2020.07.03-04.45.30:753][  0]LogAudioMixer: Display: Creating Master Submix 'MasterEQSubmixDefault'
[2020.07.03-04.45.30:759][  0]LogInit: FAudioDevice initialized.
[2020.07.03-04.45.30:760][  0]LogNetVersion: Set ProjectVersion to 1.0.0.0. Version Checksum will be recalculated on next use.
[2020.07.03-04.45.30:850][  0]LogDerivedDataCache: Saved boot cache 0.09s 79MB C:/Users/AlexLaptop/AppData/Local/UnrealEngine/4.25/DerivedDataCache/Boot.ddc.
[2020.07.03-04.45.30:860][  0]LogInit: Texture streaming: Enabled
[2020.07.03-04.45.30:917][  0]LogEngineSessionManager: EngineSessionManager initialized
[2020.07.03-04.45.30:917][  0]LogEngineSessionManager: EngineSessionManager sent abnormal shutdown report. Type=Debugger, SessionId={8FEF8B28-4B25-55B1-8933-3F9E1A073527}
[2020.07.03-04.45.30:917][  0]LogEditorSessionSummary: Verbose: Initializing EditorSessionSummaryWriter for editor session tracking
[2020.07.03-04.45.30:923][  0]LogEditorSessionSummary: EditorSessionSummaryWriter initialized
[2020.07.03-04.45.31:082][  0]LogInit: Transaction tracking system initialized
[2020.07.03-04.45.31:177][  0]BlueprintLog: New page: Editor Load
[2020.07.03-04.45.31:536][  0]LocalizationService: Localization service is disabled
[2020.07.03-04.45.32:123][  0]LogCook: Display: Max memory allowance for cook 16384mb min free memory 0mb
[2020.07.03-04.45.32:124][  0]LogCook: Display: Mobile HDR setting 1
[2020.07.03-04.45.32:447][  0]LogFileCache: Scanning file cache for directory 'C:/UnrealTutorialLooman/UnrealTutorialLooman/CoOpGame/Content/' took 0.02s
[2020.07.03-04.45.33:093][  0]SourceControl: Source control is disabled
[2020.07.03-04.45.33:093][  0]LogUnrealEdMisc: Loading editor; pre map load, took 48.221
[2020.07.03-04.45.33:095][  0]Cmd: MAP LOAD FILE="../../../../../../UnrealTutorialLooman/UnrealTutorialLooman/CoOpGame/Content/Maps/MyMap.umap" TEMPLATE=0 SHOWPROGRESS=1 FEATURELEVEL=3
[2020.07.03-04.45.33:105][  0]LightingResults: New page: Lighting Build
[2020.07.03-04.45.33:112][  0]LogWorld: UWorld::CleanupWorld for Untitled, bSessionEnded=true, bCleanupResources=true
[2020.07.03-04.45.33:113][  0]LogSlate: InvalidateAllWidgets triggered.  All widgets were invalidated
[2020.07.03-04.45.33:114][  0]MapCheck: New page: Map Check
[2020.07.03-04.45.33:114][  0]LightingResults: New page: Lighting Build
[2020.07.03-04.45.33:131][  0]LogAISub: UAISubsystem::~UAISubsystem EnvQueryManager (000001C755771800), frame # 0
[2020.07.03-04.45.33:132][  0]LogAISub: UAISubsystem::~UAISubsystem AIPerceptionSystem (000001C7557B5440), frame # 0
[2020.07.03-04.45.33:133][  0]LogUObjectHash: Compacting FUObjectHashTables data took   1.44ms
[2020.07.03-04.45.34:921][  0]LogTexture: Display: Building textures: T_CircleMask3 (AutoDXT, 1024X1024)
[2020.07.03-04.45.34:921][  0]LogStaticMesh: Building static mesh HealthIcon...
[2020.07.03-04.45.34:926][  0]LogStaticMesh: Built static mesh [0.01s] /Game/Powerups/HealthIcon.HealthIcon
[2020.07.03-04.45.34:931][  0]LogMaterial: Display: Missing cached shader map for material M_Powerup, compiling. 
[2020.07.03-04.45.34:964][  0]LogMaterial: Display: Missing cached shader map for material M_PowerupDecal, compiling. 
[2020.07.03-04.45.35:172][  0]LogShaderCompilers: Display: Worker (1/5): shaders left to compile 4
[2020.07.03-04.45.35:172][  0]LogShaderCompilers: Display: Worker (2/5): shaders left to compile 3
[2020.07.03-04.45.35:172][  0]LogShaderCompilers: Display: Worker (3/5): shaders left to compile 2
[2020.07.03-04.45.35:173][  0]LogShaderCompilers: Display: Worker (4/5): shaders left to compile 1
[2020.07.03-04.45.35:173][  0]LogShaderCompilers: Display: Worker (5/5): shaders left to compile 34
[2020.07.03-04.45.35:173][  0]LogMaterial: Display: Missing cached shader map for material Material, compiling. 
[2020.07.03-04.45.35:214][  0]LogStaticMesh: Building static mesh SpeedIcon_Cube...
[2020.07.03-04.45.35:215][  0]LogStaticMesh: Built static mesh [0.00s] /Game/Powerups/SpeedIcon_Cube.SpeedIcon_Cube
[2020.07.03-04.45.35:219][  0]LogMaterial: Display: Missing cached shader map for material M_PowerupLightFunction, compiling. 
[2020.07.03-04.45.36:186][  0]LogAIModule: Creating AISystem for world MyMap
[2020.07.03-04.45.36:187][  0]LogAISub: UAISubsystem::UAISubsystem EnvQueryManager (000001C74CAC4800), frame # 0
[2020.07.03-04.45.36:187][  0]LogAISub: UAISubsystem::UAISubsystem AIPerceptionSystem (000001C74CADED40), frame # 0
[2020.07.03-04.45.36:243][  0]LogEditorServer: Finished looking for orphan Actors (0.000 secs)
[2020.07.03-04.45.36:279][  0]LogUObjectHash: Compacting FUObjectHashTables data took   2.19ms
[2020.07.03-04.45.36:285][  0]Cmd: MAP CHECKDEP NOCLEARLOG
[2020.07.03-04.45.36:286][  0]MapCheck: Map check complete: 0 Error(s), 0 Warning(s), took 0.783ms to complete.
[2020.07.03-04.45.36:286][  0]LogFileHelpers: Loading map 'MyMap' took 3.192
[2020.07.03-04.45.36:327][  0]LogUnrealEdMisc: Total Editor Startup Time, took 51.455
[2020.07.03-04.45.36:655][  0]LogSlate: Updating window title bar state: overlay mode, drag disabled, window buttons hidden, title bar hidden
[2020.07.03-04.45.36:679][  0]LogSlate: Updating window title bar state: overlay mode, drag disabled, window buttons hidden, title bar hidden
[2020.07.03-04.45.36:703][  0]LogSlate: Updating window title bar state: overlay mode, drag disabled, window buttons hidden, title bar hidden
[2020.07.03-04.45.36:727][  0]LogSlate: Updating window title bar state: overlay mode, drag disabled, window buttons hidden, title bar hidden
[2020.07.03-04.45.36:780][  0]LogShaderCompilers: Display: Worker (3/5): shaders left to compile 62
[2020.07.03-04.45.36:780][  0]LogCollectionManager: Loaded 0 collections in 0.005044 seconds
[2020.07.03-04.45.36:875][  0]LogFileCache: Scanning file cache for directory 'C:/UnrealTutorialLooman/UnrealTutorialLooman/CoOpGame/Saved/Collections/' took 0.01s
[2020.07.03-04.45.36:877][  0]LogFileCache: Scanning file cache for directory 'C:/UnrealTutorialLooman/UnrealTutorialLooman/CoOpGame/Content/Developers/AlexLaptop/Collections/' took 0.01s
[2020.07.03-04.45.36:878][  0]LogFileCache: Scanning file cache for directory 'C:/UnrealTutorialLooman/UnrealTutorialLooman/CoOpGame/Content/Collections/' took 0.01s
[2020.07.03-04.45.36:879][  0]LogContentBrowser: Native class hierarchy populated in 0.0339 seconds. Added 3436 classes and 825 folders.
[2020.07.03-04.45.36:898][  0]LogContentBrowser: Native class hierarchy updated for 'WidgetCarousel' in 0.0009 seconds. Added 0 classes and 0 folders.
[2020.07.03-04.45.38:011][  0]LogShaderCompilers: Display: Worker (1/5): shaders left to compile 52
[2020.07.03-04.45.38:011][  0]LogShaderCompilers: Display: Worker (4/5): shaders left to compile 42
[2020.07.03-04.45.38:011][  0]LogShaderCompilers: Display: Worker (2/5): shaders left to compile 33
[2020.07.03-04.45.38:011][  0]LogContentBrowser: Native class hierarchy updated for 'AddContentDialog' in 0.0010 seconds. Added 0 classes and 0 folders.
[2020.07.03-04.45.38:030][  0]LogContentBrowser: Native class hierarchy updated for 'SceneOutliner' in 0.0011 seconds. Added 2 classes and 0 folders.
[2020.07.03-04.45.38:171][  0]LogSlate: Took 0.015440 seconds to synchronously load lazily loaded font '../../../Engine/Content/Slate/Fonts/Roboto-Regular.ttf' (155K)
[2020.07.03-04.45.38:193][  0]LogSlate: Took 0.016273 seconds to synchronously load lazily loaded font '../../../Engine/Content/Slate/Fonts/Roboto-Bold.ttf' (160K)
[2020.07.03-04.45.38:225][  0]LogSlate: Took 0.016075 seconds to synchronously load lazily loaded font '../../../Engine/Content/Editor/Slate/Fonts/FontAwesome.ttf' (139K)
[2020.07.03-04.45.38:511][  0]LogRenderer: Reallocating scene render targets to support 1036x432 Format 10 NumSamples 1 (Frame:1).
[2020.07.03-04.45.41:067][  0]LogContentBrowser: Native class hierarchy updated for 'HierarchicalLODOutliner' in 0.0009 seconds. Added 0 classes and 0 folders.
[2020.07.03-04.45.41:067][  0]LogLoad: (Engine Initialization) Total time: 56.20 seconds
[2020.07.03-04.45.41:068][  0]LogLoad: (Engine Initialization) Total Blueprint compile time: 0.00 seconds
[2020.07.03-04.45.41:164][  0]LogContentStreaming: Texture pool size now 1000 MB
[2020.07.03-04.45.41:309][  0]LogSlate: Took 0.014516 seconds to synchronously load lazily loaded font '../../../Engine/Content/Slate/Fonts/Roboto-Light.ttf' (167K)
[2020.07.03-04.45.53:781][611]LogShaderCompilers: Display: Worker (4/5): shaders left to compile 26
[2020.07.03-04.45.54:546][652]LogAssetRegistry: Asset discovery search completed in 36.8707 seconds
[2020.07.03-04.45.54:561][652]LogCollectionManager: Fixed up redirectors for 0 collections in 0.000380 seconds (updated 0 objects)
[2020.07.03-04.45.55:700][710]LogShaderCompilers: Display: Worker (2/5): shaders left to compile 19
[2020.07.03-04.45.57:514][810]LogShaderCompilers: Display: Worker (3/5): shaders left to compile 14
[2020.07.03-04.45.58:909][888]LogShaderCompilers: Display: Worker (1/5): shaders left to compile 10
[2020.07.03-04.45.59:860][938]LogShaderCompilers: Display: Worker (2/5): shaders left to compile 7
[2020.07.03-04.46.00:497][974]LogShaderCompilers: Display: Worker (3/5): shaders left to compile 5
[2020.07.03-04.46.01:226][ 14]LogShaderCompilers: Display: Worker (1/5): shaders left to compile 3
[2020.07.03-04.46.01:541][ 32]LogShaderCompilers: Display: Worker (2/5): shaders left to compile 2
[2020.07.03-04.46.02:336][ 75]LogShaderCompilers: Display: Worker (3/5): shaders left to compile 1
[2020.07.03-04.46.06:100][389]LogTemp: Repeating last play command: Selected Viewport
[2020.07.03-04.46.06:145][389]LogPlayLevel: PlayLevel: No blueprints needed recompiling
[2020.07.03-04.46.06:151][389]PIE: New page: PIE session: MyMap (4 Jul 2020, 12:46:06 am)
[2020.07.03-04.46.06:158][389]LogOnline: OSS: Creating online subsystem instance for: NULL
[2020.07.03-04.46.06:162][389]LogOnline: OSS: TryLoadSubsystemAndSetDefault: Loaded subsystem for module [NULL]
[2020.07.03-04.46.06:163][389]LogPlayLevel: Creating play world package: /Game/Maps/UEDPIE_0_MyMap
[2020.07.03-04.46.06:175][389]LogPlayLevel: PIE: StaticDuplicateObject took: (0.011631s)
[2020.07.03-04.46.06:178][389]LogAIModule: Creating AISystem for world MyMap
[2020.07.03-04.46.06:178][389]LogAISub: UAISubsystem::UAISubsystem EnvQueryManager (000001C74CE4BE00), frame # 1389
[2020.07.03-04.46.06:179][389]LogAISub: UAISubsystem::UAISubsystem AIPerceptionSystem (000001C7638FEFC0), frame # 1389
[2020.07.03-04.46.06:179][389]LogPlayLevel: PIE: World Init took: (0.003356s)
[2020.07.03-04.46.06:179][389]LogPlayLevel: PIE: Created PIE world by copying editor world from /Game/Maps/MyMap.MyMap to /Game/Maps/UEDPIE_0_MyMap.MyMap (0.015766s)
[2020.07.03-04.46.06:193][389]LogUObjectHash: Compacting FUObjectHashTables data took   1.20ms
[2020.07.03-04.46.06:199][389]LogAudioMixer: Display: Audio Mixer Platform Settings:
[2020.07.03-04.46.06:199][389]LogAudioMixer: Display: 	Sample Rate:						  48000
[2020.07.03-04.46.06:199][389]LogAudioMixer: Display: 	Callback Buffer Frame Size Requested: 1024
[2020.07.03-04.46.06:199][389]LogAudioMixer: Display: 	Callback Buffer Frame Size To Use:	  1024
[2020.07.03-04.46.06:199][389]LogAudioMixer: Display: 	Number of buffers to queue:			  2
[2020.07.03-04.46.06:199][389]LogAudioMixer: Display: 	Max Channels (voices):				  32
[2020.07.03-04.46.06:200][389]LogAudioMixer: Display: 	Number of Async Source Workers:		  0
[2020.07.03-04.46.06:200][389]LogAudio: Display: AudioDevice MaxSources: 32
[2020.07.03-04.46.06:201][389]LogAudio: Display: Using built-in audio occlusion.
[2020.07.03-04.46.06:201][389]LogAudioMixer: Display: Initializing audio mixer.
[2020.07.03-04.46.06:210][389]LogAudioMixer: Display: 0: FrontLeft
[2020.07.03-04.46.06:210][389]LogAudioMixer: Display: 1: FrontRight
[2020.07.03-04.46.06:286][389]LogAudioMixer: Display: Using Audio Device Headphones (SOUNDPEATS TrueWings  Stereo)
[2020.07.03-04.46.06:287][389]LogAudioMixer: Display: Initializing Sound Submixes...
[2020.07.03-04.46.06:287][389]LogAudioMixer: Display: Creating Master Submix 'MasterSubmixDefault'
[2020.07.03-04.46.06:287][389]LogAudioMixer: Display: Creating Master Submix 'MasterReverbSubmixDefault'
[2020.07.03-04.46.06:288][389]LogAudioMixer: Display: Creating Master Submix 'MasterEQSubmixDefault'
[2020.07.03-04.46.06:320][389]LogInit: FAudioDevice initialized.
[2020.07.03-04.46.06:342][389]LogLoad: Game class is 'BP_TestGameMode_C'
[2020.07.03-04.46.06:352][389]LogWorld: Bringing World /Game/Maps/UEDPIE_0_MyMap.MyMap up for play (max tick rate 0) at 2020.07.03-14.46.06
[2020.07.03-04.46.06:358][389]LogWorld: Bringing up level for play took: 0.007853
[2020.07.03-04.46.06:359][389]LogOnline: OSS: Creating online subsystem instance for: :Context_5
[2020.07.03-04.46.06:379][389]LogContentBrowser: Native class hierarchy updated for 'MovieSceneCapture' in 0.0007 seconds. Added 20 classes and 0 folders.
[2020.07.03-04.46.06:402][389]LogNet: ReplicationDriverClass is null! Not using ReplicationDriver.
[2020.07.03-04.46.06:403][389]LogNetCore: DDoS detection status: detection enabled: 0 analytics enabled: 0
[2020.07.03-04.46.06:404][389]LogInit: WinSock: Socket queue. Rx: 131072 (config 131072) Tx: 131072 (config 131072)
[2020.07.03-04.46.06:405][389]LogNet: Created socket for bind address: 0.0.0.0 on port 17777
[2020.07.03-04.46.06:406][389]PacketHandlerLog: Loaded PacketHandler component: Engine.EngineHandlerComponentFactory (StatelessConnectHandlerComponent)
[2020.07.03-04.46.06:407][389]LogNet: GameNetDriver IpNetDriver_0 IpNetDriver listening on port 17777
[2020.07.03-04.46.06:426][389]PIE: Server logged in
[2020.07.03-04.46.06:428][389]PIE: Play in editor total start time 0.287 seconds.
[2020.07.03-04.46.09:095][609]LogBlueprintUserMessages: [TestPickup_2] Server: 
[2020.07.03-04.46.09:095][609]LogBlueprintUserMessages: [Powerup_Regen_C_0] Server: PowerupActivate
[2020.07.03-04.46.09:605][653]LogTemp: Health Changed: 20.0 (+20.0)
[2020.07.03-04.46.09:626][653]LogBlueprintUserMessages: [Powerup_Regen_C_0] Server: TICKED
[2020.07.03-04.46.09:626][653]LogBlueprintUserMessages: [Powerup_Regen_C_0] Server: EXPIRED
[2020.07.03-04.46.11:350][800]LogBlueprintUserMessages: [TestPickup2] Server: 
[2020.07.03-04.46.11:350][800]LogBlueprintUserMessages: [Powerup_SuperSpeed_C_0] Server: PowerupActivate
[2020.07.03-04.46.12:026][855]LogBlueprintUserMessages: [TestPickup2] Server: 
[2020.07.03-04.46.14:104][ 50]LogTemp: Health Changed: 80.0
[2020.07.03-04.46.14:104][ 50]LogTemp: Healh 80.0 of BP_TrackerBot3_5
[2020.07.03-04.46.14:189][ 57]LogTemp: Health Changed: 60.0
[2020.07.03-04.46.14:190][ 57]LogTemp: Healh 60.0 of BP_TrackerBot3_5
[2020.07.03-04.46.14:592][ 90]LogTemp: Health Changed: 40.0
[2020.07.03-04.46.14:592][ 90]LogTemp: Healh 40.0 of BP_TrackerBot3_5
[2020.07.03-04.46.14:789][109]LogTemp: Health Changed: 20.0
[2020.07.03-04.46.14:790][109]LogTemp: Healh 20.0 of BP_TrackerBot3_5
[2020.07.03-04.46.14:895][119]LogTemp: Health Changed: 0.0
[2020.07.03-04.46.14:896][119]LogTemp: Healh 0.0 of BP_TrackerBot3_5
[2020.07.03-04.46.14:906][119]PIE: Warning: Invalid Simulate Options: Body (BP_TrackerBot3_5.MeshComp TrackerBot) is set to simulate physics but Collision Enabled is incompatible
[2020.07.03-04.46.14:907][119]PIE: Warning: Invalid Simulate Options: Body (BP_TrackerBot3_5.MeshComp TrackerBot) is set to simulate physics but Collision Enabled is incompatible
[2020.07.03-04.46.18:638][468]LogBlueprintUserMessages: [TestPickup_2] Server: 
[2020.07.03-04.46.18:639][468]LogBlueprintUserMessages: [Powerup_Regen_C_1] Server: PowerupActivate
[2020.07.03-04.46.19:148][516]LogTemp: Health Changed: 20.0 (+20.0)
[2020.07.03-04.46.19:149][516]LogBlueprintUserMessages: [Powerup_Regen_C_1] Server: TICKED
[2020.07.03-04.46.19:149][516]LogBlueprintUserMessages: [Powerup_Regen_C_1] Server: EXPIRED
[2020.07.03-04.46.19:523][552]LogBlueprintUserMessages: [TestPickup2] Server: 
[2020.07.03-04.46.19:523][552]LogBlueprintUserMessages: [Powerup_SuperSpeed_C_1] Server: PowerupActivate
[2020.07.03-04.46.21:360][734]LogBlueprintUserMessages: [Powerup_SuperSpeed_C_0] Server: TICKED
[2020.07.03-04.46.21:360][734]LogBlueprintUserMessages: [Powerup_SuperSpeed_C_0] Server: EXPIRED
[2020.07.03-04.46.22:957][887]LogBlueprintUserMessages: [TestPickup2] Server: 
[2020.07.03-04.46.25:409][124]LogBlueprintUserMessages: [BP_TargetDummy2] Server: 20.0
[2020.07.03-04.46.25:594][139]LogBlueprintUserMessages: [BP_TargetDummy2] Server: 20.0
[2020.07.03-04.46.25:689][146]LogBlueprintUserMessages: [BP_TargetDummy2] Server: 20.0
[2020.07.03-04.46.25:786][154]LogBlueprintUserMessages: [BP_TargetDummy2] Server: 20.0
[2020.07.03-04.46.25:888][162]LogBlueprintUserMessages: [BP_TargetDummy2] Server: 20.0
[2020.07.03-04.46.25:995][170]LogBlueprintUserMessages: [BP_TargetDummy2] Server: 20.0
[2020.07.03-04.46.26:092][177]LogBlueprintUserMessages: [BP_TargetDummy2] Server: 20.0
[2020.07.03-04.46.26:198][185]LogTemp: Health Changed: 80.0
[2020.07.03-04.46.26:394][200]LogTemp: Health Changed: 80.0
[2020.07.03-04.46.26:489][207]LogTemp: Health Changed: 60.0
[2020.07.03-04.46.26:695][221]LogTemp: Health Changed: 40.0
[2020.07.03-04.46.26:793][228]LogTemp: Health Changed: 20.0
[2020.07.03-04.46.26:893][236]LogTemp: Health Changed: 0.0
[2020.07.03-04.46.26:894][236]LogBlueprintUserMessages: [BP_TargetDummy2] Server: radial DAMAGE
[2020.07.03-04.46.26:993][243]LogTemp: Health Changed: 0.0
[2020.07.03-04.46.27:096][252]LogTemp: Health Changed: 0.0
[2020.07.03-04.46.28:106][333]LogOnlineSession: Warning: OSS: No game present to leave for session (GameSession)
[2020.07.03-04.46.28:107][333]LogSlate: Updating window title bar state: overlay mode, drag disabled, window buttons hidden, title bar hidden
[2020.07.03-04.46.28:107][333]LogWorld: BeginTearingDown for /Game/Maps/UEDPIE_0_MyMap
[2020.07.03-04.46.28:109][333]LogWorld: UWorld::CleanupWorld for MyMap, bSessionEnded=true, bCleanupResources=true
[2020.07.03-04.46.28:110][333]LogSlate: InvalidateAllWidgets triggered.  All widgets were invalidated
[2020.07.03-04.46.28:126][333]LogNet: World NetDriver shutdown IpNetDriver_0 [GameNetDriver]
[2020.07.03-04.46.28:126][333]LogNet: DestroyNamedNetDriver IpNetDriver_0 [GameNetDriver]
[2020.07.03-04.46.28:126][333]LogExit: GameNetDriver IpNetDriver_0 shut down
[2020.07.03-04.46.28:129][333]LogPlayLevel: Display: Shutting down PIE online subsystems
[2020.07.03-04.46.28:131][333]LogSlate: InvalidateAllWidgets triggered.  All widgets were invalidated
[2020.07.03-04.46.28:224][333]LogSlate: Updating window title bar state: overlay mode, drag disabled, window buttons hidden, title bar hidden
[2020.07.03-04.46.28:274][333]LogAISub: UAISubsystem::~UAISubsystem AIPerceptionSystem (000001C7638FEFC0), frame # 3333
[2020.07.03-04.46.28:274][333]LogAISub: UAISubsystem::~UAISubsystem EnvQueryManager (000001C74CE4BE00), frame # 3333
[2020.07.03-04.46.28:276][333]LogUObjectHash: Compacting FUObjectHashTables data took   1.00ms
[2020.07.03-04.46.28:434][333]LogSlate: Took 0.010271 seconds to synchronously load lazily loaded font '../../../Engine/Content/Slate/Fonts/DroidSansMono.ttf' (77K)
[2020.07.03-04.46.28:480][334]LogPlayLevel: Display: Destroying online subsystem :Context_5
[2020.07.03-04.47.01:381][410]LogSlate: Window 'Message Log' being destroyed
[2020.07.03-04.47.01:393][410]LogSlate: Window 'Message Log' being destroyed
[2020.07.03-04.55.54:135][164]LogSlate: Took 0.000487 seconds to synchronously load lazily loaded font '../../../Engine/Content/Slate/Fonts/Roboto-Light.ttf' (167K)
[2020.07.03-05.12.39:714][135]LogAssetEditorSubsystem: Opening Asset editor for Blueprint /Game/Powerups/TestPickup.TestPickup
[2020.07.03-05.12.40:924][135]LogContentBrowser: Native class hierarchy updated for 'BlueprintGraph' in 0.0010 seconds. Added 125 classes and 0 folders.
[2020.07.03-05.12.43:290][135]LogSlate: Took 0.010344 seconds to synchronously load lazily loaded font '../../../Engine/Content/Slate/Fonts/Roboto-BoldCondensed.ttf' (158K)
[2020.07.03-05.12.49:229][216]BlueprintLog: New page: Compile TestPickup
[2020.07.03-05.12.49:300][216]LogUObjectHash: Compacting FUObjectHashTables data took   3.83ms
[2020.07.03-05.12.49:369][216]Cmd: OBJ SAVEPACKAGE PACKAGE="/Game/Powerups/TestPickup" FILE="../../../../../../UnrealTutorialLooman/UnrealTutorialLooman/CoOpGame/Content/Powerups/TestPickup.uasset" SILENT=true
[2020.07.03-05.12.49:458][216]LogSavePackage: Moving '../../../../../../UnrealTutorialLooman/UnrealTutorialLooman/CoOpGame/Saved/TestPickupD3FA0FD14E5D4B92CD1A96B31C5218A4.tmp' to '../../../../../../UnrealTutorialLooman/UnrealTutorialLooman/CoOpGame/Content/Powerups/TestPickup.uasset'
[2020.07.03-05.12.49:489][216]AssetCheck: New page: Asset Save: TestPickup
[2020.07.03-05.12.49:489][216]LogContentValidation: Display: Validating Blueprint /Game/Powerups/TestPickup.TestPickup
[2020.07.03-05.12.51:186][285]LogSlate: Window 'TestPickup' being destroyed
[2020.07.03-05.12.51:198][285]LogSlate: Window 'TestPickup' being destroyed
[2020.07.03-05.12.51:200][285]LogWorld: UWorld::CleanupWorld for World_4, bSessionEnded=true, bCleanupResources=true
[2020.07.03-05.12.51:201][285]LogSlate: InvalidateAllWidgets triggered.  All widgets were invalidated
[2020.07.03-05.12.53:988][375]LogAssetEditorSubsystem: Opening Asset editor for Blueprint /Game/Powerups/Powerup_Regen.Powerup_Regen
[2020.07.03-05.12.54:867][376]LogSlate: Took 0.009979 seconds to synchronously load lazily loaded font '../../../Engine/Content/Slate/Fonts/Roboto-Italic.ttf' (157K)
[2020.07.03-05.12.58:085][477]BlueprintLog: New page: Compile Powerup_Regen
[2020.07.03-05.12.58:162][477]LogUObjectHash: Compacting FUObjectHashTables data took   4.54ms
[2020.07.03-05.12.58:248][477]Cmd: OBJ SAVEPACKAGE PACKAGE="/Game/Powerups/Powerup_Regen" FILE="../../../../../../UnrealTutorialLooman/UnrealTutorialLooman/CoOpGame/Content/Powerups/Powerup_Regen.uasset" SILENT=true
[2020.07.03-05.12.58:346][477]LogSavePackage: Moving '../../../../../../UnrealTutorialLooman/UnrealTutorialLooman/CoOpGame/Saved/Powerup_RegenD08A85A54B75DFF780F5A8B007412988.tmp' to '../../../../../../UnrealTutorialLooman/UnrealTutorialLooman/CoOpGame/Content/Powerups/Powerup_Regen.uasset'
[2020.07.03-05.12.58:368][477]AssetCheck: New page: Asset Save: Powerup_Regen
[2020.07.03-05.12.58:369][477]LogContentValidation: Display: Validating Blueprint /Game/Powerups/Powerup_Regen.Powerup_Regen
[2020.07.03-05.12.59:425][511]LogSlate: Window 'Powerup_Regen' being destroyed
[2020.07.03-05.12.59:435][511]LogSlate: Window 'Powerup_Regen' being destroyed
[2020.07.03-05.12.59:436][511]LogWorld: UWorld::CleanupWorld for World_5, bSessionEnded=true, bCleanupResources=true
[2020.07.03-05.12.59:437][511]LogSlate: InvalidateAllWidgets triggered.  All widgets were invalidated
[2020.07.03-05.13.51:982][385]LogUObjectHash: Compacting FUObjectHashTables data took   2.94ms
[2020.07.03-05.13.52:072][385]LogSavePackage: Moving '../../../../../../UnrealTutorialLooman/UnrealTutorialLooman/CoOpGame/Saved/MyMap_Auto11E101EB24CBF7370A56947BCF1156407.tmp' to '../../../../../../UnrealTutorialLooman/UnrealTutorialLooman/CoOpGame/Saved/Autosaves/Game/Maps/MyMap_Auto1.umap'
[2020.07.03-05.13.52:086][385]LogFileHelpers: Editor autosave (incl. sublevels) for '/Game/Maps/MyMap' took 0.131
[2020.07.03-05.13.52:086][385]LogFileHelpers: Editor autosave (incl. sublevels) for all levels took 0.131
