Log file open, 07/01/20 17:01:37
LogInit: Display: Running engine for game: CoOpGame
LogPlatformFile: Not using cached read wrapper
LogTaskGraph: Started task graph with 5 named threads and 23 total threads with 3 sets of task threads.
LogStats: Stats thread started at 12.441300
LogD3D11RHI: Loaded GFSDK_Aftermath_Lib.x64.dll
LogICUInternationalization: ICU TimeZone Detection - Raw Offset: +10:00, Platform Override: ''
LogPluginManager: Mounting plugin Paper2D
LogPluginManager: Mounting plugin AISupport
LogPluginManager: Mounting plugin LightPropagationVolume
LogPluginManager: Mounting plugin CameraShakePreviewer
LogPluginManager: Mounting plugin ActorLayerUtilities
LogPluginManager: Mounting plugin AnimationSharing
LogPluginManager: Mounting plugin CLionSourceCodeAccess
LogPluginManager: Mounting plugin CodeLiteSourceCodeAccess
LogPluginManager: Mounting plugin GitSourceControl
LogPluginManager: Mounting plugin KDevelopSourceCodeAccess
LogPluginManager: Mounting plugin NullSourceCodeAccess
LogPluginManager: Mounting plugin PerforceSourceControl
LogPluginManager: Mounting plugin PlasticSourceControl
LogPluginManager: Mounting plugin RiderSourceCodeAccess
LogPluginManager: Mounting plugin SubversionSourceControl
LogPluginManager: Mounting plugin UObjectPlugin
LogPluginManager: Mounting plugin VisualStudioCodeSourceCodeAccess
LogPluginManager: Mounting plugin VisualStudioSourceCodeAccess
LogPluginManager: Mounting plugin XCodeSourceCodeAccess
LogPluginManager: Mounting plugin AssetManagerEditor
LogPluginManager: Mounting plugin CryptoKeys
LogPluginManager: Mounting plugin CurveEditorTools
LogPluginManager: Mounting plugin DataValidation
LogPluginManager: Mounting plugin EditorScriptingUtilities
LogPluginManager: Mounting plugin FacialAnimation
LogPluginManager: Mounting plugin GameplayTagsEditor
LogPluginManager: Mounting plugin GeometryMode
LogPluginManager: Mounting plugin MacGraphicsSwitching
LogPluginManager: Mounting plugin MaterialAnalyzer
LogPluginManager: Mounting plugin MobileLauncherProfileWizard
LogPluginManager: Mounting plugin PluginBrowser
LogPluginManager: Mounting plugin SpeedTreeImporter
LogPluginManager: Mounting plugin DatasmithContent
LogPluginManager: Mounting plugin VariantManagerContent
LogPluginManager: Mounting plugin AlembicImporter
LogPluginManager: Mounting plugin AutomationUtils
LogPluginManager: Mounting plugin BackChannel
LogPluginManager: Mounting plugin ChaosCloth
LogPluginManager: Mounting plugin ChaosClothEditor
LogPluginManager: Mounting plugin ChaosEditor
LogPluginManager: Mounting plugin ChaosNiagara
LogPluginManager: Mounting plugin ChaosSolverPlugin
LogPluginManager: Mounting plugin CharacterAI
LogPluginManager: Mounting plugin GeometryCache
LogPluginManager: Mounting plugin GeometryCollectionPlugin
LogPluginManager: Mounting plugin GeometryProcessing
LogPluginManager: Mounting plugin PlanarCut
LogPluginManager: Mounting plugin PlatformCrypto
LogPluginManager: Mounting plugin ProxyLODPlugin
LogPluginManager: Mounting plugin SkeletalReduction
LogPluginManager: Mounting plugin Niagara
LogPluginManager: Mounting plugin MagicLeap
LogPluginManager: Mounting plugin MagicLeapLightEstimation
LogPluginManager: Mounting plugin MagicLeapMedia
LogPluginManager: Mounting plugin MagicLeapPassableWorld
LogPluginManager: Mounting plugin MLSDK
LogPluginManager: Mounting plugin AndroidMedia
LogPluginManager: Mounting plugin AvfMedia
LogPluginManager: Mounting plugin ImgMedia
LogPluginManager: Mounting plugin MediaCompositing
LogPluginManager: Mounting plugin MediaPlayerEditor
LogPluginManager: Mounting plugin WebMMedia
LogPluginManager: Mounting plugin WmfMedia
LogPluginManager: Mounting plugin MeshPainting
LogPluginManager: Mounting plugin TcpMessaging
LogPluginManager: Mounting plugin UdpMessaging
LogPluginManager: Mounting plugin ActorSequence
LogPluginManager: Mounting plugin LevelSequenceEditor
LogPluginManager: Mounting plugin MatineeToLevelSequence
LogPluginManager: Mounting plugin MovieRenderPipeline
LogPluginManager: Mounting plugin TemplateSequence
LogPluginManager: Mounting plugin NetcodeUnitTest
LogPluginManager: Mounting plugin NUTUnrealEngine4
LogPluginManager: Mounting plugin OnlineSubsystemGooglePlay
LogPluginManager: Mounting plugin OnlineSubsystemIOS
LogPluginManager: Mounting plugin OnlineSubsystem
LogPluginManager: Mounting plugin OnlineSubsystemNull
LogPluginManager: Mounting plugin OnlineSubsystemUtils
LogPluginManager: Mounting plugin LauncherChunkInstaller
LogPluginManager: Mounting plugin AndroidDeviceProfileSelector
LogPluginManager: Mounting plugin AndroidMoviePlayer
LogPluginManager: Mounting plugin AndroidPermission
LogPluginManager: Mounting plugin AppleImageUtils
LogPluginManager: Mounting plugin AppleMoviePlayer
LogPluginManager: Mounting plugin ArchVisCharacter
LogPluginManager: Mounting plugin AssetTags
LogPluginManager: Mounting plugin AudioCapture
LogPluginManager: Mounting plugin CableComponent
LogPluginManager: Mounting plugin CustomMeshComponent
LogPluginManager: Mounting plugin EditableMesh
LogPluginManager: Mounting plugin ExampleDeviceProfileSelector
LogPluginManager: Mounting plugin GoogleCloudMessaging
LogPluginManager: Mounting plugin GooglePAD
LogPluginManager: Mounting plugin IOSDeviceProfileSelector
LogPluginManager: Mounting plugin LinuxDeviceProfileSelector
LogPluginManager: Mounting plugin LocationServicesBPLibrary
LogPluginManager: Mounting plugin MobilePatchingUtils
LogPluginManager: Mounting plugin OculusVR
LogPluginManager: Mounting plugin PhysXVehicles
LogPluginManager: Mounting plugin PostSplashScreen
LogPluginManager: Mounting plugin ProceduralMeshComponent
LogPluginManager: Mounting plugin RuntimePhysXCooking
LogPluginManager: Mounting plugin SignificanceManager
LogPluginManager: Mounting plugin SoundFields
LogPluginManager: Mounting plugin SteamVR
LogPluginManager: Mounting plugin Synthesis
LogPluginManager: Mounting plugin WebMMoviePlayer
LogPluginManager: Mounting plugin WindowsMoviePlayer
LogPluginManager: Mounting plugin ScreenshotTools
LogInit: Using libcurl 7.55.1-DEV
LogInit:  - built for x86_64-pc-win32
LogInit:  - supports SSL with OpenSSL/1.1.1
LogInit:  - supports HTTP deflate (compression) using libz 1.2.8
LogInit:  - other features:
LogInit:      CURL_VERSION_SSL
LogInit:      CURL_VERSION_LIBZ
LogInit:      CURL_VERSION_IPV6
LogInit:      CURL_VERSION_ASYNCHDNS
LogInit:      CURL_VERSION_LARGEFILE
LogInit:      CURL_VERSION_IDN
LogInit:  CurlRequestOptions (configurable via config and command line):
LogInit:  - bVerifyPeer = true  - Libcurl will verify peer certificate
LogInit:  - bUseHttpProxy = false  - Libcurl will NOT use HTTP proxy
LogInit:  - bDontReuseConnections = false  - Libcurl will reuse connections
LogInit:  - MaxHostConnections = 16  - Libcurl will limit the number of connections to a host
LogInit:  - LocalHostAddr = Default
LogInit:  - BufferSize = 65536
LogOnline: OSS: Creating online subsystem instance for: NULL
LogInit: WinSock: version 1.1 (2.2), MaxSocks=32767, MaxUdp=65467
LogOnline: OSS: TryLoadSubsystemAndSetDefault: Loaded subsystem for module [NULL]
LogOculusPluginWrapper: OculusPlugin initialized successfully
LogHMD: Failed initializing OVRPlugin 1.44.0
LogInit: Build: ++UE4+Release-4.25-CL-13594126
LogInit: Engine Version: 4.25.1-13594126+++UE4+Release-4.25
LogInit: Compatible Engine Version: 4.25.0-13144385+++UE4+Release-4.25
LogInit: Net CL: 13144385
LogInit: OS: Windows 10 (Release 1909) (), CPU: AMD Ryzen 7 3750H with Radeon Vega Mobile Gfx  , GPU: AMD Radeon(TM) RX Vega 10 Graphics
LogInit: Compiled (64-bit): Jun  2 2020 02:10:36
LogInit: Compiled with Visual C++: 19.24.28315.00
LogInit: Build Configuration: Development
LogInit: Branch Name: ++UE4+Release-4.25
LogInit: Command Line:  -skipcompile
LogInit: Base Directory: C:/Program Files/Epic Games/UE_4.25/Engine/Binaries/Win64/
LogInit: Allocator: TBB
LogInit: Installed Engine Build: 1
LogDevObjectVersion: Number of dev versions registered: 26
LogDevObjectVersion:   Dev-Blueprints (B0D832E4-1F89-4F0D-ACCF-7EB736FD4AA2): 10
LogDevObjectVersion:   Dev-Build (E1C64328-A22C-4D53-A36C-8E866417BD8C): 0
LogDevObjectVersion:   Dev-Core (375EC13C-06E4-48FB-B500-84F0262A717E): 4
LogDevObjectVersion:   Dev-Editor (E4B068ED-F494-42E9-A231-DA0B2E46BB41): 38
LogDevObjectVersion:   Dev-Framework (CFFC743F-43B0-4480-9391-14DF171D2073): 37
LogDevObjectVersion:   Dev-Mobile (B02B49B5-BB20-44E9-A304-32B752E40360): 2
LogDevObjectVersion:   Dev-Networking (A4E4105C-59A1-49B5-A7C5-40C4547EDFEE): 0
LogDevObjectVersion:   Dev-Online (39C831C9-5AE6-47DC-9A44-9C173E1C8E7C): 0
LogDevObjectVersion:   Dev-Physics (78F01B33-EBEA-4F98-B9B4-84EACCB95AA2): 4
LogDevObjectVersion:   Dev-Platform (6631380F-2D4D-43E0-8009-CF276956A95A): 0
LogDevObjectVersion:   Dev-Rendering (12F88B9F-8875-4AFC-A67C-D90C383ABD29): 43
LogDevObjectVersion:   Dev-Sequencer (7B5AE74C-D270-4C10-A958-57980B212A5A): 12
LogDevObjectVersion:   Dev-VR (D7296918-1DD6-4BDD-9DE2-64A83CC13884): 3
LogDevObjectVersion:   Dev-LoadTimes (C2A15278-BFE7-4AFE-6C17-90FF531DF755): 1
LogDevObjectVersion:   Private-Geometry (6EACA3D4-40EC-4CC1-B786-8BED09428FC5): 3
LogDevObjectVersion:   Dev-AnimPhys (29E575DD-E0A3-4627-9D10-D276232CDCEA): 17
LogDevObjectVersion:   Dev-Anim (AF43A65D-7FD3-4947-9873-3E8ED9C1BB05): 7
LogDevObjectVersion:   Dev-ReflectionCapture (6B266CEC-1EC7-4B8F-A30B-E4D90942FC07): 1
LogDevObjectVersion:   Dev-Automation (0DF73D61-A23F-47EA-B727-89E90C41499A): 1
LogDevObjectVersion:   FortniteMain (601D1886-AC64-4F84-AA16-D3DE0DEAC7D6): 31
LogDevObjectVersion:   Dev-Enterprise (9DFFBCD6-494F-0158-E221-12823C92A888): 10
LogDevObjectVersion:   Dev-Niagara (F2AED0AC-9AFE-416F-8664-AA7FFA26D6FC): 1
LogDevObjectVersion:   Dev-Destruction (174F1F0B-B4C6-45A5-B13F-2EE8D0FB917D): 10
LogDevObjectVersion:   Dev-Physics-Ext (35F94A83-E258-406C-A318-09F59610247C): 37
LogDevObjectVersion:   Dev-PhysicsMaterial-Chaos (B68FC16E-8B1B-42E2-B453-215C058844FE): 1
LogDevObjectVersion:   Dev-CineCamera (B2E18506-4273-CFC2-A54E-F4BB758BBA07): 1
LogInit: Presizing for max 25165824 objects, including 0 objects not considered by GC, pre-allocating 0 bytes for permanent pool.
LogConfig: Applying CVar settings from Section [/Script/Engine.StreamingSettings] File [C:/UnrealTutorialLooman/UnrealTutorialLooman/CoOpGame/Saved/Config/Windows/Engine.ini]
LogConfig: Setting CVar [[s.MinBulkDataSizeForAsyncLoading:131072]]
LogConfig: Setting CVar [[s.AsyncLoadingThreadEnabled:0]]
LogConfig: Setting CVar [[s.EventDrivenLoaderEnabled:1]]
LogConfig: Setting CVar [[s.WarnIfTimeLimitExceeded:0]]
LogConfig: Setting CVar [[s.TimeLimitExceededMultiplier:1.5]]
LogConfig: Setting CVar [[s.TimeLimitExceededMinTime:0.005]]
LogConfig: Setting CVar [[s.UseBackgroundLevelStreaming:1]]
LogConfig: Setting CVar [[s.PriorityAsyncLoadingExtraTime:15.0]]
LogConfig: Setting CVar [[s.LevelStreamingActorsUpdateTimeLimit:5.0]]
LogConfig: Setting CVar [[s.PriorityLevelStreamingActorsUpdateExtraTime:5.0]]
LogConfig: Setting CVar [[s.LevelStreamingComponentsRegistrationGranularity:10]]
LogConfig: Setting CVar [[s.UnregisterComponentsTimeLimit:1.0]]
LogConfig: Setting CVar [[s.LevelStreamingComponentsUnregistrationGranularity:5]]
LogConfig: Setting CVar [[s.FlushStreamingOnExit:1]]
LogInit: Object subsystem initialized
LogConfig: Setting CVar [[con.DebugEarlyDefault:1]]
LogConfig: Setting CVar [[r.setres:1280x720]]
[2020.07.01-07.01.39:185][  0]LogConfig: Setting CVar [[r.VSync:0]]
[2020.07.01-07.01.39:185][  0]LogConfig: Setting CVar [[r.RHICmdBypass:0]]
[2020.07.01-07.01.39:185][  0]LogConfig: Applying CVar settings from Section [/Script/Engine.RendererSettings] File [C:/UnrealTutorialLooman/UnrealTutorialLooman/CoOpGame/Saved/Config/Windows/Engine.ini]
[2020.07.01-07.01.39:185][  0]LogConfig: Setting CVar [[r.GPUCrashDebugging:0]]
[2020.07.01-07.01.39:185][  0]LogConfig: Applying CVar settings from Section [/Script/Engine.RendererOverrideSettings] File [C:/UnrealTutorialLooman/UnrealTutorialLooman/CoOpGame/Saved/Config/Windows/Engine.ini]
[2020.07.01-07.01.39:185][  0]LogConfig: Applying CVar settings from Section [/Script/Engine.StreamingSettings] File [C:/UnrealTutorialLooman/UnrealTutorialLooman/CoOpGame/Saved/Config/Windows/Engine.ini]
[2020.07.01-07.01.39:185][  0]LogConfig: Setting CVar [[s.MinBulkDataSizeForAsyncLoading:131072]]
[2020.07.01-07.01.39:185][  0]LogConfig: Setting CVar [[s.AsyncLoadingThreadEnabled:0]]
[2020.07.01-07.01.39:185][  0]LogConfig: Setting CVar [[s.EventDrivenLoaderEnabled:1]]
[2020.07.01-07.01.39:186][  0]LogConfig: Setting CVar [[s.WarnIfTimeLimitExceeded:0]]
[2020.07.01-07.01.39:186][  0]LogConfig: Setting CVar [[s.TimeLimitExceededMultiplier:1.5]]
[2020.07.01-07.01.39:186][  0]LogConfig: Setting CVar [[s.TimeLimitExceededMinTime:0.005]]
[2020.07.01-07.01.39:186][  0]LogConfig: Setting CVar [[s.UseBackgroundLevelStreaming:1]]
[2020.07.01-07.01.39:186][  0]LogConfig: Setting CVar [[s.PriorityAsyncLoadingExtraTime:15.0]]
[2020.07.01-07.01.39:186][  0]LogConfig: Setting CVar [[s.LevelStreamingActorsUpdateTimeLimit:5.0]]
[2020.07.01-07.01.39:186][  0]LogConfig: Setting CVar [[s.PriorityLevelStreamingActorsUpdateExtraTime:5.0]]
[2020.07.01-07.01.39:186][  0]LogConfig: Setting CVar [[s.LevelStreamingComponentsRegistrationGranularity:10]]
[2020.07.01-07.01.39:186][  0]LogConfig: Setting CVar [[s.UnregisterComponentsTimeLimit:1.0]]
[2020.07.01-07.01.39:186][  0]LogConfig: Setting CVar [[s.LevelStreamingComponentsUnregistrationGranularity:5]]
[2020.07.01-07.01.39:186][  0]LogConfig: Setting CVar [[s.FlushStreamingOnExit:1]]
[2020.07.01-07.01.39:186][  0]LogConfig: Applying CVar settings from Section [/Script/Engine.GarbageCollectionSettings] File [C:/UnrealTutorialLooman/UnrealTutorialLooman/CoOpGame/Saved/Config/Windows/Engine.ini]
[2020.07.01-07.01.39:186][  0]LogConfig: Setting CVar [[gc.MaxObjectsNotConsideredByGC:1]]
[2020.07.01-07.01.39:186][  0]LogConfig: Setting CVar [[gc.SizeOfPermanentObjectPool:0]]
[2020.07.01-07.01.39:186][  0]LogConfig: Setting CVar [[gc.FlushStreamingOnGC:0]]
[2020.07.01-07.01.39:186][  0]LogConfig: Setting CVar [[gc.NumRetriesBeforeForcingGC:10]]
[2020.07.01-07.01.39:186][  0]LogConfig: Setting CVar [[gc.AllowParallelGC:1]]
[2020.07.01-07.01.39:186][  0]LogConfig: Setting CVar [[gc.TimeBetweenPurgingPendingKillObjects:61.1]]
[2020.07.01-07.01.39:186][  0]LogConfig: Setting CVar [[gc.MaxObjectsInEditor:25165824]]
[2020.07.01-07.01.39:186][  0]LogConfig: Setting CVar [[gc.IncrementalBeginDestroyEnabled:1]]
[2020.07.01-07.01.39:187][  0]LogConfig: Setting CVar [[gc.CreateGCClusters:1]]
[2020.07.01-07.01.39:187][  0]LogConfig: Setting CVar [[gc.MinGCClusterSize:5]]
[2020.07.01-07.01.39:187][  0]LogConfig: Setting CVar [[gc.ActorClusteringEnabled:0]]
[2020.07.01-07.01.39:187][  0]LogConfig: Setting CVar [[gc.BlueprintClusteringEnabled:0]]
[2020.07.01-07.01.39:187][  0]LogConfig: Setting CVar [[gc.UseDisregardForGCOnDedicatedServers:0]]
[2020.07.01-07.01.39:187][  0]LogConfig: Applying CVar settings from Section [/Script/Engine.NetworkSettings] File [C:/UnrealTutorialLooman/UnrealTutorialLooman/CoOpGame/Saved/Config/Windows/Engine.ini]
[2020.07.01-07.01.39:187][  0]LogConfig: Applying CVar settings from Section [/Script/UnrealEd.CookerSettings] File [C:/UnrealTutorialLooman/UnrealTutorialLooman/CoOpGame/Saved/Config/Windows/Engine.ini]
[2020.07.01-07.01.39:193][  0]LogConfig: Applying CVar settings from Section [ViewDistanceQuality@3] File [C:/UnrealTutorialLooman/UnrealTutorialLooman/CoOpGame/Saved/Config/Windows/Scalability.ini]
[2020.07.01-07.01.39:193][  0]LogConfig: Setting CVar [[r.SkeletalMeshLODBias:0]]
[2020.07.01-07.01.39:193][  0]LogConfig: Setting CVar [[r.ViewDistanceScale:1.0]]
[2020.07.01-07.01.39:193][  0]LogConfig: Applying CVar settings from Section [AntiAliasingQuality@3] File [C:/UnrealTutorialLooman/UnrealTutorialLooman/CoOpGame/Saved/Config/Windows/Scalability.ini]
[2020.07.01-07.01.39:193][  0]LogConfig: Setting CVar [[r.PostProcessAAQuality:4]]
[2020.07.01-07.01.39:193][  0]LogConfig: Applying CVar settings from Section [ShadowQuality@3] File [C:/UnrealTutorialLooman/UnrealTutorialLooman/CoOpGame/Saved/Config/Windows/Scalability.ini]
[2020.07.01-07.01.39:193][  0]LogConfig: Setting CVar [[r.LightFunctionQuality:1]]
[2020.07.01-07.01.39:193][  0]LogConfig: Setting CVar [[r.ShadowQuality:5]]
[2020.07.01-07.01.39:193][  0]LogConfig: Setting CVar [[r.Shadow.CSM.MaxCascades:10]]
[2020.07.01-07.01.39:193][  0]LogConfig: Setting CVar [[r.Shadow.MaxResolution:2048]]
[2020.07.01-07.01.39:193][  0]LogConfig: Setting CVar [[r.Shadow.MaxCSMResolution:2048]]
[2020.07.01-07.01.39:193][  0]LogConfig: Setting CVar [[r.Shadow.RadiusThreshold:0.01]]
[2020.07.01-07.01.39:193][  0]LogConfig: Setting CVar [[r.Shadow.DistanceScale:1.0]]
[2020.07.01-07.01.39:194][  0]LogConfig: Setting CVar [[r.Shadow.CSM.TransitionScale:1.0]]
[2020.07.01-07.01.39:194][  0]LogConfig: Setting CVar [[r.Shadow.PreShadowResolutionFactor:1.0]]
[2020.07.01-07.01.39:194][  0]LogConfig: Setting CVar [[r.DistanceFieldShadowing:1]]
[2020.07.01-07.01.39:194][  0]LogConfig: Setting CVar [[r.DistanceFieldAO:1]]
[2020.07.01-07.01.39:194][  0]LogConfig: Setting CVar [[r.AOQuality:2]]
[2020.07.01-07.01.39:194][  0]LogConfig: Setting CVar [[r.VolumetricFog:1]]
[2020.07.01-07.01.39:194][  0]LogConfig: Setting CVar [[r.VolumetricFog.GridPixelSize:8]]
[2020.07.01-07.01.39:194][  0]LogConfig: Setting CVar [[r.VolumetricFog.GridSizeZ:128]]
[2020.07.01-07.01.39:194][  0]LogConfig: Setting CVar [[r.VolumetricFog.HistoryMissSupersampleCount:4]]
[2020.07.01-07.01.39:194][  0]LogConfig: Setting CVar [[r.LightMaxDrawDistanceScale:1]]
[2020.07.01-07.01.39:194][  0]LogConfig: Setting CVar [[r.CapsuleShadows:1]]
[2020.07.01-07.01.39:194][  0]LogConfig: Applying CVar settings from Section [PostProcessQuality@3] File [C:/UnrealTutorialLooman/UnrealTutorialLooman/CoOpGame/Saved/Config/Windows/Scalability.ini]
[2020.07.01-07.01.39:194][  0]LogConfig: Setting CVar [[r.MotionBlurQuality:4]]
[2020.07.01-07.01.39:194][  0]LogConfig: Setting CVar [[r.AmbientOcclusionMipLevelFactor:0.4]]
[2020.07.01-07.01.39:194][  0]LogConfig: Setting CVar [[r.AmbientOcclusionMaxQuality:100]]
[2020.07.01-07.01.39:194][  0]LogConfig: Setting CVar [[r.AmbientOcclusionLevels:-1]]
[2020.07.01-07.01.39:194][  0]LogConfig: Setting CVar [[r.AmbientOcclusionRadiusScale:1.0]]
[2020.07.01-07.01.39:194][  0]LogConfig: Setting CVar [[r.DepthOfFieldQuality:2]]
[2020.07.01-07.01.39:195][  0]LogConfig: Setting CVar [[r.RenderTargetPoolMin:400]]
[2020.07.01-07.01.39:195][  0]LogConfig: Setting CVar [[r.LensFlareQuality:2]]
[2020.07.01-07.01.39:195][  0]LogConfig: Setting CVar [[r.SceneColorFringeQuality:1]]
[2020.07.01-07.01.39:195][  0]LogConfig: Setting CVar [[r.EyeAdaptationQuality:2]]
[2020.07.01-07.01.39:195][  0]LogConfig: Setting CVar [[r.BloomQuality:5]]
[2020.07.01-07.01.39:195][  0]LogConfig: Setting CVar [[r.FastBlurThreshold:100]]
[2020.07.01-07.01.39:195][  0]LogConfig: Setting CVar [[r.Upscale.Quality:3]]
[2020.07.01-07.01.39:195][  0]LogConfig: Setting CVar [[r.Tonemapper.GrainQuantization:1]]
[2020.07.01-07.01.39:195][  0]LogConfig: Setting CVar [[r.LightShaftQuality:1]]
[2020.07.01-07.01.39:195][  0]LogConfig: Setting CVar [[r.Filter.SizeScale:1]]
[2020.07.01-07.01.39:195][  0]LogConfig: Setting CVar [[r.Tonemapper.Quality:5]]
[2020.07.01-07.01.39:195][  0]LogConfig: Setting CVar [[r.DOF.Gather.AccumulatorQuality:1        ; higher gathering accumulator quality]]
[2020.07.01-07.01.39:195][  0]LogConfig: Setting CVar [[r.DOF.Gather.PostfilterMethod:1          ; Median3x3 postfilering method]]
[2020.07.01-07.01.39:195][  0]LogConfig: Setting CVar [[r.DOF.Gather.EnableBokehSettings:0       ; no bokeh simulation when gathering]]
[2020.07.01-07.01.39:195][  0]LogConfig: Setting CVar [[r.DOF.Gather.RingCount:4                 ; medium number of samples when gathering]]
[2020.07.01-07.01.39:195][  0]LogConfig: Setting CVar [[r.DOF.Scatter.ForegroundCompositing:1    ; additive foreground scattering]]
[2020.07.01-07.01.39:195][  0]LogConfig: Setting CVar [[r.DOF.Scatter.BackgroundCompositing:2    ; additive background scattering]]
[2020.07.01-07.01.39:195][  0]LogConfig: Setting CVar [[r.DOF.Scatter.EnableBokehSettings:1      ; bokeh simulation when scattering]]
[2020.07.01-07.01.39:195][  0]LogConfig: Setting CVar [[r.DOF.Scatter.MaxSpriteRatio:0.1         ; only a maximum of 10% of scattered bokeh]]
[2020.07.01-07.01.39:196][  0]LogConfig: Setting CVar [[r.DOF.Recombine.Quality:1                ; cheap slight out of focus]]
[2020.07.01-07.01.39:196][  0]LogConfig: Setting CVar [[r.DOF.Recombine.EnableBokehSettings:0    ; no bokeh simulation on slight out of focus]]
[2020.07.01-07.01.39:196][  0]LogConfig: Setting CVar [[r.DOF.TemporalAAQuality:1                ; more stable temporal accumulation]]
[2020.07.01-07.01.39:196][  0]LogConfig: Setting CVar [[r.DOF.Kernel.MaxForegroundRadius:0.025]]
[2020.07.01-07.01.39:196][  0]LogConfig: Setting CVar [[r.DOF.Kernel.MaxBackgroundRadius:0.025]]
[2020.07.01-07.01.39:196][  0]LogConfig: Applying CVar settings from Section [TextureQuality@3] File [C:/UnrealTutorialLooman/UnrealTutorialLooman/CoOpGame/Saved/Config/Windows/Scalability.ini]
[2020.07.01-07.01.39:196][  0]LogConfig: Setting CVar [[r.Streaming.MipBias:0]]
[2020.07.01-07.01.39:196][  0]LogConfig: Setting CVar [[r.Streaming.AmortizeCPUToGPUCopy:0]]
[2020.07.01-07.01.39:196][  0]LogConfig: Setting CVar [[r.Streaming.MaxNumTexturesToStreamPerFrame:0]]
[2020.07.01-07.01.39:196][  0]LogConfig: Setting CVar [[r.Streaming.Boost:1]]
[2020.07.01-07.01.39:196][  0]LogConfig: Setting CVar [[r.MaxAnisotropy:8]]
[2020.07.01-07.01.39:196][  0]LogConfig: Setting CVar [[r.VT.MaxAnisotropy:8]]
[2020.07.01-07.01.39:196][  0]LogConfig: Setting CVar [[r.Streaming.LimitPoolSizeToVRAM:0]]
[2020.07.01-07.01.39:196][  0]LogConfig: Setting CVar [[r.Streaming.PoolSize:1000]]
[2020.07.01-07.01.39:196][  0]LogConfig: Setting CVar [[r.Streaming.MaxEffectiveScreenSize:0]]
[2020.07.01-07.01.39:196][  0]LogConfig: Applying CVar settings from Section [EffectsQuality@3] File [C:/UnrealTutorialLooman/UnrealTutorialLooman/CoOpGame/Saved/Config/Windows/Scalability.ini]
[2020.07.01-07.01.39:196][  0]LogConfig: Setting CVar [[r.TranslucencyLightingVolumeDim:64]]
[2020.07.01-07.01.39:196][  0]LogConfig: Setting CVar [[r.RefractionQuality:2]]
[2020.07.01-07.01.39:196][  0]LogConfig: Setting CVar [[r.SSR.Quality:3]]
[2020.07.01-07.01.39:196][  0]LogConfig: Setting CVar [[r.SSR.HalfResSceneColor:0]]
[2020.07.01-07.01.39:196][  0]LogConfig: Setting CVar [[r.SceneColorFormat:4]]
[2020.07.01-07.01.39:196][  0]LogConfig: Setting CVar [[r.DetailMode:2]]
[2020.07.01-07.01.39:197][  0]LogConfig: Setting CVar [[r.TranslucencyVolumeBlur:1]]
[2020.07.01-07.01.39:197][  0]LogConfig: Setting CVar [[r.MaterialQualityLevel:1 ; High quality]]
[2020.07.01-07.01.39:197][  0]LogConfig: Setting CVar [[r.SSS.Scale:1]]
[2020.07.01-07.01.39:197][  0]LogConfig: Setting CVar [[r.SSS.SampleSet:2]]
[2020.07.01-07.01.39:197][  0]LogConfig: Setting CVar [[r.SSS.Quality:1]]
[2020.07.01-07.01.39:197][  0]LogConfig: Setting CVar [[r.SSS.HalfRes:0]]
[2020.07.01-07.01.39:197][  0]LogConfig: Setting CVar [[r.SSGI.Quality:3]]
[2020.07.01-07.01.39:197][  0]LogConfig: Setting CVar [[r.EmitterSpawnRateScale:1.0]]
[2020.07.01-07.01.39:197][  0]LogConfig: Setting CVar [[r.ParticleLightQuality:2]]
[2020.07.01-07.01.39:197][  0]LogConfig: Setting CVar [[r.SkyAtmosphere.AerialPerspectiveLUT.FastApplyOnOpaque:1 ; Always have FastSkyLUT 1 in this case to avoid wrong sky]]
[2020.07.01-07.01.39:197][  0]LogConfig: Setting CVar [[r.SkyAtmosphere.AerialPerspectiveLUT.SampleCountPerSlice:1]]
[2020.07.01-07.01.39:197][  0]LogConfig: Setting CVar [[r.SkyAtmosphere.AerialPerspectiveLUT.DepthResolution:16.0]]
[2020.07.01-07.01.39:197][  0]LogConfig: Setting CVar [[r.SkyAtmosphere.FastSkyLUT:1]]
[2020.07.01-07.01.39:197][  0]LogConfig: Setting CVar [[r.SkyAtmosphere.FastSkyLUT.SampleCountMin:4.0]]
[2020.07.01-07.01.39:197][  0]LogConfig: Setting CVar [[r.SkyAtmosphere.FastSkyLUT.SampleCountMax:32.0]]
[2020.07.01-07.01.39:197][  0]LogConfig: Setting CVar [[r.SkyAtmosphere.SampleCountMin:4.0]]
[2020.07.01-07.01.39:197][  0]LogConfig: Setting CVar [[r.SkyAtmosphere.SampleCountMax:32.0]]
[2020.07.01-07.01.39:197][  0]LogConfig: Setting CVar [[r.SkyAtmosphere.TransmittanceLUT.UseSmallFormat:0]]
[2020.07.01-07.01.39:197][  0]LogConfig: Setting CVar [[r.SkyAtmosphere.TransmittanceLUT.SampleCount:10.0]]
[2020.07.01-07.01.39:197][  0]LogConfig: Setting CVar [[r.SkyAtmosphere.MultiScatteringLUT.SampleCount:15.0]]
[2020.07.01-07.01.39:198][  0]LogConfig: Applying CVar settings from Section [FoliageQuality@3] File [C:/UnrealTutorialLooman/UnrealTutorialLooman/CoOpGame/Saved/Config/Windows/Scalability.ini]
[2020.07.01-07.01.39:198][  0]LogConfig: Setting CVar [[foliage.DensityScale:1.0]]
[2020.07.01-07.01.39:198][  0]LogConfig: Setting CVar [[grass.DensityScale:1.0]]
[2020.07.01-07.01.39:198][  0]LogConfig: Applying CVar settings from Section [ShadingQuality@3] File [C:/UnrealTutorialLooman/UnrealTutorialLooman/CoOpGame/Saved/Config/Windows/Scalability.ini]
[2020.07.01-07.01.39:198][  0]LogConfig: Setting CVar [[r.HairStrands.SkyLighting.SampleCount:16]]
[2020.07.01-07.01.39:198][  0]LogConfig: Setting CVar [[r.HairStrands.SkyLighting.JitterIntegration:0]]
[2020.07.01-07.01.39:198][  0]LogConfig: Setting CVar [[r.HairStrands.SkyAO.SampleCount:16]]
[2020.07.01-07.01.39:198][  0]LogConfig: Setting CVar [[r.HairStrands.DeepShadow.SuperSampling:0]]
[2020.07.01-07.01.39:198][  0]LogConfig: Setting CVar [[r.HairStrands.VisibilityPPLL:0]]
[2020.07.01-07.01.39:198][  0]LogConfig: Setting CVar [[r.HairStrands.RasterizationScale:0.5]]
[2020.07.01-07.01.39:198][  0]LogConfig: Setting CVar [[r.HairStrands.VelocityRasterizationScale:1]]
[2020.07.01-07.01.39:198][  0]LogInit: Selected Device Profile: [Windows]
[2020.07.01-07.01.39:198][  0]LogInit: Applying CVar settings loaded from the selected device profile: [Windows]
[2020.07.01-07.01.39:198][  0]LogHAL: Display: Platform has ~ 16 GB [16978178048 / 17179869184 / 16], which maps to Larger [LargestMinGB=32, LargerMinGB=12, DefaultMinGB=8, SmallerMinGB=6, SmallestMinGB=0)
[2020.07.01-07.01.39:198][  0]LogInit: Going up to parent DeviceProfile []
[2020.07.01-07.01.39:198][  0]LogConfig: Applying CVar settings from Section [ViewDistanceQuality@3] File [C:/UnrealTutorialLooman/UnrealTutorialLooman/CoOpGame/Saved/Config/Windows/Scalability.ini]
[2020.07.01-07.01.39:198][  0]LogConfig: Setting CVar [[r.SkeletalMeshLODBias:0]]
[2020.07.01-07.01.39:199][  0]LogConfig: Setting CVar [[r.ViewDistanceScale:1.0]]
[2020.07.01-07.01.39:199][  0]LogConfig: Applying CVar settings from Section [AntiAliasingQuality@3] File [C:/UnrealTutorialLooman/UnrealTutorialLooman/CoOpGame/Saved/Config/Windows/Scalability.ini]
[2020.07.01-07.01.39:199][  0]LogConfig: Setting CVar [[r.PostProcessAAQuality:4]]
[2020.07.01-07.01.39:199][  0]LogConfig: Applying CVar settings from Section [ShadowQuality@3] File [C:/UnrealTutorialLooman/UnrealTutorialLooman/CoOpGame/Saved/Config/Windows/Scalability.ini]
[2020.07.01-07.01.39:199][  0]LogConfig: Setting CVar [[r.LightFunctionQuality:1]]
[2020.07.01-07.01.39:199][  0]LogConfig: Setting CVar [[r.ShadowQuality:5]]
[2020.07.01-07.01.39:199][  0]LogConfig: Setting CVar [[r.Shadow.CSM.MaxCascades:10]]
[2020.07.01-07.01.39:199][  0]LogConfig: Setting CVar [[r.Shadow.MaxResolution:2048]]
[2020.07.01-07.01.39:199][  0]LogConfig: Setting CVar [[r.Shadow.MaxCSMResolution:2048]]
[2020.07.01-07.01.39:199][  0]LogConfig: Setting CVar [[r.Shadow.RadiusThreshold:0.01]]
[2020.07.01-07.01.39:199][  0]LogConfig: Setting CVar [[r.Shadow.DistanceScale:1.0]]
[2020.07.01-07.01.39:199][  0]LogConfig: Setting CVar [[r.Shadow.CSM.TransitionScale:1.0]]
[2020.07.01-07.01.39:199][  0]LogConfig: Setting CVar [[r.Shadow.PreShadowResolutionFactor:1.0]]
[2020.07.01-07.01.39:199][  0]LogConfig: Setting CVar [[r.DistanceFieldShadowing:1]]
[2020.07.01-07.01.39:199][  0]LogConfig: Setting CVar [[r.DistanceFieldAO:1]]
[2020.07.01-07.01.39:199][  0]LogConfig: Setting CVar [[r.AOQuality:2]]
[2020.07.01-07.01.39:199][  0]LogConfig: Setting CVar [[r.VolumetricFog:1]]
[2020.07.01-07.01.39:200][  0]LogConfig: Setting CVar [[r.VolumetricFog.GridPixelSize:8]]
[2020.07.01-07.01.39:200][  0]LogConfig: Setting CVar [[r.VolumetricFog.GridSizeZ:128]]
[2020.07.01-07.01.39:200][  0]LogConfig: Setting CVar [[r.VolumetricFog.HistoryMissSupersampleCount:4]]
[2020.07.01-07.01.39:200][  0]LogConfig: Setting CVar [[r.LightMaxDrawDistanceScale:1]]
[2020.07.01-07.01.39:200][  0]LogConfig: Setting CVar [[r.CapsuleShadows:1]]
[2020.07.01-07.01.39:200][  0]LogConfig: Applying CVar settings from Section [PostProcessQuality@3] File [C:/UnrealTutorialLooman/UnrealTutorialLooman/CoOpGame/Saved/Config/Windows/Scalability.ini]
[2020.07.01-07.01.39:200][  0]LogConfig: Setting CVar [[r.MotionBlurQuality:4]]
[2020.07.01-07.01.39:200][  0]LogConfig: Setting CVar [[r.AmbientOcclusionMipLevelFactor:0.4]]
[2020.07.01-07.01.39:200][  0]LogConfig: Setting CVar [[r.AmbientOcclusionMaxQuality:100]]
[2020.07.01-07.01.39:200][  0]LogConfig: Setting CVar [[r.AmbientOcclusionLevels:-1]]
[2020.07.01-07.01.39:200][  0]LogConfig: Setting CVar [[r.AmbientOcclusionRadiusScale:1.0]]
[2020.07.01-07.01.39:200][  0]LogConfig: Setting CVar [[r.DepthOfFieldQuality:2]]
[2020.07.01-07.01.39:200][  0]LogConfig: Setting CVar [[r.RenderTargetPoolMin:400]]
[2020.07.01-07.01.39:200][  0]LogConfig: Setting CVar [[r.LensFlareQuality:2]]
[2020.07.01-07.01.39:200][  0]LogConfig: Setting CVar [[r.SceneColorFringeQuality:1]]
[2020.07.01-07.01.39:200][  0]LogConfig: Setting CVar [[r.EyeAdaptationQuality:2]]
[2020.07.01-07.01.39:200][  0]LogConfig: Setting CVar [[r.BloomQuality:5]]
[2020.07.01-07.01.39:200][  0]LogConfig: Setting CVar [[r.FastBlurThreshold:100]]
[2020.07.01-07.01.39:200][  0]LogConfig: Setting CVar [[r.Upscale.Quality:3]]
[2020.07.01-07.01.39:200][  0]LogConfig: Setting CVar [[r.Tonemapper.GrainQuantization:1]]
[2020.07.01-07.01.39:201][  0]LogConfig: Setting CVar [[r.LightShaftQuality:1]]
[2020.07.01-07.01.39:201][  0]LogConfig: Setting CVar [[r.Filter.SizeScale:1]]
[2020.07.01-07.01.39:201][  0]LogConfig: Setting CVar [[r.Tonemapper.Quality:5]]
[2020.07.01-07.01.39:201][  0]LogConfig: Setting CVar [[r.DOF.Gather.AccumulatorQuality:1        ; higher gathering accumulator quality]]
[2020.07.01-07.01.39:201][  0]LogConfig: Setting CVar [[r.DOF.Gather.PostfilterMethod:1          ; Median3x3 postfilering method]]
[2020.07.01-07.01.39:201][  0]LogConfig: Setting CVar [[r.DOF.Gather.EnableBokehSettings:0       ; no bokeh simulation when gathering]]
[2020.07.01-07.01.39:201][  0]LogConfig: Setting CVar [[r.DOF.Gather.RingCount:4                 ; medium number of samples when gathering]]
[2020.07.01-07.01.39:201][  0]LogConfig: Setting CVar [[r.DOF.Scatter.ForegroundCompositing:1    ; additive foreground scattering]]
[2020.07.01-07.01.39:201][  0]LogConfig: Setting CVar [[r.DOF.Scatter.BackgroundCompositing:2    ; additive background scattering]]
[2020.07.01-07.01.39:201][  0]LogConfig: Setting CVar [[r.DOF.Scatter.EnableBokehSettings:1      ; bokeh simulation when scattering]]
[2020.07.01-07.01.39:201][  0]LogConfig: Setting CVar [[r.DOF.Scatter.MaxSpriteRatio:0.1         ; only a maximum of 10% of scattered bokeh]]
[2020.07.01-07.01.39:201][  0]LogConfig: Setting CVar [[r.DOF.Recombine.Quality:1                ; cheap slight out of focus]]
[2020.07.01-07.01.39:201][  0]LogConfig: Setting CVar [[r.DOF.Recombine.EnableBokehSettings:0    ; no bokeh simulation on slight out of focus]]
[2020.07.01-07.01.39:201][  0]LogConfig: Setting CVar [[r.DOF.TemporalAAQuality:1                ; more stable temporal accumulation]]
[2020.07.01-07.01.39:201][  0]LogConfig: Setting CVar [[r.DOF.Kernel.MaxForegroundRadius:0.025]]
[2020.07.01-07.01.39:201][  0]LogConfig: Setting CVar [[r.DOF.Kernel.MaxBackgroundRadius:0.025]]
[2020.07.01-07.01.39:201][  0]LogConfig: Applying CVar settings from Section [TextureQuality@3] File [C:/UnrealTutorialLooman/UnrealTutorialLooman/CoOpGame/Saved/Config/Windows/Scalability.ini]
[2020.07.01-07.01.39:201][  0]LogConfig: Setting CVar [[r.Streaming.MipBias:0]]
[2020.07.01-07.01.39:201][  0]LogConfig: Setting CVar [[r.Streaming.AmortizeCPUToGPUCopy:0]]
[2020.07.01-07.01.39:201][  0]LogConfig: Setting CVar [[r.Streaming.MaxNumTexturesToStreamPerFrame:0]]
[2020.07.01-07.01.39:202][  0]LogConfig: Setting CVar [[r.Streaming.Boost:1]]
[2020.07.01-07.01.39:202][  0]LogConfig: Setting CVar [[r.MaxAnisotropy:8]]
[2020.07.01-07.01.39:202][  0]LogConfig: Setting CVar [[r.VT.MaxAnisotropy:8]]
[2020.07.01-07.01.39:202][  0]LogConfig: Setting CVar [[r.Streaming.LimitPoolSizeToVRAM:0]]
[2020.07.01-07.01.39:202][  0]LogConfig: Setting CVar [[r.Streaming.PoolSize:1000]]
[2020.07.01-07.01.39:202][  0]LogConfig: Setting CVar [[r.Streaming.MaxEffectiveScreenSize:0]]
[2020.07.01-07.01.39:202][  0]LogConfig: Applying CVar settings from Section [EffectsQuality@3] File [C:/UnrealTutorialLooman/UnrealTutorialLooman/CoOpGame/Saved/Config/Windows/Scalability.ini]
[2020.07.01-07.01.39:202][  0]LogConfig: Setting CVar [[r.TranslucencyLightingVolumeDim:64]]
[2020.07.01-07.01.39:202][  0]LogConfig: Setting CVar [[r.RefractionQuality:2]]
[2020.07.01-07.01.39:202][  0]LogConfig: Setting CVar [[r.SSR.Quality:3]]
[2020.07.01-07.01.39:202][  0]LogConfig: Setting CVar [[r.SSR.HalfResSceneColor:0]]
[2020.07.01-07.01.39:202][  0]LogConfig: Setting CVar [[r.SceneColorFormat:4]]
[2020.07.01-07.01.39:202][  0]LogConfig: Setting CVar [[r.DetailMode:2]]
[2020.07.01-07.01.39:202][  0]LogConfig: Setting CVar [[r.TranslucencyVolumeBlur:1]]
[2020.07.01-07.01.39:202][  0]LogConfig: Setting CVar [[r.MaterialQualityLevel:1 ; High quality]]
[2020.07.01-07.01.39:202][  0]LogConfig: Setting CVar [[r.SSS.Scale:1]]
[2020.07.01-07.01.39:202][  0]LogConfig: Setting CVar [[r.SSS.SampleSet:2]]
[2020.07.01-07.01.39:202][  0]LogConfig: Setting CVar [[r.SSS.Quality:1]]
[2020.07.01-07.01.39:202][  0]LogConfig: Setting CVar [[r.SSS.HalfRes:0]]
[2020.07.01-07.01.39:202][  0]LogConfig: Setting CVar [[r.SSGI.Quality:3]]
[2020.07.01-07.01.39:202][  0]LogConfig: Setting CVar [[r.EmitterSpawnRateScale:1.0]]
[2020.07.01-07.01.39:202][  0]LogConfig: Setting CVar [[r.ParticleLightQuality:2]]
[2020.07.01-07.01.39:202][  0]LogConfig: Setting CVar [[r.SkyAtmosphere.AerialPerspectiveLUT.FastApplyOnOpaque:1 ; Always have FastSkyLUT 1 in this case to avoid wrong sky]]
[2020.07.01-07.01.39:203][  0]LogConfig: Setting CVar [[r.SkyAtmosphere.AerialPerspectiveLUT.SampleCountPerSlice:1]]
[2020.07.01-07.01.39:203][  0]LogConfig: Setting CVar [[r.SkyAtmosphere.AerialPerspectiveLUT.DepthResolution:16.0]]
[2020.07.01-07.01.39:203][  0]LogConfig: Setting CVar [[r.SkyAtmosphere.FastSkyLUT:1]]
[2020.07.01-07.01.39:203][  0]LogConfig: Setting CVar [[r.SkyAtmosphere.FastSkyLUT.SampleCountMin:4.0]]
[2020.07.01-07.01.39:203][  0]LogConfig: Setting CVar [[r.SkyAtmosphere.FastSkyLUT.SampleCountMax:32.0]]
[2020.07.01-07.01.39:203][  0]LogConfig: Setting CVar [[r.SkyAtmosphere.SampleCountMin:4.0]]
[2020.07.01-07.01.39:203][  0]LogConfig: Setting CVar [[r.SkyAtmosphere.SampleCountMax:32.0]]
[2020.07.01-07.01.39:203][  0]LogConfig: Setting CVar [[r.SkyAtmosphere.TransmittanceLUT.UseSmallFormat:0]]
[2020.07.01-07.01.39:203][  0]LogConfig: Setting CVar [[r.SkyAtmosphere.TransmittanceLUT.SampleCount:10.0]]
[2020.07.01-07.01.39:203][  0]LogConfig: Setting CVar [[r.SkyAtmosphere.MultiScatteringLUT.SampleCount:15.0]]
[2020.07.01-07.01.39:203][  0]LogConfig: Applying CVar settings from Section [FoliageQuality@3] File [C:/UnrealTutorialLooman/UnrealTutorialLooman/CoOpGame/Saved/Config/Windows/Scalability.ini]
[2020.07.01-07.01.39:203][  0]LogConfig: Setting CVar [[foliage.DensityScale:1.0]]
[2020.07.01-07.01.39:203][  0]LogConfig: Setting CVar [[grass.DensityScale:1.0]]
[2020.07.01-07.01.39:203][  0]LogConfig: Applying CVar settings from Section [ShadingQuality@3] File [C:/UnrealTutorialLooman/UnrealTutorialLooman/CoOpGame/Saved/Config/Windows/Scalability.ini]
[2020.07.01-07.01.39:203][  0]LogConfig: Setting CVar [[r.HairStrands.SkyLighting.SampleCount:16]]
[2020.07.01-07.01.39:203][  0]LogConfig: Setting CVar [[r.HairStrands.SkyLighting.JitterIntegration:0]]
[2020.07.01-07.01.39:203][  0]LogConfig: Setting CVar [[r.HairStrands.SkyAO.SampleCount:16]]
[2020.07.01-07.01.39:203][  0]LogConfig: Setting CVar [[r.HairStrands.DeepShadow.SuperSampling:0]]
[2020.07.01-07.01.39:203][  0]LogConfig: Setting CVar [[r.HairStrands.VisibilityPPLL:0]]
[2020.07.01-07.01.39:203][  0]LogConfig: Setting CVar [[r.HairStrands.RasterizationScale:0.5]]
[2020.07.01-07.01.39:203][  0]LogConfig: Setting CVar [[r.HairStrands.VelocityRasterizationScale:1]]
[2020.07.01-07.01.39:204][  0]LogConfig: Applying CVar settings from Section [Startup] File [../../../Engine/Config/ConsoleVariables.ini]
[2020.07.01-07.01.39:204][  0]LogConfig: Setting CVar [[net.UseAdaptiveNetUpdateFrequency:0]]
[2020.07.01-07.01.39:204][  0]LogConfig: Setting CVar [[p.chaos.AllowCreatePhysxBodies:1]]
[2020.07.01-07.01.39:204][  0]LogConfig: Setting CVar [[fx.SkipVectorVMBackendOptimizations:1]]
[2020.07.01-07.01.39:204][  0]LogConfig: Applying CVar settings from Section [ConsoleVariables] File [C:/UnrealTutorialLooman/UnrealTutorialLooman/CoOpGame/Saved/Config/Windows/Engine.ini]
[2020.07.01-07.01.39:204][  0]LogInit: Computer: LAPTOP-JIFFIFRG
[2020.07.01-07.01.39:204][  0]LogInit: User: AlexLaptop
[2020.07.01-07.01.39:204][  0]LogInit: CPU Page size=4096, Cores=4
[2020.07.01-07.01.39:204][  0]LogInit: High frequency timer resolution =10.000000 MHz
[2020.07.01-07.01.39:205][  0]LogMemory: Memory total: Physical=15.8GB (16GB approx)
[2020.07.01-07.01.39:205][  0]LogMemory: Platform Memory Stats for Windows
[2020.07.01-07.01.39:205][  0]LogMemory: Process Physical Memory: 118.61 MB used, 118.61 MB peak
[2020.07.01-07.01.39:205][  0]LogMemory: Process Virtual Memory: 108.07 MB used, 108.07 MB peak
[2020.07.01-07.01.39:205][  0]LogMemory: Physical Memory: 8529.45 MB used,  7662.21 MB free, 16191.65 MB total
[2020.07.01-07.01.39:205][  0]LogMemory: Virtual Memory: 5194.29 MB used,  134212536.00 MB free, 134217728.00 MB total
[2020.07.01-07.01.39:220][  0]LogWindows: WindowsPlatformFeatures enabled
[2020.07.01-07.01.39:453][  0]LogInit: Physics initialised using underlying interface: PhysX
[2020.07.01-07.01.39:455][  0]LogInit: Using OS detected language (en-US).
[2020.07.01-07.01.39:455][  0]LogInit: Using OS detected locale (en-AU).
[2020.07.01-07.01.39:460][  0]LogTextLocalizationManager: No specific localization for 'en-US' exists, so the 'en' localization will be used.
[2020.07.01-07.01.39:728][  0]LogInit: Setting process to per monitor DPI aware
[2020.07.01-07.01.39:808][  0]LogSlate: New Slate User Created.  User Index 0, Is Virtual User: 0
[2020.07.01-07.01.39:808][  0]LogSlate: Slate User Registered.  User Index 0, Is Virtual User: 0
[2020.07.01-07.01.45:408][  0]LogHMD: Failed to initialize OpenVR with code 108
[2020.07.01-07.01.45:408][  0]LogD3D11RHI: D3D11 min allowed feature level: 11_0
[2020.07.01-07.01.45:408][  0]LogD3D11RHI: D3D11 max allowed feature level: 11_0
[2020.07.01-07.01.45:408][  0]LogD3D11RHI: D3D11 adapters:
[2020.07.01-07.01.45:526][  0]LogD3D11RHI:    0. 'NVIDIA GeForce RTX 2060' (Feature Level 11_0)
[2020.07.01-07.01.45:526][  0]LogD3D11RHI:       5980/0/8095 MB DedicatedVideo/DedicatedSystem/SharedSystem, Outputs:2, VendorId:0x10de
[2020.07.01-07.01.45:579][  0]LogD3D11RHI:    1. 'AMD Radeon(TM) RX Vega 10 Graphics' (Feature Level 11_0)
[2020.07.01-07.01.45:579][  0]LogD3D11RHI:       112/0/8095 MB DedicatedVideo/DedicatedSystem/SharedSystem, Outputs:0, VendorId:0x1002
[2020.07.01-07.01.45:586][  0]LogD3D11RHI:    2. 'Microsoft Basic Render Driver' (Feature Level 11_0)
[2020.07.01-07.01.45:586][  0]LogD3D11RHI:       0/0/8095 MB DedicatedVideo/DedicatedSystem/SharedSystem, Outputs:0, VendorId:0x1414
[2020.07.01-07.01.45:592][  0]LogD3D11RHI:    3. 'Microsoft Basic Render Driver' (Feature Level 11_0)
[2020.07.01-07.01.45:592][  0]LogD3D11RHI:       0/0/8095 MB DedicatedVideo/DedicatedSystem/SharedSystem, Outputs:0, VendorId:0x1414
[2020.07.01-07.01.45:592][  0]LogD3D11RHI: Chosen D3D11 Adapter: 0
[2020.07.01-07.01.45:619][  0]LogD3D11RHI: Creating new Direct3DDevice
[2020.07.01-07.01.45:619][  0]LogD3D11RHI:     GPU DeviceId: 0x1f11 (for the marketing name, search the web for "GPU Device Id")
[2020.07.01-07.01.45:619][  0]LogWindows: EnumDisplayDevices:
[2020.07.01-07.01.45:619][  0]LogWindows:    0. 'AMD Radeon(TM) RX Vega 10 Graphics' (P:1 D:1)
[2020.07.01-07.01.45:620][  0]LogWindows:    1. 'AMD Radeon(TM) RX Vega 10 Graphics' (P:0 D:0)
[2020.07.01-07.01.45:621][  0]LogWindows:    2. 'AMD Radeon(TM) RX Vega 10 Graphics' (P:0 D:0)
[2020.07.01-07.01.45:621][  0]LogWindows:    3. 'NVIDIA GeForce RTX 2060' (P:0 D:0)
[2020.07.01-07.01.45:622][  0]LogWindows:    4. 'DisplayLink USB Device' (P:0 D:1)
[2020.07.01-07.01.45:622][  0]LogWindows: DebugString: PrimaryIsNotTheChoosenAdapter PrimaryIsNotTheChoosenAdapter PrimaryIsNotTheChoosenAdapter GetVideoDriverDetailsInvalid PrimaryIsNotTheChoosenAdapter 
[2020.07.01-07.01.45:622][  0]LogD3D11RHI:     Adapter Name: NVIDIA GeForce RTX 2060
[2020.07.01-07.01.45:622][  0]LogD3D11RHI:   Driver Version: 441.41 (internal:26.21.14.4141, unified:441.41)
[2020.07.01-07.01.45:622][  0]LogD3D11RHI:      Driver Date: 11-20-2019
[2020.07.01-07.01.45:622][  0]LogRHI: Texture pool is 4186 MB (70% of 5980 MB)
[2020.07.01-07.01.45:706][  0]LogD3D11RHI: RHI has support for 64 bit atomics
[2020.07.01-07.01.45:711][  0]LogD3D11RHI: [Aftermath] Enabled and primed
[2020.07.01-07.01.45:711][  0]LogD3D11RHI: Async texture creation enabled
[2020.07.01-07.01.45:711][  0]LogD3D11RHI: Array index from any shader is supported
[2020.07.01-07.01.45:747][  0]LogD3D11RHI: GPU Timing Frequency: 1000.000000 (Debug: 2 1)
[2020.07.01-07.01.46:140][  0]LogTargetPlatformManager: Display: Loaded TargetPlatform 'AllDesktop'
[2020.07.01-07.01.46:177][  0]LogTargetPlatformManager: Display: Loaded TargetPlatform 'Android'
[2020.07.01-07.01.46:178][  0]LogTargetPlatformManager: Display: Loaded TargetPlatform 'Android_ASTC'
[2020.07.01-07.01.46:178][  0]LogTargetPlatformManager: Display: Loaded TargetPlatform 'Android_DXT'
[2020.07.01-07.01.46:178][  0]LogTargetPlatformManager: Display: Loaded TargetPlatform 'Android_ETC2'
[2020.07.01-07.01.46:178][  0]LogTargetPlatformManager: Display: Loaded TargetPlatform 'AndroidClient'
[2020.07.01-07.01.46:178][  0]LogTargetPlatformManager: Display: Loaded TargetPlatform 'Android_ASTCClient'
[2020.07.01-07.01.46:178][  0]LogTargetPlatformManager: Display: Loaded TargetPlatform 'Android_DXTClient'
[2020.07.01-07.01.46:178][  0]LogTargetPlatformManager: Display: Loaded TargetPlatform 'Android_ETC2Client'
[2020.07.01-07.01.46:178][  0]LogTargetPlatformManager: Display: Loaded TargetPlatform 'Android_Multi'
[2020.07.01-07.01.46:178][  0]LogTargetPlatformManager: Display: Loaded TargetPlatform 'Android_MultiClient'
[2020.07.01-07.01.46:222][  0]LogTargetPlatformManager: Display: Loaded TargetPlatform 'IOSClient'
[2020.07.01-07.01.46:222][  0]LogTargetPlatformManager: Display: Loaded TargetPlatform 'IOS'
[2020.07.01-07.01.46:239][  0]LogTargetPlatformManager: Display: Loaded TargetPlatform 'Linux'
[2020.07.01-07.01.46:259][  0]LogTargetPlatformManager: Display: Loaded TargetPlatform 'LinuxNoEditor'
[2020.07.01-07.01.46:281][  0]LogTargetPlatformManager: Display: Loaded TargetPlatform 'LinuxClient'
[2020.07.01-07.01.46:302][  0]LogTargetPlatformManager: Display: Loaded TargetPlatform 'LinuxServer'
[2020.07.01-07.01.46:322][  0]LogTargetPlatformManager: Display: Loaded TargetPlatform 'LinuxAArch64NoEditor'
[2020.07.01-07.01.46:341][  0]LogTargetPlatformManager: Display: Loaded TargetPlatform 'LinuxAArch64Client'
[2020.07.01-07.01.46:364][  0]LogTargetPlatformManager: Display: Loaded TargetPlatform 'LinuxAArch64Server'
[2020.07.01-07.01.46:417][  0]LogTargetPlatformManager: Display: Loaded TargetPlatform 'Lumin'
[2020.07.01-07.01.46:418][  0]LogTargetPlatformManager: Display: Loaded TargetPlatform 'LuminClient'
[2020.07.01-07.01.46:446][  0]LogTargetPlatformManager: Display: Loaded TargetPlatform 'TVOSClient'
[2020.07.01-07.01.46:446][  0]LogTargetPlatformManager: Display: Loaded TargetPlatform 'TVOS'
[2020.07.01-07.01.46:465][  0]LogTargetPlatformManager: Display: Loaded TargetPlatform 'WindowsNoEditor'
[2020.07.01-07.01.46:484][  0]LogTargetPlatformManager: Display: Loaded TargetPlatform 'Windows'
[2020.07.01-07.01.46:504][  0]LogTargetPlatformManager: Display: Loaded TargetPlatform 'WindowsClient'
[2020.07.01-07.01.46:526][  0]LogTargetPlatformManager: Display: Loaded TargetPlatform 'WindowsServer'
[2020.07.01-07.01.46:526][  0]LogTargetPlatformManager: Display: Building Assets For Windows
[2020.07.01-07.01.46:559][  0]LogAudioDebug: Display: Lib vorbis DLL was dynamically loaded.
[2020.07.01-07.01.46:740][  0]LogShaderCompilers: Guid format shader working directory is -18 characters bigger than the processId version (../../../../../../UnrealTutorialLooman/UnrealTutorialLooman/CoOpGame/Intermediate/Shaders/WorkingDirectory/20756/).
[2020.07.01-07.01.46:740][  0]LogShaderCompilers: Cleaned the shader compiler working directory 'C:/Users/AlexLaptop/AppData/Local/Temp/UnrealShaderWorkingDir/99FF2B7B4F1647F76A34C2ACD4C86F47/'.
[2020.07.01-07.01.46:741][  0]LogXGEController: Cleaning working directory: C:/Users/AlexLaptop/AppData/Local/Temp/UnrealXGEWorkingDir/
[2020.07.01-07.01.46:741][  0]LogXGEController: Cannot use XGE Controller as Incredibuild is not installed on this machine.
[2020.07.01-07.01.46:741][  0]LogShaderCompilers: Cannot use XGE Shader Compiler as Incredibuild is not installed on this machine.
[2020.07.01-07.01.46:741][  0]LogShaderCompilers: Display: Using Local Shader Compiler.
[2020.07.01-07.01.47:670][  0]LogDerivedDataCache: Display: Max Cache Size: 512 MB
[2020.07.01-07.01.47:726][  0]LogDerivedDataCache: Loaded boot cache 0.06s 79MB C:/Users/AlexLaptop/AppData/Local/UnrealEngine/4.25/DerivedDataCache/Boot.ddc.
[2020.07.01-07.01.47:726][  0]LogDerivedDataCache: Display: Loaded Boot cache: C:/Users/AlexLaptop/AppData/Local/UnrealEngine/4.25/DerivedDataCache/Boot.ddc
[2020.07.01-07.01.47:727][  0]LogDerivedDataCache: FDerivedDataBackendGraph:  Pak pak cache file ../../../../../../UnrealTutorialLooman/UnrealTutorialLooman/CoOpGame/DerivedDataCache/DDC.ddp not found, will not use a pak cache.
[2020.07.01-07.01.47:727][  0]LogDerivedDataCache: Unable to find inner node Pak for hierarchical cache Hierarchy.
[2020.07.01-07.01.47:727][  0]LogDerivedDataCache: FDerivedDataBackendGraph:  CompressedPak pak cache file ../../../../../../UnrealTutorialLooman/UnrealTutorialLooman/CoOpGame/DerivedDataCache/Compressed.ddp not found, will not use a pak cache.
[2020.07.01-07.01.47:727][  0]LogDerivedDataCache: Unable to find inner node CompressedPak for hierarchical cache Hierarchy.
[2020.07.01-07.01.47:740][  0]LogDerivedDataCache: Display: Pak cache opened for reading ../../../Engine/DerivedDataCache/Compressed.ddp.
[2020.07.01-07.01.47:740][  0]LogDerivedDataCache: FDerivedDataBackendGraph:  EnterprisePak pak cache file ../../../Enterprise/DerivedDataCache/Compressed.ddp not found, will not use a pak cache.
[2020.07.01-07.01.47:740][  0]LogDerivedDataCache: Unable to find inner node EnterprisePak for hierarchical cache Hierarchy.
[2020.07.01-07.01.47:744][  0]LogDerivedDataCache: Using Local data cache path C:/Users/AlexLaptop/AppData/Local/UnrealEngine/Common/DerivedDataCache: Writable
[2020.07.01-07.01.47:744][  0]LogDerivedDataCache: Shared data cache path not found in *engine.ini, will not use an Shared cache.
[2020.07.01-07.01.47:744][  0]LogDerivedDataCache: Unable to find inner node Shared for hierarchical cache Hierarchy.
[2020.07.01-07.01.47:801][  0]LogSlate: Using FreeType 2.10.0
[2020.07.01-07.01.47:801][  0]LogSlate: SlateFontServices - WITH_FREETYPE: 1, WITH_HARFBUZZ: 1
[2020.07.01-07.01.47:833][  0]LogAssetRegistry: FAssetRegistry took 0.0061 seconds to start up
[2020.07.01-07.01.48:123][  0]LogInit: Selected Device Profile: [Windows]
[2020.07.01-07.01.48:289][  0]LogMeshReduction: Using QuadricMeshReduction for automatic static mesh reduction
[2020.07.01-07.01.48:289][  0]LogMeshReduction: Using SimplygonMeshReduction for automatic skeletal mesh reduction
[2020.07.01-07.01.48:289][  0]LogMeshReduction: Using ProxyLODMeshReduction for automatic mesh merging
[2020.07.01-07.01.48:289][  0]LogMeshReduction: No distributed automatic mesh merging module available
[2020.07.01-07.01.48:289][  0]LogMeshMerging: No distributed automatic mesh merging module available
[2020.07.01-07.01.48:309][  0]LogNetVersion: CoOpGame 1.0.0, NetCL: 13144385, EngineNetVer: 14, GameNetVer: 0 (Checksum: 2766024207)
[2020.07.01-07.01.48:839][  0]LogAISub: UAISubsystem::UAISubsystem AISubsystem (000001B7F9C64300), frame # 0
[2020.07.01-07.01.48:839][  0]LogAISub: UAISubsystem::UAISubsystem AIPerceptionSystem (000001B7F9BAD1C0), frame # 0
[2020.07.01-07.01.48:841][  0]LogAISub: UAISubsystem::UAISubsystem EnvQueryManager (000001B7F9BFDE00), frame # 0
[2020.07.01-07.01.48:945][  0]LogPackageLocalizationCache: Processed 19 localized package path(s) for 1 prioritized culture(s) in 0.094348 seconds
[2020.07.01-07.01.48:952][  0]LogUObjectArray: 15917 objects as part of root set at end of initial load.
[2020.07.01-07.01.48:952][  0]LogUObjectAllocator: 3965568 out of 0 bytes used by permanent object pool.
[2020.07.01-07.01.48:952][  0]LogUObjectArray: CloseDisregardForGC: 0/0 objects in disregard for GC pool
[2020.07.01-07.01.49:595][  0]LogTcpMessaging: Initializing TcpMessaging bridge
[2020.07.01-07.01.49:604][  0]LogUdpMessaging: Initializing bridge on interface 0.0.0.0:0 to multicast group 230.0.0.1:6666.
[2020.07.01-07.01.49:798][  0]SourceControl: Source control is disabled
[2020.07.01-07.01.49:799][  0]SourceControl: Source control is disabled
[2020.07.01-07.01.49:805][  0]SourceControl: Source control is disabled
[2020.07.01-07.01.49:811][  0]SourceControl: Source control is disabled
[2020.07.01-07.01.49:824][  0]SourceControl: Source control is disabled
[2020.07.01-07.01.50:287][  0]LogAndroidPermission: UAndroidPermissionCallbackProxy::GetInstance
[2020.07.01-07.01.50:329][  0]LogAudioCaptureCore: Display: No Audio Capture implementations found. Audio input will be silent.
[2020.07.01-07.01.50:330][  0]LogAudioCaptureCore: Display: No Audio Capture implementations found. Audio input will be silent.
[2020.07.01-07.01.50:417][  0]LogOcInput: OculusInput pre-init called
[2020.07.01-07.01.50:712][  0]LogEngine: Initializing Engine...
[2020.07.01-07.01.50:815][  0]LogHMD: Failed to initialize OpenVR with code 108
[2020.07.01-07.01.50:816][  0]LogMagicLeap: Warning: VR disabled because ZI is not enabled.  To enable, in the editor, Edit -> Project Settings -> Plugins -> Magic Leap Plugin -> Enable Zero Iteration
[2020.07.01-07.01.50:817][  0]LogStats: UGameplayTagsManager::InitializeManager -  0.000 s
[2020.07.01-07.01.50:953][  0]LogInit: Initializing FReadOnlyCVARCache
[2020.07.01-07.01.50:970][  0]LogAIModule: Creating AISystem for world Untitled
[2020.07.01-07.01.50:970][  0]LogAISub: UAISubsystem::UAISubsystem EnvQueryManager (000001B7FBA9FC00), frame # 0
[2020.07.01-07.01.50:970][  0]LogAISub: UAISubsystem::UAISubsystem AIPerceptionSystem (000001B7FBB09D00), frame # 0
[2020.07.01-07.01.50:980][  0]LogAudioMixer: Display: Audio Mixer Platform Settings:
[2020.07.01-07.01.50:980][  0]LogAudioMixer: Display: 	Sample Rate:						  48000
[2020.07.01-07.01.50:980][  0]LogAudioMixer: Display: 	Callback Buffer Frame Size Requested: 1024
[2020.07.01-07.01.50:980][  0]LogAudioMixer: Display: 	Callback Buffer Frame Size To Use:	  1024
[2020.07.01-07.01.50:980][  0]LogAudioMixer: Display: 	Number of buffers to queue:			  2
[2020.07.01-07.01.50:980][  0]LogAudioMixer: Display: 	Max Channels (voices):				  32
[2020.07.01-07.01.50:980][  0]LogAudioMixer: Display: 	Number of Async Source Workers:		  0
[2020.07.01-07.01.50:980][  0]LogAudio: Display: AudioDevice MaxSources: 32
[2020.07.01-07.01.50:981][  0]LogAudio: Display: Using built-in audio occlusion.
[2020.07.01-07.01.50:981][  0]LogAudioMixer: Display: Initializing audio mixer.
[2020.07.01-07.01.51:008][  0]LogAudioMixer: Display: 0: FrontLeft
[2020.07.01-07.01.51:008][  0]LogAudioMixer: Display: 1: FrontRight
[2020.07.01-07.01.51:190][  0]LogAudioMixer: Display: Using Audio Device Headphones (SOUNDPEATS TrueWings  Stereo)
[2020.07.01-07.01.51:194][  0]LogAudioMixer: Display: Initializing Sound Submixes...
[2020.07.01-07.01.51:198][  0]LogAudioMixer: Display: Creating Master Submix 'MasterSubmixDefault'
[2020.07.01-07.01.51:198][  0]LogAudioMixer: Display: Creating Master Submix 'MasterReverbSubmixDefault'
[2020.07.01-07.01.51:199][  0]LogAudioMixer: Display: Creating Master Submix 'MasterEQSubmixDefault'
[2020.07.01-07.01.51:202][  0]LogInit: FAudioDevice initialized.
[2020.07.01-07.01.51:203][  0]LogNetVersion: Set ProjectVersion to 1.0.0.0. Version Checksum will be recalculated on next use.
[2020.07.01-07.01.51:278][  0]LogDerivedDataCache: Saved boot cache 0.08s 79MB C:/Users/AlexLaptop/AppData/Local/UnrealEngine/4.25/DerivedDataCache/Boot.ddc.
[2020.07.01-07.01.51:284][  0]LogInit: Texture streaming: Enabled
[2020.07.01-07.01.51:314][  0]LogEngineSessionManager: EngineSessionManager initialized
[2020.07.01-07.01.51:314][  0]LogEngineSessionManager: EngineSessionManager sent abnormal shutdown report. Type=Debugger, SessionId={A1F8D3C0-45D4-4CD2-B2EF-418376AC1FCA}
[2020.07.01-07.01.51:314][  0]LogEditorSessionSummary: Verbose: Initializing EditorSessionSummaryWriter for editor session tracking
[2020.07.01-07.01.51:316][  0]LogEditorSessionSummary: EditorSessionSummaryWriter initialized
[2020.07.01-07.01.51:400][  0]LogInit: Transaction tracking system initialized
[2020.07.01-07.01.51:443][  0]BlueprintLog: New page: Editor Load
[2020.07.01-07.01.51:582][  0]LocalizationService: Localization service is disabled
[2020.07.01-07.01.51:828][  0]LogCook: Display: Max memory allowance for cook 16384mb min free memory 0mb
[2020.07.01-07.01.51:828][  0]LogCook: Display: Mobile HDR setting 1
[2020.07.01-07.01.51:839][  0]LogFileCache: Scanning file cache for directory 'C:/UnrealTutorialLooman/UnrealTutorialLooman/CoOpGame/Content/' took 0.01s
[2020.07.01-07.01.52:313][  0]SourceControl: Source control is disabled
[2020.07.01-07.01.52:313][  0]LogUnrealEdMisc: Loading editor; pre map load, took 28.330
[2020.07.01-07.01.52:313][  0]Cmd: MAP LOAD FILE="../../../../../../UnrealTutorialLooman/UnrealTutorialLooman/CoOpGame/Content/Maps/MyMap.umap" TEMPLATE=0 SHOWPROGRESS=1 FEATURELEVEL=3
[2020.07.01-07.01.52:314][  0]LightingResults: New page: Lighting Build
[2020.07.01-07.01.52:315][  0]LogWorld: UWorld::CleanupWorld for Untitled, bSessionEnded=true, bCleanupResources=true
[2020.07.01-07.01.52:315][  0]LogSlate: InvalidateAllWidgets triggered.  All widgets were invalidated
[2020.07.01-07.01.52:315][  0]MapCheck: New page: Map Check
[2020.07.01-07.01.52:315][  0]LightingResults: New page: Lighting Build
[2020.07.01-07.01.52:325][  0]LogAISub: UAISubsystem::~UAISubsystem EnvQueryManager (000001B7FBA9FC00), frame # 0
[2020.07.01-07.01.52:326][  0]LogAISub: UAISubsystem::~UAISubsystem AIPerceptionSystem (000001B7FBB09D00), frame # 0
[2020.07.01-07.01.52:326][  0]LogUObjectHash: Compacting FUObjectHashTables data took   0.74ms
[2020.07.01-07.01.52:775][  0]LogAIModule: Creating AISystem for world MyMap
[2020.07.01-07.01.52:776][  0]LogAISub: UAISubsystem::UAISubsystem EnvQueryManager (000001B78989E200), frame # 0
[2020.07.01-07.01.52:776][  0]LogAISub: UAISubsystem::UAISubsystem AIPerceptionSystem (000001B789991580), frame # 0
[2020.07.01-07.01.52:787][  0]LogEditorServer: Finished looking for orphan Actors (0.000 secs)
[2020.07.01-07.01.52:800][  0]LogUObjectHash: Compacting FUObjectHashTables data took   1.00ms
[2020.07.01-07.01.52:801][  0]Cmd: MAP CHECKDEP NOCLEARLOG
[2020.07.01-07.01.52:801][  0]MapCheck: Map check complete: 0 Error(s), 0 Warning(s), took 0.25ms to complete.
[2020.07.01-07.01.52:802][  0]LogFileHelpers: Loading map 'MyMap' took 0.489
[2020.07.01-07.01.52:805][  0]LogUnrealEdMisc: Total Editor Startup Time, took 28.823
[2020.07.01-07.01.52:952][  0]LogSlate: Updating window title bar state: overlay mode, drag disabled, window buttons hidden, title bar hidden
[2020.07.01-07.01.52:962][  0]LogSlate: Updating window title bar state: overlay mode, drag disabled, window buttons hidden, title bar hidden
[2020.07.01-07.01.52:972][  0]LogSlate: Updating window title bar state: overlay mode, drag disabled, window buttons hidden, title bar hidden
[2020.07.01-07.01.52:981][  0]LogSlate: Updating window title bar state: overlay mode, drag disabled, window buttons hidden, title bar hidden
[2020.07.01-07.01.52:994][  0]LogCollectionManager: Loaded 0 collections in 0.003221 seconds
[2020.07.01-07.01.53:023][  0]LogFileCache: Scanning file cache for directory 'C:/UnrealTutorialLooman/UnrealTutorialLooman/CoOpGame/Saved/Collections/' took 0.00s
[2020.07.01-07.01.53:023][  0]LogFileCache: Scanning file cache for directory 'C:/UnrealTutorialLooman/UnrealTutorialLooman/CoOpGame/Content/Developers/AlexLaptop/Collections/' took 0.00s
[2020.07.01-07.01.53:024][  0]LogFileCache: Scanning file cache for directory 'C:/UnrealTutorialLooman/UnrealTutorialLooman/CoOpGame/Content/Collections/' took 0.01s
[2020.07.01-07.01.53:024][  0]LogContentBrowser: Native class hierarchy populated in 0.0148 seconds. Added 3434 classes and 825 folders.
[2020.07.01-07.01.53:033][  0]LogContentBrowser: Native class hierarchy updated for 'WidgetCarousel' in 0.0007 seconds. Added 0 classes and 0 folders.
[2020.07.01-07.01.53:111][  0]LogContentBrowser: Native class hierarchy updated for 'AddContentDialog' in 0.0004 seconds. Added 0 classes and 0 folders.
[2020.07.01-07.01.53:116][  0]LogContentBrowser: Native class hierarchy updated for 'SceneOutliner' in 0.0005 seconds. Added 2 classes and 0 folders.
[2020.07.01-07.01.53:191][  0]LogSlate: Took 0.000295 seconds to synchronously load lazily loaded font '../../../Engine/Content/Slate/Fonts/Roboto-Regular.ttf' (155K)
[2020.07.01-07.01.53:194][  0]LogSlate: Took 0.000353 seconds to synchronously load lazily loaded font '../../../Engine/Content/Slate/Fonts/Roboto-Bold.ttf' (160K)
[2020.07.01-07.01.53:205][  0]LogSlate: Took 0.000371 seconds to synchronously load lazily loaded font '../../../Engine/Content/Editor/Slate/Fonts/FontAwesome.ttf' (139K)
[2020.07.01-07.01.53:305][  0]LogRenderer: Reallocating scene render targets to support 1036x432 Format 10 NumSamples 1 (Frame:1).
[2020.07.01-07.01.53:492][  0]LogContentBrowser: Native class hierarchy updated for 'HierarchicalLODOutliner' in 0.0008 seconds. Added 0 classes and 0 folders.
[2020.07.01-07.01.53:492][  0]LogLoad: (Engine Initialization) Total time: 29.51 seconds
[2020.07.01-07.01.53:492][  0]LogLoad: (Engine Initialization) Total Blueprint compile time: 0.00 seconds
[2020.07.01-07.01.53:542][  0]LogAssetRegistry: Asset discovery search completed in 5.7131 seconds
[2020.07.01-07.01.53:547][  0]LogCollectionManager: Fixed up redirectors for 0 collections in 0.000003 seconds (updated 0 objects)
[2020.07.01-07.01.53:548][  0]LogContentStreaming: Texture pool size now 1000 MB
[2020.07.01-07.01.53:589][  0]LogSlate: Took 0.000263 seconds to synchronously load lazily loaded font '../../../Engine/Content/Slate/Fonts/Roboto-Light.ttf' (167K)
[2020.07.01-07.02.27:781][819]LogSlate: Window 'Message Log' being destroyed
[2020.07.01-07.02.27:790][819]LogSlate: Window 'Message Log' being destroyed
[2020.07.01-07.03.18:031][771]Candidate modules for hot reload:
[2020.07.01-07.03.18:031][771]  CoOpGame
[2020.07.01-07.03.18:031][771]Launching UnrealBuildTool... [C:/Program Files/Epic Games/UE_4.25/Engine/Binaries/DotNET/UnrealBuildTool.exe  -ModuleWithSuffix=CoOpGame,2173 CoOpGameEditor Win64 Development -Project="C:/UnrealTutorialLooman/UnrealTutorialLooman/CoOpGame/CoOpGame.uproject" "C:/UnrealTutorialLooman/UnrealTutorialLooman/CoOpGame/CoOpGame.uproject"  -IgnoreJunk]
[2020.07.01-07.03.18:035][771]Warning: Starting HotReload took  0.0s.
[2020.07.01-07.03.22:581][943]CompilerResultsLog: New page: Compilation - 2 Jul 2020, 3:03:22 am
[2020.07.01-07.03.22:582][943]CompilerResultsLog: Using 'git status' to determine working set for adaptive non-unity build (C:\UnrealTutorialLooman\UnrealTutorialLooman).
[2020.07.01-07.03.22:582][943]CompilerResultsLog: Building CoOpGameEditor...
[2020.07.01-07.03.22:582][943]CompilerResultsLog: Using Visual Studio 2019 14.26.28806 toolchain (C:\Program Files (x86)\Microsoft Visual Studio\2019\Community\VC\Tools\MSVC\14.26.28801) and Windows 10.0.18362.0 SDK (C:\Program Files (x86)\Windows Kits\10).
[2020.07.01-07.03.22:582][943]CompilerResultsLog: Building 4 actions with 8 processes...
[2020.07.01-07.03.22:582][943]CompilerResultsLog:   [1/4] STrackerBot.cpp
[2020.07.01-07.03.22:582][943]CompilerResultsLog:    C:\UnrealTutorialLooman\UnrealTutorialLooman\CoOpGame\Source\CoOpGame\Private\STrackerBot.cpp(40) : error C2561: 'ASTrackerBot::GetNextPathPoint': function must return a value
[2020.07.01-07.03.22:582][943]CompilerResultsLog:   C:\UnrealTutorialLooman\UnrealTutorialLooman\CoOpGame\Source\CoOpGame\Private\STrackerBot.cpp(38): note: see declaration of 'ASTrackerBot::GetNextPathPoint'
[2020.07.01-07.03.22:582][943]LogMainFrame: MainFrame: Module compiling took 4.558 seconds
[2020.07.01-07.03.22:583][943]Warning: HotReload failed, recompile failed
[2020.07.01-07.03.26:245][ 62]LogSlate: Took 0.000204 seconds to synchronously load lazily loaded font '../../../Engine/Content/Slate/Fonts/DroidSansMono.ttf' (77K)
[2020.07.01-07.03.43:568][276]Candidate modules for hot reload:
[2020.07.01-07.03.43:568][276]  CoOpGame
[2020.07.01-07.03.43:568][276]Launching UnrealBuildTool... [C:/Program Files/Epic Games/UE_4.25/Engine/Binaries/DotNET/UnrealBuildTool.exe  -ModuleWithSuffix=CoOpGame,1306 CoOpGameEditor Win64 Development -Project="C:/UnrealTutorialLooman/UnrealTutorialLooman/CoOpGame/CoOpGame.uproject" "C:/UnrealTutorialLooman/UnrealTutorialLooman/CoOpGame/CoOpGame.uproject"  -IgnoreJunk]
[2020.07.01-07.03.43:571][276]Warning: Starting HotReload took  0.0s.
[2020.07.01-07.03.50:285][328]CompilerResultsLog: New page: Compilation - 2 Jul 2020, 3:03:50 am
[2020.07.01-07.03.50:286][328]CompilerResultsLog: Using 'git status' to determine working set for adaptive non-unity build (C:\UnrealTutorialLooman\UnrealTutorialLooman).
[2020.07.01-07.03.50:286][328]CompilerResultsLog: Building CoOpGameEditor...
[2020.07.01-07.03.50:286][328]CompilerResultsLog: Using Visual Studio 2019 14.26.28806 toolchain (C:\Program Files (x86)\Microsoft Visual Studio\2019\Community\VC\Tools\MSVC\14.26.28801) and Windows 10.0.18362.0 SDK (C:\Program Files (x86)\Windows Kits\10).
[2020.07.01-07.03.50:286][328]CompilerResultsLog: Building 4 actions with 8 processes...
[2020.07.01-07.03.50:286][328]CompilerResultsLog:   [1/4] STrackerBot.cpp
[2020.07.01-07.03.50:286][328]CompilerResultsLog:   [2/4] UE4Editor-CoOpGame-1306.lib
[2020.07.01-07.03.50:286][328]CompilerResultsLog:      Creating library C:\UnrealTutorialLooman\UnrealTutorialLooman\CoOpGame\Intermediate\Build\Win64\UE4Editor\Development\CoOpGame\UE4Editor-CoOpGame-1306.lib and object C:\UnrealTutorialLooman\UnrealTutorialLooman\CoOpGame\Intermediate\Build\Win64\UE4Editor\Development\CoOpGame\UE4Editor-CoOpGame-1306.exp
[2020.07.01-07.03.50:286][328]CompilerResultsLog:   [3/4] UE4Editor-CoOpGame-1306.dll
[2020.07.01-07.03.50:286][328]CompilerResultsLog:      Creating library C:\UnrealTutorialLooman\UnrealTutorialLooman\CoOpGame\Intermediate\Build\Win64\UE4Editor\Development\CoOpGame\UE4Editor-CoOpGame-1306.suppressed.lib and object C:\UnrealTutorialLooman\UnrealTutorialLooman\CoOpGame\Intermediate\Build\Win64\UE4Editor\Development\CoOpGame\UE4Editor-CoOpGame-1306.suppressed.exp
[2020.07.01-07.03.50:286][328]CompilerResultsLog:   [4/4] CoOpGameEditor.target
[2020.07.01-07.03.50:287][328]CompilerResultsLog: Total time in Parallel executor: 5.09 seconds
[2020.07.01-07.03.50:287][328]CompilerResultsLog: Total execution time: 6.55 seconds
[2020.07.01-07.03.50:287][328]LogMainFrame: MainFrame: Module compiling took 6.725 seconds
[2020.07.01-07.03.50:349][328]LogClass: HitscanTrace HotReload.
[2020.07.01-07.03.50:360][328]LogContentBrowser: Native class hierarchy updated for 'CoOpGame' in 0.0006 seconds. Added 7 classes and 4 folders.
[2020.07.01-07.03.50:363][328]Display: HotReload successful (11 functions remapped  1 scriptstructs remapped)
[2020.07.01-07.03.50:458][328]LogContentBrowser: Native class hierarchy populated in 0.0154 seconds. Added 3434 classes and 825 folders.
[2020.07.01-07.03.50:459][328]Display: HotReload took  6.9s.
[2020.07.01-07.03.52:940][335]LogSlate: Window 'Message Log' being destroyed
[2020.07.01-07.03.52:946][335]LogSlate: Window 'Message Log' being destroyed
[2020.07.01-07.03.54:351][419]LogTemp: Repeating last play command: Simulate
[2020.07.01-07.03.54:383][419]LogPlayLevel: PlayLevel: No blueprints needed recompiling
[2020.07.01-07.03.54:384][419]PIE: New page: SIE session: MyMap (2 Jul 2020, 3:03:54 am)
[2020.07.01-07.03.54:386][419]LogOnline: OSS: Creating online subsystem instance for: NULL
[2020.07.01-07.03.54:390][419]LogOnline: OSS: TryLoadSubsystemAndSetDefault: Loaded subsystem for module [NULL]
[2020.07.01-07.03.54:390][419]LogPlayLevel: Creating play world package: /Game/Maps/UEDPIE_0_MyMap
[2020.07.01-07.03.54:396][419]LogPlayLevel: PIE: StaticDuplicateObject took: (0.005945s)
[2020.07.01-07.03.54:398][419]LogAIModule: Creating AISystem for world MyMap
[2020.07.01-07.03.54:398][419]LogAISub: UAISubsystem::UAISubsystem EnvQueryManager (000001B798EF8E00), frame # 3419
[2020.07.01-07.03.54:399][419]LogAISub: UAISubsystem::UAISubsystem AIPerceptionSystem (000001B789849800), frame # 3419
[2020.07.01-07.03.54:400][419]LogPlayLevel: PIE: World Init took: (0.002970s)
[2020.07.01-07.03.54:400][419]LogPlayLevel: PIE: Created PIE world by copying editor world from /Game/Maps/MyMap.MyMap to /Game/Maps/UEDPIE_0_MyMap.MyMap (0.009669s)
[2020.07.01-07.03.54:411][419]LogUObjectHash: Compacting FUObjectHashTables data took   1.37ms
[2020.07.01-07.03.54:413][419]LogAudioMixer: Display: Audio Mixer Platform Settings:
[2020.07.01-07.03.54:414][419]LogAudioMixer: Display: 	Sample Rate:						  48000
[2020.07.01-07.03.54:414][419]LogAudioMixer: Display: 	Callback Buffer Frame Size Requested: 1024
[2020.07.01-07.03.54:414][419]LogAudioMixer: Display: 	Callback Buffer Frame Size To Use:	  1024
[2020.07.01-07.03.54:414][419]LogAudioMixer: Display: 	Number of buffers to queue:			  2
[2020.07.01-07.03.54:414][419]LogAudioMixer: Display: 	Max Channels (voices):				  32
[2020.07.01-07.03.54:414][419]LogAudioMixer: Display: 	Number of Async Source Workers:		  0
[2020.07.01-07.03.54:414][419]LogAudio: Display: AudioDevice MaxSources: 32
[2020.07.01-07.03.54:415][419]LogAudio: Display: Using built-in audio occlusion.
[2020.07.01-07.03.54:416][419]LogAudioMixer: Display: Initializing audio mixer.
[2020.07.01-07.03.54:422][419]LogAudioMixer: Display: 0: FrontLeft
[2020.07.01-07.03.54:422][419]LogAudioMixer: Display: 1: FrontRight
[2020.07.01-07.03.54:480][419]LogAudioMixer: Display: Using Audio Device Headphones (SOUNDPEATS TrueWings  Stereo)
[2020.07.01-07.03.54:480][419]LogAudioMixer: Display: Initializing Sound Submixes...
[2020.07.01-07.03.54:481][419]LogAudioMixer: Display: Creating Master Submix 'MasterSubmixDefault'
[2020.07.01-07.03.54:481][419]LogAudioMixer: Display: Creating Master Submix 'MasterReverbSubmixDefault'
[2020.07.01-07.03.54:482][419]LogAudioMixer: Display: Creating Master Submix 'MasterEQSubmixDefault'
[2020.07.01-07.03.54:517][419]LogInit: FAudioDevice initialized.
[2020.07.01-07.03.54:536][419]LogLoad: Game class is 'BP_TestGameMode_C'
[2020.07.01-07.03.54:538][419]LogWorld: Bringing World /Game/Maps/UEDPIE_0_MyMap.MyMap up for play (max tick rate 60) at 2020.07.01-17.03.54
[2020.07.01-07.03.54:540][419]LogWorld: Bringing up level for play took: 0.002503
[2020.07.01-07.03.54:541][419]LogOnline: OSS: Creating online subsystem instance for: :Context_3
